Namespace(batch_size=64, device='cuda', dropout_keep_prob=1.0, learning_rate=0.002, learning_rate_decay=0.96, learning_rate_step=5000, lstm_num_hidden=512, lstm_num_layers=2, max_epochs=5, max_norm=5.0, print_every=100, sample_every=5000, seq_length=30, summary_path='./summaries/', train_steps=40000, txt_file='./assets/book_EN_grimms_fairy_tails.txt')
Device: cuda
Txt file: ./assets/book_EN_grimms_fairy_tails.txt
Initialize dataset with 550595 characters, 91 unique.
[2020-11-27 17:30] EPOCH 0 Train Step 0099/40000, Batch Size = 64,                         Examples/Sec = 5405.79, Accuracy = 0.37, Loss = 2.218
[2020-11-27 17:30] EPOCH 0 Train Step 0199/40000, Batch Size = 64,                         Examples/Sec = 6964.57, Accuracy = 0.47, Loss = 1.840
[2020-11-27 17:30] EPOCH 0 Train Step 0299/40000, Batch Size = 64,                         Examples/Sec = 5834.79, Accuracy = 0.49, Loss = 1.737
[2020-11-27 17:30] EPOCH 0 Train Step 0399/40000, Batch Size = 64,                         Examples/Sec = 6184.29, Accuracy = 0.52, Loss = 1.603
[2020-11-27 17:30] EPOCH 0 Train Step 0499/40000, Batch Size = 64,                         Examples/Sec = 5837.71, Accuracy = 0.52, Loss = 1.644
[2020-11-27 17:30] EPOCH 0 Train Step 0599/40000, Batch Size = 64,                         Examples/Sec = 6121.12, Accuracy = 0.55, Loss = 1.515
[2020-11-27 17:30] EPOCH 0 Train Step 0699/40000, Batch Size = 64,                         Examples/Sec = 5747.22, Accuracy = 0.56, Loss = 1.436
[2020-11-27 17:30] EPOCH 0 Train Step 0799/40000, Batch Size = 64,                         Examples/Sec = 6104.14, Accuracy = 0.53, Loss = 1.517
[2020-11-27 17:30] EPOCH 0 Train Step 0899/40000, Batch Size = 64,                         Examples/Sec = 5622.63, Accuracy = 0.54, Loss = 1.481
[2020-11-27 17:30] EPOCH 0 Train Step 0999/40000, Batch Size = 64,                         Examples/Sec = 5886.87, Accuracy = 0.56, Loss = 1.393
[2020-11-27 17:30] EPOCH 0 Train Step 1099/40000, Batch Size = 64,                         Examples/Sec = 3730.45, Accuracy = 0.55, Loss = 1.405
[2020-11-27 17:30] EPOCH 0 Train Step 1199/40000, Batch Size = 64,                         Examples/Sec = 5792.99, Accuracy = 0.58, Loss = 1.378
[2020-11-27 17:30] EPOCH 0 Train Step 1299/40000, Batch Size = 64,                         Examples/Sec = 5748.70, Accuracy = 0.60, Loss = 1.331
[2020-11-27 17:30] EPOCH 0 Train Step 1399/40000, Batch Size = 64,                         Examples/Sec = 5506.82, Accuracy = 0.58, Loss = 1.369
[2020-11-27 17:30] EPOCH 0 Train Step 1499/40000, Batch Size = 64,                         Examples/Sec = 5756.22, Accuracy = 0.59, Loss = 1.318
[2020-11-27 17:30] EPOCH 0 Train Step 1599/40000, Batch Size = 64,                         Examples/Sec = 5498.36, Accuracy = 0.61, Loss = 1.314
[2020-11-27 17:30] EPOCH 0 Train Step 1699/40000, Batch Size = 64,                         Examples/Sec = 5838.73, Accuracy = 0.58, Loss = 1.358
[2020-11-27 17:30] EPOCH 0 Train Step 1799/40000, Batch Size = 64,                         Examples/Sec = 5563.31, Accuracy = 0.60, Loss = 1.307
[2020-11-27 17:30] EPOCH 0 Train Step 1899/40000, Batch Size = 64,                         Examples/Sec = 6078.15, Accuracy = 0.59, Loss = 1.335
[2020-11-27 17:30] EPOCH 0 Train Step 1999/40000, Batch Size = 64,                         Examples/Sec = 5531.67, Accuracy = 0.62, Loss = 1.226
[2020-11-27 17:30] EPOCH 0 Train Step 2099/40000, Batch Size = 64,                         Examples/Sec = 5807.65, Accuracy = 0.61, Loss = 1.248
[2020-11-27 17:30] EPOCH 0 Train Step 2199/40000, Batch Size = 64,                         Examples/Sec = 6212.06, Accuracy = 0.61, Loss = 1.254
[2020-11-27 17:30] EPOCH 0 Train Step 2299/40000, Batch Size = 64,                         Examples/Sec = 6007.69, Accuracy = 0.59, Loss = 1.313
[2020-11-27 17:30] EPOCH 0 Train Step 2399/40000, Batch Size = 64,                         Examples/Sec = 5801.38, Accuracy = 0.60, Loss = 1.262
[2020-11-27 17:30] EPOCH 0 Train Step 2499/40000, Batch Size = 64,                         Examples/Sec = 5639.16, Accuracy = 0.63, Loss = 1.185
[2020-11-27 17:30] EPOCH 0 Train Step 2599/40000, Batch Size = 64,                         Examples/Sec = 5813.69, Accuracy = 0.59, Loss = 1.312
[2020-11-27 17:30] EPOCH 0 Train Step 2699/40000, Batch Size = 64,                         Examples/Sec = 6204.16, Accuracy = 0.61, Loss = 1.247
[2020-11-27 17:30] EPOCH 0 Train Step 2799/40000, Batch Size = 64,                         Examples/Sec = 4968.08, Accuracy = 0.60, Loss = 1.293
[2020-11-27 17:31] EPOCH 0 Train Step 2899/40000, Batch Size = 64,                         Examples/Sec = 5903.31, Accuracy = 0.62, Loss = 1.213
[2020-11-27 17:31] EPOCH 0 Train Step 2999/40000, Batch Size = 64,                         Examples/Sec = 6086.14, Accuracy = 0.61, Loss = 1.233
[2020-11-27 17:31] EPOCH 0 Train Step 3099/40000, Batch Size = 64,                         Examples/Sec = 6143.39, Accuracy = 0.63, Loss = 1.189
[2020-11-27 17:31] EPOCH 0 Train Step 3199/40000, Batch Size = 64,                         Examples/Sec = 5775.17, Accuracy = 0.62, Loss = 1.196
[2020-11-27 17:31] EPOCH 0 Train Step 3299/40000, Batch Size = 64,                         Examples/Sec = 5618.51, Accuracy = 0.62, Loss = 1.185
[2020-11-27 17:31] EPOCH 0 Train Step 3399/40000, Batch Size = 64,                         Examples/Sec = 6249.66, Accuracy = 0.62, Loss = 1.258
[2020-11-27 17:31] EPOCH 0 Train Step 3499/40000, Batch Size = 64,                         Examples/Sec = 5654.13, Accuracy = 0.63, Loss = 1.170
[2020-11-27 17:31] EPOCH 0 Train Step 3599/40000, Batch Size = 64,                         Examples/Sec = 5648.42, Accuracy = 0.62, Loss = 1.210
[2020-11-27 17:31] EPOCH 0 Train Step 3699/40000, Batch Size = 64,                         Examples/Sec = 5906.82, Accuracy = 0.64, Loss = 1.145
[2020-11-27 17:31] EPOCH 0 Train Step 3799/40000, Batch Size = 64,                         Examples/Sec = 5780.76, Accuracy = 0.63, Loss = 1.180
[2020-11-27 17:31] EPOCH 0 Train Step 3899/40000, Batch Size = 64,                         Examples/Sec = 5919.72, Accuracy = 0.62, Loss = 1.213
[2020-11-27 17:31] EPOCH 0 Train Step 3999/40000, Batch Size = 64,                         Examples/Sec = 5478.83, Accuracy = 0.63, Loss = 1.185
[2020-11-27 17:31] EPOCH 0 Train Step 4099/40000, Batch Size = 64,                         Examples/Sec = 6304.56, Accuracy = 0.63, Loss = 1.167
[2020-11-27 17:31] EPOCH 0 Train Step 4199/40000, Batch Size = 64,                         Examples/Sec = 5782.88, Accuracy = 0.63, Loss = 1.124
[2020-11-27 17:31] EPOCH 0 Train Step 4299/40000, Batch Size = 64,                         Examples/Sec = 6183.01, Accuracy = 0.63, Loss = 1.176
[2020-11-27 17:31] EPOCH 0 Train Step 4399/40000, Batch Size = 64,                         Examples/Sec = 6117.63, Accuracy = 0.63, Loss = 1.161
[2020-11-27 17:31] EPOCH 0 Train Step 4499/40000, Batch Size = 64,                         Examples/Sec = 5741.93, Accuracy = 0.64, Loss = 1.139
[2020-11-27 17:31] EPOCH 0 Train Step 4599/40000, Batch Size = 64,                         Examples/Sec = 5604.31, Accuracy = 0.65, Loss = 1.131
[2020-11-27 17:31] EPOCH 0 Train Step 4699/40000, Batch Size = 64,                         Examples/Sec = 5377.42, Accuracy = 0.64, Loss = 1.130
[2020-11-27 17:31] EPOCH 0 Train Step 4799/40000, Batch Size = 64,                         Examples/Sec = 5848.14, Accuracy = 0.64, Loss = 1.135
[2020-11-27 17:31] EPOCH 0 Train Step 4899/40000, Batch Size = 64,                         Examples/Sec = 6261.32, Accuracy = 0.64, Loss = 1.120
[2020-11-27 17:31] EPOCH 0 Train Step 4999/40000, Batch Size = 64,                         Examples/Sec = 5651.27, Accuracy = 0.65, Loss = 1.089
[2020-11-27 17:31] EPOCH 0 Train Step 5099/40000, Batch Size = 64,                         Examples/Sec = 5721.01, Accuracy = 0.63, Loss = 1.161
[2020-11-27 17:31] EPOCH 0 Train Step 5199/40000, Batch Size = 64,                         Examples/Sec = 6135.67, Accuracy = 0.63, Loss = 1.172
[2020-11-27 17:31] EPOCH 0 Train Step 5299/40000, Batch Size = 64,                         Examples/Sec = 6128.52, Accuracy = 0.66, Loss = 1.114
[2020-11-27 17:31] EPOCH 0 Train Step 5399/40000, Batch Size = 64,                         Examples/Sec = 5870.01, Accuracy = 0.65, Loss = 1.128
[2020-11-27 17:31] EPOCH 0 Train Step 5499/40000, Batch Size = 64,                         Examples/Sec = 5773.92, Accuracy = 0.64, Loss = 1.151
[2020-11-27 17:31] EPOCH 0 Train Step 5599/40000, Batch Size = 64,                         Examples/Sec = 5587.05, Accuracy = 0.64, Loss = 1.120
[2020-11-27 17:31] EPOCH 0 Train Step 5699/40000, Batch Size = 64,                         Examples/Sec = 6189.43, Accuracy = 0.64, Loss = 1.144
[2020-11-27 17:31] EPOCH 0 Train Step 5799/40000, Batch Size = 64,                         Examples/Sec = 5616.98, Accuracy = 0.63, Loss = 1.169
[2020-11-27 17:31] EPOCH 0 Train Step 5899/40000, Batch Size = 64,                         Examples/Sec = 5862.70, Accuracy = 0.65, Loss = 1.120
[2020-11-27 17:31] EPOCH 0 Train Step 5999/40000, Batch Size = 64,                         Examples/Sec = 6221.27, Accuracy = 0.65, Loss = 1.126
[2020-11-27 17:31] EPOCH 0 Train Step 6099/40000, Batch Size = 64,                         Examples/Sec = 5861.42, Accuracy = 0.66, Loss = 1.061
[2020-11-27 17:31] EPOCH 0 Train Step 6199/40000, Batch Size = 64,                         Examples/Sec = 5648.89, Accuracy = 0.67, Loss = 1.080
[2020-11-27 17:31] EPOCH 0 Train Step 6299/40000, Batch Size = 64,                         Examples/Sec = 5609.23, Accuracy = 0.65, Loss = 1.103
[2020-11-27 17:31] EPOCH 0 Train Step 6399/40000, Batch Size = 64,                         Examples/Sec = 6119.02, Accuracy = 0.65, Loss = 1.104
[2020-11-27 17:31] EPOCH 0 Train Step 6499/40000, Batch Size = 64,                         Examples/Sec = 5584.84, Accuracy = 0.67, Loss = 1.059
[2020-11-27 17:31] EPOCH 0 Train Step 6599/40000, Batch Size = 64,                         Examples/Sec = 6236.74, Accuracy = 0.66, Loss = 1.060
[2020-11-27 17:31] EPOCH 0 Train Step 6699/40000, Batch Size = 64,                         Examples/Sec = 6146.06, Accuracy = 0.66, Loss = 1.080
[2020-11-27 17:31] EPOCH 0 Train Step 6799/40000, Batch Size = 64,                         Examples/Sec = 5942.52, Accuracy = 0.67, Loss = 1.097
[2020-11-27 17:31] EPOCH 0 Train Step 6899/40000, Batch Size = 64,                         Examples/Sec = 5943.70, Accuracy = 0.66, Loss = 1.068
[2020-11-27 17:31] EPOCH 0 Train Step 6999/40000, Batch Size = 64,                         Examples/Sec = 5329.38, Accuracy = 0.66, Loss = 1.100
[2020-11-27 17:31] EPOCH 0 Train Step 7099/40000, Batch Size = 64,                         Examples/Sec = 5787.12, Accuracy = 0.66, Loss = 1.074
[2020-11-27 17:31] EPOCH 0 Train Step 7199/40000, Batch Size = 64,                         Examples/Sec = 6001.64, Accuracy = 0.67, Loss = 1.061
[2020-11-27 17:32] EPOCH 0 Train Step 7299/40000, Batch Size = 64,                         Examples/Sec = 3948.22, Accuracy = 0.66, Loss = 1.061
[2020-11-27 17:32] EPOCH 0 Train Step 7399/40000, Batch Size = 64,                         Examples/Sec = 6339.55, Accuracy = 0.66, Loss = 1.062
[2020-11-27 17:32] EPOCH 0 Train Step 7499/40000, Batch Size = 64,                         Examples/Sec = 5788.12, Accuracy = 0.67, Loss = 1.047
[2020-11-27 17:32] EPOCH 0 Train Step 7599/40000, Batch Size = 64,                         Examples/Sec = 6126.98, Accuracy = 0.66, Loss = 1.050
[2020-11-27 17:32] EPOCH 0 Train Step 7699/40000, Batch Size = 64,                         Examples/Sec = 5725.04, Accuracy = 0.66, Loss = 1.086
[2020-11-27 17:32] EPOCH 0 Train Step 7799/40000, Batch Size = 64,                         Examples/Sec = 5949.63, Accuracy = 0.66, Loss = 1.073
[2020-11-27 17:32] EPOCH 0 Train Step 7899/40000, Batch Size = 64,                         Examples/Sec = 5653.30, Accuracy = 0.68, Loss = 1.019
[2020-11-27 17:32] EPOCH 0 Train Step 7999/40000, Batch Size = 64,                         Examples/Sec = 5741.93, Accuracy = 0.69, Loss = 1.024
[2020-11-27 17:32] EPOCH 0 Train Step 8099/40000, Batch Size = 64,                         Examples/Sec = 5635.97, Accuracy = 0.66, Loss = 1.058
[2020-11-27 17:32] EPOCH 0 Train Step 8199/40000, Batch Size = 64,                         Examples/Sec = 5375.37, Accuracy = 0.66, Loss = 1.054
[2020-11-27 17:32] EPOCH 0 Train Step 8299/40000, Batch Size = 64,                         Examples/Sec = 5820.37, Accuracy = 0.66, Loss = 1.062
[2020-11-27 17:32] EPOCH 0 Train Step 8399/40000, Batch Size = 64,                         Examples/Sec = 5869.88, Accuracy = 0.67, Loss = 1.045
[2020-11-27 17:32] EPOCH 0 Train Step 8499/40000, Batch Size = 64,                         Examples/Sec = 5775.29, Accuracy = 0.67, Loss = 1.039
[2020-11-27 17:32] EPOCH 0 Train Step 8599/40000, Batch Size = 64,                         Examples/Sec = 6295.69, Accuracy = 0.67, Loss = 1.010
[2020-11-27 17:32] EPOCH 1 Train Step 8699/40000, Batch Size = 64,                         Examples/Sec = 5823.15, Accuracy = 0.68, Loss = 1.008
[2020-11-27 17:32] EPOCH 1 Train Step 8799/40000, Batch Size = 64,                         Examples/Sec = 5896.18, Accuracy = 0.70, Loss = 0.959
[2020-11-27 17:32] EPOCH 1 Train Step 8899/40000, Batch Size = 64,                         Examples/Sec = 5828.20, Accuracy = 0.67, Loss = 1.028
[2020-11-27 17:32] EPOCH 1 Train Step 8999/40000, Batch Size = 64,                         Examples/Sec = 5847.25, Accuracy = 0.66, Loss = 1.083
[2020-11-27 17:32] EPOCH 1 Train Step 9099/40000, Batch Size = 64,                         Examples/Sec = 5704.96, Accuracy = 0.66, Loss = 1.075
[2020-11-27 17:32] EPOCH 1 Train Step 9199/40000, Batch Size = 64,                         Examples/Sec = 6225.60, Accuracy = 0.66, Loss = 1.090
[2020-11-27 17:32] EPOCH 1 Train Step 9299/40000, Batch Size = 64,                         Examples/Sec = 6240.94, Accuracy = 0.68, Loss = 1.008
[2020-11-27 17:32] EPOCH 1 Train Step 9399/40000, Batch Size = 64,                         Examples/Sec = 5848.52, Accuracy = 0.67, Loss = 1.068
[2020-11-27 17:32] EPOCH 1 Train Step 9499/40000, Batch Size = 64,                         Examples/Sec = 6069.77, Accuracy = 0.66, Loss = 1.043
[2020-11-27 17:32] EPOCH 1 Train Step 9599/40000, Batch Size = 64,                         Examples/Sec = 5672.65, Accuracy = 0.67, Loss = 1.016
[2020-11-27 17:32] EPOCH 1 Train Step 9699/40000, Batch Size = 64,                         Examples/Sec = 6153.81, Accuracy = 0.67, Loss = 1.027
[2020-11-27 17:32] EPOCH 1 Train Step 9799/40000, Batch Size = 64,                         Examples/Sec = 5717.72, Accuracy = 0.68, Loss = 1.021
[2020-11-27 17:32] EPOCH 1 Train Step 9899/40000, Batch Size = 64,                         Examples/Sec = 5834.29, Accuracy = 0.68, Loss = 1.019
[2020-11-27 17:32] EPOCH 1 Train Step 9999/40000, Batch Size = 64,                         Examples/Sec = 6119.72, Accuracy = 0.68, Loss = 1.004
[2020-11-27 17:32] EPOCH 1 Train Step 10099/40000, Batch Size = 64,                         Examples/Sec = 6080.63, Accuracy = 0.66, Loss = 1.055
[2020-11-27 17:32] EPOCH 1 Train Step 10199/40000, Batch Size = 64,                         Examples/Sec = 5521.77, Accuracy = 0.69, Loss = 0.983
[2020-11-27 17:32] EPOCH 1 Train Step 10299/40000, Batch Size = 64,                         Examples/Sec = 6148.32, Accuracy = 0.68, Loss = 1.007
[2020-11-27 17:32] EPOCH 1 Train Step 10399/40000, Batch Size = 64,                         Examples/Sec = 5777.03, Accuracy = 0.69, Loss = 0.999
[2020-11-27 17:32] EPOCH 1 Train Step 10499/40000, Batch Size = 64,                         Examples/Sec = 6321.78, Accuracy = 0.69, Loss = 0.982
[2020-11-27 17:32] EPOCH 1 Train Step 10599/40000, Batch Size = 64,                         Examples/Sec = 5308.41, Accuracy = 0.67, Loss = 1.049
[2020-11-27 17:32] EPOCH 1 Train Step 10699/40000, Batch Size = 64,                         Examples/Sec = 6246.90, Accuracy = 0.69, Loss = 0.986
[2020-11-27 17:32] EPOCH 1 Train Step 10799/40000, Batch Size = 64,                         Examples/Sec = 5581.01, Accuracy = 0.69, Loss = 1.004
[2020-11-27 17:32] EPOCH 1 Train Step 10899/40000, Batch Size = 64,                         Examples/Sec = 5820.75, Accuracy = 0.68, Loss = 0.989
[2020-11-27 17:32] EPOCH 1 Train Step 10999/40000, Batch Size = 64,                         Examples/Sec = 5889.45, Accuracy = 0.67, Loss = 1.044
[2020-11-27 17:32] EPOCH 1 Train Step 11099/40000, Batch Size = 64,                         Examples/Sec = 5547.33, Accuracy = 0.68, Loss = 1.019
[2020-11-27 17:32] EPOCH 1 Train Step 11199/40000, Batch Size = 64,                         Examples/Sec = 5222.99, Accuracy = 0.67, Loss = 1.041
[2020-11-27 17:32] EPOCH 1 Train Step 11299/40000, Batch Size = 64,                         Examples/Sec = 5635.49, Accuracy = 0.67, Loss = 1.026
[2020-11-27 17:32] EPOCH 1 Train Step 11399/40000, Batch Size = 64,                         Examples/Sec = 6082.70, Accuracy = 0.68, Loss = 1.033
[2020-11-27 17:32] EPOCH 1 Train Step 11499/40000, Batch Size = 64,                         Examples/Sec = 5469.68, Accuracy = 0.68, Loss = 1.028
[2020-11-27 17:32] EPOCH 1 Train Step 11599/40000, Batch Size = 64,                         Examples/Sec = 5998.02, Accuracy = 0.67, Loss = 1.010
[2020-11-27 17:33] EPOCH 1 Train Step 11699/40000, Batch Size = 64,                         Examples/Sec = 5353.51, Accuracy = 0.69, Loss = 0.983
[2020-11-27 17:33] EPOCH 1 Train Step 11799/40000, Batch Size = 64,                         Examples/Sec = 6201.01, Accuracy = 0.67, Loss = 1.033
[2020-11-27 17:33] EPOCH 1 Train Step 11899/40000, Batch Size = 64,                         Examples/Sec = 5542.06, Accuracy = 0.69, Loss = 0.979
[2020-11-27 17:33] EPOCH 1 Train Step 11999/40000, Batch Size = 64,                         Examples/Sec = 5760.66, Accuracy = 0.70, Loss = 0.978
[2020-11-27 17:33] EPOCH 1 Train Step 12099/40000, Batch Size = 64,                         Examples/Sec = 5680.09, Accuracy = 0.68, Loss = 0.996
[2020-11-27 17:33] EPOCH 1 Train Step 12199/40000, Batch Size = 64,                         Examples/Sec = 5748.57, Accuracy = 0.68, Loss = 0.964
[2020-11-27 17:33] EPOCH 1 Train Step 12299/40000, Batch Size = 64,                         Examples/Sec = 5710.79, Accuracy = 0.67, Loss = 1.013
[2020-11-27 17:33] EPOCH 1 Train Step 12399/40000, Batch Size = 64,                         Examples/Sec = 5999.23, Accuracy = 0.69, Loss = 0.989
[2020-11-27 17:33] EPOCH 1 Train Step 12499/40000, Batch Size = 64,                         Examples/Sec = 5420.75, Accuracy = 0.70, Loss = 0.937
[2020-11-27 17:33] EPOCH 1 Train Step 12599/40000, Batch Size = 64,                         Examples/Sec = 5618.27, Accuracy = 0.68, Loss = 0.989
[2020-11-27 17:33] EPOCH 1 Train Step 12699/40000, Batch Size = 64,                         Examples/Sec = 5869.37, Accuracy = 0.70, Loss = 0.942
[2020-11-27 17:33] EPOCH 1 Train Step 12799/40000, Batch Size = 64,                         Examples/Sec = 5651.15, Accuracy = 0.69, Loss = 0.979
[2020-11-27 17:33] EPOCH 1 Train Step 12899/40000, Batch Size = 64,                         Examples/Sec = 5933.19, Accuracy = 0.68, Loss = 0.980
[2020-11-27 17:33] EPOCH 1 Train Step 12999/40000, Batch Size = 64,                         Examples/Sec = 5671.81, Accuracy = 0.68, Loss = 0.978
[2020-11-27 17:33] EPOCH 1 Train Step 13099/40000, Batch Size = 64,                         Examples/Sec = 5255.92, Accuracy = 0.71, Loss = 0.948
[2020-11-27 17:33] EPOCH 1 Train Step 13199/40000, Batch Size = 64,                         Examples/Sec = 5631.47, Accuracy = 0.71, Loss = 0.918
[2020-11-27 17:33] EPOCH 1 Train Step 13299/40000, Batch Size = 64,                         Examples/Sec = 6240.36, Accuracy = 0.68, Loss = 1.025
[2020-11-27 17:33] EPOCH 1 Train Step 13399/40000, Batch Size = 64,                         Examples/Sec = 6097.34, Accuracy = 0.69, Loss = 0.963
[2020-11-27 17:33] EPOCH 1 Train Step 13499/40000, Batch Size = 64,                         Examples/Sec = 5539.32, Accuracy = 0.69, Loss = 0.958
[2020-11-27 17:33] EPOCH 1 Train Step 13599/40000, Batch Size = 64,                         Examples/Sec = 5591.59, Accuracy = 0.69, Loss = 0.969
[2020-11-27 17:33] EPOCH 1 Train Step 13699/40000, Batch Size = 64,                         Examples/Sec = 5666.06, Accuracy = 0.69, Loss = 0.989
[2020-11-27 17:33] EPOCH 1 Train Step 13799/40000, Batch Size = 64,                         Examples/Sec = 6125.73, Accuracy = 0.69, Loss = 0.993
[2020-11-27 17:33] EPOCH 1 Train Step 13899/40000, Batch Size = 64,                         Examples/Sec = 5520.18, Accuracy = 0.68, Loss = 0.982
[2020-11-27 17:33] EPOCH 1 Train Step 13999/40000, Batch Size = 64,                         Examples/Sec = 5627.93, Accuracy = 0.69, Loss = 0.963
[2020-11-27 17:33] EPOCH 1 Train Step 14099/40000, Batch Size = 64,                         Examples/Sec = 5213.45, Accuracy = 0.69, Loss = 0.957
[2020-11-27 17:33] EPOCH 1 Train Step 14199/40000, Batch Size = 64,                         Examples/Sec = 5646.87, Accuracy = 0.69, Loss = 0.961
[2020-11-27 17:33] EPOCH 1 Train Step 14299/40000, Batch Size = 64,                         Examples/Sec = 5396.23, Accuracy = 0.68, Loss = 0.959
[2020-11-27 17:33] EPOCH 1 Train Step 14399/40000, Batch Size = 64,                         Examples/Sec = 5677.81, Accuracy = 0.68, Loss = 0.967
[2020-11-27 17:33] EPOCH 1 Train Step 14499/40000, Batch Size = 64,                         Examples/Sec = 5786.49, Accuracy = 0.71, Loss = 0.947
[2020-11-27 17:33] EPOCH 1 Train Step 14599/40000, Batch Size = 64,                         Examples/Sec = 5133.39, Accuracy = 0.71, Loss = 0.957
[2020-11-27 17:33] EPOCH 1 Train Step 14699/40000, Batch Size = 64,                         Examples/Sec = 5466.67, Accuracy = 0.70, Loss = 0.942
[2020-11-27 17:33] EPOCH 1 Train Step 14799/40000, Batch Size = 64,                         Examples/Sec = 5114.91, Accuracy = 0.68, Loss = 1.008
[2020-11-27 17:33] EPOCH 1 Train Step 14899/40000, Batch Size = 64,                         Examples/Sec = 5660.45, Accuracy = 0.70, Loss = 0.921
[2020-11-27 17:33] EPOCH 1 Train Step 14999/40000, Batch Size = 64,                         Examples/Sec = 5440.19, Accuracy = 0.69, Loss = 0.970
[2020-11-27 17:33] EPOCH 1 Train Step 15099/40000, Batch Size = 64,                         Examples/Sec = 5562.74, Accuracy = 0.70, Loss = 0.934
[2020-11-27 17:33] EPOCH 1 Train Step 15199/40000, Batch Size = 64,                         Examples/Sec = 5513.83, Accuracy = 0.70, Loss = 0.964
[2020-11-27 17:33] EPOCH 1 Train Step 15299/40000, Batch Size = 64,                         Examples/Sec = 5435.90, Accuracy = 0.68, Loss = 1.015
[2020-11-27 17:33] EPOCH 1 Train Step 15399/40000, Batch Size = 64,                         Examples/Sec = 5833.52, Accuracy = 0.70, Loss = 0.946
[2020-11-27 17:33] EPOCH 1 Train Step 15499/40000, Batch Size = 64,                         Examples/Sec = 5578.92, Accuracy = 0.70, Loss = 0.964
[2020-11-27 17:33] EPOCH 1 Train Step 15599/40000, Batch Size = 64,                         Examples/Sec = 5562.97, Accuracy = 0.69, Loss = 0.951
[2020-11-27 17:33] EPOCH 1 Train Step 15699/40000, Batch Size = 64,                         Examples/Sec = 5770.57, Accuracy = 0.70, Loss = 0.941
[2020-11-27 17:33] EPOCH 1 Train Step 15799/40000, Batch Size = 64,                         Examples/Sec = 5567.70, Accuracy = 0.72, Loss = 0.894
[2020-11-27 17:34] EPOCH 1 Train Step 15899/40000, Batch Size = 64,                         Examples/Sec = 5891.78, Accuracy = 0.70, Loss = 0.925
[2020-11-27 17:34] EPOCH 1 Train Step 15999/40000, Batch Size = 64,                         Examples/Sec = 5424.36, Accuracy = 0.69, Loss = 0.929
[2020-11-27 17:34] EPOCH 1 Train Step 16099/40000, Batch Size = 64,                         Examples/Sec = 5493.63, Accuracy = 0.68, Loss = 0.983
[2020-11-27 17:34] EPOCH 1 Train Step 16199/40000, Batch Size = 64,                         Examples/Sec = 5226.65, Accuracy = 0.70, Loss = 0.957
[2020-11-27 17:34] EPOCH 1 Train Step 16299/40000, Batch Size = 64,                         Examples/Sec = 5771.07, Accuracy = 0.69, Loss = 0.970
[2020-11-27 17:34] EPOCH 1 Train Step 16399/40000, Batch Size = 64,                         Examples/Sec = 5431.17, Accuracy = 0.71, Loss = 0.933
[2020-11-27 17:34] EPOCH 1 Train Step 16499/40000, Batch Size = 64,                         Examples/Sec = 5460.67, Accuracy = 0.71, Loss = 0.925
[2020-11-27 17:34] EPOCH 1 Train Step 16599/40000, Batch Size = 64,                         Examples/Sec = 5687.31, Accuracy = 0.71, Loss = 0.933
[2020-11-27 17:34] EPOCH 1 Train Step 16699/40000, Batch Size = 64,                         Examples/Sec = 5433.59, Accuracy = 0.68, Loss = 0.967
[2020-11-27 17:34] EPOCH 1 Train Step 16799/40000, Batch Size = 64,                         Examples/Sec = 5199.92, Accuracy = 0.71, Loss = 0.919
[2020-11-27 17:34] EPOCH 1 Train Step 16899/40000, Batch Size = 64,                         Examples/Sec = 5641.53, Accuracy = 0.70, Loss = 0.939
[2020-11-27 17:34] EPOCH 1 Train Step 16999/40000, Batch Size = 64,                         Examples/Sec = 5570.36, Accuracy = 0.71, Loss = 0.946
[2020-11-27 17:34] EPOCH 1 Train Step 17099/40000, Batch Size = 64,                         Examples/Sec = 5830.10, Accuracy = 0.71, Loss = 0.913
[2020-11-27 17:34] EPOCH 1 Train Step 17199/40000, Batch Size = 64,                         Examples/Sec = 5360.03, Accuracy = 0.69, Loss = 0.956
[2020-11-27 17:34] EPOCH 2 Train Step 17299/40000, Batch Size = 64,                         Examples/Sec = 5633.25, Accuracy = 0.69, Loss = 0.992
[2020-11-27 17:34] EPOCH 2 Train Step 17399/40000, Batch Size = 64,                         Examples/Sec = 5898.25, Accuracy = 0.70, Loss = 0.944
[2020-11-27 17:34] EPOCH 2 Train Step 17499/40000, Batch Size = 64,                         Examples/Sec = 5502.08, Accuracy = 0.70, Loss = 0.926
[2020-11-27 17:34] EPOCH 2 Train Step 17599/40000, Batch Size = 64,                         Examples/Sec = 5288.43, Accuracy = 0.69, Loss = 0.968
[2020-11-27 17:34] EPOCH 2 Train Step 17699/40000, Batch Size = 64,                         Examples/Sec = 5562.85, Accuracy = 0.70, Loss = 0.942
[2020-11-27 17:34] EPOCH 2 Train Step 17799/40000, Batch Size = 64,                         Examples/Sec = 5146.98, Accuracy = 0.70, Loss = 0.939
[2020-11-27 17:34] EPOCH 2 Train Step 17899/40000, Batch Size = 64,                         Examples/Sec = 5422.61, Accuracy = 0.70, Loss = 0.929
[2020-11-27 17:34] EPOCH 2 Train Step 17999/40000, Batch Size = 64,                         Examples/Sec = 5453.35, Accuracy = 0.70, Loss = 0.948
[2020-11-27 17:34] EPOCH 2 Train Step 18099/40000, Batch Size = 64,                         Examples/Sec = 5398.07, Accuracy = 0.70, Loss = 0.919
[2020-11-27 17:34] EPOCH 2 Train Step 18199/40000, Batch Size = 64,                         Examples/Sec = 5550.54, Accuracy = 0.71, Loss = 0.922
[2020-11-27 17:34] EPOCH 2 Train Step 18299/40000, Batch Size = 64,                         Examples/Sec = 5473.25, Accuracy = 0.71, Loss = 0.910
[2020-11-27 17:34] EPOCH 2 Train Step 18399/40000, Batch Size = 64,                         Examples/Sec = 5855.41, Accuracy = 0.71, Loss = 0.918
[2020-11-27 17:34] EPOCH 2 Train Step 18499/40000, Batch Size = 64,                         Examples/Sec = 5522.11, Accuracy = 0.71, Loss = 0.906
[2020-11-27 17:34] EPOCH 2 Train Step 18599/40000, Batch Size = 64,                         Examples/Sec = 5833.40, Accuracy = 0.70, Loss = 0.935
[2020-11-27 17:34] EPOCH 2 Train Step 18699/40000, Batch Size = 64,                         Examples/Sec = 5967.22, Accuracy = 0.70, Loss = 0.942
[2020-11-27 17:34] EPOCH 2 Train Step 18799/40000, Batch Size = 64,                         Examples/Sec = 5354.57, Accuracy = 0.70, Loss = 0.905
[2020-11-27 17:34] EPOCH 2 Train Step 18899/40000, Batch Size = 64,                         Examples/Sec = 5419.00, Accuracy = 0.71, Loss = 0.885
[2020-11-27 17:34] EPOCH 2 Train Step 18999/40000, Batch Size = 64,                         Examples/Sec = 5855.41, Accuracy = 0.71, Loss = 0.892
[2020-11-27 17:34] EPOCH 2 Train Step 19099/40000, Batch Size = 64,                         Examples/Sec = 5324.94, Accuracy = 0.70, Loss = 0.914
[2020-11-27 17:34] EPOCH 2 Train Step 19199/40000, Batch Size = 64,                         Examples/Sec = 5333.51, Accuracy = 0.71, Loss = 0.909
[2020-11-27 17:34] EPOCH 2 Train Step 19299/40000, Batch Size = 64,                         Examples/Sec = 5239.20, Accuracy = 0.68, Loss = 0.967
[2020-11-27 17:34] EPOCH 2 Train Step 19399/40000, Batch Size = 64,                         Examples/Sec = 5721.74, Accuracy = 0.72, Loss = 0.852
[2020-11-27 17:34] EPOCH 2 Train Step 19499/40000, Batch Size = 64,                         Examples/Sec = 5491.39, Accuracy = 0.70, Loss = 0.909
[2020-11-27 17:34] EPOCH 2 Train Step 19599/40000, Batch Size = 64,                         Examples/Sec = 6098.31, Accuracy = 0.70, Loss = 0.935
[2020-11-27 17:34] EPOCH 2 Train Step 19699/40000, Batch Size = 64,                         Examples/Sec = 5828.46, Accuracy = 0.71, Loss = 0.908
[2020-11-27 17:34] EPOCH 2 Train Step 19799/40000, Batch Size = 64,                         Examples/Sec = 5403.29, Accuracy = 0.69, Loss = 0.923
[2020-11-27 17:34] EPOCH 2 Train Step 19899/40000, Batch Size = 64,                         Examples/Sec = 5491.50, Accuracy = 0.70, Loss = 0.925
[2020-11-27 17:34] EPOCH 2 Train Step 19999/40000, Batch Size = 64,                         Examples/Sec = 5222.58, Accuracy = 0.71, Loss = 0.921
[2020-11-27 17:35] EPOCH 2 Train Step 20099/40000, Batch Size = 64,                         Examples/Sec = 6011.59, Accuracy = 0.70, Loss = 0.933
[2020-11-27 17:35] EPOCH 2 Train Step 20199/40000, Batch Size = 64,                         Examples/Sec = 5274.92, Accuracy = 0.70, Loss = 0.926
[2020-11-27 17:35] EPOCH 2 Train Step 20299/40000, Batch Size = 64,                         Examples/Sec = 5339.87, Accuracy = 0.71, Loss = 0.902
[2020-11-27 17:35] EPOCH 2 Train Step 20399/40000, Batch Size = 64,                         Examples/Sec = 5394.39, Accuracy = 0.69, Loss = 0.927
[2020-11-27 17:35] EPOCH 2 Train Step 20499/40000, Batch Size = 64,                         Examples/Sec = 5534.30, Accuracy = 0.70, Loss = 0.929
[2020-11-27 17:35] EPOCH 2 Train Step 20599/40000, Batch Size = 64,                         Examples/Sec = 5947.52, Accuracy = 0.71, Loss = 0.885
[2020-11-27 17:35] EPOCH 2 Train Step 20699/40000, Batch Size = 64,                         Examples/Sec = 5470.01, Accuracy = 0.71, Loss = 0.900
[2020-11-27 17:35] EPOCH 2 Train Step 20799/40000, Batch Size = 64,                         Examples/Sec = 5552.96, Accuracy = 0.71, Loss = 0.900
[2020-11-27 17:35] EPOCH 2 Train Step 20899/40000, Batch Size = 64,                         Examples/Sec = 5312.08, Accuracy = 0.69, Loss = 0.921
[2020-11-27 17:35] EPOCH 2 Train Step 20999/40000, Batch Size = 64,                         Examples/Sec = 5397.21, Accuracy = 0.72, Loss = 0.882
[2020-11-27 17:35] EPOCH 2 Train Step 21099/40000, Batch Size = 64,                         Examples/Sec = 5840.89, Accuracy = 0.70, Loss = 0.910
[2020-11-27 17:35] EPOCH 2 Train Step 21199/40000, Batch Size = 64,                         Examples/Sec = 5302.95, Accuracy = 0.72, Loss = 0.875
[2020-11-27 17:35] EPOCH 2 Train Step 21299/40000, Batch Size = 64,                         Examples/Sec = 5311.66, Accuracy = 0.70, Loss = 0.904
[2020-11-27 17:35] EPOCH 2 Train Step 21399/40000, Batch Size = 64,                         Examples/Sec = 5576.72, Accuracy = 0.72, Loss = 0.876
[2020-11-27 17:35] EPOCH 2 Train Step 21499/40000, Batch Size = 64,                         Examples/Sec = 5893.72, Accuracy = 0.70, Loss = 0.885
[2020-11-27 17:35] EPOCH 2 Train Step 21599/40000, Batch Size = 64,                         Examples/Sec = 5408.52, Accuracy = 0.71, Loss = 0.901
[2020-11-27 17:35] EPOCH 2 Train Step 21699/40000, Batch Size = 64,                         Examples/Sec = 5380.55, Accuracy = 0.72, Loss = 0.872
[2020-11-27 17:35] EPOCH 2 Train Step 21799/40000, Batch Size = 64,                         Examples/Sec = 5414.08, Accuracy = 0.70, Loss = 0.930
[2020-11-27 17:35] EPOCH 2 Train Step 21899/40000, Batch Size = 64,                         Examples/Sec = 6005.80, Accuracy = 0.71, Loss = 0.887
[2020-11-27 17:35] EPOCH 2 Train Step 21999/40000, Batch Size = 64,                         Examples/Sec = 5558.25, Accuracy = 0.72, Loss = 0.871
[2020-11-27 17:35] EPOCH 2 Train Step 22099/40000, Batch Size = 64,                         Examples/Sec = 5347.43, Accuracy = 0.70, Loss = 0.922
[2020-11-27 17:35] EPOCH 2 Train Step 22199/40000, Batch Size = 64,                         Examples/Sec = 5406.99, Accuracy = 0.71, Loss = 0.905
[2020-11-27 17:35] EPOCH 2 Train Step 22299/40000, Batch Size = 64,                         Examples/Sec = 5169.78, Accuracy = 0.71, Loss = 0.892
[2020-11-27 17:35] EPOCH 2 Train Step 22399/40000, Batch Size = 64,                         Examples/Sec = 5964.44, Accuracy = 0.72, Loss = 0.853
[2020-11-27 17:35] EPOCH 2 Train Step 22499/40000, Batch Size = 64,                         Examples/Sec = 5436.23, Accuracy = 0.71, Loss = 0.892
[2020-11-27 17:35] EPOCH 2 Train Step 22599/40000, Batch Size = 64,                         Examples/Sec = 5853.88, Accuracy = 0.73, Loss = 0.862
[2020-11-27 17:35] EPOCH 2 Train Step 22699/40000, Batch Size = 64,                         Examples/Sec = 5979.45, Accuracy = 0.71, Loss = 0.903
[2020-11-27 17:35] EPOCH 2 Train Step 22799/40000, Batch Size = 64,                         Examples/Sec = 5989.72, Accuracy = 0.73, Loss = 0.876
[2020-11-27 17:35] EPOCH 2 Train Step 22899/40000, Batch Size = 64,                         Examples/Sec = 6177.89, Accuracy = 0.71, Loss = 0.898
[2020-11-27 17:35] EPOCH 2 Train Step 22999/40000, Batch Size = 64,                         Examples/Sec = 6126.29, Accuracy = 0.72, Loss = 0.860
[2020-11-27 17:35] EPOCH 2 Train Step 23099/40000, Batch Size = 64,                         Examples/Sec = 6255.49, Accuracy = 0.72, Loss = 0.874
[2020-11-27 17:35] EPOCH 2 Train Step 23199/40000, Batch Size = 64,                         Examples/Sec = 5646.04, Accuracy = 0.72, Loss = 0.886
[2020-11-27 17:35] EPOCH 2 Train Step 23299/40000, Batch Size = 64,                         Examples/Sec = 6093.19, Accuracy = 0.72, Loss = 0.894
[2020-11-27 17:35] EPOCH 2 Train Step 23399/40000, Batch Size = 64,                         Examples/Sec = 5626.40, Accuracy = 0.73, Loss = 0.845
[2020-11-27 17:35] EPOCH 2 Train Step 23499/40000, Batch Size = 64,                         Examples/Sec = 5633.60, Accuracy = 0.72, Loss = 0.863
[2020-11-27 17:35] EPOCH 2 Train Step 23599/40000, Batch Size = 64,                         Examples/Sec = 5901.24, Accuracy = 0.72, Loss = 0.875
[2020-11-27 17:35] EPOCH 2 Train Step 23699/40000, Batch Size = 64,                         Examples/Sec = 5861.93, Accuracy = 0.70, Loss = 0.920
[2020-11-27 17:35] EPOCH 2 Train Step 23799/40000, Batch Size = 64,                         Examples/Sec = 5210.92, Accuracy = 0.71, Loss = 0.901
[2020-11-27 17:35] EPOCH 2 Train Step 23899/40000, Batch Size = 64,                         Examples/Sec = 6136.37, Accuracy = 0.73, Loss = 0.849
[2020-11-27 17:35] EPOCH 2 Train Step 23999/40000, Batch Size = 64,                         Examples/Sec = 6201.58, Accuracy = 0.70, Loss = 0.920
[2020-11-27 17:35] EPOCH 2 Train Step 24099/40000, Batch Size = 64,                         Examples/Sec = 5817.22, Accuracy = 0.72, Loss = 0.887
[2020-11-27 17:35] EPOCH 2 Train Step 24199/40000, Batch Size = 64,                         Examples/Sec = 5848.90, Accuracy = 0.72, Loss = 0.878
[2020-11-27 17:36] EPOCH 2 Train Step 24299/40000, Batch Size = 64,                         Examples/Sec = 5265.61, Accuracy = 0.72, Loss = 0.878
[2020-11-27 17:36] EPOCH 2 Train Step 24399/40000, Batch Size = 64,                         Examples/Sec = 6616.60, Accuracy = 0.72, Loss = 0.828
[2020-11-27 17:36] EPOCH 2 Train Step 24499/40000, Batch Size = 64,                         Examples/Sec = 6242.39, Accuracy = 0.71, Loss = 0.902
[2020-11-27 17:36] EPOCH 2 Train Step 24599/40000, Batch Size = 64,                         Examples/Sec = 5891.13, Accuracy = 0.73, Loss = 0.857
[2020-11-27 17:36] EPOCH 2 Train Step 24699/40000, Batch Size = 64,                         Examples/Sec = 5585.42, Accuracy = 0.72, Loss = 0.870
[2020-11-27 17:36] EPOCH 2 Train Step 24799/40000, Batch Size = 64,                         Examples/Sec = 6188.43, Accuracy = 0.71, Loss = 0.897
[2020-11-27 17:36] EPOCH 2 Train Step 24899/40000, Batch Size = 64,                         Examples/Sec = 5715.53, Accuracy = 0.70, Loss = 0.888
[2020-11-27 17:36] EPOCH 2 Train Step 24999/40000, Batch Size = 64,                         Examples/Sec = 6122.09, Accuracy = 0.71, Loss = 0.898
[2020-11-27 17:36] EPOCH 2 Train Step 25099/40000, Batch Size = 64,                         Examples/Sec = 5594.04, Accuracy = 0.72, Loss = 0.890
[2020-11-27 17:36] EPOCH 2 Train Step 25199/40000, Batch Size = 64,                         Examples/Sec = 6053.21, Accuracy = 0.73, Loss = 0.867
[2020-11-27 17:36] EPOCH 2 Train Step 25299/40000, Batch Size = 64,                         Examples/Sec = 5993.74, Accuracy = 0.72, Loss = 0.863
[2020-11-27 17:36] EPOCH 2 Train Step 25399/40000, Batch Size = 64,                         Examples/Sec = 6297.46, Accuracy = 0.73, Loss = 0.835
[2020-11-27 17:36] EPOCH 2 Train Step 25499/40000, Batch Size = 64,                         Examples/Sec = 6327.59, Accuracy = 0.71, Loss = 0.874
[2020-11-27 17:36] EPOCH 2 Train Step 25599/40000, Batch Size = 64,                         Examples/Sec = 6094.16, Accuracy = 0.72, Loss = 0.858
[2020-11-27 17:36] EPOCH 2 Train Step 25699/40000, Batch Size = 64,                         Examples/Sec = 6175.19, Accuracy = 0.72, Loss = 0.864
[2020-11-27 17:36] EPOCH 2 Train Step 25799/40000, Batch Size = 64,                         Examples/Sec = 5557.67, Accuracy = 0.73, Loss = 0.855
[2020-11-27 17:36] EPOCH 3 Train Step 25899/40000, Batch Size = 64,                         Examples/Sec = 6277.58, Accuracy = 0.71, Loss = 0.886
[2020-11-27 17:36] EPOCH 3 Train Step 25999/40000, Batch Size = 64,                         Examples/Sec = 6335.36, Accuracy = 0.70, Loss = 0.879
[2020-11-27 17:36] EPOCH 3 Train Step 26099/40000, Batch Size = 64,                         Examples/Sec = 5575.68, Accuracy = 0.71, Loss = 0.870
[2020-11-27 17:36] EPOCH 3 Train Step 26199/40000, Batch Size = 64,                         Examples/Sec = 5900.07, Accuracy = 0.71, Loss = 0.879
[2020-11-27 17:36] EPOCH 3 Train Step 26299/40000, Batch Size = 64,                         Examples/Sec = 5681.05, Accuracy = 0.73, Loss = 0.849
[2020-11-27 17:36] EPOCH 3 Train Step 26399/40000, Batch Size = 64,                         Examples/Sec = 6269.07, Accuracy = 0.70, Loss = 0.904
[2020-11-27 17:36] EPOCH 3 Train Step 26499/40000, Batch Size = 64,                         Examples/Sec = 5731.02, Accuracy = 0.72, Loss = 0.890
[2020-11-27 17:36] EPOCH 3 Train Step 26599/40000, Batch Size = 64,                         Examples/Sec = 5822.52, Accuracy = 0.73, Loss = 0.855
[2020-11-27 17:36] EPOCH 3 Train Step 26699/40000, Batch Size = 64,                         Examples/Sec = 6198.29, Accuracy = 0.71, Loss = 0.881
[2020-11-27 17:36] EPOCH 3 Train Step 26799/40000, Batch Size = 64,                         Examples/Sec = 5720.64, Accuracy = 0.72, Loss = 0.874
[2020-11-27 17:36] EPOCH 3 Train Step 26899/40000, Batch Size = 64,                         Examples/Sec = 6114.15, Accuracy = 0.72, Loss = 0.845
[2020-11-27 17:36] EPOCH 3 Train Step 26999/40000, Batch Size = 64,                         Examples/Sec = 6284.78, Accuracy = 0.72, Loss = 0.867
[2020-11-27 17:36] EPOCH 3 Train Step 27099/40000, Batch Size = 64,                         Examples/Sec = 6106.63, Accuracy = 0.74, Loss = 0.839
[2020-11-27 17:36] EPOCH 3 Train Step 27199/40000, Batch Size = 64,                         Examples/Sec = 4961.65, Accuracy = 0.71, Loss = 0.886
[2020-11-27 17:36] EPOCH 3 Train Step 27299/40000, Batch Size = 64,                         Examples/Sec = 5936.47, Accuracy = 0.71, Loss = 0.872
[2020-11-27 17:36] EPOCH 3 Train Step 27399/40000, Batch Size = 64,                         Examples/Sec = 6376.59, Accuracy = 0.72, Loss = 0.866
[2020-11-27 17:36] EPOCH 3 Train Step 27499/40000, Batch Size = 64,                         Examples/Sec = 5585.42, Accuracy = 0.73, Loss = 0.859
[2020-11-27 17:36] EPOCH 3 Train Step 27599/40000, Batch Size = 64,                         Examples/Sec = 6181.73, Accuracy = 0.72, Loss = 0.861
[2020-11-27 17:36] EPOCH 3 Train Step 27699/40000, Batch Size = 64,                         Examples/Sec = 5633.48, Accuracy = 0.71, Loss = 0.858
[2020-11-27 17:36] EPOCH 3 Train Step 27799/40000, Batch Size = 64,                         Examples/Sec = 6045.16, Accuracy = 0.71, Loss = 0.879
[2020-11-27 17:36] EPOCH 3 Train Step 27899/40000, Batch Size = 64,                         Examples/Sec = 6109.00, Accuracy = 0.72, Loss = 0.858
[2020-11-27 17:36] EPOCH 3 Train Step 27999/40000, Batch Size = 64,                         Examples/Sec = 5601.04, Accuracy = 0.71, Loss = 0.904
[2020-11-27 17:36] EPOCH 3 Train Step 28099/40000, Batch Size = 64,                         Examples/Sec = 5520.07, Accuracy = 0.72, Loss = 0.877
[2020-11-27 17:36] EPOCH 3 Train Step 28199/40000, Batch Size = 64,                         Examples/Sec = 6270.39, Accuracy = 0.74, Loss = 0.837
[2020-11-27 17:36] EPOCH 3 Train Step 28299/40000, Batch Size = 64,                         Examples/Sec = 5642.36, Accuracy = 0.73, Loss = 0.818
[2020-11-27 17:36] EPOCH 3 Train Step 28399/40000, Batch Size = 64,                         Examples/Sec = 5625.22, Accuracy = 0.73, Loss = 0.861
[2020-11-27 17:36] EPOCH 3 Train Step 28499/40000, Batch Size = 64,                         Examples/Sec = 5708.60, Accuracy = 0.71, Loss = 0.890
[2020-11-27 17:36] EPOCH 3 Train Step 28599/40000, Batch Size = 64,                         Examples/Sec = 5591.82, Accuracy = 0.72, Loss = 0.841
[2020-11-27 17:37] EPOCH 3 Train Step 28699/40000, Batch Size = 64,                         Examples/Sec = 5974.26, Accuracy = 0.73, Loss = 0.859
[2020-11-27 17:37] EPOCH 3 Train Step 28799/40000, Batch Size = 64,                         Examples/Sec = 5929.79, Accuracy = 0.72, Loss = 0.900
[2020-11-27 17:37] EPOCH 3 Train Step 28899/40000, Batch Size = 64,                         Examples/Sec = 5743.53, Accuracy = 0.72, Loss = 0.875
[2020-11-27 17:37] EPOCH 3 Train Step 28999/40000, Batch Size = 64,                         Examples/Sec = 5562.05, Accuracy = 0.72, Loss = 0.868
[2020-11-27 17:37] EPOCH 3 Train Step 29099/40000, Batch Size = 64,                         Examples/Sec = 5453.23, Accuracy = 0.71, Loss = 0.874
[2020-11-27 17:37] EPOCH 3 Train Step 29199/40000, Batch Size = 64,                         Examples/Sec = 5788.37, Accuracy = 0.73, Loss = 0.861
[2020-11-27 17:37] EPOCH 3 Train Step 29299/40000, Batch Size = 64,                         Examples/Sec = 5542.52, Accuracy = 0.72, Loss = 0.840
[2020-11-27 17:37] EPOCH 3 Train Step 29399/40000, Batch Size = 64,                         Examples/Sec = 6090.15, Accuracy = 0.72, Loss = 0.833
[2020-11-27 17:37] EPOCH 3 Train Step 29499/40000, Batch Size = 64,                         Examples/Sec = 5554.11, Accuracy = 0.72, Loss = 0.885
[2020-11-27 17:37] EPOCH 3 Train Step 29599/40000, Batch Size = 64,                         Examples/Sec = 6323.12, Accuracy = 0.72, Loss = 0.870
[2020-11-27 17:37] EPOCH 3 Train Step 29699/40000, Batch Size = 64,                         Examples/Sec = 5909.81, Accuracy = 0.72, Loss = 0.865
[2020-11-27 17:37] EPOCH 3 Train Step 29799/40000, Batch Size = 64,                         Examples/Sec = 6075.40, Accuracy = 0.72, Loss = 0.883
[2020-11-27 17:37] EPOCH 3 Train Step 29899/40000, Batch Size = 64,                         Examples/Sec = 6258.11, Accuracy = 0.74, Loss = 0.816
[2020-11-27 17:37] EPOCH 3 Train Step 29999/40000, Batch Size = 64,                         Examples/Sec = 5966.82, Accuracy = 0.72, Loss = 0.861
[2020-11-27 17:37] EPOCH 3 Train Step 30099/40000, Batch Size = 64,                         Examples/Sec = 5905.00, Accuracy = 0.72, Loss = 0.880
[2020-11-27 17:37] EPOCH 3 Train Step 30199/40000, Batch Size = 64,                         Examples/Sec = 5562.51, Accuracy = 0.74, Loss = 0.845
[2020-11-27 17:37] EPOCH 3 Train Step 30299/40000, Batch Size = 64,                         Examples/Sec = 6327.89, Accuracy = 0.73, Loss = 0.832
[2020-11-27 17:37] EPOCH 3 Train Step 30399/40000, Batch Size = 64,                         Examples/Sec = 5808.28, Accuracy = 0.74, Loss = 0.834
[2020-11-27 17:37] EPOCH 3 Train Step 30499/40000, Batch Size = 64,                         Examples/Sec = 6303.82, Accuracy = 0.72, Loss = 0.867
[2020-11-27 17:37] EPOCH 3 Train Step 30599/40000, Batch Size = 64,                         Examples/Sec = 5494.53, Accuracy = 0.72, Loss = 0.867
[2020-11-27 17:37] EPOCH 3 Train Step 30699/40000, Batch Size = 64,                         Examples/Sec = 5953.72, Accuracy = 0.73, Loss = 0.834
[2020-11-27 17:37] EPOCH 3 Train Step 30799/40000, Batch Size = 64,                         Examples/Sec = 5728.95, Accuracy = 0.73, Loss = 0.834
[2020-11-27 17:37] EPOCH 3 Train Step 30899/40000, Batch Size = 64,                         Examples/Sec = 6121.95, Accuracy = 0.73, Loss = 0.843
[2020-11-27 17:37] EPOCH 3 Train Step 30999/40000, Batch Size = 64,                         Examples/Sec = 5996.41, Accuracy = 0.74, Loss = 0.837
[2020-11-27 17:37] EPOCH 3 Train Step 31099/40000, Batch Size = 64,                         Examples/Sec = 5960.33, Accuracy = 0.72, Loss = 0.827
[2020-11-27 17:37] EPOCH 3 Train Step 31199/40000, Batch Size = 64,                         Examples/Sec = 6000.17, Accuracy = 0.72, Loss = 0.864
[2020-11-27 17:37] EPOCH 3 Train Step 31299/40000, Batch Size = 64,                         Examples/Sec = 5410.04, Accuracy = 0.72, Loss = 0.864
[2020-11-27 17:37] EPOCH 3 Train Step 31399/40000, Batch Size = 64,                         Examples/Sec = 5973.73, Accuracy = 0.73, Loss = 0.822
[2020-11-27 17:37] EPOCH 3 Train Step 31499/40000, Batch Size = 64,                         Examples/Sec = 5524.61, Accuracy = 0.73, Loss = 0.845
[2020-11-27 17:37] EPOCH 3 Train Step 31599/40000, Batch Size = 64,                         Examples/Sec = 6099.84, Accuracy = 0.74, Loss = 0.821
[2020-11-27 17:37] EPOCH 3 Train Step 31699/40000, Batch Size = 64,                         Examples/Sec = 6210.62, Accuracy = 0.72, Loss = 0.869
[2020-11-27 17:37] EPOCH 3 Train Step 31799/40000, Batch Size = 64,                         Examples/Sec = 6010.92, Accuracy = 0.73, Loss = 0.853
[2020-11-27 17:37] EPOCH 3 Train Step 31899/40000, Batch Size = 64,                         Examples/Sec = 6071.14, Accuracy = 0.73, Loss = 0.851
[2020-11-27 17:37] EPOCH 3 Train Step 31999/40000, Batch Size = 64,                         Examples/Sec = 6268.34, Accuracy = 0.72, Loss = 0.875
[2020-11-27 17:37] EPOCH 3 Train Step 32099/40000, Batch Size = 64,                         Examples/Sec = 5658.06, Accuracy = 0.73, Loss = 0.821
[2020-11-27 17:37] EPOCH 3 Train Step 32199/40000, Batch Size = 64,                         Examples/Sec = 5687.43, Accuracy = 0.72, Loss = 0.847
[2020-11-27 17:37] EPOCH 3 Train Step 32299/40000, Batch Size = 64,                         Examples/Sec = 6117.63, Accuracy = 0.73, Loss = 0.843
[2020-11-27 17:37] EPOCH 3 Train Step 32399/40000, Batch Size = 64,                         Examples/Sec = 5708.11, Accuracy = 0.72, Loss = 0.852
[2020-11-27 17:37] EPOCH 3 Train Step 32499/40000, Batch Size = 64,                         Examples/Sec = 6110.11, Accuracy = 0.73, Loss = 0.833
[2020-11-27 17:37] EPOCH 3 Train Step 32599/40000, Batch Size = 64,                         Examples/Sec = 5603.03, Accuracy = 0.73, Loss = 0.840
[2020-11-27 17:37] EPOCH 3 Train Step 32699/40000, Batch Size = 64,                         Examples/Sec = 6245.15, Accuracy = 0.75, Loss = 0.805
[2020-11-27 17:37] EPOCH 3 Train Step 32799/40000, Batch Size = 64,                         Examples/Sec = 5940.94, Accuracy = 0.71, Loss = 0.826
[2020-11-27 17:37] EPOCH 3 Train Step 32899/40000, Batch Size = 64,                         Examples/Sec = 5747.84, Accuracy = 0.75, Loss = 0.790
[2020-11-27 17:37] EPOCH 3 Train Step 32999/40000, Batch Size = 64,                         Examples/Sec = 5696.73, Accuracy = 0.71, Loss = 0.867
[2020-11-27 17:38] EPOCH 3 Train Step 33099/40000, Batch Size = 64,                         Examples/Sec = 6287.28, Accuracy = 0.73, Loss = 0.814
[2020-11-27 17:38] EPOCH 3 Train Step 33199/40000, Batch Size = 64,                         Examples/Sec = 5523.02, Accuracy = 0.73, Loss = 0.855
[2020-11-27 17:38] EPOCH 3 Train Step 33299/40000, Batch Size = 64,                         Examples/Sec = 5983.72, Accuracy = 0.73, Loss = 0.861
[2020-11-27 17:38] EPOCH 3 Train Step 33399/40000, Batch Size = 64,                         Examples/Sec = 6131.88, Accuracy = 0.73, Loss = 0.834
[2020-11-27 17:38] EPOCH 3 Train Step 33499/40000, Batch Size = 64,                         Examples/Sec = 5839.87, Accuracy = 0.70, Loss = 0.879
[2020-11-27 17:38] EPOCH 3 Train Step 33599/40000, Batch Size = 64,                         Examples/Sec = 6055.39, Accuracy = 0.71, Loss = 0.886
[2020-11-27 17:38] EPOCH 3 Train Step 33699/40000, Batch Size = 64,                         Examples/Sec = 5848.27, Accuracy = 0.73, Loss = 0.842
[2020-11-27 17:38] EPOCH 3 Train Step 33799/40000, Batch Size = 64,                         Examples/Sec = 5560.20, Accuracy = 0.72, Loss = 0.865
[2020-11-27 17:38] EPOCH 3 Train Step 33899/40000, Batch Size = 64,                         Examples/Sec = 6231.53, Accuracy = 0.75, Loss = 0.800
[2020-11-27 17:38] EPOCH 3 Train Step 33999/40000, Batch Size = 64,                         Examples/Sec = 5542.18, Accuracy = 0.73, Loss = 0.848
[2020-11-27 17:38] EPOCH 3 Train Step 34099/40000, Batch Size = 64,                         Examples/Sec = 5720.52, Accuracy = 0.73, Loss = 0.836
[2020-11-27 17:38] EPOCH 3 Train Step 34199/40000, Batch Size = 64,                         Examples/Sec = 6227.19, Accuracy = 0.72, Loss = 0.861
[2020-11-27 17:38] EPOCH 3 Train Step 34299/40000, Batch Size = 64,                         Examples/Sec = 6224.59, Accuracy = 0.72, Loss = 0.853
[2020-11-27 17:38] EPOCH 3 Train Step 34399/40000, Batch Size = 64,                         Examples/Sec = 5446.15, Accuracy = 0.73, Loss = 0.828
[2020-11-27 17:38] EPOCH 4 Train Step 34499/40000, Batch Size = 64,                         Examples/Sec = 5715.28, Accuracy = 0.72, Loss = 0.876
[2020-11-27 17:38] EPOCH 4 Train Step 34599/40000, Batch Size = 64,                         Examples/Sec = 5680.93, Accuracy = 0.73, Loss = 0.846
[2020-11-27 17:38] EPOCH 4 Train Step 34699/40000, Batch Size = 64,                         Examples/Sec = 5916.98, Accuracy = 0.71, Loss = 0.871
[2020-11-27 17:38] EPOCH 4 Train Step 34799/40000, Batch Size = 64,                         Examples/Sec = 6034.83, Accuracy = 0.74, Loss = 0.798
[2020-11-27 17:38] EPOCH 4 Train Step 34899/40000, Batch Size = 64,                         Examples/Sec = 6275.38, Accuracy = 0.74, Loss = 0.805
[2020-11-27 17:38] EPOCH 4 Train Step 34999/40000, Batch Size = 64,                         Examples/Sec = 5488.13, Accuracy = 0.72, Loss = 0.843
[2020-11-27 17:38] EPOCH 4 Train Step 35099/40000, Batch Size = 64,                         Examples/Sec = 6108.44, Accuracy = 0.73, Loss = 0.840
[2020-11-27 17:38] EPOCH 4 Train Step 35199/40000, Batch Size = 64,                         Examples/Sec = 5714.80, Accuracy = 0.74, Loss = 0.810
[2020-11-27 17:38] EPOCH 4 Train Step 35299/40000, Batch Size = 64,                         Examples/Sec = 6291.55, Accuracy = 0.72, Loss = 0.847
[2020-11-27 17:38] EPOCH 4 Train Step 35399/40000, Batch Size = 64,                         Examples/Sec = 6329.98, Accuracy = 0.72, Loss = 0.902
[2020-11-27 17:38] EPOCH 4 Train Step 35499/40000, Batch Size = 64,                         Examples/Sec = 6277.28, Accuracy = 0.72, Loss = 0.812
[2020-11-27 17:38] EPOCH 4 Train Step 35599/40000, Batch Size = 64,                         Examples/Sec = 5995.74, Accuracy = 0.72, Loss = 0.841
[2020-11-27 17:38] EPOCH 4 Train Step 35699/40000, Batch Size = 64,                         Examples/Sec = 5558.36, Accuracy = 0.74, Loss = 0.811
[2020-11-27 17:38] EPOCH 4 Train Step 35799/40000, Batch Size = 64,                         Examples/Sec = 6185.29, Accuracy = 0.72, Loss = 0.874
[2020-11-27 17:38] EPOCH 4 Train Step 35899/40000, Batch Size = 64,                         Examples/Sec = 6258.84, Accuracy = 0.74, Loss = 0.826
[2020-11-27 17:38] EPOCH 4 Train Step 35999/40000, Batch Size = 64,                         Examples/Sec = 5354.68, Accuracy = 0.73, Loss = 0.831
[2020-11-27 17:38] EPOCH 4 Train Step 36099/40000, Batch Size = 64,                         Examples/Sec = 5581.47, Accuracy = 0.74, Loss = 0.787
[2020-11-27 17:38] EPOCH 4 Train Step 36199/40000, Batch Size = 64,                         Examples/Sec = 5541.26, Accuracy = 0.73, Loss = 0.826
[2020-11-27 17:38] EPOCH 4 Train Step 36299/40000, Batch Size = 64,                         Examples/Sec = 5508.40, Accuracy = 0.73, Loss = 0.845
[2020-11-27 17:38] EPOCH 4 Train Step 36399/40000, Batch Size = 64,                         Examples/Sec = 6195.71, Accuracy = 0.73, Loss = 0.844
[2020-11-27 17:38] EPOCH 4 Train Step 36499/40000, Batch Size = 64,                         Examples/Sec = 5690.09, Accuracy = 0.75, Loss = 0.806
[2020-11-27 17:38] EPOCH 4 Train Step 36599/40000, Batch Size = 64,                         Examples/Sec = 5723.08, Accuracy = 0.75, Loss = 0.772
[2020-11-27 17:38] EPOCH 4 Train Step 36699/40000, Batch Size = 64,                         Examples/Sec = 5961.52, Accuracy = 0.71, Loss = 0.883
[2020-11-27 17:38] EPOCH 4 Train Step 36799/40000, Batch Size = 64,                         Examples/Sec = 6013.20, Accuracy = 0.74, Loss = 0.788
[2020-11-27 17:38] EPOCH 4 Train Step 36899/40000, Batch Size = 64,                         Examples/Sec = 5576.26, Accuracy = 0.74, Loss = 0.790
[2020-11-27 17:38] EPOCH 4 Train Step 36999/40000, Batch Size = 64,                         Examples/Sec = 5586.70, Accuracy = 0.73, Loss = 0.822
[2020-11-27 17:38] EPOCH 4 Train Step 37099/40000, Batch Size = 64,                         Examples/Sec = 5728.95, Accuracy = 0.74, Loss = 0.806
[2020-11-27 17:38] EPOCH 4 Train Step 37199/40000, Batch Size = 64,                         Examples/Sec = 6095.26, Accuracy = 0.75, Loss = 0.817
[2020-11-27 17:38] EPOCH 4 Train Step 37299/40000, Batch Size = 64,                         Examples/Sec = 6127.12, Accuracy = 0.73, Loss = 0.835
[2020-11-27 17:38] EPOCH 4 Train Step 37399/40000, Batch Size = 64,                         Examples/Sec = 5474.59, Accuracy = 0.75, Loss = 0.772
[2020-11-27 17:39] EPOCH 4 Train Step 37499/40000, Batch Size = 64,                         Examples/Sec = 6044.35, Accuracy = 0.75, Loss = 0.814
[2020-11-27 17:39] EPOCH 4 Train Step 37599/40000, Batch Size = 64,                         Examples/Sec = 5583.10, Accuracy = 0.73, Loss = 0.842
[2020-11-27 17:39] EPOCH 4 Train Step 37699/40000, Batch Size = 64,                         Examples/Sec = 5730.54, Accuracy = 0.72, Loss = 0.822
[2020-11-27 17:39] EPOCH 4 Train Step 37799/40000, Batch Size = 64,                         Examples/Sec = 6239.64, Accuracy = 0.74, Loss = 0.816
[2020-11-27 17:39] EPOCH 4 Train Step 37899/40000, Batch Size = 64,                         Examples/Sec = 5883.90, Accuracy = 0.72, Loss = 0.853
[2020-11-27 17:39] EPOCH 4 Train Step 37999/40000, Batch Size = 64,                         Examples/Sec = 6299.08, Accuracy = 0.72, Loss = 0.876
[2020-11-27 17:39] EPOCH 4 Train Step 38099/40000, Batch Size = 64,                         Examples/Sec = 6068.67, Accuracy = 0.73, Loss = 0.814
[2020-11-27 17:39] EPOCH 4 Train Step 38199/40000, Batch Size = 64,                         Examples/Sec = 5979.18, Accuracy = 0.72, Loss = 0.849
[2020-11-27 17:39] EPOCH 4 Train Step 38299/40000, Batch Size = 64,                         Examples/Sec = 5907.86, Accuracy = 0.74, Loss = 0.833
[2020-11-27 17:39] EPOCH 4 Train Step 38399/40000, Batch Size = 64,                         Examples/Sec = 5633.96, Accuracy = 0.72, Loss = 0.846
[2020-11-27 17:39] EPOCH 4 Train Step 38499/40000, Batch Size = 64,                         Examples/Sec = 6220.98, Accuracy = 0.74, Loss = 0.792
[2020-11-27 17:39] EPOCH 4 Train Step 38599/40000, Batch Size = 64,                         Examples/Sec = 6214.65, Accuracy = 0.72, Loss = 0.829
[2020-11-27 17:39] EPOCH 4 Train Step 38699/40000, Batch Size = 64,                         Examples/Sec = 5952.01, Accuracy = 0.74, Loss = 0.796
[2020-11-27 17:39] EPOCH 4 Train Step 38799/40000, Batch Size = 64,                         Examples/Sec = 6007.82, Accuracy = 0.77, Loss = 0.751
[2020-11-27 17:39] EPOCH 4 Train Step 38899/40000, Batch Size = 64,                         Examples/Sec = 6044.75, Accuracy = 0.71, Loss = 0.858
[2020-11-27 17:39] EPOCH 4 Train Step 38999/40000, Batch Size = 64,                         Examples/Sec = 5943.18, Accuracy = 0.74, Loss = 0.806
[2020-11-27 17:39] EPOCH 4 Train Step 39099/40000, Batch Size = 64,                         Examples/Sec = 6166.96, Accuracy = 0.71, Loss = 0.876
[2020-11-27 17:39] EPOCH 4 Train Step 39199/40000, Batch Size = 64,                         Examples/Sec = 5323.04, Accuracy = 0.74, Loss = 0.809
[2020-11-27 17:39] EPOCH 4 Train Step 39299/40000, Batch Size = 64,                         Examples/Sec = 5812.56, Accuracy = 0.74, Loss = 0.796
[2020-11-27 17:39] EPOCH 4 Train Step 39399/40000, Batch Size = 64,                         Examples/Sec = 6052.93, Accuracy = 0.73, Loss = 0.812
[2020-11-27 17:39] EPOCH 4 Train Step 39499/40000, Batch Size = 64,                         Examples/Sec = 5612.52, Accuracy = 0.73, Loss = 0.820
[2020-11-27 17:39] EPOCH 4 Train Step 39599/40000, Batch Size = 64,                         Examples/Sec = 5896.31, Accuracy = 0.73, Loss = 0.822
[2020-11-27 17:39] EPOCH 4 Train Step 39699/40000, Batch Size = 64,                         Examples/Sec = 6208.47, Accuracy = 0.73, Loss = 0.835
[2020-11-27 17:39] EPOCH 4 Train Step 39799/40000, Batch Size = 64,                         Examples/Sec = 5527.00, Accuracy = 0.75, Loss = 0.777
[2020-11-27 17:39] EPOCH 4 Train Step 39899/40000, Batch Size = 64,                         Examples/Sec = 5858.61, Accuracy = 0.74, Loss = 0.809
[2020-11-27 17:39] EPOCH 4 Train Step 39999/40000, Batch Size = 64,                         Examples/Sec = 5628.29, Accuracy = 0.74, Loss = 0.808
Done training.
