Namespace(batch_size=64, device='cuda', dropout_keep_prob=1.0, learning_rate=0.002, learning_rate_decay=0.96, learning_rate_step=5000, load_model=None, lstm_num_hidden=512, lstm_num_layers=2, max_epochs=5, max_norm=5.0, plot=False, print_every=100, sample_every=1000, seq_length=30, summary_path='./summaries/', train=True, train_steps=42000, txt_file='./assets/book_NL_darwin_reis_om_de_wereld.txt')
Device: cuda
Txt file: ./assets/book_NL_darwin_reis_om_de_wereld.txt
Initialize dataset with 1366815 characters, 115 unique.
[2020-11-28 00:38] EPOCH 0 Train Step 0099/42000, Batch Size = 64,                         Examples/Sec = 4597.13, Accuracy = 0.32, Loss = 2.468
[2020-11-28 00:38] EPOCH 0 Train Step 0199/42000, Batch Size = 64,                         Examples/Sec = 4541.75, Accuracy = 0.39, Loss = 2.150
[2020-11-28 00:38] EPOCH 0 Train Step 0299/42000, Batch Size = 64,                         Examples/Sec = 4635.47, Accuracy = 0.41, Loss = 2.083
[2020-11-28 00:38] EPOCH 0 Train Step 0399/42000, Batch Size = 64,                         Examples/Sec = 5665.82, Accuracy = 0.42, Loss = 1.950
[2020-11-28 00:38] EPOCH 0 Train Step 0499/42000, Batch Size = 64,                         Examples/Sec = 5671.93, Accuracy = 0.43, Loss = 1.923
[2020-11-28 00:38] EPOCH 0 Train Step 0599/42000, Batch Size = 64,                         Examples/Sec = 4991.92, Accuracy = 0.46, Loss = 1.816
[2020-11-28 00:38] EPOCH 0 Train Step 0699/42000, Batch Size = 64,                         Examples/Sec = 5118.13, Accuracy = 0.50, Loss = 1.697
[2020-11-28 00:38] EPOCH 0 Train Step 0799/42000, Batch Size = 64,                         Examples/Sec = 5221.67, Accuracy = 0.49, Loss = 1.742
[2020-11-28 00:38] EPOCH 0 Train Step 0899/42000, Batch Size = 64,                         Examples/Sec = 5283.85, Accuracy = 0.50, Loss = 1.699
[2020-11-28 00:38] EPOCH 0 Train Step 0999/42000, Batch Size = 64,                         Examples/Sec = 5361.85, Accuracy = 0.48, Loss = 1.744
[2020-11-28 00:38] EPOCH 0 Train Step 1099/42000, Batch Size = 64,                         Examples/Sec = 5616.16, Accuracy = 0.50, Loss = 1.672
[2020-11-28 00:38] EPOCH 0 Train Step 1199/42000, Batch Size = 64,                         Examples/Sec = 4899.44, Accuracy = 0.49, Loss = 1.695
[2020-11-28 00:38] EPOCH 0 Train Step 1299/42000, Batch Size = 64,                         Examples/Sec = 4953.32, Accuracy = 0.51, Loss = 1.644
[2020-11-28 00:38] EPOCH 0 Train Step 1399/42000, Batch Size = 64,                         Examples/Sec = 4938.02, Accuracy = 0.50, Loss = 1.634
[2020-11-28 00:38] EPOCH 0 Train Step 1499/42000, Batch Size = 64,                         Examples/Sec = 5358.85, Accuracy = 0.53, Loss = 1.538
[2020-11-28 00:38] EPOCH 0 Train Step 1599/42000, Batch Size = 64,                         Examples/Sec = 5701.20, Accuracy = 0.53, Loss = 1.590
[2020-11-28 00:38] EPOCH 0 Train Step 1699/42000, Batch Size = 64,                         Examples/Sec = 6458.21, Accuracy = 0.54, Loss = 1.585
[2020-11-28 00:38] EPOCH 0 Train Step 1799/42000, Batch Size = 64,                         Examples/Sec = 5110.33, Accuracy = 0.54, Loss = 1.547
[2020-11-28 00:39] EPOCH 0 Train Step 1899/42000, Batch Size = 64,                         Examples/Sec = 4814.64, Accuracy = 0.54, Loss = 1.491
[2020-11-28 00:39] EPOCH 0 Train Step 1999/42000, Batch Size = 64,                         Examples/Sec = 5074.59, Accuracy = 0.54, Loss = 1.553
[2020-11-28 00:39] EPOCH 0 Train Step 2099/42000, Batch Size = 64,                         Examples/Sec = 4964.04, Accuracy = 0.52, Loss = 1.553
[2020-11-28 00:39] EPOCH 0 Train Step 2199/42000, Batch Size = 64,                         Examples/Sec = 5278.34, Accuracy = 0.54, Loss = 1.494
[2020-11-28 00:39] EPOCH 0 Train Step 2299/42000, Batch Size = 64,                         Examples/Sec = 5162.82, Accuracy = 0.54, Loss = 1.501
[2020-11-28 00:39] EPOCH 0 Train Step 2399/42000, Batch Size = 64,                         Examples/Sec = 5317.03, Accuracy = 0.55, Loss = 1.490
[2020-11-28 00:39] EPOCH 0 Train Step 2499/42000, Batch Size = 64,                         Examples/Sec = 5105.67, Accuracy = 0.57, Loss = 1.473
[2020-11-28 00:39] EPOCH 0 Train Step 2599/42000, Batch Size = 64,                         Examples/Sec = 4567.71, Accuracy = 0.56, Loss = 1.427
[2020-11-28 00:39] EPOCH 0 Train Step 2699/42000, Batch Size = 64,                         Examples/Sec = 4988.12, Accuracy = 0.55, Loss = 1.492
[2020-11-28 00:39] EPOCH 0 Train Step 2799/42000, Batch Size = 64,                         Examples/Sec = 4995.26, Accuracy = 0.54, Loss = 1.536
[2020-11-28 00:39] EPOCH 0 Train Step 2899/42000, Batch Size = 64,                         Examples/Sec = 5210.11, Accuracy = 0.53, Loss = 1.522
[2020-11-28 00:39] EPOCH 0 Train Step 2999/42000, Batch Size = 64,                         Examples/Sec = 5318.08, Accuracy = 0.56, Loss = 1.481
[2020-11-28 00:39] EPOCH 0 Train Step 3099/42000, Batch Size = 64,                         Examples/Sec = 5332.98, Accuracy = 0.54, Loss = 1.489
[2020-11-28 00:39] EPOCH 0 Train Step 3199/42000, Batch Size = 64,                         Examples/Sec = 4966.15, Accuracy = 0.54, Loss = 1.535
[2020-11-28 00:39] EPOCH 0 Train Step 3299/42000, Batch Size = 64,                         Examples/Sec = 5057.00, Accuracy = 0.57, Loss = 1.443
[2020-11-28 00:39] EPOCH 0 Train Step 3399/42000, Batch Size = 64,                         Examples/Sec = 5918.02, Accuracy = 0.56, Loss = 1.489
[2020-11-28 00:39] EPOCH 0 Train Step 3499/42000, Batch Size = 64,                         Examples/Sec = 4374.55, Accuracy = 0.57, Loss = 1.388
[2020-11-28 00:39] EPOCH 0 Train Step 3599/42000, Batch Size = 64,                         Examples/Sec = 4483.26, Accuracy = 0.58, Loss = 1.413
[2020-11-28 00:39] EPOCH 0 Train Step 3699/42000, Batch Size = 64,                         Examples/Sec = 4429.19, Accuracy = 0.57, Loss = 1.440
[2020-11-28 00:39] EPOCH 0 Train Step 3799/42000, Batch Size = 64,                         Examples/Sec = 4277.17, Accuracy = 0.58, Loss = 1.397
[2020-11-28 00:39] EPOCH 0 Train Step 3899/42000, Batch Size = 64,                         Examples/Sec = 4676.66, Accuracy = 0.55, Loss = 1.490
[2020-11-28 00:39] EPOCH 0 Train Step 3999/42000, Batch Size = 64,                         Examples/Sec = 4646.54, Accuracy = 0.57, Loss = 1.446
[2020-11-28 00:39] EPOCH 0 Train Step 4099/42000, Batch Size = 64,                         Examples/Sec = 4537.07, Accuracy = 0.56, Loss = 1.461
[2020-11-28 00:39] EPOCH 0 Train Step 4199/42000, Batch Size = 64,                         Examples/Sec = 4685.31, Accuracy = 0.57, Loss = 1.444
[2020-11-28 00:39] EPOCH 0 Train Step 4299/42000, Batch Size = 64,                         Examples/Sec = 5588.68, Accuracy = 0.55, Loss = 1.443
[2020-11-28 00:39] EPOCH 0 Train Step 4399/42000, Batch Size = 64,                         Examples/Sec = 5415.17, Accuracy = 0.59, Loss = 1.350
[2020-11-28 00:39] EPOCH 0 Train Step 4499/42000, Batch Size = 64,                         Examples/Sec = 5333.19, Accuracy = 0.58, Loss = 1.380
[2020-11-28 00:39] EPOCH 0 Train Step 4599/42000, Batch Size = 64,                         Examples/Sec = 5247.90, Accuracy = 0.56, Loss = 1.444
[2020-11-28 00:39] EPOCH 0 Train Step 4699/42000, Batch Size = 64,                         Examples/Sec = 5294.27, Accuracy = 0.57, Loss = 1.386
[2020-11-28 00:39] EPOCH 0 Train Step 4799/42000, Batch Size = 64,                         Examples/Sec = 5646.64, Accuracy = 0.57, Loss = 1.464
[2020-11-28 00:39] EPOCH 0 Train Step 4899/42000, Batch Size = 64,                         Examples/Sec = 5541.26, Accuracy = 0.59, Loss = 1.338
[2020-11-28 00:39] EPOCH 0 Train Step 4999/42000, Batch Size = 64,                         Examples/Sec = 5959.41, Accuracy = 0.56, Loss = 1.475
[2020-11-28 00:39] EPOCH 0 Train Step 5099/42000, Batch Size = 64,                         Examples/Sec = 4402.67, Accuracy = 0.57, Loss = 1.421
[2020-11-28 00:40] EPOCH 0 Train Step 5199/42000, Batch Size = 64,                         Examples/Sec = 4589.50, Accuracy = 0.58, Loss = 1.371
[2020-11-28 00:40] EPOCH 0 Train Step 5299/42000, Batch Size = 64,                         Examples/Sec = 5551.35, Accuracy = 0.57, Loss = 1.395
[2020-11-28 00:40] EPOCH 0 Train Step 5399/42000, Batch Size = 64,                         Examples/Sec = 5446.93, Accuracy = 0.56, Loss = 1.377
[2020-11-28 00:40] EPOCH 0 Train Step 5499/42000, Batch Size = 64,                         Examples/Sec = 5099.46, Accuracy = 0.58, Loss = 1.417
[2020-11-28 00:40] EPOCH 0 Train Step 5599/42000, Batch Size = 64,                         Examples/Sec = 5184.35, Accuracy = 0.57, Loss = 1.404
[2020-11-28 00:40] EPOCH 0 Train Step 5699/42000, Batch Size = 64,                         Examples/Sec = 5299.18, Accuracy = 0.57, Loss = 1.355
[2020-11-28 00:40] EPOCH 0 Train Step 5799/42000, Batch Size = 64,                         Examples/Sec = 4959.64, Accuracy = 0.57, Loss = 1.384
[2020-11-28 00:40] EPOCH 0 Train Step 5899/42000, Batch Size = 64,                         Examples/Sec = 5284.79, Accuracy = 0.57, Loss = 1.396
[2020-11-28 00:40] EPOCH 0 Train Step 5999/42000, Batch Size = 64,                         Examples/Sec = 5166.59, Accuracy = 0.58, Loss = 1.373
[2020-11-28 00:40] EPOCH 0 Train Step 6099/42000, Batch Size = 64,                         Examples/Sec = 5400.57, Accuracy = 0.59, Loss = 1.425
[2020-11-28 00:40] EPOCH 0 Train Step 6199/42000, Batch Size = 64,                         Examples/Sec = 5805.27, Accuracy = 0.57, Loss = 1.350
[2020-11-28 00:40] EPOCH 0 Train Step 6299/42000, Batch Size = 64,                         Examples/Sec = 5712.97, Accuracy = 0.57, Loss = 1.357
[2020-11-28 00:40] EPOCH 0 Train Step 6399/42000, Batch Size = 64,                         Examples/Sec = 4469.98, Accuracy = 0.58, Loss = 1.378
[2020-11-28 00:40] EPOCH 0 Train Step 6499/42000, Batch Size = 64,                         Examples/Sec = 4671.77, Accuracy = 0.58, Loss = 1.349
[2020-11-28 00:40] EPOCH 0 Train Step 6599/42000, Batch Size = 64,                         Examples/Sec = 4500.55, Accuracy = 0.58, Loss = 1.346
[2020-11-28 00:40] EPOCH 0 Train Step 6699/42000, Batch Size = 64,                         Examples/Sec = 4343.69, Accuracy = 0.59, Loss = 1.322
[2020-11-28 00:40] EPOCH 0 Train Step 6799/42000, Batch Size = 64,                         Examples/Sec = 4607.78, Accuracy = 0.60, Loss = 1.347
[2020-11-28 00:40] EPOCH 0 Train Step 6899/42000, Batch Size = 64,                         Examples/Sec = 5628.52, Accuracy = 0.60, Loss = 1.317
[2020-11-28 00:40] EPOCH 0 Train Step 6999/42000, Batch Size = 64,                         Examples/Sec = 5998.56, Accuracy = 0.59, Loss = 1.345
[2020-11-28 00:40] EPOCH 0 Train Step 7099/42000, Batch Size = 64,                         Examples/Sec = 5615.22, Accuracy = 0.60, Loss = 1.350
[2020-11-28 00:40] EPOCH 0 Train Step 7199/42000, Batch Size = 64,                         Examples/Sec = 6015.23, Accuracy = 0.59, Loss = 1.346
[2020-11-28 00:40] EPOCH 0 Train Step 7299/42000, Batch Size = 64,                         Examples/Sec = 5710.30, Accuracy = 0.57, Loss = 1.359
[2020-11-28 00:40] EPOCH 0 Train Step 7399/42000, Batch Size = 64,                         Examples/Sec = 5586.24, Accuracy = 0.59, Loss = 1.358
[2020-11-28 00:40] EPOCH 0 Train Step 7499/42000, Batch Size = 64,                         Examples/Sec = 5554.22, Accuracy = 0.58, Loss = 1.341
[2020-11-28 00:40] EPOCH 0 Train Step 7599/42000, Batch Size = 64,                         Examples/Sec = 5742.67, Accuracy = 0.59, Loss = 1.375
[2020-11-28 00:40] EPOCH 0 Train Step 7699/42000, Batch Size = 64,                         Examples/Sec = 6172.63, Accuracy = 0.58, Loss = 1.349
[2020-11-28 00:40] EPOCH 0 Train Step 7799/42000, Batch Size = 64,                         Examples/Sec = 5102.56, Accuracy = 0.59, Loss = 1.327
[2020-11-28 00:40] EPOCH 0 Train Step 7899/42000, Batch Size = 64,                         Examples/Sec = 6025.35, Accuracy = 0.58, Loss = 1.377
[2020-11-28 00:40] EPOCH 0 Train Step 7999/42000, Batch Size = 64,                         Examples/Sec = 4734.23, Accuracy = 0.56, Loss = 1.416
[2020-11-28 00:40] EPOCH 0 Train Step 8099/42000, Batch Size = 64,                         Examples/Sec = 4389.21, Accuracy = 0.59, Loss = 1.325
[2020-11-28 00:40] EPOCH 0 Train Step 8199/42000, Batch Size = 64,                         Examples/Sec = 4614.43, Accuracy = 0.59, Loss = 1.312
[2020-11-28 00:40] EPOCH 0 Train Step 8299/42000, Batch Size = 64,                         Examples/Sec = 6095.13, Accuracy = 0.60, Loss = 1.311
[2020-11-28 00:40] EPOCH 0 Train Step 8399/42000, Batch Size = 64,                         Examples/Sec = 5621.33, Accuracy = 0.60, Loss = 1.290
[2020-11-28 00:40] EPOCH 0 Train Step 8499/42000, Batch Size = 64,                         Examples/Sec = 4643.73, Accuracy = 0.58, Loss = 1.369
[2020-11-28 00:40] EPOCH 0 Train Step 8599/42000, Batch Size = 64,                         Examples/Sec = 5512.93, Accuracy = 0.57, Loss = 1.349
[2020-11-28 00:40] EPOCH 0 Train Step 8699/42000, Batch Size = 64,                         Examples/Sec = 5530.42, Accuracy = 0.60, Loss = 1.319
[2020-11-28 00:41] EPOCH 0 Train Step 8799/42000, Batch Size = 64,                         Examples/Sec = 5157.16, Accuracy = 0.59, Loss = 1.316
[2020-11-28 00:41] EPOCH 0 Train Step 8899/42000, Batch Size = 64,                         Examples/Sec = 5157.96, Accuracy = 0.58, Loss = 1.345
[2020-11-28 00:41] EPOCH 0 Train Step 8999/42000, Batch Size = 64,                         Examples/Sec = 5252.63, Accuracy = 0.58, Loss = 1.340
[2020-11-28 00:41] EPOCH 0 Train Step 9099/42000, Batch Size = 64,                         Examples/Sec = 5714.68, Accuracy = 0.59, Loss = 1.292
[2020-11-28 00:41] EPOCH 0 Train Step 9199/42000, Batch Size = 64,                         Examples/Sec = 4489.34, Accuracy = 0.60, Loss = 1.331
[2020-11-28 00:41] EPOCH 0 Train Step 9299/42000, Batch Size = 64,                         Examples/Sec = 4314.71, Accuracy = 0.62, Loss = 1.295
[2020-11-28 00:41] EPOCH 0 Train Step 9399/42000, Batch Size = 64,                         Examples/Sec = 4582.06, Accuracy = 0.59, Loss = 1.302
[2020-11-28 00:41] EPOCH 0 Train Step 9499/42000, Batch Size = 64,                         Examples/Sec = 4636.67, Accuracy = 0.60, Loss = 1.267
[2020-11-28 00:41] EPOCH 0 Train Step 9599/42000, Batch Size = 64,                         Examples/Sec = 4591.70, Accuracy = 0.59, Loss = 1.362
[2020-11-28 00:41] EPOCH 0 Train Step 9699/42000, Batch Size = 64,                         Examples/Sec = 4336.04, Accuracy = 0.59, Loss = 1.381
[2020-11-28 00:41] EPOCH 0 Train Step 9799/42000, Batch Size = 64,                         Examples/Sec = 4493.70, Accuracy = 0.59, Loss = 1.304
[2020-11-28 00:41] EPOCH 0 Train Step 9899/42000, Batch Size = 64,                         Examples/Sec = 4315.54, Accuracy = 0.59, Loss = 1.331
[2020-11-28 00:41] EPOCH 0 Train Step 9999/42000, Batch Size = 64,                         Examples/Sec = 4054.37, Accuracy = 0.58, Loss = 1.379
[2020-11-28 00:41] EPOCH 0 Train Step 10099/42000, Batch Size = 64,                         Examples/Sec = 4701.48, Accuracy = 0.61, Loss = 1.292
[2020-11-28 00:41] EPOCH 0 Train Step 10199/42000, Batch Size = 64,                         Examples/Sec = 5195.49, Accuracy = 0.58, Loss = 1.352
[2020-11-28 00:41] EPOCH 0 Train Step 10299/42000, Batch Size = 64,                         Examples/Sec = 5071.90, Accuracy = 0.60, Loss = 1.337
[2020-11-28 00:41] EPOCH 0 Train Step 10399/42000, Batch Size = 64,                         Examples/Sec = 5190.47, Accuracy = 0.60, Loss = 1.301
[2020-11-28 00:41] EPOCH 0 Train Step 10499/42000, Batch Size = 64,                         Examples/Sec = 5585.77, Accuracy = 0.60, Loss = 1.282
[2020-11-28 00:41] EPOCH 0 Train Step 10599/42000, Batch Size = 64,                         Examples/Sec = 5194.08, Accuracy = 0.60, Loss = 1.293
[2020-11-28 00:41] EPOCH 0 Train Step 10699/42000, Batch Size = 64,                         Examples/Sec = 5260.66, Accuracy = 0.59, Loss = 1.341
[2020-11-28 00:41] EPOCH 0 Train Step 10799/42000, Batch Size = 64,                         Examples/Sec = 5383.24, Accuracy = 0.59, Loss = 1.318
[2020-11-28 00:41] EPOCH 0 Train Step 10899/42000, Batch Size = 64,                         Examples/Sec = 5387.35, Accuracy = 0.61, Loss = 1.256
[2020-11-28 00:41] EPOCH 0 Train Step 10999/42000, Batch Size = 64,                         Examples/Sec = 5411.24, Accuracy = 0.60, Loss = 1.294
[2020-11-28 00:41] EPOCH 0 Train Step 11099/42000, Batch Size = 64,                         Examples/Sec = 5279.80, Accuracy = 0.61, Loss = 1.265
[2020-11-28 00:41] EPOCH 0 Train Step 11199/42000, Batch Size = 64,                         Examples/Sec = 5060.05, Accuracy = 0.59, Loss = 1.295
[2020-11-28 00:41] EPOCH 0 Train Step 11299/42000, Batch Size = 64,                         Examples/Sec = 5095.39, Accuracy = 0.60, Loss = 1.291
[2020-11-28 00:41] EPOCH 0 Train Step 11399/42000, Batch Size = 64,                         Examples/Sec = 5221.26, Accuracy = 0.59, Loss = 1.277
[2020-11-28 00:41] EPOCH 0 Train Step 11499/42000, Batch Size = 64,                         Examples/Sec = 5219.43, Accuracy = 0.60, Loss = 1.341
[2020-11-28 00:41] EPOCH 0 Train Step 11599/42000, Batch Size = 64,                         Examples/Sec = 5307.04, Accuracy = 0.60, Loss = 1.288
[2020-11-28 00:41] EPOCH 0 Train Step 11699/42000, Batch Size = 64,                         Examples/Sec = 5400.90, Accuracy = 0.61, Loss = 1.266
[2020-11-28 00:41] EPOCH 0 Train Step 11799/42000, Batch Size = 64,                         Examples/Sec = 5060.52, Accuracy = 0.60, Loss = 1.301
[2020-11-28 00:41] EPOCH 0 Train Step 11899/42000, Batch Size = 64,                         Examples/Sec = 5211.33, Accuracy = 0.60, Loss = 1.287
[2020-11-28 00:41] EPOCH 0 Train Step 11999/42000, Batch Size = 64,                         Examples/Sec = 5312.61, Accuracy = 0.62, Loss = 1.232
[2020-11-28 00:42] EPOCH 0 Train Step 12099/42000, Batch Size = 64,                         Examples/Sec = 5237.05, Accuracy = 0.60, Loss = 1.297
[2020-11-28 00:42] EPOCH 0 Train Step 12199/42000, Batch Size = 64,                         Examples/Sec = 4319.78, Accuracy = 0.61, Loss = 1.272
[2020-11-28 00:42] EPOCH 0 Train Step 12299/42000, Batch Size = 64,                         Examples/Sec = 4432.99, Accuracy = 0.59, Loss = 1.304
[2020-11-28 00:42] EPOCH 0 Train Step 12399/42000, Batch Size = 64,                         Examples/Sec = 4643.73, Accuracy = 0.60, Loss = 1.261
[2020-11-28 00:42] EPOCH 0 Train Step 12499/42000, Batch Size = 64,                         Examples/Sec = 4419.49, Accuracy = 0.59, Loss = 1.356
[2020-11-28 00:42] EPOCH 0 Train Step 12599/42000, Batch Size = 64,                         Examples/Sec = 4625.80, Accuracy = 0.60, Loss = 1.309
[2020-11-28 00:42] EPOCH 0 Train Step 12699/42000, Batch Size = 64,                         Examples/Sec = 4354.61, Accuracy = 0.62, Loss = 1.278
[2020-11-28 00:42] EPOCH 0 Train Step 12799/42000, Batch Size = 64,                         Examples/Sec = 4676.82, Accuracy = 0.60, Loss = 1.291
[2020-11-28 00:42] EPOCH 0 Train Step 12899/42000, Batch Size = 64,                         Examples/Sec = 4425.61, Accuracy = 0.58, Loss = 1.324
[2020-11-28 00:42] EPOCH 0 Train Step 12999/42000, Batch Size = 64,                         Examples/Sec = 4450.85, Accuracy = 0.61, Loss = 1.251
[2020-11-28 00:42] EPOCH 0 Train Step 13099/42000, Batch Size = 64,                         Examples/Sec = 5140.18, Accuracy = 0.60, Loss = 1.234
[2020-11-28 00:42] EPOCH 0 Train Step 13199/42000, Batch Size = 64,                         Examples/Sec = 5142.54, Accuracy = 0.59, Loss = 1.293
[2020-11-28 00:42] EPOCH 0 Train Step 13299/42000, Batch Size = 64,                         Examples/Sec = 5154.88, Accuracy = 0.61, Loss = 1.246
[2020-11-28 00:42] EPOCH 0 Train Step 13399/42000, Batch Size = 64,                         Examples/Sec = 4681.55, Accuracy = 0.60, Loss = 1.266
[2020-11-28 00:42] EPOCH 0 Train Step 13499/42000, Batch Size = 64,                         Examples/Sec = 4652.91, Accuracy = 0.58, Loss = 1.361
[2020-11-28 00:42] EPOCH 0 Train Step 13599/42000, Batch Size = 64,                         Examples/Sec = 5373.76, Accuracy = 0.60, Loss = 1.300
[2020-11-28 00:42] EPOCH 0 Train Step 13699/42000, Batch Size = 64,                         Examples/Sec = 4680.25, Accuracy = 0.59, Loss = 1.319
[2020-11-28 00:42] EPOCH 0 Train Step 13799/42000, Batch Size = 64,                         Examples/Sec = 4600.44, Accuracy = 0.59, Loss = 1.317
[2020-11-28 00:42] EPOCH 0 Train Step 13899/42000, Batch Size = 64,                         Examples/Sec = 4336.60, Accuracy = 0.60, Loss = 1.296
[2020-11-28 00:42] EPOCH 0 Train Step 13999/42000, Batch Size = 64,                         Examples/Sec = 4352.07, Accuracy = 0.62, Loss = 1.238
[2020-11-28 00:42] EPOCH 0 Train Step 14099/42000, Batch Size = 64,                         Examples/Sec = 4404.91, Accuracy = 0.60, Loss = 1.321
[2020-11-28 00:42] EPOCH 0 Train Step 14199/42000, Batch Size = 64,                         Examples/Sec = 4684.25, Accuracy = 0.61, Loss = 1.263
[2020-11-28 00:42] EPOCH 0 Train Step 14299/42000, Batch Size = 64,                         Examples/Sec = 4722.32, Accuracy = 0.61, Loss = 1.253
[2020-11-28 00:42] EPOCH 0 Train Step 14399/42000, Batch Size = 64,                         Examples/Sec = 4614.75, Accuracy = 0.61, Loss = 1.289
[2020-11-28 00:42] EPOCH 0 Train Step 14499/42000, Batch Size = 64,                         Examples/Sec = 4562.90, Accuracy = 0.59, Loss = 1.335
[2020-11-28 00:42] EPOCH 0 Train Step 14599/42000, Batch Size = 64,                         Examples/Sec = 4472.58, Accuracy = 0.62, Loss = 1.217
[2020-11-28 00:42] EPOCH 0 Train Step 14699/42000, Batch Size = 64,                         Examples/Sec = 4602.64, Accuracy = 0.59, Loss = 1.319
[2020-11-28 00:42] EPOCH 0 Train Step 14799/42000, Batch Size = 64,                         Examples/Sec = 4651.62, Accuracy = 0.58, Loss = 1.321
[2020-11-28 00:42] EPOCH 0 Train Step 14899/42000, Batch Size = 64,                         Examples/Sec = 4489.86, Accuracy = 0.60, Loss = 1.294
[2020-11-28 00:42] EPOCH 0 Train Step 14999/42000, Batch Size = 64,                         Examples/Sec = 5573.83, Accuracy = 0.60, Loss = 1.298
[2020-11-28 00:42] EPOCH 0 Train Step 15099/42000, Batch Size = 64,                         Examples/Sec = 5782.01, Accuracy = 0.60, Loss = 1.253
[2020-11-28 00:42] EPOCH 0 Train Step 15199/42000, Batch Size = 64,                         Examples/Sec = 4365.80, Accuracy = 0.61, Loss = 1.287
[2020-11-28 00:42] EPOCH 0 Train Step 15299/42000, Batch Size = 64,                         Examples/Sec = 6101.36, Accuracy = 0.62, Loss = 1.202
[2020-11-28 00:43] EPOCH 0 Train Step 15399/42000, Batch Size = 64,                         Examples/Sec = 6156.07, Accuracy = 0.63, Loss = 1.210
[2020-11-28 00:43] EPOCH 0 Train Step 15499/42000, Batch Size = 64,                         Examples/Sec = 5204.66, Accuracy = 0.61, Loss = 1.269
[2020-11-28 00:43] EPOCH 0 Train Step 15599/42000, Batch Size = 64,                         Examples/Sec = 5296.47, Accuracy = 0.59, Loss = 1.294
[2020-11-28 00:43] EPOCH 0 Train Step 15699/42000, Batch Size = 64,                         Examples/Sec = 5127.90, Accuracy = 0.60, Loss = 1.281
[2020-11-28 00:43] EPOCH 0 Train Step 15799/42000, Batch Size = 64,                         Examples/Sec = 5106.15, Accuracy = 0.61, Loss = 1.251
[2020-11-28 00:43] EPOCH 0 Train Step 15899/42000, Batch Size = 64,                         Examples/Sec = 5106.15, Accuracy = 0.65, Loss = 1.174
[2020-11-28 00:43] EPOCH 0 Train Step 15999/42000, Batch Size = 64,                         Examples/Sec = 5211.12, Accuracy = 0.60, Loss = 1.307
[2020-11-28 00:43] EPOCH 0 Train Step 16099/42000, Batch Size = 64,                         Examples/Sec = 5086.80, Accuracy = 0.60, Loss = 1.241
[2020-11-28 00:43] EPOCH 0 Train Step 16199/42000, Batch Size = 64,                         Examples/Sec = 5686.23, Accuracy = 0.61, Loss = 1.285
[2020-11-28 00:43] EPOCH 0 Train Step 16299/42000, Batch Size = 64,                         Examples/Sec = 5162.52, Accuracy = 0.63, Loss = 1.184
[2020-11-28 00:43] EPOCH 0 Train Step 16399/42000, Batch Size = 64,                         Examples/Sec = 5270.36, Accuracy = 0.63, Loss = 1.211
[2020-11-28 00:43] EPOCH 0 Train Step 16499/42000, Batch Size = 64,                         Examples/Sec = 5254.58, Accuracy = 0.63, Loss = 1.209
[2020-11-28 00:43] EPOCH 0 Train Step 16599/42000, Batch Size = 64,                         Examples/Sec = 6058.40, Accuracy = 0.62, Loss = 1.222
[2020-11-28 00:43] EPOCH 0 Train Step 16699/42000, Batch Size = 64,                         Examples/Sec = 5228.48, Accuracy = 0.63, Loss = 1.202
[2020-11-28 00:43] EPOCH 0 Train Step 16799/42000, Batch Size = 64,                         Examples/Sec = 5279.07, Accuracy = 0.60, Loss = 1.271
[2020-11-28 00:43] EPOCH 0 Train Step 16899/42000, Batch Size = 64,                         Examples/Sec = 5259.01, Accuracy = 0.61, Loss = 1.303
[2020-11-28 00:43] EPOCH 0 Train Step 16999/42000, Batch Size = 64,                         Examples/Sec = 5202.44, Accuracy = 0.60, Loss = 1.286
[2020-11-28 00:43] EPOCH 0 Train Step 17099/42000, Batch Size = 64,                         Examples/Sec = 5108.29, Accuracy = 0.61, Loss = 1.225
[2020-11-28 00:43] EPOCH 0 Train Step 17199/42000, Batch Size = 64,                         Examples/Sec = 5336.05, Accuracy = 0.61, Loss = 1.252
[2020-11-28 00:43] EPOCH 0 Train Step 17299/42000, Batch Size = 64,                         Examples/Sec = 4314.50, Accuracy = 0.60, Loss = 1.303
[2020-11-28 00:43] EPOCH 0 Train Step 17399/42000, Batch Size = 64,                         Examples/Sec = 4657.18, Accuracy = 0.60, Loss = 1.303
[2020-11-28 00:43] EPOCH 0 Train Step 17499/42000, Batch Size = 64,                         Examples/Sec = 5064.82, Accuracy = 0.62, Loss = 1.226
[2020-11-28 00:43] EPOCH 0 Train Step 17599/42000, Batch Size = 64,                         Examples/Sec = 5227.56, Accuracy = 0.62, Loss = 1.220
[2020-11-28 00:43] EPOCH 0 Train Step 17699/42000, Batch Size = 64,                         Examples/Sec = 4615.15, Accuracy = 0.62, Loss = 1.234
[2020-11-28 00:43] EPOCH 0 Train Step 17799/42000, Batch Size = 64,                         Examples/Sec = 4676.41, Accuracy = 0.60, Loss = 1.241
[2020-11-28 00:43] EPOCH 0 Train Step 17899/42000, Batch Size = 64,                         Examples/Sec = 4342.91, Accuracy = 0.61, Loss = 1.268
[2020-11-28 00:43] EPOCH 0 Train Step 17999/42000, Batch Size = 64,                         Examples/Sec = 4613.96, Accuracy = 0.61, Loss = 1.269
[2020-11-28 00:43] EPOCH 0 Train Step 18099/42000, Batch Size = 64,                         Examples/Sec = 4486.94, Accuracy = 0.61, Loss = 1.266
[2020-11-28 00:43] EPOCH 0 Train Step 18199/42000, Batch Size = 64,                         Examples/Sec = 4331.00, Accuracy = 0.61, Loss = 1.252
[2020-11-28 00:43] EPOCH 0 Train Step 18299/42000, Batch Size = 64,                         Examples/Sec = 4466.41, Accuracy = 0.60, Loss = 1.306
[2020-11-28 00:43] EPOCH 0 Train Step 18399/42000, Batch Size = 64,                         Examples/Sec = 5655.92, Accuracy = 0.60, Loss = 1.282
[2020-11-28 00:43] EPOCH 0 Train Step 18499/42000, Batch Size = 64,                         Examples/Sec = 5484.21, Accuracy = 0.60, Loss = 1.267
[2020-11-28 00:43] EPOCH 0 Train Step 18599/42000, Batch Size = 64,                         Examples/Sec = 5257.15, Accuracy = 0.63, Loss = 1.220
[2020-11-28 00:43] EPOCH 0 Train Step 18699/42000, Batch Size = 64,                         Examples/Sec = 5660.09, Accuracy = 0.61, Loss = 1.244
[2020-11-28 00:43] EPOCH 0 Train Step 18799/42000, Batch Size = 64,                         Examples/Sec = 5202.14, Accuracy = 0.60, Loss = 1.227
[2020-11-28 00:44] EPOCH 0 Train Step 18899/42000, Batch Size = 64,                         Examples/Sec = 5165.60, Accuracy = 0.62, Loss = 1.253
[2020-11-28 00:44] EPOCH 0 Train Step 18999/42000, Batch Size = 64,                         Examples/Sec = 4266.09, Accuracy = 0.60, Loss = 1.256
[2020-11-28 00:44] EPOCH 0 Train Step 19099/42000, Batch Size = 64,                         Examples/Sec = 4328.56, Accuracy = 0.60, Loss = 1.264
[2020-11-28 00:44] EPOCH 0 Train Step 19199/42000, Batch Size = 64,                         Examples/Sec = 4662.60, Accuracy = 0.63, Loss = 1.191
[2020-11-28 00:44] EPOCH 0 Train Step 19299/42000, Batch Size = 64,                         Examples/Sec = 4600.91, Accuracy = 0.60, Loss = 1.266
[2020-11-28 00:44] EPOCH 0 Train Step 19399/42000, Batch Size = 64,                         Examples/Sec = 4469.38, Accuracy = 0.63, Loss = 1.208
[2020-11-28 00:44] EPOCH 0 Train Step 19499/42000, Batch Size = 64,                         Examples/Sec = 4723.32, Accuracy = 0.62, Loss = 1.208
[2020-11-28 00:44] EPOCH 0 Train Step 19599/42000, Batch Size = 64,                         Examples/Sec = 4370.13, Accuracy = 0.60, Loss = 1.259
[2020-11-28 00:44] EPOCH 0 Train Step 19699/42000, Batch Size = 64,                         Examples/Sec = 4435.41, Accuracy = 0.61, Loss = 1.253
[2020-11-28 00:44] EPOCH 0 Train Step 19799/42000, Batch Size = 64,                         Examples/Sec = 4577.69, Accuracy = 0.62, Loss = 1.242
[2020-11-28 00:44] EPOCH 0 Train Step 19899/42000, Batch Size = 64,                         Examples/Sec = 4642.36, Accuracy = 0.62, Loss = 1.202
[2020-11-28 00:44] EPOCH 0 Train Step 19999/42000, Batch Size = 64,                         Examples/Sec = 4653.07, Accuracy = 0.60, Loss = 1.261
[2020-11-28 00:44] EPOCH 0 Train Step 20099/42000, Batch Size = 64,                         Examples/Sec = 4448.94, Accuracy = 0.60, Loss = 1.238
[2020-11-28 00:44] EPOCH 0 Train Step 20199/42000, Batch Size = 64,                         Examples/Sec = 4473.78, Accuracy = 0.60, Loss = 1.260
[2020-11-28 00:44] EPOCH 0 Train Step 20299/42000, Batch Size = 64,                         Examples/Sec = 5337.43, Accuracy = 0.60, Loss = 1.262
[2020-11-28 00:44] EPOCH 0 Train Step 20399/42000, Batch Size = 64,                         Examples/Sec = 5460.44, Accuracy = 0.63, Loss = 1.179
[2020-11-28 00:44] EPOCH 0 Train Step 20499/42000, Batch Size = 64,                         Examples/Sec = 5193.28, Accuracy = 0.62, Loss = 1.246
[2020-11-28 00:44] EPOCH 0 Train Step 20599/42000, Batch Size = 64,                         Examples/Sec = 5394.49, Accuracy = 0.60, Loss = 1.244
[2020-11-28 00:44] EPOCH 0 Train Step 20699/42000, Batch Size = 64,                         Examples/Sec = 5728.21, Accuracy = 0.63, Loss = 1.168
[2020-11-28 00:44] EPOCH 0 Train Step 20799/42000, Batch Size = 64,                         Examples/Sec = 5405.68, Accuracy = 0.61, Loss = 1.248
[2020-11-28 00:44] EPOCH 0 Train Step 20899/42000, Batch Size = 64,                         Examples/Sec = 5315.03, Accuracy = 0.61, Loss = 1.291
[2020-11-28 00:44] EPOCH 0 Train Step 20999/42000, Batch Size = 64,                         Examples/Sec = 5108.29, Accuracy = 0.61, Loss = 1.244
[2020-11-28 00:44] EPOCH 0 Train Step 21099/42000, Batch Size = 64,                         Examples/Sec = 5294.90, Accuracy = 0.59, Loss = 1.259
[2020-11-28 00:44] EPOCH 0 Train Step 21199/42000, Batch Size = 64,                         Examples/Sec = 4710.96, Accuracy = 0.61, Loss = 1.216
[2020-11-28 00:44] EPOCH 0 Train Step 21299/42000, Batch Size = 64,                         Examples/Sec = 4302.19, Accuracy = 0.65, Loss = 1.189
[2020-11-28 00:44] EPOCH 1 Train Step 21399/42000, Batch Size = 64,                         Examples/Sec = 4517.44, Accuracy = 0.62, Loss = 1.272
[2020-11-28 00:44] EPOCH 1 Train Step 21499/42000, Batch Size = 64,                         Examples/Sec = 4485.36, Accuracy = 0.61, Loss = 1.261
[2020-11-28 00:44] EPOCH 1 Train Step 21599/42000, Batch Size = 64,                         Examples/Sec = 4669.82, Accuracy = 0.62, Loss = 1.235
[2020-11-28 00:44] EPOCH 1 Train Step 21699/42000, Batch Size = 64,                         Examples/Sec = 5840.00, Accuracy = 0.61, Loss = 1.229
[2020-11-28 00:44] EPOCH 1 Train Step 21799/42000, Batch Size = 64,                         Examples/Sec = 6015.90, Accuracy = 0.61, Loss = 1.287
[2020-11-28 00:44] EPOCH 1 Train Step 21899/42000, Batch Size = 64,                         Examples/Sec = 5682.86, Accuracy = 0.62, Loss = 1.227
[2020-11-28 00:44] EPOCH 1 Train Step 21999/42000, Batch Size = 64,                         Examples/Sec = 5789.49, Accuracy = 0.64, Loss = 1.169
[2020-11-28 00:45] EPOCH 1 Train Step 22099/42000, Batch Size = 64,                         Examples/Sec = 5316.29, Accuracy = 0.61, Loss = 1.252
[2020-11-28 00:45] EPOCH 1 Train Step 22199/42000, Batch Size = 64,                         Examples/Sec = 5246.47, Accuracy = 0.64, Loss = 1.174
[2020-11-28 00:45] EPOCH 1 Train Step 22299/42000, Batch Size = 64,                         Examples/Sec = 5237.46, Accuracy = 0.62, Loss = 1.233
[2020-11-28 00:45] EPOCH 1 Train Step 22399/42000, Batch Size = 64,                         Examples/Sec = 5182.05, Accuracy = 0.61, Loss = 1.275
[2020-11-28 00:45] EPOCH 1 Train Step 22499/42000, Batch Size = 64,                         Examples/Sec = 5253.45, Accuracy = 0.62, Loss = 1.184
[2020-11-28 00:45] EPOCH 1 Train Step 22599/42000, Batch Size = 64,                         Examples/Sec = 5250.26, Accuracy = 0.64, Loss = 1.173
[2020-11-28 00:45] EPOCH 1 Train Step 22699/42000, Batch Size = 64,                         Examples/Sec = 5201.53, Accuracy = 0.61, Loss = 1.217
[2020-11-28 00:45] EPOCH 1 Train Step 22799/42000, Batch Size = 64,                         Examples/Sec = 5250.16, Accuracy = 0.64, Loss = 1.207
[2020-11-28 00:45] EPOCH 1 Train Step 22899/42000, Batch Size = 64,                         Examples/Sec = 5392.00, Accuracy = 0.60, Loss = 1.300
[2020-11-28 00:45] EPOCH 1 Train Step 22999/42000, Batch Size = 64,                         Examples/Sec = 5236.44, Accuracy = 0.62, Loss = 1.201
[2020-11-28 00:45] EPOCH 1 Train Step 23099/42000, Batch Size = 64,                         Examples/Sec = 5584.96, Accuracy = 0.61, Loss = 1.249
[2020-11-28 00:45] EPOCH 1 Train Step 23199/42000, Batch Size = 64,                         Examples/Sec = 6078.29, Accuracy = 0.62, Loss = 1.268
[2020-11-28 00:45] EPOCH 1 Train Step 23299/42000, Batch Size = 64,                         Examples/Sec = 6100.67, Accuracy = 0.62, Loss = 1.214
[2020-11-28 00:45] EPOCH 1 Train Step 23399/42000, Batch Size = 64,                         Examples/Sec = 5227.97, Accuracy = 0.63, Loss = 1.198
[2020-11-28 00:45] EPOCH 1 Train Step 23499/42000, Batch Size = 64,                         Examples/Sec = 5195.39, Accuracy = 0.63, Loss = 1.194
[2020-11-28 00:45] EPOCH 1 Train Step 23599/42000, Batch Size = 64,                         Examples/Sec = 5219.94, Accuracy = 0.62, Loss = 1.202
[2020-11-28 00:45] EPOCH 1 Train Step 23699/42000, Batch Size = 64,                         Examples/Sec = 5164.01, Accuracy = 0.61, Loss = 1.252
[2020-11-28 00:45] EPOCH 1 Train Step 23799/42000, Batch Size = 64,                         Examples/Sec = 6051.16, Accuracy = 0.62, Loss = 1.190
[2020-11-28 00:45] EPOCH 1 Train Step 23899/42000, Batch Size = 64,                         Examples/Sec = 5405.25, Accuracy = 0.64, Loss = 1.150
[2020-11-28 00:45] EPOCH 1 Train Step 23999/42000, Batch Size = 64,                         Examples/Sec = 5121.15, Accuracy = 0.62, Loss = 1.161
[2020-11-28 00:45] EPOCH 1 Train Step 24099/42000, Batch Size = 64,                         Examples/Sec = 5218.11, Accuracy = 0.60, Loss = 1.236
[2020-11-28 00:45] EPOCH 1 Train Step 24199/42000, Batch Size = 64,                         Examples/Sec = 5180.35, Accuracy = 0.63, Loss = 1.202
[2020-11-28 00:45] EPOCH 1 Train Step 24299/42000, Batch Size = 64,                         Examples/Sec = 5245.95, Accuracy = 0.62, Loss = 1.235
[2020-11-28 00:45] EPOCH 1 Train Step 24399/42000, Batch Size = 64,                         Examples/Sec = 5360.03, Accuracy = 0.61, Loss = 1.214
[2020-11-28 00:45] EPOCH 1 Train Step 24499/42000, Batch Size = 64,                         Examples/Sec = 5222.17, Accuracy = 0.63, Loss = 1.200
[2020-11-28 00:45] EPOCH 1 Train Step 24599/42000, Batch Size = 64,                         Examples/Sec = 5257.26, Accuracy = 0.63, Loss = 1.212
[2020-11-28 00:45] EPOCH 1 Train Step 24699/42000, Batch Size = 64,                         Examples/Sec = 5574.40, Accuracy = 0.61, Loss = 1.223
[2020-11-28 00:45] EPOCH 1 Train Step 24799/42000, Batch Size = 64,                         Examples/Sec = 5506.03, Accuracy = 0.63, Loss = 1.199
[2020-11-28 00:45] EPOCH 1 Train Step 24899/42000, Batch Size = 64,                         Examples/Sec = 5154.29, Accuracy = 0.62, Loss = 1.179
[2020-11-28 00:45] EPOCH 1 Train Step 24999/42000, Batch Size = 64,                         Examples/Sec = 5227.67, Accuracy = 0.62, Loss = 1.216
[2020-11-28 00:45] EPOCH 1 Train Step 25099/42000, Batch Size = 64,                         Examples/Sec = 4693.58, Accuracy = 0.62, Loss = 1.258
[2020-11-28 00:45] EPOCH 1 Train Step 25199/42000, Batch Size = 64,                         Examples/Sec = 4692.35, Accuracy = 0.61, Loss = 1.180
[2020-11-28 00:45] EPOCH 1 Train Step 25299/42000, Batch Size = 64,                         Examples/Sec = 5715.28, Accuracy = 0.64, Loss = 1.165
[2020-11-28 00:45] EPOCH 1 Train Step 25399/42000, Batch Size = 64,                         Examples/Sec = 6087.52, Accuracy = 0.63, Loss = 1.181
[2020-11-28 00:45] EPOCH 1 Train Step 25499/42000, Batch Size = 64,                         Examples/Sec = 6112.06, Accuracy = 0.60, Loss = 1.233
[2020-11-28 00:45] EPOCH 1 Train Step 25599/42000, Batch Size = 64,                         Examples/Sec = 5092.69, Accuracy = 0.61, Loss = 1.241
[2020-11-28 00:46] EPOCH 1 Train Step 25699/42000, Batch Size = 64,                         Examples/Sec = 5250.06, Accuracy = 0.62, Loss = 1.178
[2020-11-28 00:46] EPOCH 1 Train Step 25799/42000, Batch Size = 64,                         Examples/Sec = 4683.18, Accuracy = 0.63, Loss = 1.198
[2020-11-28 00:46] EPOCH 1 Train Step 25899/42000, Batch Size = 64,                         Examples/Sec = 4737.65, Accuracy = 0.63, Loss = 1.173
[2020-11-28 00:46] EPOCH 1 Train Step 25999/42000, Batch Size = 64,                         Examples/Sec = 4648.07, Accuracy = 0.61, Loss = 1.254
[2020-11-28 00:46] EPOCH 1 Train Step 26099/42000, Batch Size = 64,                         Examples/Sec = 4324.58, Accuracy = 0.60, Loss = 1.262
[2020-11-28 00:46] EPOCH 1 Train Step 26199/42000, Batch Size = 64,                         Examples/Sec = 4316.38, Accuracy = 0.60, Loss = 1.251
[2020-11-28 00:46] EPOCH 1 Train Step 26299/42000, Batch Size = 64,                         Examples/Sec = 5090.37, Accuracy = 0.62, Loss = 1.208
[2020-11-28 00:46] EPOCH 1 Train Step 26399/42000, Batch Size = 64,                         Examples/Sec = 5249.44, Accuracy = 0.63, Loss = 1.200
[2020-11-28 00:46] EPOCH 1 Train Step 26499/42000, Batch Size = 64,                         Examples/Sec = 5574.40, Accuracy = 0.62, Loss = 1.210
[2020-11-28 00:46] EPOCH 1 Train Step 26599/42000, Batch Size = 64,                         Examples/Sec = 5789.49, Accuracy = 0.60, Loss = 1.277
[2020-11-28 00:46] EPOCH 1 Train Step 26699/42000, Batch Size = 64,                         Examples/Sec = 6102.75, Accuracy = 0.62, Loss = 1.208
[2020-11-28 00:46] EPOCH 1 Train Step 26799/42000, Batch Size = 64,                         Examples/Sec = 6151.42, Accuracy = 0.61, Loss = 1.222
[2020-11-28 00:46] EPOCH 1 Train Step 26899/42000, Batch Size = 64,                         Examples/Sec = 4696.87, Accuracy = 0.61, Loss = 1.212
[2020-11-28 00:46] EPOCH 1 Train Step 26999/42000, Batch Size = 64,                         Examples/Sec = 6225.46, Accuracy = 0.62, Loss = 1.194
[2020-11-28 00:46] EPOCH 1 Train Step 27099/42000, Batch Size = 64,                         Examples/Sec = 5607.83, Accuracy = 0.63, Loss = 1.205
[2020-11-28 00:46] EPOCH 1 Train Step 27199/42000, Batch Size = 64,                         Examples/Sec = 5137.82, Accuracy = 0.60, Loss = 1.253
[2020-11-28 00:46] EPOCH 1 Train Step 27299/42000, Batch Size = 64,                         Examples/Sec = 5700.48, Accuracy = 0.62, Loss = 1.214
[2020-11-28 00:46] EPOCH 1 Train Step 27399/42000, Batch Size = 64,                         Examples/Sec = 5491.50, Accuracy = 0.63, Loss = 1.171
[2020-11-28 00:46] EPOCH 1 Train Step 27499/42000, Batch Size = 64,                         Examples/Sec = 5523.48, Accuracy = 0.60, Loss = 1.248
[2020-11-28 00:46] EPOCH 1 Train Step 27599/42000, Batch Size = 64,                         Examples/Sec = 6138.61, Accuracy = 0.62, Loss = 1.211
[2020-11-28 00:46] EPOCH 1 Train Step 27699/42000, Batch Size = 64,                         Examples/Sec = 6049.66, Accuracy = 0.62, Loss = 1.212
[2020-11-28 00:46] EPOCH 1 Train Step 27799/42000, Batch Size = 64,                         Examples/Sec = 4460.99, Accuracy = 0.62, Loss = 1.210
[2020-11-28 00:46] EPOCH 1 Train Step 27899/42000, Batch Size = 64,                         Examples/Sec = 4671.77, Accuracy = 0.63, Loss = 1.172
[2020-11-28 00:46] EPOCH 1 Train Step 27999/42000, Batch Size = 64,                         Examples/Sec = 4672.34, Accuracy = 0.60, Loss = 1.257
[2020-11-28 00:46] EPOCH 1 Train Step 28099/42000, Batch Size = 64,                         Examples/Sec = 4400.87, Accuracy = 0.61, Loss = 1.221
[2020-11-28 00:46] EPOCH 1 Train Step 28199/42000, Batch Size = 64,                         Examples/Sec = 4465.22, Accuracy = 0.61, Loss = 1.222
[2020-11-28 00:46] EPOCH 1 Train Step 28299/42000, Batch Size = 64,                         Examples/Sec = 4622.54, Accuracy = 0.62, Loss = 1.207
[2020-11-28 00:46] EPOCH 1 Train Step 28399/42000, Batch Size = 64,                         Examples/Sec = 4425.25, Accuracy = 0.61, Loss = 1.278
[2020-11-28 00:46] EPOCH 1 Train Step 28499/42000, Batch Size = 64,                         Examples/Sec = 4595.16, Accuracy = 0.62, Loss = 1.194
[2020-11-28 00:46] EPOCH 1 Train Step 28599/42000, Batch Size = 64,                         Examples/Sec = 4350.09, Accuracy = 0.63, Loss = 1.195
[2020-11-28 00:46] EPOCH 1 Train Step 28699/42000, Batch Size = 64,                         Examples/Sec = 5537.15, Accuracy = 0.64, Loss = 1.160
[2020-11-28 00:46] EPOCH 1 Train Step 28799/42000, Batch Size = 64,                         Examples/Sec = 5900.85, Accuracy = 0.63, Loss = 1.164
[2020-11-28 00:46] EPOCH 1 Train Step 28899/42000, Batch Size = 64,                         Examples/Sec = 6178.60, Accuracy = 0.62, Loss = 1.189
[2020-11-28 00:46] EPOCH 1 Train Step 28999/42000, Batch Size = 64,                         Examples/Sec = 6021.16, Accuracy = 0.61, Loss = 1.208
[2020-11-28 00:47] EPOCH 1 Train Step 29099/42000, Batch Size = 64,                         Examples/Sec = 5376.02, Accuracy = 0.63, Loss = 1.172
[2020-11-28 00:47] EPOCH 1 Train Step 29199/42000, Batch Size = 64,                         Examples/Sec = 5386.27, Accuracy = 0.61, Loss = 1.206
[2020-11-28 00:47] EPOCH 1 Train Step 29299/42000, Batch Size = 64,                         Examples/Sec = 5051.48, Accuracy = 0.63, Loss = 1.199
[2020-11-28 00:47] EPOCH 1 Train Step 29399/42000, Batch Size = 64,                         Examples/Sec = 5377.31, Accuracy = 0.63, Loss = 1.192
[2020-11-28 00:47] EPOCH 1 Train Step 29499/42000, Batch Size = 64,                         Examples/Sec = 5255.30, Accuracy = 0.62, Loss = 1.161
[2020-11-28 00:47] EPOCH 1 Train Step 29599/42000, Batch Size = 64,                         Examples/Sec = 5591.47, Accuracy = 0.62, Loss = 1.232
[2020-11-28 00:47] EPOCH 1 Train Step 29699/42000, Batch Size = 64,                         Examples/Sec = 5121.74, Accuracy = 0.62, Loss = 1.246
[2020-11-28 00:47] EPOCH 1 Train Step 29799/42000, Batch Size = 64,                         Examples/Sec = 5253.76, Accuracy = 0.60, Loss = 1.231
[2020-11-28 00:47] EPOCH 1 Train Step 29899/42000, Batch Size = 64,                         Examples/Sec = 5585.89, Accuracy = 0.63, Loss = 1.198
[2020-11-28 00:47] EPOCH 1 Train Step 29999/42000, Batch Size = 64,                         Examples/Sec = 5877.33, Accuracy = 0.61, Loss = 1.251
[2020-11-28 00:47] EPOCH 1 Train Step 30099/42000, Batch Size = 64,                         Examples/Sec = 6156.78, Accuracy = 0.62, Loss = 1.207
[2020-11-28 00:47] EPOCH 1 Train Step 30199/42000, Batch Size = 64,                         Examples/Sec = 6098.87, Accuracy = 0.61, Loss = 1.220
[2020-11-28 00:47] EPOCH 1 Train Step 30299/42000, Batch Size = 64,                         Examples/Sec = 4430.14, Accuracy = 0.62, Loss = 1.205
[2020-11-28 00:47] EPOCH 1 Train Step 30399/42000, Batch Size = 64,                         Examples/Sec = 5133.69, Accuracy = 0.60, Loss = 1.241
[2020-11-28 00:47] EPOCH 1 Train Step 30499/42000, Batch Size = 64,                         Examples/Sec = 5708.48, Accuracy = 0.62, Loss = 1.161
[2020-11-28 00:47] EPOCH 1 Train Step 30599/42000, Batch Size = 64,                         Examples/Sec = 5300.44, Accuracy = 0.62, Loss = 1.246
[2020-11-28 00:47] EPOCH 1 Train Step 30699/42000, Batch Size = 64,                         Examples/Sec = 5283.85, Accuracy = 0.62, Loss = 1.201
[2020-11-28 00:47] EPOCH 1 Train Step 30799/42000, Batch Size = 64,                         Examples/Sec = 4319.09, Accuracy = 0.62, Loss = 1.191
[2020-11-28 00:47] EPOCH 1 Train Step 30899/42000, Batch Size = 64,                         Examples/Sec = 5368.92, Accuracy = 0.63, Loss = 1.176
[2020-11-28 00:47] EPOCH 1 Train Step 30999/42000, Batch Size = 64,                         Examples/Sec = 5111.99, Accuracy = 0.61, Loss = 1.224
[2020-11-28 00:47] EPOCH 1 Train Step 31099/42000, Batch Size = 64,                         Examples/Sec = 5122.81, Accuracy = 0.62, Loss = 1.244
[2020-11-28 00:47] EPOCH 1 Train Step 31199/42000, Batch Size = 64,                         Examples/Sec = 5251.50, Accuracy = 0.63, Loss = 1.181
[2020-11-28 00:47] EPOCH 1 Train Step 31299/42000, Batch Size = 64,                         Examples/Sec = 5719.91, Accuracy = 0.63, Loss = 1.208
[2020-11-28 00:47] EPOCH 1 Train Step 31399/42000, Batch Size = 64,                         Examples/Sec = 5282.39, Accuracy = 0.63, Loss = 1.173
[2020-11-28 00:47] EPOCH 1 Train Step 31499/42000, Batch Size = 64,                         Examples/Sec = 5253.86, Accuracy = 0.63, Loss = 1.176
[2020-11-28 00:47] EPOCH 1 Train Step 31599/42000, Batch Size = 64,                         Examples/Sec = 5250.26, Accuracy = 0.62, Loss = 1.231
[2020-11-28 00:47] EPOCH 1 Train Step 31699/42000, Batch Size = 64,                         Examples/Sec = 5240.83, Accuracy = 0.62, Loss = 1.205
[2020-11-28 00:47] EPOCH 1 Train Step 31799/42000, Batch Size = 64,                         Examples/Sec = 5226.95, Accuracy = 0.61, Loss = 1.244
[2020-11-28 00:47] EPOCH 1 Train Step 31899/42000, Batch Size = 64,                         Examples/Sec = 4647.19, Accuracy = 0.62, Loss = 1.157
[2020-11-28 00:47] EPOCH 1 Train Step 31999/42000, Batch Size = 64,                         Examples/Sec = 5200.32, Accuracy = 0.64, Loss = 1.196
[2020-11-28 00:47] EPOCH 1 Train Step 32099/42000, Batch Size = 64,                         Examples/Sec = 5238.89, Accuracy = 0.63, Loss = 1.218
[2020-11-28 00:47] EPOCH 1 Train Step 32199/42000, Batch Size = 64,                         Examples/Sec = 5131.92, Accuracy = 0.63, Loss = 1.188
[2020-11-28 00:47] EPOCH 1 Train Step 32299/42000, Batch Size = 64,                         Examples/Sec = 5193.78, Accuracy = 0.63, Loss = 1.149
[2020-11-28 00:47] EPOCH 1 Train Step 32399/42000, Batch Size = 64,                         Examples/Sec = 4451.30, Accuracy = 0.63, Loss = 1.192
[2020-11-28 00:47] EPOCH 1 Train Step 32499/42000, Batch Size = 64,                         Examples/Sec = 4606.52, Accuracy = 0.63, Loss = 1.225
[2020-11-28 00:47] EPOCH 1 Train Step 32599/42000, Batch Size = 64,                         Examples/Sec = 5195.19, Accuracy = 0.63, Loss = 1.187
[2020-11-28 00:47] EPOCH 1 Train Step 32699/42000, Batch Size = 64,                         Examples/Sec = 4648.88, Accuracy = 0.62, Loss = 1.189
[2020-11-28 00:48] EPOCH 1 Train Step 32799/42000, Batch Size = 64,                         Examples/Sec = 5303.69, Accuracy = 0.65, Loss = 1.148
[2020-11-28 00:48] EPOCH 1 Train Step 32899/42000, Batch Size = 64,                         Examples/Sec = 4760.68, Accuracy = 0.62, Loss = 1.210
[2020-11-28 00:48] EPOCH 1 Train Step 32999/42000, Batch Size = 64,                         Examples/Sec = 4618.96, Accuracy = 0.63, Loss = 1.201
[2020-11-28 00:48] EPOCH 1 Train Step 33099/42000, Batch Size = 64,                         Examples/Sec = 4658.48, Accuracy = 0.63, Loss = 1.186
[2020-11-28 00:48] EPOCH 1 Train Step 33199/42000, Batch Size = 64,                         Examples/Sec = 4693.99, Accuracy = 0.63, Loss = 1.176
[2020-11-28 00:48] EPOCH 1 Train Step 33299/42000, Batch Size = 64,                         Examples/Sec = 4320.06, Accuracy = 0.62, Loss = 1.204
[2020-11-28 00:48] EPOCH 1 Train Step 33399/42000, Batch Size = 64,                         Examples/Sec = 4367.43, Accuracy = 0.60, Loss = 1.270
[2020-11-28 00:48] EPOCH 1 Train Step 33499/42000, Batch Size = 64,                         Examples/Sec = 4326.67, Accuracy = 0.64, Loss = 1.173
[2020-11-28 00:48] EPOCH 1 Train Step 33599/42000, Batch Size = 64,                         Examples/Sec = 4669.50, Accuracy = 0.62, Loss = 1.227
[2020-11-28 00:48] EPOCH 1 Train Step 33699/42000, Batch Size = 64,                         Examples/Sec = 4602.72, Accuracy = 0.64, Loss = 1.172
[2020-11-28 00:48] EPOCH 1 Train Step 33799/42000, Batch Size = 64,                         Examples/Sec = 4351.36, Accuracy = 0.63, Loss = 1.174
[2020-11-28 00:48] EPOCH 1 Train Step 33899/42000, Batch Size = 64,                         Examples/Sec = 4341.09, Accuracy = 0.63, Loss = 1.200
[2020-11-28 00:48] EPOCH 1 Train Step 33999/42000, Batch Size = 64,                         Examples/Sec = 4746.11, Accuracy = 0.60, Loss = 1.244
[2020-11-28 00:48] EPOCH 1 Train Step 34099/42000, Batch Size = 64,                         Examples/Sec = 5423.16, Accuracy = 0.61, Loss = 1.201
[2020-11-28 00:48] EPOCH 1 Train Step 34199/42000, Batch Size = 64,                         Examples/Sec = 4750.40, Accuracy = 0.63, Loss = 1.191
[2020-11-28 00:48] EPOCH 1 Train Step 34299/42000, Batch Size = 64,                         Examples/Sec = 4650.25, Accuracy = 0.60, Loss = 1.224
[2020-11-28 00:48] EPOCH 1 Train Step 34399/42000, Batch Size = 64,                         Examples/Sec = 4327.37, Accuracy = 0.62, Loss = 1.175
[2020-11-28 00:48] EPOCH 1 Train Step 34499/42000, Batch Size = 64,                         Examples/Sec = 4416.73, Accuracy = 0.62, Loss = 1.178
[2020-11-28 00:48] EPOCH 1 Train Step 34599/42000, Batch Size = 64,                         Examples/Sec = 4362.82, Accuracy = 0.62, Loss = 1.178
[2020-11-28 00:48] EPOCH 1 Train Step 34699/42000, Batch Size = 64,                         Examples/Sec = 4645.34, Accuracy = 0.64, Loss = 1.155
[2020-11-28 00:48] EPOCH 1 Train Step 34799/42000, Batch Size = 64,                         Examples/Sec = 5401.01, Accuracy = 0.61, Loss = 1.228
[2020-11-28 00:48] EPOCH 1 Train Step 34899/42000, Batch Size = 64,                         Examples/Sec = 5366.78, Accuracy = 0.63, Loss = 1.165
[2020-11-28 00:48] EPOCH 1 Train Step 34999/42000, Batch Size = 64,                         Examples/Sec = 5177.65, Accuracy = 0.63, Loss = 1.196
[2020-11-28 00:48] EPOCH 1 Train Step 35099/42000, Batch Size = 64,                         Examples/Sec = 5509.53, Accuracy = 0.63, Loss = 1.192
[2020-11-28 00:48] EPOCH 1 Train Step 35199/42000, Batch Size = 64,                         Examples/Sec = 6202.01, Accuracy = 0.61, Loss = 1.215
[2020-11-28 00:48] EPOCH 1 Train Step 35299/42000, Batch Size = 64,                         Examples/Sec = 5984.12, Accuracy = 0.63, Loss = 1.178
[2020-11-28 00:48] EPOCH 1 Train Step 35399/42000, Batch Size = 64,                         Examples/Sec = 5495.55, Accuracy = 0.63, Loss = 1.158
[2020-11-28 00:48] EPOCH 1 Train Step 35499/42000, Batch Size = 64,                         Examples/Sec = 5371.82, Accuracy = 0.65, Loss = 1.167
[2020-11-28 00:48] EPOCH 1 Train Step 35599/42000, Batch Size = 64,                         Examples/Sec = 5375.16, Accuracy = 0.64, Loss = 1.185
[2020-11-28 00:48] EPOCH 1 Train Step 35699/42000, Batch Size = 64,                         Examples/Sec = 5387.67, Accuracy = 0.63, Loss = 1.161
[2020-11-28 00:48] EPOCH 1 Train Step 35799/42000, Batch Size = 64,                         Examples/Sec = 5117.05, Accuracy = 0.65, Loss = 1.116
[2020-11-28 00:48] EPOCH 1 Train Step 35899/42000, Batch Size = 64,                         Examples/Sec = 5453.23, Accuracy = 0.63, Loss = 1.198
[2020-11-28 00:48] EPOCH 1 Train Step 35999/42000, Batch Size = 64,                         Examples/Sec = 4654.92, Accuracy = 0.61, Loss = 1.242
[2020-11-28 00:49] EPOCH 1 Train Step 36099/42000, Batch Size = 64,                         Examples/Sec = 6089.32, Accuracy = 0.63, Loss = 1.169
[2020-11-28 00:49] EPOCH 1 Train Step 36199/42000, Batch Size = 64,                         Examples/Sec = 5733.96, Accuracy = 0.63, Loss = 1.171
[2020-11-28 00:49] EPOCH 1 Train Step 36299/42000, Batch Size = 64,                         Examples/Sec = 5928.48, Accuracy = 0.61, Loss = 1.217
[2020-11-28 00:49] EPOCH 1 Train Step 36399/42000, Batch Size = 64,                         Examples/Sec = 6240.94, Accuracy = 0.63, Loss = 1.171
[2020-11-28 00:49] EPOCH 1 Train Step 36499/42000, Batch Size = 64,                         Examples/Sec = 5785.00, Accuracy = 0.63, Loss = 1.193
[2020-11-28 00:49] EPOCH 1 Train Step 36599/42000, Batch Size = 64,                         Examples/Sec = 6171.92, Accuracy = 0.62, Loss = 1.207
[2020-11-28 00:49] EPOCH 1 Train Step 36699/42000, Batch Size = 64,                         Examples/Sec = 5587.75, Accuracy = 0.62, Loss = 1.205
[2020-11-28 00:49] EPOCH 1 Train Step 36799/42000, Batch Size = 64,                         Examples/Sec = 5818.60, Accuracy = 0.63, Loss = 1.195
[2020-11-28 00:49] EPOCH 1 Train Step 36899/42000, Batch Size = 64,                         Examples/Sec = 5384.54, Accuracy = 0.63, Loss = 1.178
[2020-11-28 00:49] EPOCH 1 Train Step 36999/42000, Batch Size = 64,                         Examples/Sec = 5520.52, Accuracy = 0.62, Loss = 1.181
[2020-11-28 00:49] EPOCH 1 Train Step 37099/42000, Batch Size = 64,                         Examples/Sec = 5593.34, Accuracy = 0.63, Loss = 1.175
[2020-11-28 00:49] EPOCH 1 Train Step 37199/42000, Batch Size = 64,                         Examples/Sec = 5394.60, Accuracy = 0.64, Loss = 1.187
[2020-11-28 00:49] EPOCH 1 Train Step 37299/42000, Batch Size = 64,                         Examples/Sec = 5151.22, Accuracy = 0.63, Loss = 1.204
[2020-11-28 00:49] EPOCH 1 Train Step 37399/42000, Batch Size = 64,                         Examples/Sec = 5601.86, Accuracy = 0.65, Loss = 1.158
[2020-11-28 00:49] EPOCH 1 Train Step 37499/42000, Batch Size = 64,                         Examples/Sec = 5487.12, Accuracy = 0.62, Loss = 1.228
[2020-11-28 00:49] EPOCH 1 Train Step 37599/42000, Batch Size = 64,                         Examples/Sec = 5140.08, Accuracy = 0.61, Loss = 1.230
[2020-11-28 00:49] EPOCH 1 Train Step 37699/42000, Batch Size = 64,                         Examples/Sec = 5564.70, Accuracy = 0.61, Loss = 1.244
[2020-11-28 00:49] EPOCH 1 Train Step 37799/42000, Batch Size = 64,                         Examples/Sec = 5812.93, Accuracy = 0.63, Loss = 1.172
[2020-11-28 00:49] EPOCH 1 Train Step 37899/42000, Batch Size = 64,                         Examples/Sec = 5486.67, Accuracy = 0.64, Loss = 1.170
[2020-11-28 00:49] EPOCH 1 Train Step 37999/42000, Batch Size = 64,                         Examples/Sec = 4825.81, Accuracy = 0.64, Loss = 1.162
[2020-11-28 00:49] EPOCH 1 Train Step 38099/42000, Batch Size = 64,                         Examples/Sec = 4589.58, Accuracy = 0.65, Loss = 1.151
[2020-11-28 00:49] EPOCH 1 Train Step 38199/42000, Batch Size = 64,                         Examples/Sec = 4441.72, Accuracy = 0.63, Loss = 1.168
[2020-11-28 00:49] EPOCH 1 Train Step 38299/42000, Batch Size = 64,                         Examples/Sec = 5712.61, Accuracy = 0.61, Loss = 1.234
[2020-11-28 00:49] EPOCH 1 Train Step 38399/42000, Batch Size = 64,                         Examples/Sec = 5756.71, Accuracy = 0.63, Loss = 1.188
[2020-11-28 00:49] EPOCH 1 Train Step 38499/42000, Batch Size = 64,                         Examples/Sec = 4658.07, Accuracy = 0.62, Loss = 1.208
[2020-11-28 00:49] EPOCH 1 Train Step 38599/42000, Batch Size = 64,                         Examples/Sec = 4736.23, Accuracy = 0.64, Loss = 1.169
[2020-11-28 00:49] EPOCH 1 Train Step 38699/42000, Batch Size = 64,                         Examples/Sec = 5213.66, Accuracy = 0.62, Loss = 1.193
[2020-11-28 00:49] EPOCH 1 Train Step 38799/42000, Batch Size = 64,                         Examples/Sec = 5791.74, Accuracy = 0.63, Loss = 1.217
[2020-11-28 00:49] EPOCH 1 Train Step 38899/42000, Batch Size = 64,                         Examples/Sec = 4724.15, Accuracy = 0.62, Loss = 1.178
[2020-11-28 00:49] EPOCH 1 Train Step 38999/42000, Batch Size = 64,                         Examples/Sec = 4481.32, Accuracy = 0.63, Loss = 1.167
[2020-11-28 00:49] EPOCH 1 Train Step 39099/42000, Batch Size = 64,                         Examples/Sec = 5617.92, Accuracy = 0.63, Loss = 1.177
[2020-11-28 00:49] EPOCH 1 Train Step 39199/42000, Batch Size = 64,                         Examples/Sec = 4652.10, Accuracy = 0.63, Loss = 1.202
[2020-11-28 00:49] EPOCH 1 Train Step 39299/42000, Batch Size = 64,                         Examples/Sec = 4607.38, Accuracy = 0.62, Loss = 1.185
[2020-11-28 00:49] EPOCH 1 Train Step 39399/42000, Batch Size = 64,                         Examples/Sec = 6072.24, Accuracy = 0.63, Loss = 1.176
[2020-11-28 00:49] EPOCH 1 Train Step 39499/42000, Batch Size = 64,                         Examples/Sec = 5651.15, Accuracy = 0.63, Loss = 1.194
[2020-11-28 00:50] EPOCH 1 Train Step 39599/42000, Batch Size = 64,                         Examples/Sec = 5883.39, Accuracy = 0.62, Loss = 1.191
[2020-11-28 00:50] EPOCH 1 Train Step 39699/42000, Batch Size = 64,                         Examples/Sec = 6266.00, Accuracy = 0.63, Loss = 1.223
[2020-11-28 00:50] EPOCH 1 Train Step 39799/42000, Batch Size = 64,                         Examples/Sec = 5815.33, Accuracy = 0.60, Loss = 1.314
[2020-11-28 00:50] EPOCH 1 Train Step 39899/42000, Batch Size = 64,                         Examples/Sec = 6093.33, Accuracy = 0.63, Loss = 1.176
[2020-11-28 00:50] EPOCH 1 Train Step 39999/42000, Batch Size = 64,                         Examples/Sec = 5679.13, Accuracy = 0.61, Loss = 1.212
[2020-11-28 00:50] EPOCH 1 Train Step 40099/42000, Batch Size = 64,                         Examples/Sec = 5746.11, Accuracy = 0.62, Loss = 1.192
[2020-11-28 00:50] EPOCH 1 Train Step 40199/42000, Batch Size = 64,                         Examples/Sec = 6058.81, Accuracy = 0.62, Loss = 1.190
[2020-11-28 00:50] EPOCH 1 Train Step 40299/42000, Batch Size = 64,                         Examples/Sec = 5719.67, Accuracy = 0.63, Loss = 1.175
[2020-11-28 00:50] EPOCH 1 Train Step 40399/42000, Batch Size = 64,                         Examples/Sec = 6107.61, Accuracy = 0.64, Loss = 1.144
[2020-11-28 00:50] EPOCH 1 Train Step 40499/42000, Batch Size = 64,                         Examples/Sec = 5605.02, Accuracy = 0.62, Loss = 1.236
[2020-11-28 00:50] EPOCH 1 Train Step 40599/42000, Batch Size = 64,                         Examples/Sec = 5478.50, Accuracy = 0.65, Loss = 1.140
[2020-11-28 00:50] EPOCH 1 Train Step 40699/42000, Batch Size = 64,                         Examples/Sec = 6304.56, Accuracy = 0.63, Loss = 1.161
[2020-11-28 00:50] EPOCH 1 Train Step 40799/42000, Batch Size = 64,                         Examples/Sec = 5614.51, Accuracy = 0.64, Loss = 1.146
[2020-11-28 00:50] EPOCH 1 Train Step 40899/42000, Batch Size = 64,                         Examples/Sec = 4371.84, Accuracy = 0.62, Loss = 1.200
[2020-11-28 00:50] EPOCH 1 Train Step 40999/42000, Batch Size = 64,                         Examples/Sec = 4291.19, Accuracy = 0.63, Loss = 1.195
[2020-11-28 00:50] EPOCH 1 Train Step 41099/42000, Batch Size = 64,                         Examples/Sec = 4377.12, Accuracy = 0.63, Loss = 1.148
[2020-11-28 00:50] EPOCH 1 Train Step 41199/42000, Batch Size = 64,                         Examples/Sec = 4374.69, Accuracy = 0.63, Loss = 1.162
[2020-11-28 00:50] EPOCH 1 Train Step 41299/42000, Batch Size = 64,                         Examples/Sec = 5345.83, Accuracy = 0.62, Loss = 1.225
[2020-11-28 00:50] EPOCH 1 Train Step 41399/42000, Batch Size = 64,                         Examples/Sec = 4331.84, Accuracy = 0.64, Loss = 1.148
[2020-11-28 00:50] EPOCH 1 Train Step 41499/42000, Batch Size = 64,                         Examples/Sec = 4685.88, Accuracy = 0.63, Loss = 1.181
[2020-11-28 00:50] EPOCH 1 Train Step 41599/42000, Batch Size = 64,                         Examples/Sec = 4685.47, Accuracy = 0.61, Loss = 1.218
[2020-11-28 00:50] EPOCH 1 Train Step 41699/42000, Batch Size = 64,                         Examples/Sec = 4320.68, Accuracy = 0.63, Loss = 1.168
[2020-11-28 00:50] EPOCH 1 Train Step 41799/42000, Batch Size = 64,                         Examples/Sec = 4698.18, Accuracy = 0.65, Loss = 1.149
[2020-11-28 00:50] EPOCH 1 Train Step 41899/42000, Batch Size = 64,                         Examples/Sec = 4452.40, Accuracy = 0.63, Loss = 1.165
[2020-11-28 00:50] EPOCH 1 Train Step 41999/42000, Batch Size = 64,                         Examples/Sec = 4296.48, Accuracy = 0.64, Loss = 1.142
Done training.
