Namespace(batch_size=64, device='cuda:0', dropout_keep_prob=1.0, learning_rate=0.002, learning_rate_decay=0.96, learning_rate_step=5000, lstm_num_hidden=128, lstm_num_layers=2, max_norm=5.0, print_every=50, sample_every=100, seq_length=30, summary_path='./summaries/', train_steps=1000000.0, txt_file='./assets/book_EN_democracy_in_the_US.txt')
cuda:0
./assets/book_EN_democracy_in_the_US.txt
Initialize dataset with 1148437 characters, 86 unique.
[2020-11-20 19:07] Train Step 0049/1000000.000000, Batch Size = 64,                     Examples/Sec = 2483.31, Accuracy = 0.27, Loss = 2.824
[2020-11-20 19:07] Train Step 0099/1000000.000000, Batch Size = 64,                     Examples/Sec = 2179.71, Accuracy = 0.35, Loss = 2.394
[2020-11-20 19:07] Train Step 0149/1000000.000000, Batch Size = 64,                     Examples/Sec = 2329.46, Accuracy = 0.38, Loss = 2.202
[2020-11-20 19:07] Train Step 0199/1000000.000000, Batch Size = 64,                     Examples/Sec = 2241.88, Accuracy = 0.41, Loss = 2.055
[2020-11-20 19:07] Train Step 0249/1000000.000000, Batch Size = 64,                     Examples/Sec = 2259.77, Accuracy = 0.43, Loss = 1.971
[2020-11-20 19:07] Train Step 0299/1000000.000000, Batch Size = 64,                     Examples/Sec = 2384.14, Accuracy = 0.46, Loss = 1.893
[2020-11-20 19:07] Train Step 0349/1000000.000000, Batch Size = 64,                     Examples/Sec = 2438.28, Accuracy = 0.48, Loss = 1.784
[2020-11-20 19:07] Train Step 0399/1000000.000000, Batch Size = 64,                     Examples/Sec = 2347.47, Accuracy = 0.51, Loss = 1.677
[2020-11-20 19:07] Train Step 0449/1000000.000000, Batch Size = 64,                     Examples/Sec = 2364.17, Accuracy = 0.50, Loss = 1.680
[2020-11-20 19:07] Train Step 0499/1000000.000000, Batch Size = 64,                     Examples/Sec = 2326.39, Accuracy = 0.53, Loss = 1.612
[2020-11-20 19:07] Train Step 0549/1000000.000000, Batch Size = 64,                     Examples/Sec = 2315.76, Accuracy = 0.52, Loss = 1.618
[2020-11-20 19:07] Train Step 0599/1000000.000000, Batch Size = 64,                     Examples/Sec = 2315.52, Accuracy = 0.57, Loss = 1.493
[2020-11-20 19:07] Train Step 0649/1000000.000000, Batch Size = 64,                     Examples/Sec = 2274.39, Accuracy = 0.54, Loss = 1.579
[2020-11-20 19:07] Train Step 0699/1000000.000000, Batch Size = 64,                     Examples/Sec = 2424.56, Accuracy = 0.57, Loss = 1.476
[2020-11-20 19:07] Train Step 0749/1000000.000000, Batch Size = 64,                     Examples/Sec = 2445.48, Accuracy = 0.56, Loss = 1.486
[2020-11-20 19:07] Train Step 0799/1000000.000000, Batch Size = 64,                     Examples/Sec = 2324.90, Accuracy = 0.56, Loss = 1.508
[2020-11-20 19:07] Train Step 0849/1000000.000000, Batch Size = 64,                     Examples/Sec = 2251.84, Accuracy = 0.57, Loss = 1.446
[2020-11-20 19:07] Train Step 0899/1000000.000000, Batch Size = 64,                     Examples/Sec = 2302.96, Accuracy = 0.57, Loss = 1.437
[2020-11-20 19:07] Train Step 0949/1000000.000000, Batch Size = 64,                     Examples/Sec = 2369.77, Accuracy = 0.56, Loss = 1.502
[2020-11-20 19:07] Train Step 0999/1000000.000000, Batch Size = 64,                     Examples/Sec = 2336.88, Accuracy = 0.57, Loss = 1.429
[2020-11-20 19:07] Train Step 1049/1000000.000000, Batch Size = 64,                     Examples/Sec = 2250.33, Accuracy = 0.59, Loss = 1.365
[2020-11-20 19:07] Train Step 1099/1000000.000000, Batch Size = 64,                     Examples/Sec = 2369.20, Accuracy = 0.58, Loss = 1.380
[2020-11-20 19:08] Train Step 1149/1000000.000000, Batch Size = 64,                     Examples/Sec = 2700.10, Accuracy = 0.59, Loss = 1.340
[2020-11-20 19:08] Train Step 1199/1000000.000000, Batch Size = 64,                     Examples/Sec = 2308.78, Accuracy = 0.59, Loss = 1.333
[2020-11-20 19:08] Train Step 1249/1000000.000000, Batch Size = 64,                     Examples/Sec = 2347.04, Accuracy = 0.57, Loss = 1.416
[2020-11-20 19:08] Train Step 1299/1000000.000000, Batch Size = 64,                     Examples/Sec = 2285.35, Accuracy = 0.58, Loss = 1.399
[2020-11-20 19:08] Train Step 1349/1000000.000000, Batch Size = 64,                     Examples/Sec = 2513.04, Accuracy = 0.57, Loss = 1.388
[2020-11-20 19:08] Train Step 1399/1000000.000000, Batch Size = 64,                     Examples/Sec = 2352.65, Accuracy = 0.60, Loss = 1.316
[2020-11-20 19:08] Train Step 1449/1000000.000000, Batch Size = 64,                     Examples/Sec = 2315.62, Accuracy = 0.60, Loss = 1.344
[2020-11-20 19:08] Train Step 1499/1000000.000000, Batch Size = 64,                     Examples/Sec = 2349.67, Accuracy = 0.60, Loss = 1.282
[2020-11-20 19:08] Train Step 1549/1000000.000000, Batch Size = 64,                     Examples/Sec = 2421.83, Accuracy = 0.60, Loss = 1.340
[2020-11-20 19:08] Train Step 1599/1000000.000000, Batch Size = 64,                     Examples/Sec = 2303.63, Accuracy = 0.59, Loss = 1.350
[2020-11-20 19:08] Train Step 1649/1000000.000000, Batch Size = 64,                     Examples/Sec = 2315.98, Accuracy = 0.60, Loss = 1.330
[2020-11-20 19:08] Train Step 1699/1000000.000000, Batch Size = 64,                     Examples/Sec = 2197.75, Accuracy = 0.60, Loss = 1.314
[2020-11-20 19:08] Train Step 1749/1000000.000000, Batch Size = 64,                     Examples/Sec = 2461.99, Accuracy = 0.62, Loss = 1.278
[2020-11-20 19:08] Train Step 1799/1000000.000000, Batch Size = 64,                     Examples/Sec = 2350.98, Accuracy = 0.58, Loss = 1.354
[2020-11-20 19:08] Train Step 1849/1000000.000000, Batch Size = 64,                     Examples/Sec = 2234.26, Accuracy = 0.61, Loss = 1.340
[2020-11-20 19:08] Train Step 1899/1000000.000000, Batch Size = 64,                     Examples/Sec = 2418.58, Accuracy = 0.60, Loss = 1.360
[2020-11-20 19:08] Train Step 1949/1000000.000000, Batch Size = 64,                     Examples/Sec = 2189.34, Accuracy = 0.61, Loss = 1.291
[2020-11-20 19:08] Train Step 1999/1000000.000000, Batch Size = 64,                     Examples/Sec = 2462.21, Accuracy = 0.59, Loss = 1.323
[2020-11-20 19:08] Train Step 2049/1000000.000000, Batch Size = 64,                     Examples/Sec = 2511.51, Accuracy = 0.61, Loss = 1.299
[2020-11-20 19:08] Train Step 2099/1000000.000000, Batch Size = 64,                     Examples/Sec = 2530.95, Accuracy = 0.63, Loss = 1.249
[2020-11-20 19:08] Train Step 2149/1000000.000000, Batch Size = 64,                     Examples/Sec = 2250.46, Accuracy = 0.60, Loss = 1.304
[2020-11-20 19:08] Train Step 2199/1000000.000000, Batch Size = 64,                     Examples/Sec = 2298.45, Accuracy = 0.61, Loss = 1.281
[2020-11-20 19:08] Train Step 2249/1000000.000000, Batch Size = 64,                     Examples/Sec = 2532.72, Accuracy = 0.64, Loss = 1.193
[2020-11-20 19:08] Train Step 2299/1000000.000000, Batch Size = 64,                     Examples/Sec = 2250.94, Accuracy = 0.62, Loss = 1.220
[2020-11-20 19:08] Train Step 2349/1000000.000000, Batch Size = 64,                     Examples/Sec = 2441.39, Accuracy = 0.63, Loss = 1.241
[2020-11-20 19:08] Train Step 2399/1000000.000000, Batch Size = 64,                     Examples/Sec = 2545.09, Accuracy = 0.61, Loss = 1.259
[2020-11-20 19:08] Train Step 2449/1000000.000000, Batch Size = 64,                     Examples/Sec = 2281.55, Accuracy = 0.62, Loss = 1.245
[2020-11-20 19:08] Train Step 2499/1000000.000000, Batch Size = 64,                     Examples/Sec = 2432.38, Accuracy = 0.63, Loss = 1.239
[2020-11-20 19:08] Train Step 2549/1000000.000000, Batch Size = 64,                     Examples/Sec = 2321.40, Accuracy = 0.62, Loss = 1.241
[2020-11-20 19:08] Train Step 2599/1000000.000000, Batch Size = 64,                     Examples/Sec = 2295.93, Accuracy = 0.64, Loss = 1.177
[2020-11-20 19:08] Train Step 2649/1000000.000000, Batch Size = 64,                     Examples/Sec = 2415.36, Accuracy = 0.63, Loss = 1.214
[2020-11-20 19:08] Train Step 2699/1000000.000000, Batch Size = 64,                     Examples/Sec = 2449.68, Accuracy = 0.62, Loss = 1.249
[2020-11-20 19:08] Train Step 2749/1000000.000000, Batch Size = 64,                     Examples/Sec = 2310.65, Accuracy = 0.63, Loss = 1.191
[2020-11-20 19:08] Train Step 2799/1000000.000000, Batch Size = 64,                     Examples/Sec = 2257.87, Accuracy = 0.60, Loss = 1.293
[2020-11-20 19:08] Train Step 2849/1000000.000000, Batch Size = 64,                     Examples/Sec = 2255.00, Accuracy = 0.65, Loss = 1.190
[2020-11-20 19:08] Train Step 2899/1000000.000000, Batch Size = 64,                     Examples/Sec = 2297.56, Accuracy = 0.63, Loss = 1.226
[2020-11-20 19:08] Train Step 2949/1000000.000000, Batch Size = 64,                     Examples/Sec = 2363.45, Accuracy = 0.64, Loss = 1.226
[2020-11-20 19:08] Train Step 2999/1000000.000000, Batch Size = 64,                     Examples/Sec = 2434.04, Accuracy = 0.63, Loss = 1.276
[2020-11-20 19:08] Train Step 3049/1000000.000000, Batch Size = 64,                     Examples/Sec = 2271.26, Accuracy = 0.62, Loss = 1.256
[2020-11-20 19:08] Train Step 3099/1000000.000000, Batch Size = 64,                     Examples/Sec = 2549.54, Accuracy = 0.63, Loss = 1.189
[2020-11-20 19:09] Train Step 3149/1000000.000000, Batch Size = 64,                     Examples/Sec = 2463.21, Accuracy = 0.61, Loss = 1.234
[2020-11-20 19:09] Train Step 3199/1000000.000000, Batch Size = 64,                     Examples/Sec = 2247.06, Accuracy = 0.63, Loss = 1.212
[2020-11-20 19:09] Train Step 3249/1000000.000000, Batch Size = 64,                     Examples/Sec = 2529.12, Accuracy = 0.64, Loss = 1.155
[2020-11-20 19:09] Train Step 3299/1000000.000000, Batch Size = 64,                     Examples/Sec = 2290.83, Accuracy = 0.64, Loss = 1.173
[2020-11-20 19:09] Train Step 3349/1000000.000000, Batch Size = 64,                     Examples/Sec = 2250.84, Accuracy = 0.62, Loss = 1.275
[2020-11-20 19:09] Train Step 3399/1000000.000000, Batch Size = 64,                     Examples/Sec = 2073.18, Accuracy = 0.63, Loss = 1.168
[2020-11-20 19:09] Train Step 3449/1000000.000000, Batch Size = 64,                     Examples/Sec = 2328.81, Accuracy = 0.62, Loss = 1.214
[2020-11-20 19:09] Train Step 3499/1000000.000000, Batch Size = 64,                     Examples/Sec = 2179.80, Accuracy = 0.62, Loss = 1.202
[2020-11-20 19:09] Train Step 3549/1000000.000000, Batch Size = 64,                     Examples/Sec = 2243.04, Accuracy = 0.64, Loss = 1.144
[2020-11-20 19:09] Train Step 3599/1000000.000000, Batch Size = 64,                     Examples/Sec = 2463.19, Accuracy = 0.64, Loss = 1.153
[2020-11-20 19:09] Train Step 3649/1000000.000000, Batch Size = 64,                     Examples/Sec = 2310.79, Accuracy = 0.64, Loss = 1.160
[2020-11-20 19:09] Train Step 3699/1000000.000000, Batch Size = 64,                     Examples/Sec = 2297.62, Accuracy = 0.62, Loss = 1.233
[2020-11-20 19:09] Train Step 3749/1000000.000000, Batch Size = 64,                     Examples/Sec = 2278.64, Accuracy = 0.62, Loss = 1.223
[2020-11-20 19:09] Train Step 3799/1000000.000000, Batch Size = 64,                     Examples/Sec = 2275.34, Accuracy = 0.65, Loss = 1.169
[2020-11-20 19:09] Train Step 3849/1000000.000000, Batch Size = 64,                     Examples/Sec = 2238.57, Accuracy = 0.64, Loss = 1.179
[2020-11-20 19:09] Train Step 3899/1000000.000000, Batch Size = 64,                     Examples/Sec = 2276.77, Accuracy = 0.61, Loss = 1.266
[2020-11-20 19:09] Train Step 3949/1000000.000000, Batch Size = 64,                     Examples/Sec = 2325.41, Accuracy = 0.64, Loss = 1.217
[2020-11-20 19:09] Train Step 3999/1000000.000000, Batch Size = 64,                     Examples/Sec = 2556.11, Accuracy = 0.63, Loss = 1.188
[2020-11-20 19:09] Train Step 4049/1000000.000000, Batch Size = 64,                     Examples/Sec = 2388.53, Accuracy = 0.63, Loss = 1.219
[2020-11-20 19:09] Train Step 4099/1000000.000000, Batch Size = 64,                     Examples/Sec = 2257.20, Accuracy = 0.64, Loss = 1.159
[2020-11-20 19:09] Train Step 4149/1000000.000000, Batch Size = 64,                     Examples/Sec = 2435.05, Accuracy = 0.63, Loss = 1.193
[2020-11-20 19:09] Train Step 4199/1000000.000000, Batch Size = 64,                     Examples/Sec = 2338.13, Accuracy = 0.64, Loss = 1.188
[2020-11-20 19:09] Train Step 4249/1000000.000000, Batch Size = 64,                     Examples/Sec = 2231.90, Accuracy = 0.64, Loss = 1.231
[2020-11-20 19:09] Train Step 4299/1000000.000000, Batch Size = 64,                     Examples/Sec = 2437.35, Accuracy = 0.64, Loss = 1.160
[2020-11-20 19:09] Train Step 4349/1000000.000000, Batch Size = 64,                     Examples/Sec = 2450.79, Accuracy = 0.65, Loss = 1.188
[2020-11-20 19:09] Train Step 4399/1000000.000000, Batch Size = 64,                     Examples/Sec = 2448.25, Accuracy = 0.65, Loss = 1.153
[2020-11-20 19:09] Train Step 4449/1000000.000000, Batch Size = 64,                     Examples/Sec = 2297.97, Accuracy = 0.62, Loss = 1.220
[2020-11-20 19:09] Train Step 4499/1000000.000000, Batch Size = 64,                     Examples/Sec = 2409.44, Accuracy = 0.62, Loss = 1.234
[2020-11-20 19:09] Train Step 4549/1000000.000000, Batch Size = 64,                     Examples/Sec = 2300.08, Accuracy = 0.62, Loss = 1.260
[2020-11-20 19:09] Train Step 4599/1000000.000000, Batch Size = 64,                     Examples/Sec = 2425.59, Accuracy = 0.64, Loss = 1.170
[2020-11-20 19:09] Train Step 4649/1000000.000000, Batch Size = 64,                     Examples/Sec = 2265.45, Accuracy = 0.64, Loss = 1.167
[2020-11-20 19:09] Train Step 4699/1000000.000000, Batch Size = 64,                     Examples/Sec = 2354.30, Accuracy = 0.64, Loss = 1.162
[2020-11-20 19:09] Train Step 4749/1000000.000000, Batch Size = 64,                     Examples/Sec = 2387.43, Accuracy = 0.63, Loss = 1.212
[2020-11-20 19:09] Train Step 4799/1000000.000000, Batch Size = 64,                     Examples/Sec = 2303.16, Accuracy = 0.64, Loss = 1.144
[2020-11-20 19:09] Train Step 4849/1000000.000000, Batch Size = 64,                     Examples/Sec = 2327.16, Accuracy = 0.65, Loss = 1.146
[2020-11-20 19:09] Train Step 4899/1000000.000000, Batch Size = 64,                     Examples/Sec = 2416.66, Accuracy = 0.64, Loss = 1.187
[2020-11-20 19:09] Train Step 4949/1000000.000000, Batch Size = 64,                     Examples/Sec = 2261.59, Accuracy = 0.64, Loss = 1.191
[2020-11-20 19:09] Train Step 4999/1000000.000000, Batch Size = 64,                     Examples/Sec = 2459.03, Accuracy = 0.64, Loss = 1.177
[2020-11-20 19:09] Train Step 5049/1000000.000000, Batch Size = 64,                     Examples/Sec = 2440.01, Accuracy = 0.64, Loss = 1.198
[2020-11-20 19:09] Train Step 5099/1000000.000000, Batch Size = 64,                     Examples/Sec = 2170.51, Accuracy = 0.65, Loss = 1.142
[2020-11-20 19:10] Train Step 5149/1000000.000000, Batch Size = 64,                     Examples/Sec = 2312.72, Accuracy = 0.63, Loss = 1.221
[2020-11-20 19:10] Train Step 5199/1000000.000000, Batch Size = 64,                     Examples/Sec = 2448.20, Accuracy = 0.65, Loss = 1.125
[2020-11-20 19:10] Train Step 5249/1000000.000000, Batch Size = 64,                     Examples/Sec = 2371.40, Accuracy = 0.65, Loss = 1.151
[2020-11-20 19:10] Train Step 5299/1000000.000000, Batch Size = 64,                     Examples/Sec = 2319.98, Accuracy = 0.64, Loss = 1.151
[2020-11-20 19:10] Train Step 5349/1000000.000000, Batch Size = 64,                     Examples/Sec = 2454.33, Accuracy = 0.64, Loss = 1.178
[2020-11-20 19:10] Train Step 5399/1000000.000000, Batch Size = 64,                     Examples/Sec = 2244.44, Accuracy = 0.65, Loss = 1.150
[2020-11-20 19:10] Train Step 5449/1000000.000000, Batch Size = 64,                     Examples/Sec = 2314.22, Accuracy = 0.63, Loss = 1.195
[2020-11-20 19:10] Train Step 5499/1000000.000000, Batch Size = 64,                     Examples/Sec = 2328.98, Accuracy = 0.65, Loss = 1.132
[2020-11-20 19:10] Train Step 5549/1000000.000000, Batch Size = 64,                     Examples/Sec = 2273.45, Accuracy = 0.65, Loss = 1.171
[2020-11-20 19:10] Train Step 5599/1000000.000000, Batch Size = 64,                     Examples/Sec = 2272.10, Accuracy = 0.62, Loss = 1.214
[2020-11-20 19:10] Train Step 5649/1000000.000000, Batch Size = 64,                     Examples/Sec = 2431.83, Accuracy = 0.62, Loss = 1.191
[2020-11-20 19:10] Train Step 5699/1000000.000000, Batch Size = 64,                     Examples/Sec = 2294.58, Accuracy = 0.65, Loss = 1.165
[2020-11-20 19:10] Train Step 5749/1000000.000000, Batch Size = 64,                     Examples/Sec = 2596.26, Accuracy = 0.64, Loss = 1.159
[2020-11-20 19:10] Train Step 5799/1000000.000000, Batch Size = 64,                     Examples/Sec = 2430.20, Accuracy = 0.64, Loss = 1.177
[2020-11-20 19:10] Train Step 5849/1000000.000000, Batch Size = 64,                     Examples/Sec = 2258.25, Accuracy = 0.64, Loss = 1.168
[2020-11-20 19:10] Train Step 5899/1000000.000000, Batch Size = 64,                     Examples/Sec = 2441.34, Accuracy = 0.66, Loss = 1.152
[2020-11-20 19:10] Train Step 5949/1000000.000000, Batch Size = 64,                     Examples/Sec = 2334.85, Accuracy = 0.66, Loss = 1.098
[2020-11-20 19:10] Train Step 5999/1000000.000000, Batch Size = 64,                     Examples/Sec = 2452.11, Accuracy = 0.66, Loss = 1.133
[2020-11-20 19:10] Train Step 6049/1000000.000000, Batch Size = 64,                     Examples/Sec = 2453.71, Accuracy = 0.65, Loss = 1.144
[2020-11-20 19:10] Train Step 6099/1000000.000000, Batch Size = 64,                     Examples/Sec = 2252.01, Accuracy = 0.65, Loss = 1.105
[2020-11-20 19:10] Train Step 6149/1000000.000000, Batch Size = 64,                     Examples/Sec = 2222.07, Accuracy = 0.63, Loss = 1.172
[2020-11-20 19:10] Train Step 6199/1000000.000000, Batch Size = 64,                     Examples/Sec = 2284.69, Accuracy = 0.65, Loss = 1.121
[2020-11-20 19:10] Train Step 6249/1000000.000000, Batch Size = 64,                     Examples/Sec = 2334.51, Accuracy = 0.63, Loss = 1.187
[2020-11-20 19:10] Train Step 6299/1000000.000000, Batch Size = 64,                     Examples/Sec = 2175.10, Accuracy = 0.63, Loss = 1.186
[2020-11-20 19:10] Train Step 6349/1000000.000000, Batch Size = 64,                     Examples/Sec = 2435.30, Accuracy = 0.65, Loss = 1.132
[2020-11-20 19:10] Train Step 6399/1000000.000000, Batch Size = 64,                     Examples/Sec = 2422.59, Accuracy = 0.63, Loss = 1.200
[2020-11-20 19:10] Train Step 6449/1000000.000000, Batch Size = 64,                     Examples/Sec = 2291.38, Accuracy = 0.65, Loss = 1.141
[2020-11-20 19:10] Train Step 6499/1000000.000000, Batch Size = 64,                     Examples/Sec = 2201.75, Accuracy = 0.64, Loss = 1.125
[2020-11-20 19:10] Train Step 6549/1000000.000000, Batch Size = 64,                     Examples/Sec = 2304.80, Accuracy = 0.65, Loss = 1.081
[2020-11-20 19:10] Train Step 6599/1000000.000000, Batch Size = 64,                     Examples/Sec = 2324.62, Accuracy = 0.64, Loss = 1.142
[2020-11-20 19:10] Train Step 6649/1000000.000000, Batch Size = 64,                     Examples/Sec = 2419.19, Accuracy = 0.66, Loss = 1.094
[2020-11-20 19:10] Train Step 6699/1000000.000000, Batch Size = 64,                     Examples/Sec = 2345.64, Accuracy = 0.65, Loss = 1.155
[2020-11-20 19:10] Train Step 6749/1000000.000000, Batch Size = 64,                     Examples/Sec = 2266.90, Accuracy = 0.66, Loss = 1.139
[2020-11-20 19:10] Train Step 6799/1000000.000000, Batch Size = 64,                     Examples/Sec = 2435.58, Accuracy = 0.64, Loss = 1.146
[2020-11-20 19:10] Train Step 6849/1000000.000000, Batch Size = 64,                     Examples/Sec = 2326.76, Accuracy = 0.67, Loss = 1.080
[2020-11-20 19:10] Train Step 6899/1000000.000000, Batch Size = 64,                     Examples/Sec = 2290.44, Accuracy = 0.65, Loss = 1.141
[2020-11-20 19:10] Train Step 6949/1000000.000000, Batch Size = 64,                     Examples/Sec = 2244.46, Accuracy = 0.65, Loss = 1.123
[2020-11-20 19:10] Train Step 6999/1000000.000000, Batch Size = 64,                     Examples/Sec = 2211.99, Accuracy = 0.65, Loss = 1.108
[2020-11-20 19:10] Train Step 7049/1000000.000000, Batch Size = 64,                     Examples/Sec = 2323.11, Accuracy = 0.64, Loss = 1.145
[2020-11-20 19:10] Train Step 7099/1000000.000000, Batch Size = 64,                     Examples/Sec = 2366.76, Accuracy = 0.63, Loss = 1.190
[2020-11-20 19:11] Train Step 7149/1000000.000000, Batch Size = 64,                     Examples/Sec = 2262.01, Accuracy = 0.67, Loss = 1.054
[2020-11-20 19:11] Train Step 7199/1000000.000000, Batch Size = 64,                     Examples/Sec = 2252.86, Accuracy = 0.66, Loss = 1.100
[2020-11-20 19:11] Train Step 7249/1000000.000000, Batch Size = 64,                     Examples/Sec = 2194.95, Accuracy = 0.64, Loss = 1.155
[2020-11-20 19:11] Train Step 7299/1000000.000000, Batch Size = 64,                     Examples/Sec = 2315.64, Accuracy = 0.66, Loss = 1.104
[2020-11-20 19:11] Train Step 7349/1000000.000000, Batch Size = 64,                     Examples/Sec = 2527.28, Accuracy = 0.66, Loss = 1.097
[2020-11-20 19:11] Train Step 7399/1000000.000000, Batch Size = 64,                     Examples/Sec = 2307.77, Accuracy = 0.67, Loss = 1.061
[2020-11-20 19:11] Train Step 7449/1000000.000000, Batch Size = 64,                     Examples/Sec = 2364.38, Accuracy = 0.65, Loss = 1.124
[2020-11-20 19:11] Train Step 7499/1000000.000000, Batch Size = 64,                     Examples/Sec = 2282.96, Accuracy = 0.64, Loss = 1.176
[2020-11-20 19:11] Train Step 7549/1000000.000000, Batch Size = 64,                     Examples/Sec = 2204.79, Accuracy = 0.64, Loss = 1.172
[2020-11-20 19:11] Train Step 7599/1000000.000000, Batch Size = 64,                     Examples/Sec = 2315.58, Accuracy = 0.64, Loss = 1.170
[2020-11-20 19:11] Train Step 7649/1000000.000000, Batch Size = 64,                     Examples/Sec = 2418.08, Accuracy = 0.66, Loss = 1.124
[2020-11-20 19:11] Train Step 7699/1000000.000000, Batch Size = 64,                     Examples/Sec = 2250.67, Accuracy = 0.64, Loss = 1.155
[2020-11-20 19:11] Train Step 7749/1000000.000000, Batch Size = 64,                     Examples/Sec = 2624.23, Accuracy = 0.65, Loss = 1.135
[2020-11-20 19:11] Train Step 7799/1000000.000000, Batch Size = 64,                     Examples/Sec = 2462.76, Accuracy = 0.64, Loss = 1.162
[2020-11-20 19:11] Train Step 7849/1000000.000000, Batch Size = 64,                     Examples/Sec = 2293.05, Accuracy = 0.66, Loss = 1.101
[2020-11-20 19:11] Train Step 7899/1000000.000000, Batch Size = 64,                     Examples/Sec = 2240.08, Accuracy = 0.67, Loss = 1.070
[2020-11-20 19:11] Train Step 7949/1000000.000000, Batch Size = 64,                     Examples/Sec = 2189.22, Accuracy = 0.66, Loss = 1.109
[2020-11-20 19:11] Train Step 7999/1000000.000000, Batch Size = 64,                     Examples/Sec = 2447.20, Accuracy = 0.65, Loss = 1.103
[2020-11-20 19:11] Train Step 8049/1000000.000000, Batch Size = 64,                     Examples/Sec = 2371.82, Accuracy = 0.65, Loss = 1.111
[2020-11-20 19:11] Train Step 8099/1000000.000000, Batch Size = 64,                     Examples/Sec = 2275.86, Accuracy = 0.64, Loss = 1.156
[2020-11-20 19:11] Train Step 8149/1000000.000000, Batch Size = 64,                     Examples/Sec = 2259.12, Accuracy = 0.63, Loss = 1.199
[2020-11-20 19:11] Train Step 8199/1000000.000000, Batch Size = 64,                     Examples/Sec = 2331.69, Accuracy = 0.65, Loss = 1.118
[2020-11-20 19:11] Train Step 8249/1000000.000000, Batch Size = 64,                     Examples/Sec = 2357.92, Accuracy = 0.64, Loss = 1.133
[2020-11-20 19:11] Train Step 8299/1000000.000000, Batch Size = 64,                     Examples/Sec = 2307.06, Accuracy = 0.66, Loss = 1.088
[2020-11-20 19:11] Train Step 8349/1000000.000000, Batch Size = 64,                     Examples/Sec = 2300.43, Accuracy = 0.63, Loss = 1.175
[2020-11-20 19:11] Train Step 8399/1000000.000000, Batch Size = 64,                     Examples/Sec = 2301.82, Accuracy = 0.66, Loss = 1.078
[2020-11-20 19:11] Train Step 8449/1000000.000000, Batch Size = 64,                     Examples/Sec = 2360.06, Accuracy = 0.64, Loss = 1.095
[2020-11-20 19:11] Train Step 8499/1000000.000000, Batch Size = 64,                     Examples/Sec = 2309.90, Accuracy = 0.65, Loss = 1.157
[2020-11-20 19:11] Train Step 8549/1000000.000000, Batch Size = 64,                     Examples/Sec = 2598.37, Accuracy = 0.67, Loss = 1.087
[2020-11-20 19:11] Train Step 8599/1000000.000000, Batch Size = 64,                     Examples/Sec = 2346.05, Accuracy = 0.64, Loss = 1.144
[2020-11-20 19:11] Train Step 8649/1000000.000000, Batch Size = 64,                     Examples/Sec = 2314.60, Accuracy = 0.66, Loss = 1.085
[2020-11-20 19:11] Train Step 8699/1000000.000000, Batch Size = 64,                     Examples/Sec = 2259.98, Accuracy = 0.68, Loss = 1.043
[2020-11-20 19:11] Train Step 8749/1000000.000000, Batch Size = 64,                     Examples/Sec = 2452.72, Accuracy = 0.66, Loss = 1.112
[2020-11-20 19:11] Train Step 8799/1000000.000000, Batch Size = 64,                     Examples/Sec = 2460.72, Accuracy = 0.65, Loss = 1.121
[2020-11-20 19:11] Train Step 8849/1000000.000000, Batch Size = 64,                     Examples/Sec = 2331.44, Accuracy = 0.66, Loss = 1.055
[2020-11-20 19:11] Train Step 8899/1000000.000000, Batch Size = 64,                     Examples/Sec = 2257.32, Accuracy = 0.66, Loss = 1.092
[2020-11-20 19:11] Train Step 8949/1000000.000000, Batch Size = 64,                     Examples/Sec = 2297.15, Accuracy = 0.63, Loss = 1.177
[2020-11-20 19:11] Train Step 8999/1000000.000000, Batch Size = 64,                     Examples/Sec = 2465.40, Accuracy = 0.66, Loss = 1.111
[2020-11-20 19:11] Train Step 9049/1000000.000000, Batch Size = 64,                     Examples/Sec = 2653.44, Accuracy = 0.66, Loss = 1.095
[2020-11-20 19:11] Train Step 9099/1000000.000000, Batch Size = 64,                     Examples/Sec = 2455.05, Accuracy = 0.66, Loss = 1.132
[2020-11-20 19:12] Train Step 9149/1000000.000000, Batch Size = 64,                     Examples/Sec = 3073.31, Accuracy = 0.66, Loss = 1.092
[2020-11-20 19:12] Train Step 9199/1000000.000000, Batch Size = 64,                     Examples/Sec = 2265.49, Accuracy = 0.65, Loss = 1.131
[2020-11-20 19:12] Train Step 9249/1000000.000000, Batch Size = 64,                     Examples/Sec = 2358.32, Accuracy = 0.65, Loss = 1.142
[2020-11-20 19:12] Train Step 9299/1000000.000000, Batch Size = 64,                     Examples/Sec = 2421.46, Accuracy = 0.67, Loss = 1.077
[2020-11-20 19:12] Train Step 9349/1000000.000000, Batch Size = 64,                     Examples/Sec = 2324.88, Accuracy = 0.64, Loss = 1.144
[2020-11-20 19:12] Train Step 9399/1000000.000000, Batch Size = 64,                     Examples/Sec = 2309.30, Accuracy = 0.65, Loss = 1.106
[2020-11-20 19:12] Train Step 9449/1000000.000000, Batch Size = 64,                     Examples/Sec = 2265.81, Accuracy = 0.66, Loss = 1.110
[2020-11-20 19:12] Train Step 9499/1000000.000000, Batch Size = 64,                     Examples/Sec = 2622.44, Accuracy = 0.67, Loss = 1.048
[2020-11-20 19:12] Train Step 9549/1000000.000000, Batch Size = 64,                     Examples/Sec = 2454.92, Accuracy = 0.66, Loss = 1.114
[2020-11-20 19:12] Train Step 9599/1000000.000000, Batch Size = 64,                     Examples/Sec = 2320.64, Accuracy = 0.66, Loss = 1.152
[2020-11-20 19:12] Train Step 9649/1000000.000000, Batch Size = 64,                     Examples/Sec = 2401.74, Accuracy = 0.67, Loss = 1.073
[2020-11-20 19:12] Train Step 9699/1000000.000000, Batch Size = 64,                     Examples/Sec = 2327.02, Accuracy = 0.65, Loss = 1.100
[2020-11-20 19:12] Train Step 9749/1000000.000000, Batch Size = 64,                     Examples/Sec = 2542.46, Accuracy = 0.68, Loss = 1.050
[2020-11-20 19:12] Train Step 9799/1000000.000000, Batch Size = 64,                     Examples/Sec = 2363.24, Accuracy = 0.67, Loss = 1.087
[2020-11-20 19:12] Train Step 9849/1000000.000000, Batch Size = 64,                     Examples/Sec = 2255.89, Accuracy = 0.66, Loss = 1.100
[2020-11-20 19:12] Train Step 9899/1000000.000000, Batch Size = 64,                     Examples/Sec = 2311.25, Accuracy = 0.66, Loss = 1.093
[2020-11-20 19:12] Train Step 9949/1000000.000000, Batch Size = 64,                     Examples/Sec = 2441.23, Accuracy = 0.67, Loss = 1.085
[2020-11-20 19:12] Train Step 9999/1000000.000000, Batch Size = 64,                     Examples/Sec = 2346.81, Accuracy = 0.67, Loss = 1.088
[2020-11-20 19:12] Train Step 10049/1000000.000000, Batch Size = 64,                     Examples/Sec = 2254.40, Accuracy = 0.64, Loss = 1.130
[2020-11-20 19:12] Train Step 10099/1000000.000000, Batch Size = 64,                     Examples/Sec = 2470.12, Accuracy = 0.66, Loss = 1.101
[2020-11-20 19:12] Train Step 10149/1000000.000000, Batch Size = 64,                     Examples/Sec = 2520.99, Accuracy = 0.64, Loss = 1.148
[2020-11-20 19:12] Train Step 10199/1000000.000000, Batch Size = 64,                     Examples/Sec = 2263.92, Accuracy = 0.67, Loss = 1.055
[2020-11-20 19:12] Train Step 10249/1000000.000000, Batch Size = 64,                     Examples/Sec = 2437.82, Accuracy = 0.66, Loss = 1.107
[2020-11-20 19:12] Train Step 10299/1000000.000000, Batch Size = 64,                     Examples/Sec = 2345.32, Accuracy = 0.65, Loss = 1.132
[2020-11-20 19:12] Train Step 10349/1000000.000000, Batch Size = 64,                     Examples/Sec = 2405.70, Accuracy = 0.67, Loss = 1.074
[2020-11-20 19:12] Train Step 10399/1000000.000000, Batch Size = 64,                     Examples/Sec = 2311.59, Accuracy = 0.65, Loss = 1.101
[2020-11-20 19:12] Train Step 10449/1000000.000000, Batch Size = 64,                     Examples/Sec = 2492.48, Accuracy = 0.64, Loss = 1.140
[2020-11-20 19:12] Train Step 10499/1000000.000000, Batch Size = 64,                     Examples/Sec = 2260.15, Accuracy = 0.65, Loss = 1.134
[2020-11-20 19:12] Train Step 10549/1000000.000000, Batch Size = 64,                     Examples/Sec = 2249.01, Accuracy = 0.64, Loss = 1.151
[2020-11-20 19:12] Train Step 10599/1000000.000000, Batch Size = 64,                     Examples/Sec = 2480.67, Accuracy = 0.67, Loss = 1.081
[2020-11-20 19:12] Train Step 10649/1000000.000000, Batch Size = 64,                     Examples/Sec = 2255.44, Accuracy = 0.66, Loss = 1.073
[2020-11-20 19:12] Train Step 10699/1000000.000000, Batch Size = 64,                     Examples/Sec = 2307.04, Accuracy = 0.67, Loss = 1.054
[2020-11-20 19:12] Train Step 10749/1000000.000000, Batch Size = 64,                     Examples/Sec = 2293.10, Accuracy = 0.66, Loss = 1.059
[2020-11-20 19:12] Train Step 10799/1000000.000000, Batch Size = 64,                     Examples/Sec = 2505.07, Accuracy = 0.64, Loss = 1.150
[2020-11-20 19:12] Train Step 10849/1000000.000000, Batch Size = 64,                     Examples/Sec = 2239.16, Accuracy = 0.65, Loss = 1.102
[2020-11-20 19:12] Train Step 10899/1000000.000000, Batch Size = 64,                     Examples/Sec = 2310.45, Accuracy = 0.67, Loss = 1.063
[2020-11-20 19:12] Train Step 10949/1000000.000000, Batch Size = 64,                     Examples/Sec = 2188.99, Accuracy = 0.66, Loss = 1.047
[2020-11-20 19:12] Train Step 10999/1000000.000000, Batch Size = 64,                     Examples/Sec = 2274.51, Accuracy = 0.67, Loss = 1.072
[2020-11-20 19:12] Train Step 11049/1000000.000000, Batch Size = 64,                     Examples/Sec = 2468.37, Accuracy = 0.66, Loss = 1.100
[2020-11-20 19:12] Train Step 11099/1000000.000000, Batch Size = 64,                     Examples/Sec = 2309.74, Accuracy = 0.66, Loss = 1.099
[2020-11-20 19:13] Train Step 11149/1000000.000000, Batch Size = 64,                     Examples/Sec = 2412.75, Accuracy = 0.66, Loss = 1.070
[2020-11-20 19:13] Train Step 11199/1000000.000000, Batch Size = 64,                     Examples/Sec = 2320.22, Accuracy = 0.66, Loss = 1.087
[2020-11-20 19:13] Train Step 11249/1000000.000000, Batch Size = 64,                     Examples/Sec = 2326.94, Accuracy = 0.66, Loss = 1.084
[2020-11-20 19:13] Train Step 11299/1000000.000000, Batch Size = 64,                     Examples/Sec = 2359.91, Accuracy = 0.65, Loss = 1.120
[2020-11-20 19:13] Train Step 11349/1000000.000000, Batch Size = 64,                     Examples/Sec = 2346.48, Accuracy = 0.66, Loss = 1.088
[2020-11-20 19:13] Train Step 11399/1000000.000000, Batch Size = 64,                     Examples/Sec = 2234.34, Accuracy = 0.67, Loss = 1.086
[2020-11-20 19:13] Train Step 11449/1000000.000000, Batch Size = 64,                     Examples/Sec = 2419.67, Accuracy = 0.67, Loss = 1.052
[2020-11-20 19:13] Train Step 11499/1000000.000000, Batch Size = 64,                     Examples/Sec = 2454.31, Accuracy = 0.67, Loss = 1.048
[2020-11-20 19:13] Train Step 11549/1000000.000000, Batch Size = 64,                     Examples/Sec = 2498.86, Accuracy = 0.66, Loss = 1.098
[2020-11-20 19:13] Train Step 11599/1000000.000000, Batch Size = 64,                     Examples/Sec = 2443.25, Accuracy = 0.65, Loss = 1.074
[2020-11-20 19:13] Train Step 11649/1000000.000000, Batch Size = 64,                     Examples/Sec = 2344.87, Accuracy = 0.67, Loss = 1.046
[2020-11-20 19:13] Train Step 11699/1000000.000000, Batch Size = 64,                     Examples/Sec = 2357.55, Accuracy = 0.64, Loss = 1.114
[2020-11-20 19:13] Train Step 11749/1000000.000000, Batch Size = 64,                     Examples/Sec = 2235.86, Accuracy = 0.67, Loss = 1.084
[2020-11-20 19:13] Train Step 11799/1000000.000000, Batch Size = 64,                     Examples/Sec = 2587.63, Accuracy = 0.67, Loss = 1.076
[2020-11-20 19:13] Train Step 11849/1000000.000000, Batch Size = 64,                     Examples/Sec = 2281.18, Accuracy = 0.69, Loss = 1.029
[2020-11-20 19:13] Train Step 11899/1000000.000000, Batch Size = 64,                     Examples/Sec = 2442.72, Accuracy = 0.64, Loss = 1.145
[2020-11-20 19:13] Train Step 11949/1000000.000000, Batch Size = 64,                     Examples/Sec = 2415.60, Accuracy = 0.64, Loss = 1.127
[2020-11-20 19:13] Train Step 11999/1000000.000000, Batch Size = 64,                     Examples/Sec = 2212.57, Accuracy = 0.66, Loss = 1.050
[2020-11-20 19:13] Train Step 12049/1000000.000000, Batch Size = 64,                     Examples/Sec = 2355.56, Accuracy = 0.66, Loss = 1.089
[2020-11-20 19:13] Train Step 12099/1000000.000000, Batch Size = 64,                     Examples/Sec = 2282.21, Accuracy = 0.68, Loss = 1.008
[2020-11-20 19:13] Train Step 12149/1000000.000000, Batch Size = 64,                     Examples/Sec = 2338.70, Accuracy = 0.67, Loss = 1.079
[2020-11-20 19:13] Train Step 12199/1000000.000000, Batch Size = 64,                     Examples/Sec = 2291.17, Accuracy = 0.67, Loss = 1.055
[2020-11-20 19:13] Train Step 12249/1000000.000000, Batch Size = 64,                     Examples/Sec = 2307.83, Accuracy = 0.65, Loss = 1.094
[2020-11-20 19:13] Train Step 12299/1000000.000000, Batch Size = 64,                     Examples/Sec = 2436.47, Accuracy = 0.68, Loss = 1.042
[2020-11-20 19:13] Train Step 12349/1000000.000000, Batch Size = 64,                     Examples/Sec = 2533.46, Accuracy = 0.66, Loss = 1.134
[2020-11-20 19:13] Train Step 12399/1000000.000000, Batch Size = 64,                     Examples/Sec = 2259.92, Accuracy = 0.67, Loss = 1.075
[2020-11-20 19:13] Train Step 12449/1000000.000000, Batch Size = 64,                     Examples/Sec = 2432.80, Accuracy = 0.66, Loss = 1.067
[2020-11-20 19:13] Train Step 12499/1000000.000000, Batch Size = 64,                     Examples/Sec = 2337.03, Accuracy = 0.67, Loss = 1.061
[2020-11-20 19:13] Train Step 12549/1000000.000000, Batch Size = 64,                     Examples/Sec = 2193.98, Accuracy = 0.67, Loss = 1.054
[2020-11-20 19:13] Train Step 12599/1000000.000000, Batch Size = 64,                     Examples/Sec = 2274.80, Accuracy = 0.68, Loss = 1.046
[2020-11-20 19:13] Train Step 12649/1000000.000000, Batch Size = 64,                     Examples/Sec = 2366.11, Accuracy = 0.67, Loss = 1.074
[2020-11-20 19:13] Train Step 12699/1000000.000000, Batch Size = 64,                     Examples/Sec = 2430.29, Accuracy = 0.65, Loss = 1.089
[2020-11-20 19:13] Train Step 12749/1000000.000000, Batch Size = 64,                     Examples/Sec = 2251.64, Accuracy = 0.68, Loss = 1.017
[2020-11-20 19:13] Train Step 12799/1000000.000000, Batch Size = 64,                     Examples/Sec = 2510.88, Accuracy = 0.63, Loss = 1.155
[2020-11-20 19:13] Train Step 12849/1000000.000000, Batch Size = 64,                     Examples/Sec = 2262.49, Accuracy = 0.66, Loss = 1.077
[2020-11-20 19:13] Train Step 12899/1000000.000000, Batch Size = 64,                     Examples/Sec = 2268.84, Accuracy = 0.66, Loss = 1.095
[2020-11-20 19:13] Train Step 12949/1000000.000000, Batch Size = 64,                     Examples/Sec = 2351.75, Accuracy = 0.66, Loss = 1.110
[2020-11-20 19:13] Train Step 12999/1000000.000000, Batch Size = 64,                     Examples/Sec = 2270.60, Accuracy = 0.67, Loss = 1.049
[2020-11-20 19:13] Train Step 13049/1000000.000000, Batch Size = 64,                     Examples/Sec = 2461.13, Accuracy = 0.67, Loss = 1.062
[2020-11-20 19:13] Train Step 13099/1000000.000000, Batch Size = 64,                     Examples/Sec = 2369.04, Accuracy = 0.66, Loss = 1.103
[2020-11-20 19:14] Train Step 13149/1000000.000000, Batch Size = 64,                     Examples/Sec = 2296.34, Accuracy = 0.66, Loss = 1.120
[2020-11-20 19:14] Train Step 13199/1000000.000000, Batch Size = 64,                     Examples/Sec = 2432.27, Accuracy = 0.68, Loss = 1.041
[2020-11-20 19:14] Train Step 13249/1000000.000000, Batch Size = 64,                     Examples/Sec = 2404.39, Accuracy = 0.64, Loss = 1.100
[2020-11-20 19:14] Train Step 13299/1000000.000000, Batch Size = 64,                     Examples/Sec = 2338.47, Accuracy = 0.66, Loss = 1.073
[2020-11-20 19:14] Train Step 13349/1000000.000000, Batch Size = 64,                     Examples/Sec = 2217.87, Accuracy = 0.64, Loss = 1.091
[2020-11-20 19:14] Train Step 13399/1000000.000000, Batch Size = 64,                     Examples/Sec = 2339.55, Accuracy = 0.67, Loss = 1.082
[2020-11-20 19:14] Train Step 13449/1000000.000000, Batch Size = 64,                     Examples/Sec = 2348.35, Accuracy = 0.67, Loss = 1.047
[2020-11-20 19:14] Train Step 13499/1000000.000000, Batch Size = 64,                     Examples/Sec = 2255.97, Accuracy = 0.64, Loss = 1.124
[2020-11-20 19:14] Train Step 13549/1000000.000000, Batch Size = 64,                     Examples/Sec = 2321.32, Accuracy = 0.67, Loss = 1.046
[2020-11-20 19:14] Train Step 13599/1000000.000000, Batch Size = 64,                     Examples/Sec = 2435.58, Accuracy = 0.66, Loss = 1.087
[2020-11-20 19:14] Train Step 13649/1000000.000000, Batch Size = 64,                     Examples/Sec = 2357.12, Accuracy = 0.66, Loss = 1.087
[2020-11-20 19:14] Train Step 13699/1000000.000000, Batch Size = 64,                     Examples/Sec = 2173.43, Accuracy = 0.68, Loss = 1.037
[2020-11-20 19:14] Train Step 13749/1000000.000000, Batch Size = 64,                     Examples/Sec = 2515.49, Accuracy = 0.66, Loss = 1.085
[2020-11-20 19:14] Train Step 13799/1000000.000000, Batch Size = 64,                     Examples/Sec = 2440.59, Accuracy = 0.65, Loss = 1.093
[2020-11-20 19:14] Train Step 13849/1000000.000000, Batch Size = 64,                     Examples/Sec = 2513.04, Accuracy = 0.68, Loss = 1.041
[2020-11-20 19:14] Train Step 13899/1000000.000000, Batch Size = 64,                     Examples/Sec = 2527.97, Accuracy = 0.66, Loss = 1.067
[2020-11-20 19:14] Train Step 13949/1000000.000000, Batch Size = 64,                     Examples/Sec = 2628.94, Accuracy = 0.64, Loss = 1.151
[2020-11-20 19:14] Train Step 13999/1000000.000000, Batch Size = 64,                     Examples/Sec = 2408.08, Accuracy = 0.66, Loss = 1.079
[2020-11-20 19:14] Train Step 14049/1000000.000000, Batch Size = 64,                     Examples/Sec = 2291.72, Accuracy = 0.68, Loss = 1.037
[2020-11-20 19:14] Train Step 14099/1000000.000000, Batch Size = 64,                     Examples/Sec = 2425.24, Accuracy = 0.69, Loss = 0.975
[2020-11-20 19:14] Train Step 14149/1000000.000000, Batch Size = 64,                     Examples/Sec = 2297.40, Accuracy = 0.64, Loss = 1.133
[2020-11-20 19:14] Train Step 14199/1000000.000000, Batch Size = 64,                     Examples/Sec = 2427.28, Accuracy = 0.67, Loss = 1.057
[2020-11-20 19:14] Train Step 14249/1000000.000000, Batch Size = 64,                     Examples/Sec = 2433.51, Accuracy = 0.66, Loss = 1.053
[2020-11-20 19:14] Train Step 14299/1000000.000000, Batch Size = 64,                     Examples/Sec = 2336.84, Accuracy = 0.66, Loss = 1.096
[2020-11-20 19:14] Train Step 14349/1000000.000000, Batch Size = 64,                     Examples/Sec = 2190.58, Accuracy = 0.68, Loss = 1.014
[2020-11-20 19:14] Train Step 14399/1000000.000000, Batch Size = 64,                     Examples/Sec = 2270.95, Accuracy = 0.68, Loss = 1.095
[2020-11-20 19:14] Train Step 14449/1000000.000000, Batch Size = 64,                     Examples/Sec = 2420.08, Accuracy = 0.68, Loss = 1.028
[2020-11-20 19:14] Train Step 14499/1000000.000000, Batch Size = 64,                     Examples/Sec = 2273.53, Accuracy = 0.68, Loss = 1.073
[2020-11-20 19:14] Train Step 14549/1000000.000000, Batch Size = 64,                     Examples/Sec = 2328.29, Accuracy = 0.66, Loss = 1.067
[2020-11-20 19:14] Train Step 14599/1000000.000000, Batch Size = 64,                     Examples/Sec = 2487.86, Accuracy = 0.66, Loss = 1.068
[2020-11-20 19:14] Train Step 14649/1000000.000000, Batch Size = 64,                     Examples/Sec = 2283.60, Accuracy = 0.66, Loss = 1.087
[2020-11-20 19:14] Train Step 14699/1000000.000000, Batch Size = 64,                     Examples/Sec = 2315.76, Accuracy = 0.67, Loss = 1.058
[2020-11-20 19:14] Train Step 14749/1000000.000000, Batch Size = 64,                     Examples/Sec = 2367.13, Accuracy = 0.70, Loss = 1.014
[2020-11-20 19:14] Train Step 14799/1000000.000000, Batch Size = 64,                     Examples/Sec = 2326.27, Accuracy = 0.66, Loss = 1.059
[2020-11-20 19:14] Train Step 14849/1000000.000000, Batch Size = 64,                     Examples/Sec = 2192.37, Accuracy = 0.67, Loss = 1.047
[2020-11-20 19:14] Train Step 14899/1000000.000000, Batch Size = 64,                     Examples/Sec = 2240.75, Accuracy = 0.66, Loss = 1.065
[2020-11-20 19:14] Train Step 14949/1000000.000000, Batch Size = 64,                     Examples/Sec = 2284.05, Accuracy = 0.66, Loss = 1.079
[2020-11-20 19:14] Train Step 14999/1000000.000000, Batch Size = 64,                     Examples/Sec = 2441.23, Accuracy = 0.66, Loss = 1.076
[2020-11-20 19:14] Train Step 15049/1000000.000000, Batch Size = 64,                     Examples/Sec = 2270.34, Accuracy = 0.68, Loss = 1.040
[2020-11-20 19:15] Train Step 15099/1000000.000000, Batch Size = 64,                     Examples/Sec = 2365.24, Accuracy = 0.68, Loss = 1.076
[2020-11-20 19:15] Train Step 15149/1000000.000000, Batch Size = 64,                     Examples/Sec = 2439.92, Accuracy = 0.68, Loss = 1.018
[2020-11-20 19:15] Train Step 15199/1000000.000000, Batch Size = 64,                     Examples/Sec = 2350.78, Accuracy = 0.67, Loss = 1.067
[2020-11-20 19:15] Train Step 15249/1000000.000000, Batch Size = 64,                     Examples/Sec = 2252.28, Accuracy = 0.64, Loss = 1.144
[2020-11-20 19:15] Train Step 15299/1000000.000000, Batch Size = 64,                     Examples/Sec = 2426.16, Accuracy = 0.65, Loss = 1.099
[2020-11-20 19:15] Train Step 15349/1000000.000000, Batch Size = 64,                     Examples/Sec = 2371.97, Accuracy = 0.67, Loss = 1.048
[2020-11-20 19:15] Train Step 15399/1000000.000000, Batch Size = 64,                     Examples/Sec = 2254.04, Accuracy = 0.68, Loss = 1.068
[2020-11-20 19:15] Train Step 15449/1000000.000000, Batch Size = 64,                     Examples/Sec = 2445.68, Accuracy = 0.66, Loss = 1.063
[2020-11-20 19:15] Train Step 15499/1000000.000000, Batch Size = 64,                     Examples/Sec = 2463.34, Accuracy = 0.66, Loss = 1.077
[2020-11-20 19:15] Train Step 15549/1000000.000000, Batch Size = 64,                     Examples/Sec = 2360.22, Accuracy = 0.67, Loss = 1.091
[2020-11-20 19:15] Train Step 15599/1000000.000000, Batch Size = 64,                     Examples/Sec = 2295.91, Accuracy = 0.70, Loss = 0.999
[2020-11-20 19:15] Train Step 15649/1000000.000000, Batch Size = 64,                     Examples/Sec = 2353.83, Accuracy = 0.66, Loss = 1.075
[2020-11-20 19:15] Train Step 15699/1000000.000000, Batch Size = 64,                     Examples/Sec = 2297.17, Accuracy = 0.69, Loss = 1.019
[2020-11-20 19:15] Train Step 15749/1000000.000000, Batch Size = 64,                     Examples/Sec = 2441.01, Accuracy = 0.66, Loss = 1.116
[2020-11-20 19:15] Train Step 15799/1000000.000000, Batch Size = 64,                     Examples/Sec = 2526.45, Accuracy = 0.67, Loss = 1.062
[2020-11-20 19:15] Train Step 15849/1000000.000000, Batch Size = 64,                     Examples/Sec = 2300.73, Accuracy = 0.68, Loss = 1.025
[2020-11-20 19:15] Train Step 15899/1000000.000000, Batch Size = 64,                     Examples/Sec = 2322.15, Accuracy = 0.69, Loss = 1.026
[2020-11-20 19:15] Train Step 15949/1000000.000000, Batch Size = 64,                     Examples/Sec = 2318.34, Accuracy = 0.69, Loss = 0.987
[2020-11-20 19:15] Train Step 15999/1000000.000000, Batch Size = 64,                     Examples/Sec = 2324.02, Accuracy = 0.69, Loss = 1.004
[2020-11-20 19:15] Train Step 16049/1000000.000000, Batch Size = 64,                     Examples/Sec = 2316.56, Accuracy = 0.66, Loss = 1.072
[2020-11-20 19:15] Train Step 16099/1000000.000000, Batch Size = 64,                     Examples/Sec = 2260.91, Accuracy = 0.67, Loss = 1.090
[2020-11-20 19:15] Train Step 16149/1000000.000000, Batch Size = 64,                     Examples/Sec = 2379.43, Accuracy = 0.69, Loss = 0.981
[2020-11-20 19:15] Train Step 16199/1000000.000000, Batch Size = 64,                     Examples/Sec = 2308.15, Accuracy = 0.68, Loss = 1.012
[2020-11-20 19:15] Train Step 16249/1000000.000000, Batch Size = 64,                     Examples/Sec = 2260.83, Accuracy = 0.67, Loss = 1.065
[2020-11-20 19:15] Train Step 16299/1000000.000000, Batch Size = 64,                     Examples/Sec = 2438.13, Accuracy = 0.67, Loss = 1.085
[2020-11-20 19:15] Train Step 16349/1000000.000000, Batch Size = 64,                     Examples/Sec = 2198.27, Accuracy = 0.67, Loss = 1.070
[2020-11-20 19:15] Train Step 16399/1000000.000000, Batch Size = 64,                     Examples/Sec = 2367.53, Accuracy = 0.68, Loss = 1.019
[2020-11-20 19:15] Train Step 16449/1000000.000000, Batch Size = 64,                     Examples/Sec = 2278.60, Accuracy = 0.68, Loss = 1.012
[2020-11-20 19:15] Train Step 16499/1000000.000000, Batch Size = 64,                     Examples/Sec = 2443.61, Accuracy = 0.67, Loss = 1.079
[2020-11-20 19:15] Train Step 16549/1000000.000000, Batch Size = 64,                     Examples/Sec = 2255.40, Accuracy = 0.67, Loss = 1.039
[2020-11-20 19:15] Train Step 16599/1000000.000000, Batch Size = 64,                     Examples/Sec = 2186.65, Accuracy = 0.68, Loss = 1.072
[2020-11-20 19:15] Train Step 16649/1000000.000000, Batch Size = 64,                     Examples/Sec = 2404.65, Accuracy = 0.66, Loss = 1.090
[2020-11-20 19:15] Train Step 16699/1000000.000000, Batch Size = 64,                     Examples/Sec = 2274.55, Accuracy = 0.68, Loss = 1.010
[2020-11-20 19:15] Train Step 16749/1000000.000000, Batch Size = 64,                     Examples/Sec = 2300.83, Accuracy = 0.66, Loss = 1.088
[2020-11-20 19:15] Train Step 16799/1000000.000000, Batch Size = 64,                     Examples/Sec = 2300.49, Accuracy = 0.67, Loss = 1.062
[2020-11-20 19:15] Train Step 16849/1000000.000000, Batch Size = 64,                     Examples/Sec = 2257.16, Accuracy = 0.67, Loss = 1.042
[2020-11-20 19:15] Train Step 16899/1000000.000000, Batch Size = 64,                     Examples/Sec = 2257.07, Accuracy = 0.68, Loss = 1.029
[2020-11-20 19:15] Train Step 16949/1000000.000000, Batch Size = 64,                     Examples/Sec = 2314.90, Accuracy = 0.67, Loss = 1.065
[2020-11-20 19:15] Train Step 16999/1000000.000000, Batch Size = 64,                     Examples/Sec = 2322.55, Accuracy = 0.66, Loss = 1.045
[2020-11-20 19:15] Train Step 17049/1000000.000000, Batch Size = 64,                     Examples/Sec = 2254.17, Accuracy = 0.66, Loss = 1.079
[2020-11-20 19:16] Train Step 17099/1000000.000000, Batch Size = 64,                     Examples/Sec = 2372.91, Accuracy = 0.69, Loss = 1.023
[2020-11-20 19:16] Train Step 17149/1000000.000000, Batch Size = 64,                     Examples/Sec = 2342.23, Accuracy = 0.67, Loss = 1.057
[2020-11-20 19:16] Train Step 17199/1000000.000000, Batch Size = 64,                     Examples/Sec = 2294.89, Accuracy = 0.65, Loss = 1.070
[2020-11-20 19:16] Train Step 17249/1000000.000000, Batch Size = 64,                     Examples/Sec = 2430.89, Accuracy = 0.66, Loss = 1.095
[2020-11-20 19:16] Train Step 17299/1000000.000000, Batch Size = 64,                     Examples/Sec = 2257.56, Accuracy = 0.68, Loss = 1.026
[2020-11-20 19:16] Train Step 17349/1000000.000000, Batch Size = 64,                     Examples/Sec = 2252.05, Accuracy = 0.68, Loss = 1.047
[2020-11-20 19:16] Train Step 17399/1000000.000000, Batch Size = 64,                     Examples/Sec = 2249.18, Accuracy = 0.66, Loss = 1.104
[2020-11-20 19:16] Train Step 17449/1000000.000000, Batch Size = 64,                     Examples/Sec = 2567.46, Accuracy = 0.66, Loss = 1.068
[2020-11-20 19:16] Train Step 17499/1000000.000000, Batch Size = 64,                     Examples/Sec = 2260.07, Accuracy = 0.67, Loss = 1.058
[2020-11-20 19:16] Train Step 17549/1000000.000000, Batch Size = 64,                     Examples/Sec = 2330.43, Accuracy = 0.68, Loss = 1.018
[2020-11-20 19:16] Train Step 17599/1000000.000000, Batch Size = 64,                     Examples/Sec = 2320.06, Accuracy = 0.67, Loss = 1.057
[2020-11-20 19:16] Train Step 17649/1000000.000000, Batch Size = 64,                     Examples/Sec = 2508.67, Accuracy = 0.67, Loss = 1.087
[2020-11-20 19:16] Train Step 17699/1000000.000000, Batch Size = 64,                     Examples/Sec = 2249.79, Accuracy = 0.69, Loss = 1.035
[2020-11-20 19:16] Train Step 17749/1000000.000000, Batch Size = 64,                     Examples/Sec = 2313.86, Accuracy = 0.68, Loss = 1.038
[2020-11-20 19:16] Train Step 17799/1000000.000000, Batch Size = 64,                     Examples/Sec = 2320.56, Accuracy = 0.67, Loss = 1.037
[2020-11-20 19:16] Train Step 17849/1000000.000000, Batch Size = 64,                     Examples/Sec = 2264.57, Accuracy = 0.68, Loss = 1.008
[2020-11-20 19:16] Train Step 17899/1000000.000000, Batch Size = 64,                     Examples/Sec = 2326.72, Accuracy = 0.67, Loss = 1.052
Done training.
