Namespace(batch_size=64, device='cuda', dropout_keep_prob=1.0, learning_rate=0.002, learning_rate_decay=0.96, learning_rate_step=5000, lstm_num_hidden=256, lstm_num_layers=2, max_epochs=5, max_norm=5.0, print_every=50, sample_every=1000, seq_length=30, summary_path='./summaries/', train_steps=20000, txt_file='./assets/book_EN_grimms_fairy_tails.txt')
Device: cuda
Txt file: ./assets/book_EN_grimms_fairy_tails.txt
Initialize dataset with 550595 characters, 91 unique.
[2020-11-27 15:56] EPOCH 0 Train Step 0049/20000, Batch Size = 64,                         Examples/Sec = 2110.26, Accuracy = 0.29, Loss = 2.681
[2020-11-27 15:56] EPOCH 0 Train Step 0099/20000, Batch Size = 64,                         Examples/Sec = 2200.15, Accuracy = 0.36, Loss = 2.316
[2020-11-27 15:56] EPOCH 0 Train Step 0149/20000, Batch Size = 64,                         Examples/Sec = 2053.47, Accuracy = 0.41, Loss = 2.041
[2020-11-27 15:56] EPOCH 0 Train Step 0199/20000, Batch Size = 64,                         Examples/Sec = 2661.04, Accuracy = 0.43, Loss = 1.954
[2020-11-27 15:56] EPOCH 0 Train Step 0249/20000, Batch Size = 64,                         Examples/Sec = 2123.68, Accuracy = 0.47, Loss = 1.845
[2020-11-27 15:56] EPOCH 0 Train Step 0299/20000, Batch Size = 64,                         Examples/Sec = 2252.90, Accuracy = 0.49, Loss = 1.756
[2020-11-27 15:56] EPOCH 0 Train Step 0349/20000, Batch Size = 64,                         Examples/Sec = 2191.65, Accuracy = 0.49, Loss = 1.759
[2020-11-27 15:56] EPOCH 0 Train Step 0399/20000, Batch Size = 64,                         Examples/Sec = 2189.40, Accuracy = 0.50, Loss = 1.736
[2020-11-27 15:56] EPOCH 0 Train Step 0449/20000, Batch Size = 64,                         Examples/Sec = 2133.66, Accuracy = 0.49, Loss = 1.696
[2020-11-27 15:56] EPOCH 0 Train Step 0499/20000, Batch Size = 64,                         Examples/Sec = 2175.27, Accuracy = 0.50, Loss = 1.672
[2020-11-27 15:56] EPOCH 0 Train Step 0549/20000, Batch Size = 64,                         Examples/Sec = 2225.83, Accuracy = 0.54, Loss = 1.556
[2020-11-27 15:56] EPOCH 0 Train Step 0599/20000, Batch Size = 64,                         Examples/Sec = 2089.50, Accuracy = 0.53, Loss = 1.553
[2020-11-27 15:56] EPOCH 0 Train Step 0649/20000, Batch Size = 64,                         Examples/Sec = 2155.87, Accuracy = 0.55, Loss = 1.563
[2020-11-27 15:56] EPOCH 0 Train Step 0699/20000, Batch Size = 64,                         Examples/Sec = 2253.62, Accuracy = 0.52, Loss = 1.594
[2020-11-27 15:56] EPOCH 0 Train Step 0749/20000, Batch Size = 64,                         Examples/Sec = 2185.83, Accuracy = 0.54, Loss = 1.558
[2020-11-27 15:56] EPOCH 0 Train Step 0799/20000, Batch Size = 64,                         Examples/Sec = 2149.82, Accuracy = 0.55, Loss = 1.551
[2020-11-27 15:56] EPOCH 0 Train Step 0849/20000, Batch Size = 64,                         Examples/Sec = 2081.93, Accuracy = 0.58, Loss = 1.412
[2020-11-27 15:56] EPOCH 0 Train Step 0899/20000, Batch Size = 64,                         Examples/Sec = 1921.89, Accuracy = 0.55, Loss = 1.469
[2020-11-27 15:56] EPOCH 0 Train Step 0949/20000, Batch Size = 64,                         Examples/Sec = 1961.39, Accuracy = 0.55, Loss = 1.502
[2020-11-27 15:56] EPOCH 0 Train Step 0999/20000, Batch Size = 64,                         Examples/Sec = 2099.25, Accuracy = 0.55, Loss = 1.513
[2020-11-27 15:56] EPOCH 0 Train Step 1049/20000, Batch Size = 64,                         Examples/Sec = 2118.57, Accuracy = 0.56, Loss = 1.472
[2020-11-27 15:56] EPOCH 0 Train Step 1099/20000, Batch Size = 64,                         Examples/Sec = 2314.40, Accuracy = 0.56, Loss = 1.438
[2020-11-27 15:56] EPOCH 0 Train Step 1149/20000, Batch Size = 64,                         Examples/Sec = 2156.97, Accuracy = 0.55, Loss = 1.490
[2020-11-27 15:56] EPOCH 0 Train Step 1199/20000, Batch Size = 64,                         Examples/Sec = 2521.02, Accuracy = 0.55, Loss = 1.438
[2020-11-27 15:56] EPOCH 0 Train Step 1249/20000, Batch Size = 64,                         Examples/Sec = 2329.78, Accuracy = 0.58, Loss = 1.390
[2020-11-27 15:56] EPOCH 0 Train Step 1299/20000, Batch Size = 64,                         Examples/Sec = 2507.15, Accuracy = 0.59, Loss = 1.349
[2020-11-27 15:56] EPOCH 0 Train Step 1349/20000, Batch Size = 64,                         Examples/Sec = 2180.15, Accuracy = 0.57, Loss = 1.436
[2020-11-27 15:56] EPOCH 0 Train Step 1399/20000, Batch Size = 64,                         Examples/Sec = 2253.66, Accuracy = 0.59, Loss = 1.348
[2020-11-27 15:56] EPOCH 0 Train Step 1449/20000, Batch Size = 64,                         Examples/Sec = 2158.14, Accuracy = 0.59, Loss = 1.378
[2020-11-27 15:56] EPOCH 0 Train Step 1499/20000, Batch Size = 64,                         Examples/Sec = 2176.02, Accuracy = 0.58, Loss = 1.381
[2020-11-27 15:56] EPOCH 0 Train Step 1549/20000, Batch Size = 64,                         Examples/Sec = 2303.73, Accuracy = 0.60, Loss = 1.292
[2020-11-27 15:56] EPOCH 0 Train Step 1599/20000, Batch Size = 64,                         Examples/Sec = 2506.80, Accuracy = 0.58, Loss = 1.393
[2020-11-27 15:56] EPOCH 0 Train Step 1649/20000, Batch Size = 64,                         Examples/Sec = 2185.14, Accuracy = 0.60, Loss = 1.286
[2020-11-27 15:56] EPOCH 0 Train Step 1699/20000, Batch Size = 64,                         Examples/Sec = 2396.32, Accuracy = 0.60, Loss = 1.315
[2020-11-27 15:56] EPOCH 0 Train Step 1749/20000, Batch Size = 64,                         Examples/Sec = 2399.57, Accuracy = 0.59, Loss = 1.355
[2020-11-27 15:56] EPOCH 0 Train Step 1799/20000, Batch Size = 64,                         Examples/Sec = 2463.84, Accuracy = 0.59, Loss = 1.377
[2020-11-27 15:57] EPOCH 0 Train Step 1849/20000, Batch Size = 64,                         Examples/Sec = 2324.00, Accuracy = 0.59, Loss = 1.320
[2020-11-27 15:57] EPOCH 0 Train Step 1899/20000, Batch Size = 64,                         Examples/Sec = 1891.18, Accuracy = 0.60, Loss = 1.308
[2020-11-27 15:57] EPOCH 0 Train Step 1949/20000, Batch Size = 64,                         Examples/Sec = 1973.99, Accuracy = 0.59, Loss = 1.347
[2020-11-27 15:57] EPOCH 0 Train Step 1999/20000, Batch Size = 64,                         Examples/Sec = 2056.03, Accuracy = 0.61, Loss = 1.310
[2020-11-27 15:57] EPOCH 0 Train Step 2049/20000, Batch Size = 64,                         Examples/Sec = 2046.14, Accuracy = 0.60, Loss = 1.295
[2020-11-27 15:57] EPOCH 0 Train Step 2099/20000, Batch Size = 64,                         Examples/Sec = 1918.29, Accuracy = 0.60, Loss = 1.286
[2020-11-27 15:57] EPOCH 0 Train Step 2149/20000, Batch Size = 64,                         Examples/Sec = 2312.64, Accuracy = 0.60, Loss = 1.316
[2020-11-27 15:57] EPOCH 0 Train Step 2199/20000, Batch Size = 64,                         Examples/Sec = 2104.27, Accuracy = 0.61, Loss = 1.301
[2020-11-27 15:57] EPOCH 0 Train Step 2249/20000, Batch Size = 64,                         Examples/Sec = 1910.26, Accuracy = 0.60, Loss = 1.286
[2020-11-27 15:57] EPOCH 0 Train Step 2299/20000, Batch Size = 64,                         Examples/Sec = 2412.47, Accuracy = 0.59, Loss = 1.307
[2020-11-27 15:57] EPOCH 0 Train Step 2349/20000, Batch Size = 64,                         Examples/Sec = 2381.29, Accuracy = 0.58, Loss = 1.340
[2020-11-27 15:57] EPOCH 0 Train Step 2399/20000, Batch Size = 64,                         Examples/Sec = 2147.29, Accuracy = 0.62, Loss = 1.231
[2020-11-27 15:57] EPOCH 0 Train Step 2449/20000, Batch Size = 64,                         Examples/Sec = 2458.97, Accuracy = 0.60, Loss = 1.288
[2020-11-27 15:57] EPOCH 0 Train Step 2499/20000, Batch Size = 64,                         Examples/Sec = 2230.68, Accuracy = 0.60, Loss = 1.247
[2020-11-27 15:57] EPOCH 0 Train Step 2549/20000, Batch Size = 64,                         Examples/Sec = 2347.33, Accuracy = 0.59, Loss = 1.307
[2020-11-27 15:57] EPOCH 0 Train Step 2599/20000, Batch Size = 64,                         Examples/Sec = 2140.45, Accuracy = 0.59, Loss = 1.337
[2020-11-27 15:57] EPOCH 0 Train Step 2649/20000, Batch Size = 64,                         Examples/Sec = 2149.96, Accuracy = 0.58, Loss = 1.322
[2020-11-27 15:57] EPOCH 0 Train Step 2699/20000, Batch Size = 64,                         Examples/Sec = 2168.37, Accuracy = 0.61, Loss = 1.238
[2020-11-27 15:57] EPOCH 0 Train Step 2749/20000, Batch Size = 64,                         Examples/Sec = 2195.11, Accuracy = 0.62, Loss = 1.201
[2020-11-27 15:57] EPOCH 0 Train Step 2799/20000, Batch Size = 64,                         Examples/Sec = 2182.97, Accuracy = 0.61, Loss = 1.253
[2020-11-27 15:57] EPOCH 0 Train Step 2849/20000, Batch Size = 64,                         Examples/Sec = 2193.35, Accuracy = 0.62, Loss = 1.225
[2020-11-27 15:57] EPOCH 0 Train Step 2899/20000, Batch Size = 64,                         Examples/Sec = 2223.16, Accuracy = 0.62, Loss = 1.231
[2020-11-27 15:57] EPOCH 0 Train Step 2949/20000, Batch Size = 64,                         Examples/Sec = 2360.85, Accuracy = 0.59, Loss = 1.300
[2020-11-27 15:57] EPOCH 0 Train Step 2999/20000, Batch Size = 64,                         Examples/Sec = 2268.53, Accuracy = 0.61, Loss = 1.268
[2020-11-27 15:57] EPOCH 0 Train Step 3049/20000, Batch Size = 64,                         Examples/Sec = 2319.66, Accuracy = 0.61, Loss = 1.285
[2020-11-27 15:57] EPOCH 0 Train Step 3099/20000, Batch Size = 64,                         Examples/Sec = 2205.15, Accuracy = 0.63, Loss = 1.198
[2020-11-27 15:57] EPOCH 0 Train Step 3149/20000, Batch Size = 64,                         Examples/Sec = 2449.07, Accuracy = 0.61, Loss = 1.226
[2020-11-27 15:57] EPOCH 0 Train Step 3199/20000, Batch Size = 64,                         Examples/Sec = 2260.74, Accuracy = 0.60, Loss = 1.250
[2020-11-27 15:57] EPOCH 0 Train Step 3249/20000, Batch Size = 64,                         Examples/Sec = 2173.37, Accuracy = 0.60, Loss = 1.268
[2020-11-27 15:57] EPOCH 0 Train Step 3299/20000, Batch Size = 64,                         Examples/Sec = 1982.68, Accuracy = 0.61, Loss = 1.255
[2020-11-27 15:57] EPOCH 0 Train Step 3349/20000, Batch Size = 64,                         Examples/Sec = 1872.93, Accuracy = 0.61, Loss = 1.283
[2020-11-27 15:57] EPOCH 0 Train Step 3399/20000, Batch Size = 64,                         Examples/Sec = 2114.86, Accuracy = 0.62, Loss = 1.205
[2020-11-27 15:57] EPOCH 0 Train Step 3449/20000, Batch Size = 64,                         Examples/Sec = 2150.03, Accuracy = 0.61, Loss = 1.223
[2020-11-27 15:57] EPOCH 0 Train Step 3499/20000, Batch Size = 64,                         Examples/Sec = 2099.65, Accuracy = 0.62, Loss = 1.204
[2020-11-27 15:57] EPOCH 0 Train Step 3549/20000, Batch Size = 64,                         Examples/Sec = 2236.01, Accuracy = 0.63, Loss = 1.207
[2020-11-27 15:57] EPOCH 0 Train Step 3599/20000, Batch Size = 64,                         Examples/Sec = 2462.33, Accuracy = 0.63, Loss = 1.207
[2020-11-27 15:58] EPOCH 0 Train Step 3649/20000, Batch Size = 64,                         Examples/Sec = 2221.14, Accuracy = 0.62, Loss = 1.231
[2020-11-27 15:58] EPOCH 0 Train Step 3699/20000, Batch Size = 64,                         Examples/Sec = 2480.12, Accuracy = 0.62, Loss = 1.196
[2020-11-27 15:58] EPOCH 0 Train Step 3749/20000, Batch Size = 64,                         Examples/Sec = 2405.16, Accuracy = 0.61, Loss = 1.245
[2020-11-27 15:58] EPOCH 0 Train Step 3799/20000, Batch Size = 64,                         Examples/Sec = 2125.99, Accuracy = 0.62, Loss = 1.216
[2020-11-27 15:58] EPOCH 0 Train Step 3849/20000, Batch Size = 64,                         Examples/Sec = 2218.95, Accuracy = 0.63, Loss = 1.199
[2020-11-27 15:58] EPOCH 0 Train Step 3899/20000, Batch Size = 64,                         Examples/Sec = 2541.28, Accuracy = 0.62, Loss = 1.182
[2020-11-27 15:58] EPOCH 0 Train Step 3949/20000, Batch Size = 64,                         Examples/Sec = 2247.13, Accuracy = 0.62, Loss = 1.198
[2020-11-27 15:58] EPOCH 0 Train Step 3999/20000, Batch Size = 64,                         Examples/Sec = 2078.08, Accuracy = 0.63, Loss = 1.201
[2020-11-27 15:58] EPOCH 0 Train Step 4049/20000, Batch Size = 64,                         Examples/Sec = 1955.98, Accuracy = 0.62, Loss = 1.253
[2020-11-27 15:58] EPOCH 0 Train Step 4099/20000, Batch Size = 64,                         Examples/Sec = 2087.29, Accuracy = 0.62, Loss = 1.191
[2020-11-27 15:58] EPOCH 0 Train Step 4149/20000, Batch Size = 64,                         Examples/Sec = 2171.35, Accuracy = 0.62, Loss = 1.191
[2020-11-27 15:58] EPOCH 0 Train Step 4199/20000, Batch Size = 64,                         Examples/Sec = 1905.58, Accuracy = 0.64, Loss = 1.200
[2020-11-27 15:58] EPOCH 0 Train Step 4249/20000, Batch Size = 64,                         Examples/Sec = 2086.90, Accuracy = 0.62, Loss = 1.188
[2020-11-27 15:58] EPOCH 0 Train Step 4299/20000, Batch Size = 64,                         Examples/Sec = 2393.77, Accuracy = 0.65, Loss = 1.158
[2020-11-27 15:58] EPOCH 0 Train Step 4349/20000, Batch Size = 64,                         Examples/Sec = 2232.50, Accuracy = 0.64, Loss = 1.144
[2020-11-27 15:58] EPOCH 0 Train Step 4399/20000, Batch Size = 64,                         Examples/Sec = 2375.05, Accuracy = 0.64, Loss = 1.179
[2020-11-27 15:58] EPOCH 0 Train Step 4449/20000, Batch Size = 64,                         Examples/Sec = 2213.24, Accuracy = 0.66, Loss = 1.117
[2020-11-27 15:58] EPOCH 0 Train Step 4499/20000, Batch Size = 64,                         Examples/Sec = 2500.80, Accuracy = 0.65, Loss = 1.135
[2020-11-27 15:58] EPOCH 0 Train Step 4549/20000, Batch Size = 64,                         Examples/Sec = 2418.95, Accuracy = 0.64, Loss = 1.175
[2020-11-27 15:58] EPOCH 0 Train Step 4599/20000, Batch Size = 64,                         Examples/Sec = 2174.27, Accuracy = 0.62, Loss = 1.212
[2020-11-27 15:58] EPOCH 0 Train Step 4649/20000, Batch Size = 64,                         Examples/Sec = 2171.95, Accuracy = 0.64, Loss = 1.113
[2020-11-27 15:58] EPOCH 0 Train Step 4699/20000, Batch Size = 64,                         Examples/Sec = 2354.72, Accuracy = 0.63, Loss = 1.148
[2020-11-27 15:58] EPOCH 0 Train Step 4749/20000, Batch Size = 64,                         Examples/Sec = 1902.04, Accuracy = 0.63, Loss = 1.132
[2020-11-27 15:58] EPOCH 0 Train Step 4799/20000, Batch Size = 64,                         Examples/Sec = 1986.23, Accuracy = 0.66, Loss = 1.139
[2020-11-27 15:58] EPOCH 0 Train Step 4849/20000, Batch Size = 64,                         Examples/Sec = 2397.90, Accuracy = 0.61, Loss = 1.192
[2020-11-27 15:58] EPOCH 0 Train Step 4899/20000, Batch Size = 64,                         Examples/Sec = 2186.94, Accuracy = 0.62, Loss = 1.193
[2020-11-27 15:58] EPOCH 0 Train Step 4949/20000, Batch Size = 64,                         Examples/Sec = 2213.52, Accuracy = 0.62, Loss = 1.198
[2020-11-27 15:58] EPOCH 0 Train Step 4999/20000, Batch Size = 64,                         Examples/Sec = 2442.92, Accuracy = 0.66, Loss = 1.115
[2020-11-27 15:58] EPOCH 0 Train Step 5049/20000, Batch Size = 64,                         Examples/Sec = 2502.47, Accuracy = 0.64, Loss = 1.169
[2020-11-27 15:58] EPOCH 0 Train Step 5099/20000, Batch Size = 64,                         Examples/Sec = 2140.24, Accuracy = 0.65, Loss = 1.131
[2020-11-27 15:58] EPOCH 0 Train Step 5149/20000, Batch Size = 64,                         Examples/Sec = 2117.75, Accuracy = 0.62, Loss = 1.224
[2020-11-27 15:58] EPOCH 0 Train Step 5199/20000, Batch Size = 64,                         Examples/Sec = 2546.29, Accuracy = 0.65, Loss = 1.150
[2020-11-27 15:58] EPOCH 0 Train Step 5249/20000, Batch Size = 64,                         Examples/Sec = 2336.70, Accuracy = 0.63, Loss = 1.219
[2020-11-27 15:58] EPOCH 0 Train Step 5299/20000, Batch Size = 64,                         Examples/Sec = 2526.64, Accuracy = 0.64, Loss = 1.106
[2020-11-27 15:58] EPOCH 0 Train Step 5349/20000, Batch Size = 64,                         Examples/Sec = 2336.76, Accuracy = 0.65, Loss = 1.119
[2020-11-27 15:58] EPOCH 0 Train Step 5399/20000, Batch Size = 64,                         Examples/Sec = 2256.16, Accuracy = 0.65, Loss = 1.148
[2020-11-27 15:59] EPOCH 0 Train Step 5449/20000, Batch Size = 64,                         Examples/Sec = 2141.27, Accuracy = 0.63, Loss = 1.193
[2020-11-27 15:59] EPOCH 0 Train Step 5499/20000, Batch Size = 64,                         Examples/Sec = 1995.51, Accuracy = 0.64, Loss = 1.130
[2020-11-27 15:59] EPOCH 0 Train Step 5549/20000, Batch Size = 64,                         Examples/Sec = 1882.70, Accuracy = 0.64, Loss = 1.161
[2020-11-27 15:59] EPOCH 0 Train Step 5599/20000, Batch Size = 64,                         Examples/Sec = 2205.50, Accuracy = 0.67, Loss = 1.097
[2020-11-27 15:59] EPOCH 0 Train Step 5649/20000, Batch Size = 64,                         Examples/Sec = 2132.50, Accuracy = 0.63, Loss = 1.150
[2020-11-27 15:59] EPOCH 0 Train Step 5699/20000, Batch Size = 64,                         Examples/Sec = 2125.21, Accuracy = 0.64, Loss = 1.165
[2020-11-27 15:59] EPOCH 0 Train Step 5749/20000, Batch Size = 64,                         Examples/Sec = 2145.10, Accuracy = 0.65, Loss = 1.160
[2020-11-27 15:59] EPOCH 0 Train Step 5799/20000, Batch Size = 64,                         Examples/Sec = 2177.15, Accuracy = 0.65, Loss = 1.140
[2020-11-27 15:59] EPOCH 0 Train Step 5849/20000, Batch Size = 64,                         Examples/Sec = 2165.19, Accuracy = 0.64, Loss = 1.127
[2020-11-27 15:59] EPOCH 0 Train Step 5899/20000, Batch Size = 64,                         Examples/Sec = 2304.05, Accuracy = 0.65, Loss = 1.125
[2020-11-27 15:59] EPOCH 0 Train Step 5949/20000, Batch Size = 64,                         Examples/Sec = 2518.18, Accuracy = 0.62, Loss = 1.175
[2020-11-27 15:59] EPOCH 0 Train Step 5999/20000, Batch Size = 64,                         Examples/Sec = 2195.38, Accuracy = 0.62, Loss = 1.187
[2020-11-27 15:59] EPOCH 0 Train Step 6049/20000, Batch Size = 64,                         Examples/Sec = 2514.43, Accuracy = 0.64, Loss = 1.134
[2020-11-27 15:59] EPOCH 0 Train Step 6099/20000, Batch Size = 64,                         Examples/Sec = 2204.03, Accuracy = 0.65, Loss = 1.165
[2020-11-27 15:59] EPOCH 0 Train Step 6149/20000, Batch Size = 64,                         Examples/Sec = 2406.39, Accuracy = 0.64, Loss = 1.120
[2020-11-27 15:59] EPOCH 0 Train Step 6199/20000, Batch Size = 64,                         Examples/Sec = 2151.05, Accuracy = 0.65, Loss = 1.077
[2020-11-27 15:59] EPOCH 0 Train Step 6249/20000, Batch Size = 64,                         Examples/Sec = 2306.78, Accuracy = 0.65, Loss = 1.130
[2020-11-27 15:59] EPOCH 0 Train Step 6299/20000, Batch Size = 64,                         Examples/Sec = 2477.71, Accuracy = 0.64, Loss = 1.139
[2020-11-27 15:59] EPOCH 0 Train Step 6349/20000, Batch Size = 64,                         Examples/Sec = 2165.36, Accuracy = 0.64, Loss = 1.155
[2020-11-27 15:59] EPOCH 0 Train Step 6399/20000, Batch Size = 64,                         Examples/Sec = 2189.45, Accuracy = 0.64, Loss = 1.147
[2020-11-27 15:59] EPOCH 0 Train Step 6449/20000, Batch Size = 64,                         Examples/Sec = 2180.12, Accuracy = 0.64, Loss = 1.157
[2020-11-27 15:59] EPOCH 0 Train Step 6499/20000, Batch Size = 64,                         Examples/Sec = 2395.50, Accuracy = 0.65, Loss = 1.119
[2020-11-27 15:59] EPOCH 0 Train Step 6549/20000, Batch Size = 64,                         Examples/Sec = 1980.61, Accuracy = 0.65, Loss = 1.090
[2020-11-27 15:59] EPOCH 0 Train Step 6599/20000, Batch Size = 64,                         Examples/Sec = 2247.07, Accuracy = 0.66, Loss = 1.093
[2020-11-27 15:59] EPOCH 0 Train Step 6649/20000, Batch Size = 64,                         Examples/Sec = 2329.76, Accuracy = 0.66, Loss = 1.120
[2020-11-27 15:59] EPOCH 0 Train Step 6699/20000, Batch Size = 64,                         Examples/Sec = 2558.97, Accuracy = 0.65, Loss = 1.136
[2020-11-27 15:59] EPOCH 0 Train Step 6749/20000, Batch Size = 64,                         Examples/Sec = 2649.98, Accuracy = 0.67, Loss = 1.058
[2020-11-27 15:59] EPOCH 0 Train Step 6799/20000, Batch Size = 64,                         Examples/Sec = 2316.34, Accuracy = 0.64, Loss = 1.157
[2020-11-27 15:59] EPOCH 0 Train Step 6849/20000, Batch Size = 64,                         Examples/Sec = 2372.91, Accuracy = 0.64, Loss = 1.148
[2020-11-27 15:59] EPOCH 0 Train Step 6899/20000, Batch Size = 64,                         Examples/Sec = 2185.56, Accuracy = 0.67, Loss = 1.050
[2020-11-27 15:59] EPOCH 0 Train Step 6949/20000, Batch Size = 64,                         Examples/Sec = 2153.79, Accuracy = 0.66, Loss = 1.072
[2020-11-27 15:59] EPOCH 0 Train Step 6999/20000, Batch Size = 64,                         Examples/Sec = 2411.93, Accuracy = 0.66, Loss = 1.085
[2020-11-27 15:59] EPOCH 0 Train Step 7049/20000, Batch Size = 64,                         Examples/Sec = 2274.88, Accuracy = 0.65, Loss = 1.081
[2020-11-27 15:59] EPOCH 0 Train Step 7099/20000, Batch Size = 64,                         Examples/Sec = 2317.06, Accuracy = 0.65, Loss = 1.110
[2020-11-27 15:59] EPOCH 0 Train Step 7149/20000, Batch Size = 64,                         Examples/Sec = 2316.36, Accuracy = 0.63, Loss = 1.143
[2020-11-27 15:59] EPOCH 0 Train Step 7199/20000, Batch Size = 64,                         Examples/Sec = 2401.83, Accuracy = 0.64, Loss = 1.156
[2020-11-27 15:59] EPOCH 0 Train Step 7249/20000, Batch Size = 64,                         Examples/Sec = 2173.27, Accuracy = 0.65, Loss = 1.110
[2020-11-27 16:00] EPOCH 0 Train Step 7299/20000, Batch Size = 64,                         Examples/Sec = 2465.18, Accuracy = 0.66, Loss = 1.127
[2020-11-27 16:00] EPOCH 0 Train Step 7349/20000, Batch Size = 64,                         Examples/Sec = 2116.38, Accuracy = 0.67, Loss = 1.083
[2020-11-27 16:00] EPOCH 0 Train Step 7399/20000, Batch Size = 64,                         Examples/Sec = 2502.66, Accuracy = 0.64, Loss = 1.127
[2020-11-27 16:00] EPOCH 0 Train Step 7449/20000, Batch Size = 64,                         Examples/Sec = 2332.74, Accuracy = 0.63, Loss = 1.160
[2020-11-27 16:00] EPOCH 0 Train Step 7499/20000, Batch Size = 64,                         Examples/Sec = 2246.92, Accuracy = 0.66, Loss = 1.080
[2020-11-27 16:00] EPOCH 0 Train Step 7549/20000, Batch Size = 64,                         Examples/Sec = 2297.82, Accuracy = 0.66, Loss = 1.103
[2020-11-27 16:00] EPOCH 0 Train Step 7599/20000, Batch Size = 64,                         Examples/Sec = 2229.77, Accuracy = 0.66, Loss = 1.086
[2020-11-27 16:00] EPOCH 0 Train Step 7649/20000, Batch Size = 64,                         Examples/Sec = 2493.22, Accuracy = 0.65, Loss = 1.091
[2020-11-27 16:00] EPOCH 0 Train Step 7699/20000, Batch Size = 64,                         Examples/Sec = 2197.64, Accuracy = 0.65, Loss = 1.124
[2020-11-27 16:00] EPOCH 0 Train Step 7749/20000, Batch Size = 64,                         Examples/Sec = 2290.99, Accuracy = 0.66, Loss = 1.082
[2020-11-27 16:00] EPOCH 0 Train Step 7799/20000, Batch Size = 64,                         Examples/Sec = 2092.79, Accuracy = 0.65, Loss = 1.093
[2020-11-27 16:00] EPOCH 0 Train Step 7849/20000, Batch Size = 64,                         Examples/Sec = 2172.86, Accuracy = 0.62, Loss = 1.156
[2020-11-27 16:00] EPOCH 0 Train Step 7899/20000, Batch Size = 64,                         Examples/Sec = 2354.12, Accuracy = 0.66, Loss = 1.073
[2020-11-27 16:00] EPOCH 0 Train Step 7949/20000, Batch Size = 64,                         Examples/Sec = 2228.51, Accuracy = 0.66, Loss = 1.059
[2020-11-27 16:00] EPOCH 0 Train Step 7999/20000, Batch Size = 64,                         Examples/Sec = 2528.16, Accuracy = 0.66, Loss = 1.063
[2020-11-27 16:00] EPOCH 0 Train Step 8049/20000, Batch Size = 64,                         Examples/Sec = 2307.45, Accuracy = 0.66, Loss = 1.061
[2020-11-27 16:00] EPOCH 0 Train Step 8099/20000, Batch Size = 64,                         Examples/Sec = 2229.90, Accuracy = 0.67, Loss = 1.074
[2020-11-27 16:00] EPOCH 0 Train Step 8149/20000, Batch Size = 64,                         Examples/Sec = 2639.85, Accuracy = 0.64, Loss = 1.108
[2020-11-27 16:00] EPOCH 0 Train Step 8199/20000, Batch Size = 64,                         Examples/Sec = 2468.26, Accuracy = 0.65, Loss = 1.101
[2020-11-27 16:00] EPOCH 0 Train Step 8249/20000, Batch Size = 64,                         Examples/Sec = 2084.03, Accuracy = 0.65, Loss = 1.098
[2020-11-27 16:00] EPOCH 0 Train Step 8299/20000, Batch Size = 64,                         Examples/Sec = 1926.63, Accuracy = 0.68, Loss = 1.032
[2020-11-27 16:00] EPOCH 0 Train Step 8349/20000, Batch Size = 64,                         Examples/Sec = 2000.43, Accuracy = 0.67, Loss = 1.067
[2020-11-27 16:00] EPOCH 0 Train Step 8399/20000, Batch Size = 64,                         Examples/Sec = 1855.72, Accuracy = 0.67, Loss = 1.041
[2020-11-27 16:00] EPOCH 0 Train Step 8449/20000, Batch Size = 64,                         Examples/Sec = 2137.40, Accuracy = 0.66, Loss = 1.040
[2020-11-27 16:00] EPOCH 0 Train Step 8499/20000, Batch Size = 64,                         Examples/Sec = 2435.21, Accuracy = 0.65, Loss = 1.067
[2020-11-27 16:00] EPOCH 0 Train Step 8549/20000, Batch Size = 64,                         Examples/Sec = 2419.14, Accuracy = 0.66, Loss = 1.078
[2020-11-27 16:00] EPOCH 0 Train Step 8599/20000, Batch Size = 64,                         Examples/Sec = 2472.99, Accuracy = 0.67, Loss = 1.061
[2020-11-27 16:00] EPOCH 1 Train Step 8649/20000, Batch Size = 64,                         Examples/Sec = 2324.60, Accuracy = 0.67, Loss = 1.037
[2020-11-27 16:00] EPOCH 1 Train Step 8699/20000, Batch Size = 64,                         Examples/Sec = 2349.38, Accuracy = 0.67, Loss = 1.027
[2020-11-27 16:00] EPOCH 1 Train Step 8749/20000, Batch Size = 64,                         Examples/Sec = 2124.54, Accuracy = 0.67, Loss = 1.057
[2020-11-27 16:00] EPOCH 1 Train Step 8799/20000, Batch Size = 64,                         Examples/Sec = 2206.73, Accuracy = 0.66, Loss = 1.074
[2020-11-27 16:00] EPOCH 1 Train Step 8849/20000, Batch Size = 64,                         Examples/Sec = 2403.20, Accuracy = 0.66, Loss = 1.097
[2020-11-27 16:00] EPOCH 1 Train Step 8899/20000, Batch Size = 64,                         Examples/Sec = 2008.81, Accuracy = 0.66, Loss = 1.075
[2020-11-27 16:00] EPOCH 1 Train Step 8949/20000, Batch Size = 64,                         Examples/Sec = 2213.74, Accuracy = 0.65, Loss = 1.092
[2020-11-27 16:00] EPOCH 1 Train Step 8999/20000, Batch Size = 64,                         Examples/Sec = 1987.63, Accuracy = 0.66, Loss = 1.081
[2020-11-27 16:00] EPOCH 1 Train Step 9049/20000, Batch Size = 64,                         Examples/Sec = 2163.84, Accuracy = 0.69, Loss = 1.017
[2020-11-27 16:00] EPOCH 1 Train Step 9099/20000, Batch Size = 64,                         Examples/Sec = 2428.84, Accuracy = 0.66, Loss = 1.075
[2020-11-27 16:01] EPOCH 1 Train Step 9149/20000, Batch Size = 64,                         Examples/Sec = 2035.96, Accuracy = 0.67, Loss = 1.036
[2020-11-27 16:01] EPOCH 1 Train Step 9199/20000, Batch Size = 64,                         Examples/Sec = 2435.98, Accuracy = 0.67, Loss = 1.034
[2020-11-27 16:01] EPOCH 1 Train Step 9249/20000, Batch Size = 64,                         Examples/Sec = 2231.59, Accuracy = 0.65, Loss = 1.094
[2020-11-27 16:01] EPOCH 1 Train Step 9299/20000, Batch Size = 64,                         Examples/Sec = 2093.46, Accuracy = 0.67, Loss = 1.076
[2020-11-27 16:01] EPOCH 1 Train Step 9349/20000, Batch Size = 64,                         Examples/Sec = 2181.94, Accuracy = 0.67, Loss = 1.077
[2020-11-27 16:01] EPOCH 1 Train Step 9399/20000, Batch Size = 64,                         Examples/Sec = 1944.35, Accuracy = 0.67, Loss = 1.031
[2020-11-27 16:01] EPOCH 1 Train Step 9449/20000, Batch Size = 64,                         Examples/Sec = 2066.08, Accuracy = 0.68, Loss = 1.017
[2020-11-27 16:01] EPOCH 1 Train Step 9499/20000, Batch Size = 64,                         Examples/Sec = 2142.34, Accuracy = 0.66, Loss = 1.083
[2020-11-27 16:01] EPOCH 1 Train Step 9549/20000, Batch Size = 64,                         Examples/Sec = 2085.70, Accuracy = 0.66, Loss = 1.066
[2020-11-27 16:01] EPOCH 1 Train Step 9599/20000, Batch Size = 64,                         Examples/Sec = 2312.17, Accuracy = 0.67, Loss = 1.035
[2020-11-27 16:01] EPOCH 1 Train Step 9649/20000, Batch Size = 64,                         Examples/Sec = 2120.70, Accuracy = 0.65, Loss = 1.064
[2020-11-27 16:01] EPOCH 1 Train Step 9699/20000, Batch Size = 64,                         Examples/Sec = 2072.68, Accuracy = 0.68, Loss = 1.043
[2020-11-27 16:01] EPOCH 1 Train Step 9749/20000, Batch Size = 64,                         Examples/Sec = 2134.66, Accuracy = 0.67, Loss = 1.049
[2020-11-27 16:01] EPOCH 1 Train Step 9799/20000, Batch Size = 64,                         Examples/Sec = 2283.06, Accuracy = 0.68, Loss = 1.052
[2020-11-27 16:01] EPOCH 1 Train Step 9849/20000, Batch Size = 64,                         Examples/Sec = 2405.29, Accuracy = 0.68, Loss = 1.001
[2020-11-27 16:01] EPOCH 1 Train Step 9899/20000, Batch Size = 64,                         Examples/Sec = 1944.28, Accuracy = 0.65, Loss = 1.095
[2020-11-27 16:01] EPOCH 1 Train Step 9949/20000, Batch Size = 64,                         Examples/Sec = 2237.67, Accuracy = 0.66, Loss = 1.052
[2020-11-27 16:01] EPOCH 1 Train Step 9999/20000, Batch Size = 64,                         Examples/Sec = 1977.83, Accuracy = 0.69, Loss = 1.027
[2020-11-27 16:01] EPOCH 1 Train Step 10049/20000, Batch Size = 64,                         Examples/Sec = 1945.25, Accuracy = 0.66, Loss = 1.066
[2020-11-27 16:01] EPOCH 1 Train Step 10099/20000, Batch Size = 64,                         Examples/Sec = 1905.32, Accuracy = 0.67, Loss = 1.038
[2020-11-27 16:01] EPOCH 1 Train Step 10149/20000, Batch Size = 64,                         Examples/Sec = 2309.20, Accuracy = 0.65, Loss = 1.058
[2020-11-27 16:01] EPOCH 1 Train Step 10199/20000, Batch Size = 64,                         Examples/Sec = 2924.74, Accuracy = 0.69, Loss = 0.986
[2020-11-27 16:01] EPOCH 1 Train Step 10249/20000, Batch Size = 64,                         Examples/Sec = 2211.31, Accuracy = 0.66, Loss = 1.057
[2020-11-27 16:01] EPOCH 1 Train Step 10299/20000, Batch Size = 64,                         Examples/Sec = 2282.25, Accuracy = 0.66, Loss = 1.088
[2020-11-27 16:01] EPOCH 1 Train Step 10349/20000, Batch Size = 64,                         Examples/Sec = 2188.17, Accuracy = 0.64, Loss = 1.078
[2020-11-27 16:01] EPOCH 1 Train Step 10399/20000, Batch Size = 64,                         Examples/Sec = 1929.51, Accuracy = 0.68, Loss = 1.028
[2020-11-27 16:01] EPOCH 1 Train Step 10449/20000, Batch Size = 64,                         Examples/Sec = 1985.34, Accuracy = 0.66, Loss = 1.089
[2020-11-27 16:01] EPOCH 1 Train Step 10499/20000, Batch Size = 64,                         Examples/Sec = 2181.21, Accuracy = 0.67, Loss = 1.030
[2020-11-27 16:01] EPOCH 1 Train Step 10549/20000, Batch Size = 64,                         Examples/Sec = 1982.24, Accuracy = 0.68, Loss = 1.014
[2020-11-27 16:01] EPOCH 1 Train Step 10599/20000, Batch Size = 64,                         Examples/Sec = 2615.11, Accuracy = 0.67, Loss = 1.027
[2020-11-27 16:01] EPOCH 1 Train Step 10649/20000, Batch Size = 64,                         Examples/Sec = 2212.75, Accuracy = 0.67, Loss = 1.022
[2020-11-27 16:01] EPOCH 1 Train Step 10699/20000, Batch Size = 64,                         Examples/Sec = 2473.56, Accuracy = 0.67, Loss = 1.014
[2020-11-27 16:01] EPOCH 1 Train Step 10749/20000, Batch Size = 64,                         Examples/Sec = 2298.43, Accuracy = 0.67, Loss = 1.042
[2020-11-27 16:01] EPOCH 1 Train Step 10799/20000, Batch Size = 64,                         Examples/Sec = 2258.36, Accuracy = 0.68, Loss = 1.030
[2020-11-27 16:01] EPOCH 1 Train Step 10849/20000, Batch Size = 64,                         Examples/Sec = 2459.46, Accuracy = 0.67, Loss = 1.042
[2020-11-27 16:01] EPOCH 1 Train Step 10899/20000, Batch Size = 64,                         Examples/Sec = 2281.39, Accuracy = 0.70, Loss = 0.971
[2020-11-27 16:02] EPOCH 1 Train Step 10949/20000, Batch Size = 64,                         Examples/Sec = 2493.55, Accuracy = 0.68, Loss = 1.055
[2020-11-27 16:02] EPOCH 1 Train Step 10999/20000, Batch Size = 64,                         Examples/Sec = 2305.69, Accuracy = 0.68, Loss = 0.996
[2020-11-27 16:02] EPOCH 1 Train Step 11049/20000, Batch Size = 64,                         Examples/Sec = 2101.57, Accuracy = 0.68, Loss = 1.009
[2020-11-27 16:02] EPOCH 1 Train Step 11099/20000, Batch Size = 64,                         Examples/Sec = 2493.99, Accuracy = 0.67, Loss = 1.031
[2020-11-27 16:02] EPOCH 1 Train Step 11149/20000, Batch Size = 64,                         Examples/Sec = 1984.75, Accuracy = 0.65, Loss = 1.042
[2020-11-27 16:02] EPOCH 1 Train Step 11199/20000, Batch Size = 64,                         Examples/Sec = 2196.69, Accuracy = 0.69, Loss = 0.986
[2020-11-27 16:02] EPOCH 1 Train Step 11249/20000, Batch Size = 64,                         Examples/Sec = 2109.89, Accuracy = 0.67, Loss = 1.021
[2020-11-27 16:02] EPOCH 1 Train Step 11299/20000, Batch Size = 64,                         Examples/Sec = 2020.71, Accuracy = 0.69, Loss = 0.983
[2020-11-27 16:02] EPOCH 1 Train Step 11349/20000, Batch Size = 64,                         Examples/Sec = 2038.65, Accuracy = 0.67, Loss = 1.062
[2020-11-27 16:02] EPOCH 1 Train Step 11399/20000, Batch Size = 64,                         Examples/Sec = 2157.56, Accuracy = 0.69, Loss = 0.981
[2020-11-27 16:02] EPOCH 1 Train Step 11449/20000, Batch Size = 64,                         Examples/Sec = 1909.81, Accuracy = 0.68, Loss = 1.024
[2020-11-27 16:02] EPOCH 1 Train Step 11499/20000, Batch Size = 64,                         Examples/Sec = 2090.85, Accuracy = 0.66, Loss = 1.057
[2020-11-27 16:02] EPOCH 1 Train Step 11549/20000, Batch Size = 64,                         Examples/Sec = 2210.15, Accuracy = 0.67, Loss = 1.033
[2020-11-27 16:02] EPOCH 1 Train Step 11599/20000, Batch Size = 64,                         Examples/Sec = 2163.93, Accuracy = 0.67, Loss = 1.045
[2020-11-27 16:02] EPOCH 1 Train Step 11649/20000, Batch Size = 64,                         Examples/Sec = 1975.18, Accuracy = 0.69, Loss = 0.975
[2020-11-27 16:02] EPOCH 1 Train Step 11699/20000, Batch Size = 64,                         Examples/Sec = 1895.42, Accuracy = 0.66, Loss = 1.050
[2020-11-27 16:02] EPOCH 1 Train Step 11749/20000, Batch Size = 64,                         Examples/Sec = 2248.82, Accuracy = 0.67, Loss = 1.020
[2020-11-27 16:02] EPOCH 1 Train Step 11799/20000, Batch Size = 64,                         Examples/Sec = 2476.55, Accuracy = 0.68, Loss = 1.011
[2020-11-27 16:02] EPOCH 1 Train Step 11849/20000, Batch Size = 64,                         Examples/Sec = 2324.58, Accuracy = 0.68, Loss = 0.999
[2020-11-27 16:02] EPOCH 1 Train Step 11899/20000, Batch Size = 64,                         Examples/Sec = 2205.12, Accuracy = 0.67, Loss = 1.024
[2020-11-27 16:02] EPOCH 1 Train Step 11949/20000, Batch Size = 64,                         Examples/Sec = 2246.47, Accuracy = 0.68, Loss = 0.994
[2020-11-27 16:02] EPOCH 1 Train Step 11999/20000, Batch Size = 64,                         Examples/Sec = 2183.89, Accuracy = 0.67, Loss = 1.011
[2020-11-27 16:02] EPOCH 1 Train Step 12049/20000, Batch Size = 64,                         Examples/Sec = 2169.18, Accuracy = 0.70, Loss = 0.977
[2020-11-27 16:02] EPOCH 1 Train Step 12099/20000, Batch Size = 64,                         Examples/Sec = 2099.84, Accuracy = 0.68, Loss = 1.015
[2020-11-27 16:02] EPOCH 1 Train Step 12149/20000, Batch Size = 64,                         Examples/Sec = 2095.60, Accuracy = 0.70, Loss = 0.928
[2020-11-27 16:02] EPOCH 1 Train Step 12199/20000, Batch Size = 64,                         Examples/Sec = 2137.31, Accuracy = 0.68, Loss = 1.000
[2020-11-27 16:02] EPOCH 1 Train Step 12249/20000, Batch Size = 64,                         Examples/Sec = 2030.97, Accuracy = 0.67, Loss = 1.026
[2020-11-27 16:02] EPOCH 1 Train Step 12299/20000, Batch Size = 64,                         Examples/Sec = 2198.38, Accuracy = 0.66, Loss = 1.051
[2020-11-27 16:02] EPOCH 1 Train Step 12349/20000, Batch Size = 64,                         Examples/Sec = 2108.10, Accuracy = 0.68, Loss = 1.027
[2020-11-27 16:02] EPOCH 1 Train Step 12399/20000, Batch Size = 64,                         Examples/Sec = 2146.47, Accuracy = 0.70, Loss = 0.964
[2020-11-27 16:02] EPOCH 1 Train Step 12449/20000, Batch Size = 64,                         Examples/Sec = 2274.97, Accuracy = 0.67, Loss = 1.008
[2020-11-27 16:02] EPOCH 1 Train Step 12499/20000, Batch Size = 64,                         Examples/Sec = 1957.73, Accuracy = 0.67, Loss = 1.033
[2020-11-27 16:02] EPOCH 1 Train Step 12549/20000, Batch Size = 64,                         Examples/Sec = 2444.77, Accuracy = 0.69, Loss = 0.962
[2020-11-27 16:02] EPOCH 1 Train Step 12599/20000, Batch Size = 64,                         Examples/Sec = 2257.70, Accuracy = 0.68, Loss = 1.017
[2020-11-27 16:02] EPOCH 1 Train Step 12649/20000, Batch Size = 64,                         Examples/Sec = 2537.58, Accuracy = 0.68, Loss = 0.966
[2020-11-27 16:03] EPOCH 1 Train Step 12699/20000, Batch Size = 64,                         Examples/Sec = 2317.86, Accuracy = 0.68, Loss = 0.995
[2020-11-27 16:03] EPOCH 1 Train Step 12749/20000, Batch Size = 64,                         Examples/Sec = 2313.48, Accuracy = 0.66, Loss = 1.063
[2020-11-27 16:03] EPOCH 1 Train Step 12799/20000, Batch Size = 64,                         Examples/Sec = 2117.23, Accuracy = 0.67, Loss = 1.043
[2020-11-27 16:03] EPOCH 1 Train Step 12849/20000, Batch Size = 64,                         Examples/Sec = 2150.94, Accuracy = 0.67, Loss = 1.014
[2020-11-27 16:03] EPOCH 1 Train Step 12899/20000, Batch Size = 64,                         Examples/Sec = 2523.91, Accuracy = 0.67, Loss = 1.047
[2020-11-27 16:03] EPOCH 1 Train Step 12949/20000, Batch Size = 64,                         Examples/Sec = 2208.89, Accuracy = 0.67, Loss = 1.022
[2020-11-27 16:03] EPOCH 1 Train Step 12999/20000, Batch Size = 64,                         Examples/Sec = 2318.24, Accuracy = 0.67, Loss = 1.044
[2020-11-27 16:03] EPOCH 1 Train Step 13049/20000, Batch Size = 64,                         Examples/Sec = 2285.96, Accuracy = 0.67, Loss = 1.032
[2020-11-27 16:03] EPOCH 1 Train Step 13099/20000, Batch Size = 64,                         Examples/Sec = 2275.49, Accuracy = 0.69, Loss = 1.016
[2020-11-27 16:03] EPOCH 1 Train Step 13149/20000, Batch Size = 64,                         Examples/Sec = 2411.52, Accuracy = 0.68, Loss = 1.020
[2020-11-27 16:03] EPOCH 1 Train Step 13199/20000, Batch Size = 64,                         Examples/Sec = 2384.23, Accuracy = 0.70, Loss = 0.962
[2020-11-27 16:03] EPOCH 1 Train Step 13249/20000, Batch Size = 64,                         Examples/Sec = 2389.56, Accuracy = 0.68, Loss = 1.032
[2020-11-27 16:03] EPOCH 1 Train Step 13299/20000, Batch Size = 64,                         Examples/Sec = 2113.08, Accuracy = 0.70, Loss = 0.954
[2020-11-27 16:03] EPOCH 1 Train Step 13349/20000, Batch Size = 64,                         Examples/Sec = 2287.22, Accuracy = 0.67, Loss = 1.002
[2020-11-27 16:03] EPOCH 1 Train Step 13399/20000, Batch Size = 64,                         Examples/Sec = 1931.48, Accuracy = 0.67, Loss = 1.033
[2020-11-27 16:03] EPOCH 1 Train Step 13449/20000, Batch Size = 64,                         Examples/Sec = 2292.83, Accuracy = 0.67, Loss = 1.075
[2020-11-27 16:03] EPOCH 1 Train Step 13499/20000, Batch Size = 64,                         Examples/Sec = 2250.45, Accuracy = 0.69, Loss = 0.969
[2020-11-27 16:03] EPOCH 1 Train Step 13549/20000, Batch Size = 64,                         Examples/Sec = 2236.40, Accuracy = 0.67, Loss = 1.023
[2020-11-27 16:03] EPOCH 1 Train Step 13599/20000, Batch Size = 64,                         Examples/Sec = 2273.39, Accuracy = 0.68, Loss = 0.997
[2020-11-27 16:03] EPOCH 1 Train Step 13649/20000, Batch Size = 64,                         Examples/Sec = 2194.82, Accuracy = 0.70, Loss = 0.981
[2020-11-27 16:03] EPOCH 1 Train Step 13699/20000, Batch Size = 64,                         Examples/Sec = 1912.52, Accuracy = 0.67, Loss = 1.007
[2020-11-27 16:03] EPOCH 1 Train Step 13749/20000, Batch Size = 64,                         Examples/Sec = 1966.63, Accuracy = 0.69, Loss = 0.953
[2020-11-27 16:03] EPOCH 1 Train Step 13799/20000, Batch Size = 64,                         Examples/Sec = 1984.10, Accuracy = 0.68, Loss = 1.014
[2020-11-27 16:03] EPOCH 1 Train Step 13849/20000, Batch Size = 64,                         Examples/Sec = 2054.08, Accuracy = 0.69, Loss = 0.991
[2020-11-27 16:03] EPOCH 1 Train Step 13899/20000, Batch Size = 64,                         Examples/Sec = 2200.38, Accuracy = 0.69, Loss = 0.985
[2020-11-27 16:03] EPOCH 1 Train Step 13949/20000, Batch Size = 64,                         Examples/Sec = 1898.22, Accuracy = 0.67, Loss = 0.984
[2020-11-27 16:03] EPOCH 1 Train Step 13999/20000, Batch Size = 64,                         Examples/Sec = 2174.32, Accuracy = 0.69, Loss = 0.973
[2020-11-27 16:03] EPOCH 1 Train Step 14049/20000, Batch Size = 64,                         Examples/Sec = 2298.13, Accuracy = 0.69, Loss = 0.980
[2020-11-27 16:03] EPOCH 1 Train Step 14099/20000, Batch Size = 64,                         Examples/Sec = 2460.77, Accuracy = 0.67, Loss = 0.983
[2020-11-27 16:03] EPOCH 1 Train Step 14149/20000, Batch Size = 64,                         Examples/Sec = 2184.52, Accuracy = 0.67, Loss = 1.024
[2020-11-27 16:03] EPOCH 1 Train Step 14199/20000, Batch Size = 64,                         Examples/Sec = 1949.68, Accuracy = 0.67, Loss = 1.021
[2020-11-27 16:03] EPOCH 1 Train Step 14249/20000, Batch Size = 64,                         Examples/Sec = 2171.63, Accuracy = 0.67, Loss = 0.997
[2020-11-27 16:03] EPOCH 1 Train Step 14299/20000, Batch Size = 64,                         Examples/Sec = 2199.32, Accuracy = 0.70, Loss = 0.981
[2020-11-27 16:03] EPOCH 1 Train Step 14349/20000, Batch Size = 64,                         Examples/Sec = 2301.93, Accuracy = 0.69, Loss = 0.939
[2020-11-27 16:03] EPOCH 1 Train Step 14399/20000, Batch Size = 64,                         Examples/Sec = 1900.99, Accuracy = 0.67, Loss = 1.035
[2020-11-27 16:03] EPOCH 1 Train Step 14449/20000, Batch Size = 64,                         Examples/Sec = 2340.10, Accuracy = 0.67, Loss = 0.990
[2020-11-27 16:03] EPOCH 1 Train Step 14499/20000, Batch Size = 64,                         Examples/Sec = 2136.20, Accuracy = 0.68, Loss = 0.973
[2020-11-27 16:04] EPOCH 1 Train Step 14549/20000, Batch Size = 64,                         Examples/Sec = 2250.62, Accuracy = 0.67, Loss = 1.033
[2020-11-27 16:04] EPOCH 1 Train Step 14599/20000, Batch Size = 64,                         Examples/Sec = 2237.75, Accuracy = 0.70, Loss = 0.941
[2020-11-27 16:04] EPOCH 1 Train Step 14649/20000, Batch Size = 64,                         Examples/Sec = 2283.33, Accuracy = 0.70, Loss = 0.972
[2020-11-27 16:04] EPOCH 1 Train Step 14699/20000, Batch Size = 64,                         Examples/Sec = 2125.72, Accuracy = 0.68, Loss = 1.014
[2020-11-27 16:04] EPOCH 1 Train Step 14749/20000, Batch Size = 64,                         Examples/Sec = 2305.87, Accuracy = 0.69, Loss = 1.007
[2020-11-27 16:04] EPOCH 1 Train Step 14799/20000, Batch Size = 64,                         Examples/Sec = 2233.35, Accuracy = 0.68, Loss = 0.972
[2020-11-27 16:04] EPOCH 1 Train Step 14849/20000, Batch Size = 64,                         Examples/Sec = 2263.58, Accuracy = 0.69, Loss = 0.954
[2020-11-27 16:04] EPOCH 1 Train Step 14899/20000, Batch Size = 64,                         Examples/Sec = 2226.50, Accuracy = 0.68, Loss = 1.005
[2020-11-27 16:04] EPOCH 1 Train Step 14949/20000, Batch Size = 64,                         Examples/Sec = 2071.47, Accuracy = 0.69, Loss = 0.971
[2020-11-27 16:04] EPOCH 1 Train Step 14999/20000, Batch Size = 64,                         Examples/Sec = 2210.76, Accuracy = 0.69, Loss = 0.979
[2020-11-27 16:04] EPOCH 1 Train Step 15049/20000, Batch Size = 64,                         Examples/Sec = 2543.81, Accuracy = 0.68, Loss = 1.013
[2020-11-27 16:04] EPOCH 1 Train Step 15099/20000, Batch Size = 64,                         Examples/Sec = 2264.38, Accuracy = 0.69, Loss = 0.967
[2020-11-27 16:04] EPOCH 1 Train Step 15149/20000, Batch Size = 64,                         Examples/Sec = 2302.19, Accuracy = 0.68, Loss = 1.006
[2020-11-27 16:04] EPOCH 1 Train Step 15199/20000, Batch Size = 64,                         Examples/Sec = 2414.57, Accuracy = 0.69, Loss = 0.981
[2020-11-27 16:04] EPOCH 1 Train Step 15249/20000, Batch Size = 64,                         Examples/Sec = 2497.72, Accuracy = 0.69, Loss = 0.981
[2020-11-27 16:04] EPOCH 1 Train Step 15299/20000, Batch Size = 64,                         Examples/Sec = 1887.41, Accuracy = 0.69, Loss = 0.961
[2020-11-27 16:04] EPOCH 1 Train Step 15349/20000, Batch Size = 64,                         Examples/Sec = 2310.83, Accuracy = 0.68, Loss = 0.985
[2020-11-27 16:04] EPOCH 1 Train Step 15399/20000, Batch Size = 64,                         Examples/Sec = 2243.97, Accuracy = 0.68, Loss = 0.977
[2020-11-27 16:04] EPOCH 1 Train Step 15449/20000, Batch Size = 64,                         Examples/Sec = 2479.86, Accuracy = 0.70, Loss = 0.958
[2020-11-27 16:04] EPOCH 1 Train Step 15499/20000, Batch Size = 64,                         Examples/Sec = 2323.19, Accuracy = 0.69, Loss = 0.973
[2020-11-27 16:04] EPOCH 1 Train Step 15549/20000, Batch Size = 64,                         Examples/Sec = 2293.24, Accuracy = 0.68, Loss = 0.961
[2020-11-27 16:04] EPOCH 1 Train Step 15599/20000, Batch Size = 64,                         Examples/Sec = 2153.70, Accuracy = 0.68, Loss = 0.986
[2020-11-27 16:04] EPOCH 1 Train Step 15649/20000, Batch Size = 64,                         Examples/Sec = 2069.79, Accuracy = 0.68, Loss = 1.007
[2020-11-27 16:04] EPOCH 1 Train Step 15699/20000, Batch Size = 64,                         Examples/Sec = 2202.51, Accuracy = 0.70, Loss = 0.939
[2020-11-27 16:04] EPOCH 1 Train Step 15749/20000, Batch Size = 64,                         Examples/Sec = 2248.20, Accuracy = 0.69, Loss = 0.995
[2020-11-27 16:04] EPOCH 1 Train Step 15799/20000, Batch Size = 64,                         Examples/Sec = 2181.71, Accuracy = 0.68, Loss = 1.029
[2020-11-27 16:04] EPOCH 1 Train Step 15849/20000, Batch Size = 64,                         Examples/Sec = 2472.05, Accuracy = 0.69, Loss = 0.983
[2020-11-27 16:04] EPOCH 1 Train Step 15899/20000, Batch Size = 64,                         Examples/Sec = 2460.16, Accuracy = 0.68, Loss = 1.001
[2020-11-27 16:04] EPOCH 1 Train Step 15949/20000, Batch Size = 64,                         Examples/Sec = 2330.31, Accuracy = 0.69, Loss = 0.938
[2020-11-27 16:04] EPOCH 1 Train Step 15999/20000, Batch Size = 64,                         Examples/Sec = 2594.51, Accuracy = 0.70, Loss = 0.968
[2020-11-27 16:04] EPOCH 1 Train Step 16049/20000, Batch Size = 64,                         Examples/Sec = 2327.16, Accuracy = 0.69, Loss = 0.974
[2020-11-27 16:04] EPOCH 1 Train Step 16099/20000, Batch Size = 64,                         Examples/Sec = 2302.07, Accuracy = 0.68, Loss = 0.973
[2020-11-27 16:04] EPOCH 1 Train Step 16149/20000, Batch Size = 64,                         Examples/Sec = 2442.83, Accuracy = 0.70, Loss = 0.932
[2020-11-27 16:04] EPOCH 1 Train Step 16199/20000, Batch Size = 64,                         Examples/Sec = 2345.64, Accuracy = 0.70, Loss = 0.946
[2020-11-27 16:04] EPOCH 1 Train Step 16249/20000, Batch Size = 64,                         Examples/Sec = 2261.14, Accuracy = 0.68, Loss = 0.989
[2020-11-27 16:04] EPOCH 1 Train Step 16299/20000, Batch Size = 64,                         Examples/Sec = 2275.34, Accuracy = 0.67, Loss = 1.003
[2020-11-27 16:05] EPOCH 1 Train Step 16349/20000, Batch Size = 64,                         Examples/Sec = 2275.88, Accuracy = 0.69, Loss = 0.980
[2020-11-27 16:05] EPOCH 1 Train Step 16399/20000, Batch Size = 64,                         Examples/Sec = 2552.10, Accuracy = 0.69, Loss = 0.990
[2020-11-27 16:05] EPOCH 1 Train Step 16449/20000, Batch Size = 64,                         Examples/Sec = 2339.63, Accuracy = 0.70, Loss = 0.984
[2020-11-27 16:05] EPOCH 1 Train Step 16499/20000, Batch Size = 64,                         Examples/Sec = 2319.18, Accuracy = 0.70, Loss = 0.947
[2020-11-27 16:05] EPOCH 1 Train Step 16549/20000, Batch Size = 64,                         Examples/Sec = 2014.66, Accuracy = 0.68, Loss = 0.989
[2020-11-27 16:05] EPOCH 1 Train Step 16599/20000, Batch Size = 64,                         Examples/Sec = 1946.03, Accuracy = 0.69, Loss = 0.960
[2020-11-27 16:05] EPOCH 1 Train Step 16649/20000, Batch Size = 64,                         Examples/Sec = 1902.99, Accuracy = 0.69, Loss = 0.973
[2020-11-27 16:05] EPOCH 1 Train Step 16699/20000, Batch Size = 64,                         Examples/Sec = 1887.20, Accuracy = 0.69, Loss = 0.972
[2020-11-27 16:05] EPOCH 1 Train Step 16749/20000, Batch Size = 64,                         Examples/Sec = 1964.33, Accuracy = 0.70, Loss = 0.963
[2020-11-27 16:05] EPOCH 1 Train Step 16799/20000, Batch Size = 64,                         Examples/Sec = 1895.97, Accuracy = 0.68, Loss = 1.007
[2020-11-27 16:05] EPOCH 1 Train Step 16849/20000, Batch Size = 64,                         Examples/Sec = 2154.29, Accuracy = 0.69, Loss = 0.961
[2020-11-27 16:05] EPOCH 1 Train Step 16899/20000, Batch Size = 64,                         Examples/Sec = 1943.64, Accuracy = 0.69, Loss = 0.983
[2020-11-27 16:05] EPOCH 1 Train Step 16949/20000, Batch Size = 64,                         Examples/Sec = 2082.90, Accuracy = 0.71, Loss = 0.972
[2020-11-27 16:05] EPOCH 1 Train Step 16999/20000, Batch Size = 64,                         Examples/Sec = 2199.15, Accuracy = 0.70, Loss = 0.944
[2020-11-27 16:05] EPOCH 1 Train Step 17049/20000, Batch Size = 64,                         Examples/Sec = 2060.73, Accuracy = 0.71, Loss = 0.919
[2020-11-27 16:05] EPOCH 1 Train Step 17099/20000, Batch Size = 64,                         Examples/Sec = 2221.30, Accuracy = 0.69, Loss = 0.952
[2020-11-27 16:05] EPOCH 1 Train Step 17149/20000, Batch Size = 64,                         Examples/Sec = 2187.88, Accuracy = 0.70, Loss = 0.952
[2020-11-27 16:05] EPOCH 1 Train Step 17199/20000, Batch Size = 64,                         Examples/Sec = 2050.86, Accuracy = 0.69, Loss = 0.953
[2020-11-27 16:05] EPOCH 2 Train Step 17249/20000, Batch Size = 64,                         Examples/Sec = 2504.79, Accuracy = 0.69, Loss = 1.005
[2020-11-27 16:05] EPOCH 2 Train Step 17299/20000, Batch Size = 64,                         Examples/Sec = 2246.15, Accuracy = 0.70, Loss = 0.950
[2020-11-27 16:05] EPOCH 2 Train Step 17349/20000, Batch Size = 64,                         Examples/Sec = 2587.03, Accuracy = 0.68, Loss = 0.983
[2020-11-27 16:05] EPOCH 2 Train Step 17399/20000, Batch Size = 64,                         Examples/Sec = 2318.16, Accuracy = 0.68, Loss = 1.009
[2020-11-27 16:05] EPOCH 2 Train Step 17449/20000, Batch Size = 64,                         Examples/Sec = 2505.46, Accuracy = 0.70, Loss = 0.957
[2020-11-27 16:05] EPOCH 2 Train Step 17499/20000, Batch Size = 64,                         Examples/Sec = 2356.85, Accuracy = 0.69, Loss = 0.956
[2020-11-27 16:05] EPOCH 2 Train Step 17549/20000, Batch Size = 64,                         Examples/Sec = 2398.89, Accuracy = 0.69, Loss = 0.958
[2020-11-27 16:05] EPOCH 2 Train Step 17599/20000, Batch Size = 64,                         Examples/Sec = 2292.50, Accuracy = 0.70, Loss = 0.941
[2020-11-27 16:05] EPOCH 2 Train Step 17649/20000, Batch Size = 64,                         Examples/Sec = 2200.96, Accuracy = 0.69, Loss = 0.948
[2020-11-27 16:05] EPOCH 2 Train Step 17699/20000, Batch Size = 64,                         Examples/Sec = 2281.64, Accuracy = 0.70, Loss = 0.950
[2020-11-27 16:05] EPOCH 2 Train Step 17749/20000, Batch Size = 64,                         Examples/Sec = 2413.45, Accuracy = 0.70, Loss = 0.972
[2020-11-27 16:05] EPOCH 2 Train Step 17799/20000, Batch Size = 64,                         Examples/Sec = 2265.83, Accuracy = 0.69, Loss = 0.984
[2020-11-27 16:05] EPOCH 2 Train Step 17849/20000, Batch Size = 64,                         Examples/Sec = 2275.05, Accuracy = 0.69, Loss = 0.956
[2020-11-27 16:05] EPOCH 2 Train Step 17899/20000, Batch Size = 64,                         Examples/Sec = 2481.77, Accuracy = 0.71, Loss = 0.962
[2020-11-27 16:05] EPOCH 2 Train Step 17949/20000, Batch Size = 64,                         Examples/Sec = 2304.66, Accuracy = 0.69, Loss = 0.950
[2020-11-27 16:05] EPOCH 2 Train Step 17999/20000, Batch Size = 64,                         Examples/Sec = 2428.47, Accuracy = 0.69, Loss = 0.982
[2020-11-27 16:05] EPOCH 2 Train Step 18049/20000, Batch Size = 64,                         Examples/Sec = 2131.20, Accuracy = 0.69, Loss = 0.961
[2020-11-27 16:05] EPOCH 2 Train Step 18099/20000, Batch Size = 64,                         Examples/Sec = 2436.93, Accuracy = 0.71, Loss = 0.926
[2020-11-27 16:05] EPOCH 2 Train Step 18149/20000, Batch Size = 64,                         Examples/Sec = 2174.87, Accuracy = 0.68, Loss = 0.974
[2020-11-27 16:06] EPOCH 2 Train Step 18199/20000, Batch Size = 64,                         Examples/Sec = 2245.85, Accuracy = 0.67, Loss = 0.979
[2020-11-27 16:06] EPOCH 2 Train Step 18249/20000, Batch Size = 64,                         Examples/Sec = 1916.63, Accuracy = 0.69, Loss = 0.926
[2020-11-27 16:06] EPOCH 2 Train Step 18299/20000, Batch Size = 64,                         Examples/Sec = 2430.78, Accuracy = 0.73, Loss = 0.849
[2020-11-27 16:06] EPOCH 2 Train Step 18349/20000, Batch Size = 64,                         Examples/Sec = 2024.05, Accuracy = 0.69, Loss = 0.970
[2020-11-27 16:06] EPOCH 2 Train Step 18399/20000, Batch Size = 64,                         Examples/Sec = 2466.49, Accuracy = 0.71, Loss = 0.965
[2020-11-27 16:06] EPOCH 2 Train Step 18449/20000, Batch Size = 64,                         Examples/Sec = 2580.99, Accuracy = 0.69, Loss = 0.956
[2020-11-27 16:06] EPOCH 2 Train Step 18499/20000, Batch Size = 64,                         Examples/Sec = 2280.17, Accuracy = 0.70, Loss = 0.977
[2020-11-27 16:06] EPOCH 2 Train Step 18549/20000, Batch Size = 64,                         Examples/Sec = 2258.68, Accuracy = 0.68, Loss = 0.996
[2020-11-27 16:06] EPOCH 2 Train Step 18599/20000, Batch Size = 64,                         Examples/Sec = 2279.30, Accuracy = 0.70, Loss = 0.935
[2020-11-27 16:06] EPOCH 2 Train Step 18649/20000, Batch Size = 64,                         Examples/Sec = 2230.35, Accuracy = 0.71, Loss = 0.931
[2020-11-27 16:06] EPOCH 2 Train Step 18699/20000, Batch Size = 64,                         Examples/Sec = 2259.98, Accuracy = 0.72, Loss = 0.906
[2020-11-27 16:06] EPOCH 2 Train Step 18749/20000, Batch Size = 64,                         Examples/Sec = 1995.40, Accuracy = 0.70, Loss = 0.938
[2020-11-27 16:06] EPOCH 2 Train Step 18799/20000, Batch Size = 64,                         Examples/Sec = 2181.80, Accuracy = 0.69, Loss = 0.950
[2020-11-27 16:06] EPOCH 2 Train Step 18849/20000, Batch Size = 64,                         Examples/Sec = 2201.84, Accuracy = 0.68, Loss = 0.973
[2020-11-27 16:06] EPOCH 2 Train Step 18899/20000, Batch Size = 64,                         Examples/Sec = 2229.33, Accuracy = 0.72, Loss = 0.885
[2020-11-27 16:06] EPOCH 2 Train Step 18949/20000, Batch Size = 64,                         Examples/Sec = 2221.08, Accuracy = 0.69, Loss = 0.957
[2020-11-27 16:06] EPOCH 2 Train Step 18999/20000, Batch Size = 64,                         Examples/Sec = 2163.20, Accuracy = 0.69, Loss = 0.967
[2020-11-27 16:06] EPOCH 2 Train Step 19049/20000, Batch Size = 64,                         Examples/Sec = 2328.03, Accuracy = 0.69, Loss = 0.969
[2020-11-27 16:06] EPOCH 2 Train Step 19099/20000, Batch Size = 64,                         Examples/Sec = 2174.76, Accuracy = 0.70, Loss = 0.938
[2020-11-27 16:06] EPOCH 2 Train Step 19149/20000, Batch Size = 64,                         Examples/Sec = 2230.79, Accuracy = 0.70, Loss = 0.967
[2020-11-27 16:06] EPOCH 2 Train Step 19199/20000, Batch Size = 64,                         Examples/Sec = 2211.77, Accuracy = 0.71, Loss = 0.912
[2020-11-27 16:06] EPOCH 2 Train Step 19249/20000, Batch Size = 64,                         Examples/Sec = 2137.70, Accuracy = 0.70, Loss = 0.935
[2020-11-27 16:06] EPOCH 2 Train Step 19299/20000, Batch Size = 64,                         Examples/Sec = 2194.43, Accuracy = 0.71, Loss = 0.908
[2020-11-27 16:06] EPOCH 2 Train Step 19349/20000, Batch Size = 64,                         Examples/Sec = 2168.95, Accuracy = 0.68, Loss = 0.977
[2020-11-27 16:06] EPOCH 2 Train Step 19399/20000, Batch Size = 64,                         Examples/Sec = 2249.75, Accuracy = 0.69, Loss = 0.959
[2020-11-27 16:06] EPOCH 2 Train Step 19449/20000, Batch Size = 64,                         Examples/Sec = 2205.97, Accuracy = 0.70, Loss = 0.933
[2020-11-27 16:06] EPOCH 2 Train Step 19499/20000, Batch Size = 64,                         Examples/Sec = 2290.27, Accuracy = 0.71, Loss = 0.931
[2020-11-27 16:06] EPOCH 2 Train Step 19549/20000, Batch Size = 64,                         Examples/Sec = 2169.12, Accuracy = 0.70, Loss = 0.920
[2020-11-27 16:06] EPOCH 2 Train Step 19599/20000, Batch Size = 64,                         Examples/Sec = 2236.46, Accuracy = 0.71, Loss = 0.927
[2020-11-27 16:06] EPOCH 2 Train Step 19649/20000, Batch Size = 64,                         Examples/Sec = 2063.05, Accuracy = 0.69, Loss = 0.961
[2020-11-27 16:06] EPOCH 2 Train Step 19699/20000, Batch Size = 64,                         Examples/Sec = 2212.64, Accuracy = 0.68, Loss = 0.942
[2020-11-27 16:06] EPOCH 2 Train Step 19749/20000, Batch Size = 64,                         Examples/Sec = 2193.17, Accuracy = 0.70, Loss = 0.934
[2020-11-27 16:06] EPOCH 2 Train Step 19799/20000, Batch Size = 64,                         Examples/Sec = 2225.59, Accuracy = 0.70, Loss = 0.926
[2020-11-27 16:06] EPOCH 2 Train Step 19849/20000, Batch Size = 64,                         Examples/Sec = 2206.66, Accuracy = 0.72, Loss = 0.934
[2020-11-27 16:06] EPOCH 2 Train Step 19899/20000, Batch Size = 64,                         Examples/Sec = 2144.22, Accuracy = 0.71, Loss = 0.908
[2020-11-27 16:06] EPOCH 2 Train Step 19949/20000, Batch Size = 64,                         Examples/Sec = 2113.55, Accuracy = 0.70, Loss = 0.942
[2020-11-27 16:06] EPOCH 2 Train Step 19999/20000, Batch Size = 64,                         Examples/Sec = 2279.32, Accuracy = 0.72, Loss = 0.895
Done training.
