Namespace(batch_size=64, device='cuda', dropout_keep_prob=1.0, learning_rate=0.01, learning_rate_decay=0.96, learning_rate_step=5000, lstm_num_hidden=512, lstm_num_layers=2, max_epochs=5, max_norm=5.0, print_every=100, sample_every=5000, seq_length=30, summary_path='./summaries/', train_steps=50000, txt_file='./assets/book_EN_grimms_fairy_tails.txt')
Device: cuda
Txt file: ./assets/book_EN_grimms_fairy_tails.txt
Initialize dataset with 550595 characters, 91 unique.
[2020-11-27 17:17] EPOCH 0 Train Step 0099/50000, Batch Size = 64,                         Examples/Sec = 5705.69, Accuracy = 0.48, Loss = 1.795
[2020-11-27 17:17] EPOCH 0 Train Step 0199/50000, Batch Size = 64,                         Examples/Sec = 5596.95, Accuracy = 0.53, Loss = 1.593
[2020-11-27 17:17] EPOCH 0 Train Step 0299/50000, Batch Size = 64,                         Examples/Sec = 5821.13, Accuracy = 0.56, Loss = 1.461
[2020-11-27 17:17] EPOCH 0 Train Step 0399/50000, Batch Size = 64,                         Examples/Sec = 5595.55, Accuracy = 0.57, Loss = 1.458
[2020-11-27 17:17] EPOCH 0 Train Step 0499/50000, Batch Size = 64,                         Examples/Sec = 5350.30, Accuracy = 0.57, Loss = 1.403
[2020-11-27 17:17] EPOCH 0 Train Step 0599/50000, Batch Size = 64,                         Examples/Sec = 5374.94, Accuracy = 0.57, Loss = 1.361
[2020-11-27 17:17] EPOCH 0 Train Step 0699/50000, Batch Size = 64,                         Examples/Sec = 5585.42, Accuracy = 0.58, Loss = 1.393
[2020-11-27 17:17] EPOCH 0 Train Step 0799/50000, Batch Size = 64,                         Examples/Sec = 5905.65, Accuracy = 0.59, Loss = 1.351
[2020-11-27 17:17] EPOCH 0 Train Step 0899/50000, Batch Size = 64,                         Examples/Sec = 5610.29, Accuracy = 0.60, Loss = 1.343
[2020-11-27 17:17] EPOCH 0 Train Step 0999/50000, Batch Size = 64,                         Examples/Sec = 5545.84, Accuracy = 0.59, Loss = 1.336
[2020-11-27 17:17] EPOCH 0 Train Step 1099/50000, Batch Size = 64,                         Examples/Sec = 5670.13, Accuracy = 0.59, Loss = 1.299
[2020-11-27 17:17] EPOCH 0 Train Step 1199/50000, Batch Size = 64,                         Examples/Sec = 5630.06, Accuracy = 0.58, Loss = 1.330
[2020-11-27 17:17] EPOCH 0 Train Step 1299/50000, Batch Size = 64,                         Examples/Sec = 5871.29, Accuracy = 0.62, Loss = 1.269
[2020-11-27 17:17] EPOCH 0 Train Step 1399/50000, Batch Size = 64,                         Examples/Sec = 5488.69, Accuracy = 0.58, Loss = 1.348
[2020-11-27 17:17] EPOCH 0 Train Step 1499/50000, Batch Size = 64,                         Examples/Sec = 6019.14, Accuracy = 0.60, Loss = 1.298
[2020-11-27 17:17] EPOCH 0 Train Step 1599/50000, Batch Size = 64,                         Examples/Sec = 6231.82, Accuracy = 0.59, Loss = 1.261
[2020-11-27 17:17] EPOCH 0 Train Step 1699/50000, Batch Size = 64,                         Examples/Sec = 6068.67, Accuracy = 0.60, Loss = 1.311
[2020-11-27 17:17] EPOCH 0 Train Step 1799/50000, Batch Size = 64,                         Examples/Sec = 5505.92, Accuracy = 0.59, Loss = 1.297
[2020-11-27 17:17] EPOCH 0 Train Step 1899/50000, Batch Size = 64,                         Examples/Sec = 5590.66, Accuracy = 0.61, Loss = 1.278
[2020-11-27 17:17] EPOCH 0 Train Step 1999/50000, Batch Size = 64,                         Examples/Sec = 5778.15, Accuracy = 0.58, Loss = 1.357
[2020-11-27 17:17] EPOCH 0 Train Step 2099/50000, Batch Size = 64,                         Examples/Sec = 5947.26, Accuracy = 0.61, Loss = 1.224
[2020-11-27 17:17] EPOCH 0 Train Step 2199/50000, Batch Size = 64,                         Examples/Sec = 5634.67, Accuracy = 0.59, Loss = 1.285
[2020-11-27 17:17] EPOCH 0 Train Step 2299/50000, Batch Size = 64,                         Examples/Sec = 6142.83, Accuracy = 0.57, Loss = 1.328
[2020-11-27 17:17] EPOCH 0 Train Step 2399/50000, Batch Size = 64,                         Examples/Sec = 5475.59, Accuracy = 0.61, Loss = 1.263
[2020-11-27 17:17] EPOCH 0 Train Step 2499/50000, Batch Size = 64,                         Examples/Sec = 5873.99, Accuracy = 0.60, Loss = 1.295
[2020-11-27 17:17] EPOCH 0 Train Step 2599/50000, Batch Size = 64,                         Examples/Sec = 5609.23, Accuracy = 0.61, Loss = 1.267
[2020-11-27 17:18] EPOCH 0 Train Step 2699/50000, Batch Size = 64,                         Examples/Sec = 5660.09, Accuracy = 0.62, Loss = 1.229
[2020-11-27 17:18] EPOCH 0 Train Step 2799/50000, Batch Size = 64,                         Examples/Sec = 5644.38, Accuracy = 0.60, Loss = 1.273
[2020-11-27 17:18] EPOCH 0 Train Step 2899/50000, Batch Size = 64,                         Examples/Sec = 6100.39, Accuracy = 0.59, Loss = 1.321
[2020-11-27 17:18] EPOCH 0 Train Step 2999/50000, Batch Size = 64,                         Examples/Sec = 5247.08, Accuracy = 0.62, Loss = 1.209
[2020-11-27 17:18] EPOCH 0 Train Step 3099/50000, Batch Size = 64,                         Examples/Sec = 6193.00, Accuracy = 0.61, Loss = 1.244
[2020-11-27 17:18] EPOCH 0 Train Step 3199/50000, Batch Size = 64,                         Examples/Sec = 5406.56, Accuracy = 0.59, Loss = 1.282
[2020-11-27 17:18] EPOCH 0 Train Step 3299/50000, Batch Size = 64,                         Examples/Sec = 5717.23, Accuracy = 0.59, Loss = 1.289
[2020-11-27 17:18] EPOCH 0 Train Step 3399/50000, Batch Size = 64,                         Examples/Sec = 5650.32, Accuracy = 0.60, Loss = 1.276
[2020-11-27 17:18] EPOCH 0 Train Step 3499/50000, Batch Size = 64,                         Examples/Sec = 5544.81, Accuracy = 0.62, Loss = 1.219
[2020-11-27 17:18] EPOCH 0 Train Step 3599/50000, Batch Size = 64,                         Examples/Sec = 5413.42, Accuracy = 0.60, Loss = 1.270
[2020-11-27 17:18] EPOCH 0 Train Step 3699/50000, Batch Size = 64,                         Examples/Sec = 5620.15, Accuracy = 0.60, Loss = 1.290
[2020-11-27 17:18] EPOCH 0 Train Step 3799/50000, Batch Size = 64,                         Examples/Sec = 5308.72, Accuracy = 0.60, Loss = 1.303
[2020-11-27 17:18] EPOCH 0 Train Step 3899/50000, Batch Size = 64,                         Examples/Sec = 5743.41, Accuracy = 0.60, Loss = 1.268
[2020-11-27 17:18] EPOCH 0 Train Step 3999/50000, Batch Size = 64,                         Examples/Sec = 5661.88, Accuracy = 0.60, Loss = 1.283
[2020-11-27 17:18] EPOCH 0 Train Step 4099/50000, Batch Size = 64,                         Examples/Sec = 5536.46, Accuracy = 0.62, Loss = 1.230
[2020-11-27 17:18] EPOCH 0 Train Step 4199/50000, Batch Size = 64,                         Examples/Sec = 5573.59, Accuracy = 0.61, Loss = 1.240
[2020-11-27 17:18] EPOCH 0 Train Step 4299/50000, Batch Size = 64,                         Examples/Sec = 5772.43, Accuracy = 0.60, Loss = 1.318
[2020-11-27 17:18] EPOCH 0 Train Step 4399/50000, Batch Size = 64,                         Examples/Sec = 4747.21, Accuracy = 0.60, Loss = 1.245
[2020-11-27 17:18] EPOCH 0 Train Step 4499/50000, Batch Size = 64,                         Examples/Sec = 6098.73, Accuracy = 0.60, Loss = 1.255
[2020-11-27 17:18] EPOCH 0 Train Step 4599/50000, Batch Size = 64,                         Examples/Sec = 5588.45, Accuracy = 0.59, Loss = 1.284
[2020-11-27 17:18] EPOCH 0 Train Step 4699/50000, Batch Size = 64,                         Examples/Sec = 5934.77, Accuracy = 0.59, Loss = 1.278
[2020-11-27 17:18] EPOCH 0 Train Step 4799/50000, Batch Size = 64,                         Examples/Sec = 5542.87, Accuracy = 0.61, Loss = 1.280
[2020-11-27 17:18] EPOCH 0 Train Step 4899/50000, Batch Size = 64,                         Examples/Sec = 5651.39, Accuracy = 0.61, Loss = 1.243
[2020-11-27 17:18] EPOCH 0 Train Step 4999/50000, Batch Size = 64,                         Examples/Sec = 5211.73, Accuracy = 0.59, Loss = 1.300
[2020-11-27 17:18] EPOCH 0 Train Step 5099/50000, Batch Size = 64,                         Examples/Sec = 5560.55, Accuracy = 0.59, Loss = 1.373
[2020-11-27 17:18] EPOCH 0 Train Step 5199/50000, Batch Size = 64,                         Examples/Sec = 5556.63, Accuracy = 0.60, Loss = 1.320
[2020-11-27 17:18] EPOCH 0 Train Step 5299/50000, Batch Size = 64,                         Examples/Sec = 5292.18, Accuracy = 0.64, Loss = 1.162
[2020-11-27 17:18] EPOCH 0 Train Step 5399/50000, Batch Size = 64,                         Examples/Sec = 5601.51, Accuracy = 0.60, Loss = 1.270
[2020-11-27 17:18] EPOCH 0 Train Step 5499/50000, Batch Size = 64,                         Examples/Sec = 5820.75, Accuracy = 0.61, Loss = 1.254
[2020-11-27 17:18] EPOCH 0 Train Step 5599/50000, Batch Size = 64,                         Examples/Sec = 6022.65, Accuracy = 0.58, Loss = 1.365
[2020-11-27 17:18] EPOCH 0 Train Step 5699/50000, Batch Size = 64,                         Examples/Sec = 5488.80, Accuracy = 0.59, Loss = 1.333
[2020-11-27 17:18] EPOCH 0 Train Step 5799/50000, Batch Size = 64,                         Examples/Sec = 5493.52, Accuracy = 0.61, Loss = 1.252
[2020-11-27 17:18] EPOCH 0 Train Step 5899/50000, Batch Size = 64,                         Examples/Sec = 5587.98, Accuracy = 0.60, Loss = 1.284
[2020-11-27 17:18] EPOCH 0 Train Step 5999/50000, Batch Size = 64,                         Examples/Sec = 5521.66, Accuracy = 0.60, Loss = 1.262
[2020-11-27 17:18] EPOCH 0 Train Step 6099/50000, Batch Size = 64,                         Examples/Sec = 5456.78, Accuracy = 0.59, Loss = 1.268
[2020-11-27 17:18] EPOCH 0 Train Step 6199/50000, Batch Size = 64,                         Examples/Sec = 6023.46, Accuracy = 0.60, Loss = 1.254
[2020-11-27 17:18] EPOCH 0 Train Step 6299/50000, Batch Size = 64,                         Examples/Sec = 6066.20, Accuracy = 0.61, Loss = 1.222
[2020-11-27 17:18] EPOCH 0 Train Step 6399/50000, Batch Size = 64,                         Examples/Sec = 6024.00, Accuracy = 0.57, Loss = 1.306
[2020-11-27 17:18] EPOCH 0 Train Step 6499/50000, Batch Size = 64,                         Examples/Sec = 5535.66, Accuracy = 0.59, Loss = 1.288
[2020-11-27 17:18] EPOCH 0 Train Step 6599/50000, Batch Size = 64,                         Examples/Sec = 5555.71, Accuracy = 0.62, Loss = 1.206
[2020-11-27 17:18] EPOCH 0 Train Step 6699/50000, Batch Size = 64,                         Examples/Sec = 5391.57, Accuracy = 0.62, Loss = 1.217
[2020-11-27 17:18] EPOCH 0 Train Step 6799/50000, Batch Size = 64,                         Examples/Sec = 5677.21, Accuracy = 0.63, Loss = 1.237
[2020-11-27 17:18] EPOCH 0 Train Step 6899/50000, Batch Size = 64,                         Examples/Sec = 6198.14, Accuracy = 0.60, Loss = 1.282
[2020-11-27 17:19] EPOCH 0 Train Step 6999/50000, Batch Size = 64,                         Examples/Sec = 5409.06, Accuracy = 0.61, Loss = 1.231
[2020-11-27 17:19] EPOCH 0 Train Step 7099/50000, Batch Size = 64,                         Examples/Sec = 5673.49, Accuracy = 0.58, Loss = 1.300
[2020-11-27 17:19] EPOCH 0 Train Step 7199/50000, Batch Size = 64,                         Examples/Sec = 6104.55, Accuracy = 0.62, Loss = 1.202
[2020-11-27 17:19] EPOCH 0 Train Step 7299/50000, Batch Size = 64,                         Examples/Sec = 6270.54, Accuracy = 0.62, Loss = 1.216
[2020-11-27 17:19] EPOCH 0 Train Step 7399/50000, Batch Size = 64,                         Examples/Sec = 5391.57, Accuracy = 0.61, Loss = 1.250
[2020-11-27 17:19] EPOCH 0 Train Step 7499/50000, Batch Size = 64,                         Examples/Sec = 5567.58, Accuracy = 0.61, Loss = 1.237
[2020-11-27 17:19] EPOCH 0 Train Step 7599/50000, Batch Size = 64,                         Examples/Sec = 5658.90, Accuracy = 0.62, Loss = 1.193
[2020-11-27 17:19] EPOCH 0 Train Step 7699/50000, Batch Size = 64,                         Examples/Sec = 4758.90, Accuracy = 0.61, Loss = 1.256
[2020-11-27 17:19] EPOCH 0 Train Step 7799/50000, Batch Size = 64,                         Examples/Sec = 5574.06, Accuracy = 0.62, Loss = 1.203
[2020-11-27 17:19] EPOCH 0 Train Step 7899/50000, Batch Size = 64,                         Examples/Sec = 5490.94, Accuracy = 0.59, Loss = 1.306
[2020-11-27 17:19] EPOCH 0 Train Step 7999/50000, Batch Size = 64,                         Examples/Sec = 5418.67, Accuracy = 0.61, Loss = 1.222
[2020-11-27 17:19] EPOCH 0 Train Step 8099/50000, Batch Size = 64,                         Examples/Sec = 5406.56, Accuracy = 0.61, Loss = 1.242
[2020-11-27 17:19] EPOCH 0 Train Step 8199/50000, Batch Size = 64,                         Examples/Sec = 5345.83, Accuracy = 0.62, Loss = 1.212
[2020-11-27 17:19] EPOCH 0 Train Step 8299/50000, Batch Size = 64,                         Examples/Sec = 6219.11, Accuracy = 0.62, Loss = 1.234
[2020-11-27 17:19] EPOCH 0 Train Step 8399/50000, Batch Size = 64,                         Examples/Sec = 5465.34, Accuracy = 0.62, Loss = 1.263
[2020-11-27 17:19] EPOCH 0 Train Step 8499/50000, Batch Size = 64,                         Examples/Sec = 5733.72, Accuracy = 0.61, Loss = 1.249
[2020-11-27 17:19] EPOCH 0 Train Step 8599/50000, Batch Size = 64,                         Examples/Sec = 5580.20, Accuracy = 0.60, Loss = 1.282
[2020-11-27 17:19] EPOCH 1 Train Step 8699/50000, Batch Size = 64,                         Examples/Sec = 5594.85, Accuracy = 0.62, Loss = 1.219
[2020-11-27 17:19] EPOCH 1 Train Step 8799/50000, Batch Size = 64,                         Examples/Sec = 5918.02, Accuracy = 0.60, Loss = 1.299
[2020-11-27 17:19] EPOCH 1 Train Step 8899/50000, Batch Size = 64,                         Examples/Sec = 5492.29, Accuracy = 0.60, Loss = 1.287
[2020-11-27 17:19] EPOCH 1 Train Step 8999/50000, Batch Size = 64,                         Examples/Sec = 6191.14, Accuracy = 0.60, Loss = 1.216
[2020-11-27 17:19] EPOCH 1 Train Step 9099/50000, Batch Size = 64,                         Examples/Sec = 5776.16, Accuracy = 0.62, Loss = 1.238
[2020-11-27 17:19] EPOCH 1 Train Step 9199/50000, Batch Size = 64,                         Examples/Sec = 6163.99, Accuracy = 0.63, Loss = 1.209
[2020-11-27 17:19] EPOCH 1 Train Step 9299/50000, Batch Size = 64,                         Examples/Sec = 6164.84, Accuracy = 0.59, Loss = 1.325
[2020-11-27 17:19] EPOCH 1 Train Step 9399/50000, Batch Size = 64,                         Examples/Sec = 5564.81, Accuracy = 0.62, Loss = 1.222
[2020-11-27 17:19] EPOCH 1 Train Step 9499/50000, Batch Size = 64,                         Examples/Sec = 6189.28, Accuracy = 0.61, Loss = 1.254
[2020-11-27 17:19] EPOCH 1 Train Step 9599/50000, Batch Size = 64,                         Examples/Sec = 4730.47, Accuracy = 0.61, Loss = 1.225
[2020-11-27 17:19] EPOCH 1 Train Step 9699/50000, Batch Size = 64,                         Examples/Sec = 5486.56, Accuracy = 0.61, Loss = 1.242
[2020-11-27 17:19] EPOCH 1 Train Step 9799/50000, Batch Size = 64,                         Examples/Sec = 5695.16, Accuracy = 0.62, Loss = 1.231
[2020-11-27 17:19] EPOCH 1 Train Step 9899/50000, Batch Size = 64,                         Examples/Sec = 5677.57, Accuracy = 0.61, Loss = 1.249
[2020-11-27 17:19] EPOCH 1 Train Step 9999/50000, Batch Size = 64,                         Examples/Sec = 6025.49, Accuracy = 0.61, Loss = 1.268
[2020-11-27 17:19] EPOCH 1 Train Step 10099/50000, Batch Size = 64,                         Examples/Sec = 5704.96, Accuracy = 0.59, Loss = 1.324
[2020-11-27 17:19] EPOCH 1 Train Step 10199/50000, Batch Size = 64,                         Examples/Sec = 5345.30, Accuracy = 0.61, Loss = 1.286
[2020-11-27 17:19] EPOCH 1 Train Step 10299/50000, Batch Size = 64,                         Examples/Sec = 6246.46, Accuracy = 0.60, Loss = 1.281
[2020-11-27 17:19] EPOCH 1 Train Step 10399/50000, Batch Size = 64,                         Examples/Sec = 5072.67, Accuracy = 0.60, Loss = 1.249
[2020-11-27 17:19] EPOCH 1 Train Step 10499/50000, Batch Size = 64,                         Examples/Sec = 6126.71, Accuracy = 0.62, Loss = 1.206
[2020-11-27 17:19] EPOCH 1 Train Step 10599/50000, Batch Size = 64,                         Examples/Sec = 5369.68, Accuracy = 0.61, Loss = 1.278
[2020-11-27 17:19] EPOCH 1 Train Step 10699/50000, Batch Size = 64,                         Examples/Sec = 5627.46, Accuracy = 0.60, Loss = 1.238
[2020-11-27 17:19] EPOCH 1 Train Step 10799/50000, Batch Size = 64,                         Examples/Sec = 5557.90, Accuracy = 0.60, Loss = 1.292
[2020-11-27 17:19] EPOCH 1 Train Step 10899/50000, Batch Size = 64,                         Examples/Sec = 5708.84, Accuracy = 0.62, Loss = 1.209
[2020-11-27 17:19] EPOCH 1 Train Step 10999/50000, Batch Size = 64,                         Examples/Sec = 5270.67, Accuracy = 0.63, Loss = 1.192
[2020-11-27 17:19] EPOCH 1 Train Step 11099/50000, Batch Size = 64,                         Examples/Sec = 5687.31, Accuracy = 0.61, Loss = 1.267
[2020-11-27 17:19] EPOCH 1 Train Step 11199/50000, Batch Size = 64,                         Examples/Sec = 5344.02, Accuracy = 0.59, Loss = 1.310
[2020-11-27 17:20] EPOCH 1 Train Step 11299/50000, Batch Size = 64,                         Examples/Sec = 5852.60, Accuracy = 0.63, Loss = 1.195
[2020-11-27 17:20] EPOCH 1 Train Step 11399/50000, Batch Size = 64,                         Examples/Sec = 5990.79, Accuracy = 0.61, Loss = 1.239
[2020-11-27 17:20] EPOCH 1 Train Step 11499/50000, Batch Size = 64,                         Examples/Sec = 5308.62, Accuracy = 0.61, Loss = 1.268
[2020-11-27 17:20] EPOCH 1 Train Step 11599/50000, Batch Size = 64,                         Examples/Sec = 5518.71, Accuracy = 0.60, Loss = 1.237
[2020-11-27 17:20] EPOCH 1 Train Step 11699/50000, Batch Size = 64,                         Examples/Sec = 5365.17, Accuracy = 0.60, Loss = 1.257
[2020-11-27 17:20] EPOCH 1 Train Step 11799/50000, Batch Size = 64,                         Examples/Sec = 5742.06, Accuracy = 0.59, Loss = 1.283
[2020-11-27 17:20] EPOCH 1 Train Step 11899/50000, Batch Size = 64,                         Examples/Sec = 5557.09, Accuracy = 0.60, Loss = 1.281
[2020-11-27 17:20] EPOCH 1 Train Step 11999/50000, Batch Size = 64,                         Examples/Sec = 5767.72, Accuracy = 0.61, Loss = 1.264
[2020-11-27 17:20] EPOCH 1 Train Step 12099/50000, Batch Size = 64,                         Examples/Sec = 5504.56, Accuracy = 0.60, Loss = 1.234
[2020-11-27 17:20] EPOCH 1 Train Step 12199/50000, Batch Size = 64,                         Examples/Sec = 6185.15, Accuracy = 0.61, Loss = 1.227
[2020-11-27 17:20] EPOCH 1 Train Step 12299/50000, Batch Size = 64,                         Examples/Sec = 6074.16, Accuracy = 0.61, Loss = 1.243
[2020-11-27 17:20] EPOCH 1 Train Step 12399/50000, Batch Size = 64,                         Examples/Sec = 5261.58, Accuracy = 0.60, Loss = 1.282
[2020-11-27 17:20] EPOCH 1 Train Step 12499/50000, Batch Size = 64,                         Examples/Sec = 5792.61, Accuracy = 0.60, Loss = 1.246
[2020-11-27 17:20] EPOCH 1 Train Step 12599/50000, Batch Size = 64,                         Examples/Sec = 6098.17, Accuracy = 0.61, Loss = 1.224
[2020-11-27 17:20] EPOCH 1 Train Step 12699/50000, Batch Size = 64,                         Examples/Sec = 6077.74, Accuracy = 0.61, Loss = 1.218
[2020-11-27 17:20] EPOCH 1 Train Step 12799/50000, Batch Size = 64,                         Examples/Sec = 5612.87, Accuracy = 0.60, Loss = 1.295
[2020-11-27 17:20] EPOCH 1 Train Step 12899/50000, Batch Size = 64,                         Examples/Sec = 5519.73, Accuracy = 0.60, Loss = 1.357
[2020-11-27 17:20] EPOCH 1 Train Step 12999/50000, Batch Size = 64,                         Examples/Sec = 5670.01, Accuracy = 0.60, Loss = 1.274
[2020-11-27 17:20] EPOCH 1 Train Step 13099/50000, Batch Size = 64,                         Examples/Sec = 5689.84, Accuracy = 0.61, Loss = 1.239
[2020-11-27 17:20] EPOCH 1 Train Step 13199/50000, Batch Size = 64,                         Examples/Sec = 5681.17, Accuracy = 0.59, Loss = 1.300
[2020-11-27 17:20] EPOCH 1 Train Step 13299/50000, Batch Size = 64,                         Examples/Sec = 5303.79, Accuracy = 0.61, Loss = 1.295
[2020-11-27 17:20] EPOCH 1 Train Step 13399/50000, Batch Size = 64,                         Examples/Sec = 5685.51, Accuracy = 0.62, Loss = 1.209
[2020-11-27 17:20] EPOCH 1 Train Step 13499/50000, Batch Size = 64,                         Examples/Sec = 5871.42, Accuracy = 0.61, Loss = 1.267
[2020-11-27 17:20] EPOCH 1 Train Step 13599/50000, Batch Size = 64,                         Examples/Sec = 6124.33, Accuracy = 0.60, Loss = 1.284
[2020-11-27 17:20] EPOCH 1 Train Step 13699/50000, Batch Size = 64,                         Examples/Sec = 5727.48, Accuracy = 0.61, Loss = 1.210
[2020-11-27 17:20] EPOCH 1 Train Step 13799/50000, Batch Size = 64,                         Examples/Sec = 5512.25, Accuracy = 0.61, Loss = 1.248
[2020-11-27 17:20] EPOCH 1 Train Step 13899/50000, Batch Size = 64,                         Examples/Sec = 5586.70, Accuracy = 0.60, Loss = 1.244
[2020-11-27 17:20] EPOCH 1 Train Step 13999/50000, Batch Size = 64,                         Examples/Sec = 5605.13, Accuracy = 0.61, Loss = 1.288
[2020-11-27 17:20] EPOCH 1 Train Step 14099/50000, Batch Size = 64,                         Examples/Sec = 5453.01, Accuracy = 0.60, Loss = 1.267
[2020-11-27 17:20] EPOCH 1 Train Step 14199/50000, Batch Size = 64,                         Examples/Sec = 5553.76, Accuracy = 0.59, Loss = 1.299
[2020-11-27 17:20] EPOCH 1 Train Step 14299/50000, Batch Size = 64,                         Examples/Sec = 5677.93, Accuracy = 0.60, Loss = 1.242
[2020-11-27 17:20] EPOCH 1 Train Step 14399/50000, Batch Size = 64,                         Examples/Sec = 5770.08, Accuracy = 0.61, Loss = 1.288
[2020-11-27 17:20] EPOCH 1 Train Step 14499/50000, Batch Size = 64,                         Examples/Sec = 5581.01, Accuracy = 0.62, Loss = 1.212
[2020-11-27 17:20] EPOCH 1 Train Step 14599/50000, Batch Size = 64,                         Examples/Sec = 5752.89, Accuracy = 0.60, Loss = 1.308
[2020-11-27 17:20] EPOCH 1 Train Step 14699/50000, Batch Size = 64,                         Examples/Sec = 5355.32, Accuracy = 0.62, Loss = 1.216
[2020-11-27 17:20] EPOCH 1 Train Step 14799/50000, Batch Size = 64,                         Examples/Sec = 5749.68, Accuracy = 0.59, Loss = 1.278
[2020-11-27 17:20] EPOCH 1 Train Step 14899/50000, Batch Size = 64,                         Examples/Sec = 5460.22, Accuracy = 0.61, Loss = 1.258
[2020-11-27 17:20] EPOCH 1 Train Step 14999/50000, Batch Size = 64,                         Examples/Sec = 5709.33, Accuracy = 0.62, Loss = 1.252
[2020-11-27 17:20] EPOCH 1 Train Step 15099/50000, Batch Size = 64,                         Examples/Sec = 5689.12, Accuracy = 0.62, Loss = 1.239
[2020-11-27 17:20] EPOCH 1 Train Step 15199/50000, Batch Size = 64,                         Examples/Sec = 5655.20, Accuracy = 0.62, Loss = 1.292
[2020-11-27 17:20] EPOCH 1 Train Step 15299/50000, Batch Size = 64,                         Examples/Sec = 5595.67, Accuracy = 0.61, Loss = 1.250
[2020-11-27 17:20] EPOCH 1 Train Step 15399/50000, Batch Size = 64,                         Examples/Sec = 6195.71, Accuracy = 0.60, Loss = 1.281
[2020-11-27 17:20] EPOCH 1 Train Step 15499/50000, Batch Size = 64,                         Examples/Sec = 5679.97, Accuracy = 0.62, Loss = 1.238
[2020-11-27 17:21] EPOCH 1 Train Step 15599/50000, Batch Size = 64,                         Examples/Sec = 5632.89, Accuracy = 0.58, Loss = 1.290
[2020-11-27 17:21] EPOCH 1 Train Step 15699/50000, Batch Size = 64,                         Examples/Sec = 5595.09, Accuracy = 0.62, Loss = 1.259
[2020-11-27 17:21] EPOCH 1 Train Step 15799/50000, Batch Size = 64,                         Examples/Sec = 5266.85, Accuracy = 0.59, Loss = 1.300
[2020-11-27 17:21] EPOCH 1 Train Step 15899/50000, Batch Size = 64,                         Examples/Sec = 5747.47, Accuracy = 0.60, Loss = 1.244
[2020-11-27 17:21] EPOCH 1 Train Step 15999/50000, Batch Size = 64,                         Examples/Sec = 5475.59, Accuracy = 0.60, Loss = 1.273
[2020-11-27 17:21] EPOCH 1 Train Step 16099/50000, Batch Size = 64,                         Examples/Sec = 5749.07, Accuracy = 0.61, Loss = 1.247
[2020-11-27 17:21] EPOCH 1 Train Step 16199/50000, Batch Size = 64,                         Examples/Sec = 5618.86, Accuracy = 0.61, Loss = 1.256
[2020-11-27 17:21] EPOCH 1 Train Step 16299/50000, Batch Size = 64,                         Examples/Sec = 5774.05, Accuracy = 0.59, Loss = 1.279
[2020-11-27 17:21] EPOCH 1 Train Step 16399/50000, Batch Size = 64,                         Examples/Sec = 5779.89, Accuracy = 0.60, Loss = 1.271
[2020-11-27 17:21] EPOCH 1 Train Step 16499/50000, Batch Size = 64,                         Examples/Sec = 5161.62, Accuracy = 0.61, Loss = 1.282
[2020-11-27 17:21] EPOCH 1 Train Step 16599/50000, Batch Size = 64,                         Examples/Sec = 5772.18, Accuracy = 0.60, Loss = 1.300
[2020-11-27 17:21] EPOCH 1 Train Step 16699/50000, Batch Size = 64,                         Examples/Sec = 5906.95, Accuracy = 0.60, Loss = 1.307
[2020-11-27 17:21] EPOCH 1 Train Step 16799/50000, Batch Size = 64,                         Examples/Sec = 5362.49, Accuracy = 0.60, Loss = 1.307
[2020-11-27 17:21] EPOCH 1 Train Step 16899/50000, Batch Size = 64,                         Examples/Sec = 5801.50, Accuracy = 0.59, Loss = 1.293
[2020-11-27 17:21] EPOCH 1 Train Step 16999/50000, Batch Size = 64,                         Examples/Sec = 5928.87, Accuracy = 0.60, Loss = 1.307
[2020-11-27 17:21] EPOCH 1 Train Step 17099/50000, Batch Size = 64,                         Examples/Sec = 5732.98, Accuracy = 0.58, Loss = 1.389
[2020-11-27 17:21] EPOCH 1 Train Step 17199/50000, Batch Size = 64,                         Examples/Sec = 5664.03, Accuracy = 0.58, Loss = 1.340
[2020-11-27 17:21] EPOCH 2 Train Step 17299/50000, Batch Size = 64,                         Examples/Sec = 5806.14, Accuracy = 0.60, Loss = 1.301
[2020-11-27 17:21] EPOCH 2 Train Step 17399/50000, Batch Size = 64,                         Examples/Sec = 5682.38, Accuracy = 0.61, Loss = 1.266
[2020-11-27 17:21] EPOCH 2 Train Step 17499/50000, Batch Size = 64,                         Examples/Sec = 5660.33, Accuracy = 0.59, Loss = 1.328
[2020-11-27 17:21] EPOCH 2 Train Step 17599/50000, Batch Size = 64,                         Examples/Sec = 5691.89, Accuracy = 0.60, Loss = 1.241
[2020-11-27 17:21] EPOCH 2 Train Step 17699/50000, Batch Size = 64,                         Examples/Sec = 5554.33, Accuracy = 0.60, Loss = 1.316
[2020-11-27 17:21] EPOCH 2 Train Step 17799/50000, Batch Size = 64,                         Examples/Sec = 6290.37, Accuracy = 0.59, Loss = 1.263
[2020-11-27 17:21] EPOCH 2 Train Step 17899/50000, Batch Size = 64,                         Examples/Sec = 5657.70, Accuracy = 0.57, Loss = 1.361
[2020-11-27 17:21] EPOCH 2 Train Step 17999/50000, Batch Size = 64,                         Examples/Sec = 5884.42, Accuracy = 0.59, Loss = 1.315
[2020-11-27 17:21] EPOCH 2 Train Step 18099/50000, Batch Size = 64,                         Examples/Sec = 6080.90, Accuracy = 0.62, Loss = 1.236
[2020-11-27 17:21] EPOCH 2 Train Step 18199/50000, Batch Size = 64,                         Examples/Sec = 5626.28, Accuracy = 0.60, Loss = 1.284
[2020-11-27 17:21] EPOCH 2 Train Step 18299/50000, Batch Size = 64,                         Examples/Sec = 6031.72, Accuracy = 0.59, Loss = 1.304
[2020-11-27 17:21] EPOCH 2 Train Step 18399/50000, Batch Size = 64,                         Examples/Sec = 5547.22, Accuracy = 0.60, Loss = 1.285
[2020-11-27 17:21] EPOCH 2 Train Step 18499/50000, Batch Size = 64,                         Examples/Sec = 5711.76, Accuracy = 0.59, Loss = 1.259
[2020-11-27 17:21] EPOCH 2 Train Step 18599/50000, Batch Size = 64,                         Examples/Sec = 5799.12, Accuracy = 0.61, Loss = 1.252
[2020-11-27 17:21] EPOCH 2 Train Step 18699/50000, Batch Size = 64,                         Examples/Sec = 5713.34, Accuracy = 0.59, Loss = 1.293
[2020-11-27 17:21] EPOCH 2 Train Step 18799/50000, Batch Size = 64,                         Examples/Sec = 5808.66, Accuracy = 0.58, Loss = 1.288
[2020-11-27 17:21] EPOCH 2 Train Step 18899/50000, Batch Size = 64,                         Examples/Sec = 6043.67, Accuracy = 0.58, Loss = 1.331
[2020-11-27 17:21] EPOCH 2 Train Step 18999/50000, Batch Size = 64,                         Examples/Sec = 6250.68, Accuracy = 0.58, Loss = 1.314
[2020-11-27 17:21] EPOCH 2 Train Step 19099/50000, Batch Size = 64,                         Examples/Sec = 5285.93, Accuracy = 0.60, Loss = 1.289
[2020-11-27 17:21] EPOCH 2 Train Step 19199/50000, Batch Size = 64,                         Examples/Sec = 5738.87, Accuracy = 0.60, Loss = 1.281
[2020-11-27 17:21] EPOCH 2 Train Step 19299/50000, Batch Size = 64,                         Examples/Sec = 5623.33, Accuracy = 0.58, Loss = 1.327
[2020-11-27 17:21] EPOCH 2 Train Step 19399/50000, Batch Size = 64,                         Examples/Sec = 5828.20, Accuracy = 0.60, Loss = 1.277
[2020-11-27 17:21] EPOCH 2 Train Step 19499/50000, Batch Size = 64,                         Examples/Sec = 5710.18, Accuracy = 0.61, Loss = 1.233
[2020-11-27 17:21] EPOCH 2 Train Step 19599/50000, Batch Size = 64,                         Examples/Sec = 6035.78, Accuracy = 0.60, Loss = 1.246
[2020-11-27 17:21] EPOCH 2 Train Step 19699/50000, Batch Size = 64,                         Examples/Sec = 5827.83, Accuracy = 0.60, Loss = 1.268
[2020-11-27 17:21] EPOCH 2 Train Step 19799/50000, Batch Size = 64,                         Examples/Sec = 5368.17, Accuracy = 0.58, Loss = 1.343
[2020-11-27 17:21] EPOCH 2 Train Step 19899/50000, Batch Size = 64,                         Examples/Sec = 5742.67, Accuracy = 0.60, Loss = 1.261
[2020-11-27 17:22] EPOCH 2 Train Step 19999/50000, Batch Size = 64,                         Examples/Sec = 5491.05, Accuracy = 0.62, Loss = 1.234
[2020-11-27 17:22] EPOCH 2 Train Step 20099/50000, Batch Size = 64,                         Examples/Sec = 5773.67, Accuracy = 0.61, Loss = 1.260
[2020-11-27 17:22] EPOCH 2 Train Step 20199/50000, Batch Size = 64,                         Examples/Sec = 5462.67, Accuracy = 0.62, Loss = 1.239
[2020-11-27 17:22] EPOCH 2 Train Step 20299/50000, Batch Size = 64,                         Examples/Sec = 6131.04, Accuracy = 0.61, Loss = 1.247
[2020-11-27 17:22] EPOCH 2 Train Step 20399/50000, Batch Size = 64,                         Examples/Sec = 5049.29, Accuracy = 0.61, Loss = 1.278
[2020-11-27 17:22] EPOCH 2 Train Step 20499/50000, Batch Size = 64,                         Examples/Sec = 5828.71, Accuracy = 0.60, Loss = 1.253
[2020-11-27 17:22] EPOCH 2 Train Step 20599/50000, Batch Size = 64,                         Examples/Sec = 5977.45, Accuracy = 0.56, Loss = 1.365
[2020-11-27 17:22] EPOCH 2 Train Step 20699/50000, Batch Size = 64,                         Examples/Sec = 6201.29, Accuracy = 0.61, Loss = 1.259
[2020-11-27 17:22] EPOCH 2 Train Step 20799/50000, Batch Size = 64,                         Examples/Sec = 5671.57, Accuracy = 0.58, Loss = 1.342
[2020-11-27 17:22] EPOCH 2 Train Step 20899/50000, Batch Size = 64,                         Examples/Sec = 6153.39, Accuracy = 0.59, Loss = 1.318
[2020-11-27 17:22] EPOCH 2 Train Step 20999/50000, Batch Size = 64,                         Examples/Sec = 5764.87, Accuracy = 0.60, Loss = 1.248
[2020-11-27 17:22] EPOCH 2 Train Step 21099/50000, Batch Size = 64,                         Examples/Sec = 5550.09, Accuracy = 0.59, Loss = 1.288
[2020-11-27 17:22] EPOCH 2 Train Step 21199/50000, Batch Size = 64,                         Examples/Sec = 6028.60, Accuracy = 0.59, Loss = 1.284
[2020-11-27 17:22] EPOCH 2 Train Step 21299/50000, Batch Size = 64,                         Examples/Sec = 6168.52, Accuracy = 0.62, Loss = 1.216
[2020-11-27 17:22] EPOCH 2 Train Step 21399/50000, Batch Size = 64,                         Examples/Sec = 5604.43, Accuracy = 0.60, Loss = 1.232
[2020-11-27 17:22] EPOCH 2 Train Step 21499/50000, Batch Size = 64,                         Examples/Sec = 6169.94, Accuracy = 0.59, Loss = 1.284
[2020-11-27 17:22] EPOCH 2 Train Step 21599/50000, Batch Size = 64,                         Examples/Sec = 5749.44, Accuracy = 0.60, Loss = 1.306
[2020-11-27 17:22] EPOCH 2 Train Step 21699/50000, Batch Size = 64,                         Examples/Sec = 5410.04, Accuracy = 0.60, Loss = 1.289
[2020-11-27 17:22] EPOCH 2 Train Step 21799/50000, Batch Size = 64,                         Examples/Sec = 6095.96, Accuracy = 0.59, Loss = 1.309
[2020-11-27 17:22] EPOCH 2 Train Step 21899/50000, Batch Size = 64,                         Examples/Sec = 5432.05, Accuracy = 0.61, Loss = 1.233
[2020-11-27 17:22] EPOCH 2 Train Step 21999/50000, Batch Size = 64,                         Examples/Sec = 5616.51, Accuracy = 0.58, Loss = 1.314
[2020-11-27 17:22] EPOCH 2 Train Step 22099/50000, Batch Size = 64,                         Examples/Sec = 5398.94, Accuracy = 0.61, Loss = 1.295
[2020-11-27 17:22] EPOCH 2 Train Step 22199/50000, Batch Size = 64,                         Examples/Sec = 5842.03, Accuracy = 0.60, Loss = 1.274
[2020-11-27 17:22] EPOCH 2 Train Step 22299/50000, Batch Size = 64,                         Examples/Sec = 5776.91, Accuracy = 0.61, Loss = 1.281
[2020-11-27 17:22] EPOCH 2 Train Step 22399/50000, Batch Size = 64,                         Examples/Sec = 6255.05, Accuracy = 0.61, Loss = 1.252
[2020-11-27 17:22] EPOCH 2 Train Step 22499/50000, Batch Size = 64,                         Examples/Sec = 5978.25, Accuracy = 0.58, Loss = 1.365
[2020-11-27 17:22] EPOCH 2 Train Step 22599/50000, Batch Size = 64,                         Examples/Sec = 5437.77, Accuracy = 0.60, Loss = 1.307
[2020-11-27 17:22] EPOCH 2 Train Step 22699/50000, Batch Size = 64,                         Examples/Sec = 5787.49, Accuracy = 0.59, Loss = 1.316
[2020-11-27 17:22] EPOCH 2 Train Step 22799/50000, Batch Size = 64,                         Examples/Sec = 5737.27, Accuracy = 0.59, Loss = 1.283
[2020-11-27 17:22] EPOCH 2 Train Step 22899/50000, Batch Size = 64,                         Examples/Sec = 6212.35, Accuracy = 0.63, Loss = 1.177
[2020-11-27 17:22] EPOCH 2 Train Step 22999/50000, Batch Size = 64,                         Examples/Sec = 6247.04, Accuracy = 0.58, Loss = 1.343
[2020-11-27 17:22] EPOCH 2 Train Step 23099/50000, Batch Size = 64,                         Examples/Sec = 5547.45, Accuracy = 0.61, Loss = 1.243
[2020-11-27 17:22] EPOCH 2 Train Step 23199/50000, Batch Size = 64,                         Examples/Sec = 5578.81, Accuracy = 0.61, Loss = 1.229
[2020-11-27 17:22] EPOCH 2 Train Step 23299/50000, Batch Size = 64,                         Examples/Sec = 5770.08, Accuracy = 0.61, Loss = 1.264
[2020-11-27 17:22] EPOCH 2 Train Step 23399/50000, Batch Size = 64,                         Examples/Sec = 5867.83, Accuracy = 0.60, Loss = 1.262
[2020-11-27 17:22] EPOCH 2 Train Step 23499/50000, Batch Size = 64,                         Examples/Sec = 5441.41, Accuracy = 0.59, Loss = 1.303
[2020-11-27 17:22] EPOCH 2 Train Step 23599/50000, Batch Size = 64,                         Examples/Sec = 6236.74, Accuracy = 0.60, Loss = 1.261
[2020-11-27 17:22] EPOCH 2 Train Step 23699/50000, Batch Size = 64,                         Examples/Sec = 5782.13, Accuracy = 0.58, Loss = 1.329
[2020-11-27 17:22] EPOCH 2 Train Step 23799/50000, Batch Size = 64,                         Examples/Sec = 5464.89, Accuracy = 0.62, Loss = 1.241
[2020-11-27 17:22] EPOCH 2 Train Step 23899/50000, Batch Size = 64,                         Examples/Sec = 5733.11, Accuracy = 0.59, Loss = 1.302
[2020-11-27 17:22] EPOCH 2 Train Step 23999/50000, Batch Size = 64,                         Examples/Sec = 5552.27, Accuracy = 0.61, Loss = 1.297
[2020-11-27 17:22] EPOCH 2 Train Step 24099/50000, Batch Size = 64,                         Examples/Sec = 5640.35, Accuracy = 0.58, Loss = 1.353
[2020-11-27 17:22] EPOCH 2 Train Step 24199/50000, Batch Size = 64,                         Examples/Sec = 5633.48, Accuracy = 0.59, Loss = 1.293
[2020-11-27 17:23] EPOCH 2 Train Step 24299/50000, Batch Size = 64,                         Examples/Sec = 5590.66, Accuracy = 0.59, Loss = 1.347
[2020-11-27 17:23] EPOCH 2 Train Step 24399/50000, Batch Size = 64,                         Examples/Sec = 6061.41, Accuracy = 0.60, Loss = 1.264
[2020-11-27 17:23] EPOCH 2 Train Step 24499/50000, Batch Size = 64,                         Examples/Sec = 5844.19, Accuracy = 0.59, Loss = 1.316
[2020-11-27 17:23] EPOCH 2 Train Step 24599/50000, Batch Size = 64,                         Examples/Sec = 5799.25, Accuracy = 0.60, Loss = 1.285
[2020-11-27 17:23] EPOCH 2 Train Step 24699/50000, Batch Size = 64,                         Examples/Sec = 5372.79, Accuracy = 0.60, Loss = 1.267
[2020-11-27 17:23] EPOCH 2 Train Step 24799/50000, Batch Size = 64,                         Examples/Sec = 6089.46, Accuracy = 0.60, Loss = 1.295
[2020-11-27 17:23] EPOCH 2 Train Step 24899/50000, Batch Size = 64,                         Examples/Sec = 5623.22, Accuracy = 0.60, Loss = 1.242
[2020-11-27 17:23] EPOCH 2 Train Step 24999/50000, Batch Size = 64,                         Examples/Sec = 6056.48, Accuracy = 0.58, Loss = 1.329
[2020-11-27 17:23] EPOCH 2 Train Step 25099/50000, Batch Size = 64,                         Examples/Sec = 6204.59, Accuracy = 0.62, Loss = 1.222
[2020-11-27 17:23] EPOCH 2 Train Step 25199/50000, Batch Size = 64,                         Examples/Sec = 5722.72, Accuracy = 0.59, Loss = 1.294
[2020-11-27 17:23] EPOCH 2 Train Step 25299/50000, Batch Size = 64,                         Examples/Sec = 6146.06, Accuracy = 0.59, Loss = 1.301
[2020-11-27 17:23] EPOCH 2 Train Step 25399/50000, Batch Size = 64,                         Examples/Sec = 5278.97, Accuracy = 0.59, Loss = 1.282
[2020-11-27 17:23] EPOCH 2 Train Step 25499/50000, Batch Size = 64,                         Examples/Sec = 5764.99, Accuracy = 0.59, Loss = 1.338
[2020-11-27 17:23] EPOCH 2 Train Step 25599/50000, Batch Size = 64,                         Examples/Sec = 5890.62, Accuracy = 0.59, Loss = 1.316
[2020-11-27 17:23] EPOCH 2 Train Step 25699/50000, Batch Size = 64,                         Examples/Sec = 6112.89, Accuracy = 0.59, Loss = 1.324
[2020-11-27 17:23] EPOCH 2 Train Step 25799/50000, Batch Size = 64,                         Examples/Sec = 5913.20, Accuracy = 0.57, Loss = 1.355
[2020-11-27 17:23] EPOCH 3 Train Step 25899/50000, Batch Size = 64,                         Examples/Sec = 5644.50, Accuracy = 0.58, Loss = 1.328
[2020-11-27 17:23] EPOCH 3 Train Step 25999/50000, Batch Size = 64,                         Examples/Sec = 5765.99, Accuracy = 0.60, Loss = 1.313
[2020-11-27 17:23] EPOCH 3 Train Step 26099/50000, Batch Size = 64,                         Examples/Sec = 6053.21, Accuracy = 0.59, Loss = 1.300
[2020-11-27 17:23] EPOCH 3 Train Step 26199/50000, Batch Size = 64,                         Examples/Sec = 5658.66, Accuracy = 0.57, Loss = 1.342
[2020-11-27 17:23] EPOCH 3 Train Step 26299/50000, Batch Size = 64,                         Examples/Sec = 5738.13, Accuracy = 0.60, Loss = 1.309
[2020-11-27 17:23] EPOCH 3 Train Step 26399/50000, Batch Size = 64,                         Examples/Sec = 5773.67, Accuracy = 0.58, Loss = 1.366
[2020-11-27 17:23] EPOCH 3 Train Step 26499/50000, Batch Size = 64,                         Examples/Sec = 5525.18, Accuracy = 0.60, Loss = 1.283
[2020-11-27 17:23] EPOCH 3 Train Step 26599/50000, Batch Size = 64,                         Examples/Sec = 5968.15, Accuracy = 0.61, Loss = 1.269
[2020-11-27 17:23] EPOCH 3 Train Step 26699/50000, Batch Size = 64,                         Examples/Sec = 6118.74, Accuracy = 0.58, Loss = 1.341
[2020-11-27 17:23] EPOCH 3 Train Step 26799/50000, Batch Size = 64,                         Examples/Sec = 6411.47, Accuracy = 0.60, Loss = 1.300
[2020-11-27 17:23] EPOCH 3 Train Step 26899/50000, Batch Size = 64,                         Examples/Sec = 5973.46, Accuracy = 0.59, Loss = 1.288
[2020-11-27 17:23] EPOCH 3 Train Step 26999/50000, Batch Size = 64,                         Examples/Sec = 5585.89, Accuracy = 0.59, Loss = 1.299
[2020-11-27 17:23] EPOCH 3 Train Step 27099/50000, Batch Size = 64,                         Examples/Sec = 6155.22, Accuracy = 0.59, Loss = 1.314
[2020-11-27 17:23] EPOCH 3 Train Step 27199/50000, Batch Size = 64,                         Examples/Sec = 6086.14, Accuracy = 0.59, Loss = 1.287
[2020-11-27 17:23] EPOCH 3 Train Step 27299/50000, Batch Size = 64,                         Examples/Sec = 6122.51, Accuracy = 0.58, Loss = 1.327
[2020-11-27 17:23] EPOCH 3 Train Step 27399/50000, Batch Size = 64,                         Examples/Sec = 5522.80, Accuracy = 0.59, Loss = 1.290
[2020-11-27 17:23] EPOCH 3 Train Step 27499/50000, Batch Size = 64,                         Examples/Sec = 5546.76, Accuracy = 0.61, Loss = 1.279
[2020-11-27 17:23] EPOCH 3 Train Step 27599/50000, Batch Size = 64,                         Examples/Sec = 6089.73, Accuracy = 0.60, Loss = 1.280
[2020-11-27 17:23] EPOCH 3 Train Step 27699/50000, Batch Size = 64,                         Examples/Sec = 6394.21, Accuracy = 0.61, Loss = 1.260
[2020-11-27 17:23] EPOCH 3 Train Step 27799/50000, Batch Size = 64,                         Examples/Sec = 6038.23, Accuracy = 0.59, Loss = 1.341
[2020-11-27 17:23] EPOCH 3 Train Step 27899/50000, Batch Size = 64,                         Examples/Sec = 5586.82, Accuracy = 0.59, Loss = 1.321
[2020-11-27 17:23] EPOCH 3 Train Step 27999/50000, Batch Size = 64,                         Examples/Sec = 6216.66, Accuracy = 0.58, Loss = 1.334
[2020-11-27 17:23] EPOCH 3 Train Step 28099/50000, Batch Size = 64,                         Examples/Sec = 5608.88, Accuracy = 0.58, Loss = 1.304
[2020-11-27 17:23] EPOCH 3 Train Step 28199/50000, Batch Size = 64,                         Examples/Sec = 7449.50, Accuracy = 0.59, Loss = 1.343
[2020-11-27 17:23] EPOCH 3 Train Step 28299/50000, Batch Size = 64,                         Examples/Sec = 5665.59, Accuracy = 0.57, Loss = 1.361
[2020-11-27 17:23] EPOCH 3 Train Step 28399/50000, Batch Size = 64,                         Examples/Sec = 6003.79, Accuracy = 0.59, Loss = 1.294
[2020-11-27 17:23] EPOCH 3 Train Step 28499/50000, Batch Size = 64,                         Examples/Sec = 6109.55, Accuracy = 0.59, Loss = 1.313
[2020-11-27 17:23] EPOCH 3 Train Step 28599/50000, Batch Size = 64,                         Examples/Sec = 6134.97, Accuracy = 0.59, Loss = 1.288
[2020-11-27 17:24] EPOCH 3 Train Step 28699/50000, Batch Size = 64,                         Examples/Sec = 5759.80, Accuracy = 0.60, Loss = 1.265
[2020-11-27 17:24] EPOCH 3 Train Step 28799/50000, Batch Size = 64,                         Examples/Sec = 5671.57, Accuracy = 0.58, Loss = 1.319
[2020-11-27 17:24] EPOCH 3 Train Step 28899/50000, Batch Size = 64,                         Examples/Sec = 5855.54, Accuracy = 0.59, Loss = 1.296
[2020-11-27 17:24] EPOCH 3 Train Step 28999/50000, Batch Size = 64,                         Examples/Sec = 6176.47, Accuracy = 0.58, Loss = 1.335
[2020-11-27 17:24] EPOCH 3 Train Step 29099/50000, Batch Size = 64,                         Examples/Sec = 5513.72, Accuracy = 0.60, Loss = 1.295
[2020-11-27 17:24] EPOCH 3 Train Step 29199/50000, Batch Size = 64,                         Examples/Sec = 5915.15, Accuracy = 0.58, Loss = 1.342
[2020-11-27 17:24] EPOCH 3 Train Step 29299/50000, Batch Size = 64,                         Examples/Sec = 5549.63, Accuracy = 0.58, Loss = 1.397
[2020-11-27 17:24] EPOCH 3 Train Step 29399/50000, Batch Size = 64,                         Examples/Sec = 5748.57, Accuracy = 0.59, Loss = 1.252
[2020-11-27 17:24] EPOCH 3 Train Step 29499/50000, Batch Size = 64,                         Examples/Sec = 5661.05, Accuracy = 0.59, Loss = 1.288
[2020-11-27 17:24] EPOCH 3 Train Step 29599/50000, Batch Size = 64,                         Examples/Sec = 6328.49, Accuracy = 0.58, Loss = 1.379
[2020-11-27 17:24] EPOCH 3 Train Step 29699/50000, Batch Size = 64,                         Examples/Sec = 6062.36, Accuracy = 0.60, Loss = 1.284
[2020-11-27 17:24] EPOCH 3 Train Step 29799/50000, Batch Size = 64,                         Examples/Sec = 5631.12, Accuracy = 0.60, Loss = 1.297
[2020-11-27 17:24] EPOCH 3 Train Step 29899/50000, Batch Size = 64,                         Examples/Sec = 5638.57, Accuracy = 0.60, Loss = 1.311
[2020-11-27 17:24] EPOCH 3 Train Step 29999/50000, Batch Size = 64,                         Examples/Sec = 5544.47, Accuracy = 0.59, Loss = 1.278
[2020-11-27 17:24] EPOCH 3 Train Step 30099/50000, Batch Size = 64,                         Examples/Sec = 5555.25, Accuracy = 0.59, Loss = 1.275
[2020-11-27 17:24] EPOCH 3 Train Step 30199/50000, Batch Size = 64,                         Examples/Sec = 6026.98, Accuracy = 0.62, Loss = 1.241
[2020-11-27 17:24] EPOCH 3 Train Step 30299/50000, Batch Size = 64,                         Examples/Sec = 5582.64, Accuracy = 0.59, Loss = 1.267
[2020-11-27 17:24] EPOCH 3 Train Step 30399/50000, Batch Size = 64,                         Examples/Sec = 5599.87, Accuracy = 0.61, Loss = 1.297
[2020-11-27 17:24] EPOCH 3 Train Step 30499/50000, Batch Size = 64,                         Examples/Sec = 6360.73, Accuracy = 0.58, Loss = 1.321
[2020-11-27 17:24] EPOCH 3 Train Step 30599/50000, Batch Size = 64,                         Examples/Sec = 5681.53, Accuracy = 0.59, Loss = 1.294
[2020-11-27 17:24] EPOCH 3 Train Step 30699/50000, Batch Size = 64,                         Examples/Sec = 5581.71, Accuracy = 0.59, Loss = 1.282
[2020-11-27 17:24] EPOCH 3 Train Step 30799/50000, Batch Size = 64,                         Examples/Sec = 5865.52, Accuracy = 0.58, Loss = 1.321
[2020-11-27 17:24] EPOCH 3 Train Step 30899/50000, Batch Size = 64,                         Examples/Sec = 6050.20, Accuracy = 0.57, Loss = 1.408
[2020-11-27 17:24] EPOCH 3 Train Step 30999/50000, Batch Size = 64,                         Examples/Sec = 6202.15, Accuracy = 0.57, Loss = 1.352
[2020-11-27 17:24] EPOCH 3 Train Step 31099/50000, Batch Size = 64,                         Examples/Sec = 6245.15, Accuracy = 0.62, Loss = 1.250
[2020-11-27 17:24] EPOCH 3 Train Step 31199/50000, Batch Size = 64,                         Examples/Sec = 6055.66, Accuracy = 0.58, Loss = 1.355
[2020-11-27 17:24] EPOCH 3 Train Step 31299/50000, Batch Size = 64,                         Examples/Sec = 5573.02, Accuracy = 0.58, Loss = 1.372
[2020-11-27 17:24] EPOCH 3 Train Step 31399/50000, Batch Size = 64,                         Examples/Sec = 5523.25, Accuracy = 0.58, Loss = 1.328
[2020-11-27 17:24] EPOCH 3 Train Step 31499/50000, Batch Size = 64,                         Examples/Sec = 5682.98, Accuracy = 0.58, Loss = 1.340
[2020-11-27 17:24] EPOCH 3 Train Step 31599/50000, Batch Size = 64,                         Examples/Sec = 5847.63, Accuracy = 0.59, Loss = 1.308
[2020-11-27 17:24] EPOCH 3 Train Step 31699/50000, Batch Size = 64,                         Examples/Sec = 5918.93, Accuracy = 0.59, Loss = 1.313
[2020-11-27 17:24] EPOCH 3 Train Step 31799/50000, Batch Size = 64,                         Examples/Sec = 5551.35, Accuracy = 0.58, Loss = 1.348
[2020-11-27 17:24] EPOCH 3 Train Step 31899/50000, Batch Size = 64,                         Examples/Sec = 6120.28, Accuracy = 0.58, Loss = 1.344
[2020-11-27 17:24] EPOCH 3 Train Step 31999/50000, Batch Size = 64,                         Examples/Sec = 5843.68, Accuracy = 0.57, Loss = 1.389
[2020-11-27 17:24] EPOCH 3 Train Step 32099/50000, Batch Size = 64,                         Examples/Sec = 5744.52, Accuracy = 0.58, Loss = 1.354
[2020-11-27 17:24] EPOCH 3 Train Step 32199/50000, Batch Size = 64,                         Examples/Sec = 5653.53, Accuracy = 0.57, Loss = 1.381
[2020-11-27 17:24] EPOCH 3 Train Step 32299/50000, Batch Size = 64,                         Examples/Sec = 5564.47, Accuracy = 0.59, Loss = 1.318
[2020-11-27 17:24] EPOCH 3 Train Step 32399/50000, Batch Size = 64,                         Examples/Sec = 5657.70, Accuracy = 0.59, Loss = 1.322
[2020-11-27 17:24] EPOCH 3 Train Step 32499/50000, Batch Size = 64,                         Examples/Sec = 5703.87, Accuracy = 0.59, Loss = 1.331
[2020-11-27 17:24] EPOCH 3 Train Step 32599/50000, Batch Size = 64,                         Examples/Sec = 5594.27, Accuracy = 0.58, Loss = 1.349
[2020-11-27 17:24] EPOCH 3 Train Step 32699/50000, Batch Size = 64,                         Examples/Sec = 5772.68, Accuracy = 0.60, Loss = 1.276
[2020-11-27 17:24] EPOCH 3 Train Step 32799/50000, Batch Size = 64,                         Examples/Sec = 5603.61, Accuracy = 0.58, Loss = 1.354
[2020-11-27 17:24] EPOCH 3 Train Step 32899/50000, Batch Size = 64,                         Examples/Sec = 5730.29, Accuracy = 0.57, Loss = 1.351
[2020-11-27 17:24] EPOCH 3 Train Step 32999/50000, Batch Size = 64,                         Examples/Sec = 5556.17, Accuracy = 0.57, Loss = 1.392
[2020-11-27 17:25] EPOCH 3 Train Step 33099/50000, Batch Size = 64,                         Examples/Sec = 5692.62, Accuracy = 0.60, Loss = 1.264
[2020-11-27 17:25] EPOCH 3 Train Step 33199/50000, Batch Size = 64,                         Examples/Sec = 5957.82, Accuracy = 0.59, Loss = 1.288
[2020-11-27 17:25] EPOCH 3 Train Step 33299/50000, Batch Size = 64,                         Examples/Sec = 5570.47, Accuracy = 0.58, Loss = 1.362
[2020-11-27 17:25] EPOCH 3 Train Step 33399/50000, Batch Size = 64,                         Examples/Sec = 5705.08, Accuracy = 0.57, Loss = 1.384
[2020-11-27 17:25] EPOCH 3 Train Step 33499/50000, Batch Size = 64,                         Examples/Sec = 6189.43, Accuracy = 0.60, Loss = 1.286
[2020-11-27 17:25] EPOCH 3 Train Step 33599/50000, Batch Size = 64,                         Examples/Sec = 5625.22, Accuracy = 0.59, Loss = 1.299
[2020-11-27 17:25] EPOCH 3 Train Step 33699/50000, Batch Size = 64,                         Examples/Sec = 5770.20, Accuracy = 0.59, Loss = 1.371
[2020-11-27 17:25] EPOCH 3 Train Step 33799/50000, Batch Size = 64,                         Examples/Sec = 6246.46, Accuracy = 0.60, Loss = 1.277
[2020-11-27 17:25] EPOCH 3 Train Step 33899/50000, Batch Size = 64,                         Examples/Sec = 6291.85, Accuracy = 0.57, Loss = 1.375
[2020-11-27 17:25] EPOCH 3 Train Step 33999/50000, Batch Size = 64,                         Examples/Sec = 5603.50, Accuracy = 0.60, Loss = 1.266
[2020-11-27 17:25] EPOCH 3 Train Step 34099/50000, Batch Size = 64,                         Examples/Sec = 5627.34, Accuracy = 0.59, Loss = 1.349
[2020-11-27 17:25] EPOCH 3 Train Step 34199/50000, Batch Size = 64,                         Examples/Sec = 6042.99, Accuracy = 0.58, Loss = 1.325
[2020-11-27 17:25] EPOCH 3 Train Step 34299/50000, Batch Size = 64,                         Examples/Sec = 5689.36, Accuracy = 0.60, Loss = 1.282
[2020-11-27 17:25] EPOCH 3 Train Step 34399/50000, Batch Size = 64,                         Examples/Sec = 5576.49, Accuracy = 0.58, Loss = 1.364
[2020-11-27 17:25] EPOCH 4 Train Step 34499/50000, Batch Size = 64,                         Examples/Sec = 5999.76, Accuracy = 0.57, Loss = 1.386
[2020-11-27 17:25] EPOCH 4 Train Step 34599/50000, Batch Size = 64,                         Examples/Sec = 5987.05, Accuracy = 0.61, Loss = 1.298
[2020-11-27 17:25] EPOCH 4 Train Step 34699/50000, Batch Size = 64,                         Examples/Sec = 5428.75, Accuracy = 0.59, Loss = 1.340
[2020-11-27 17:25] EPOCH 4 Train Step 34799/50000, Batch Size = 64,                         Examples/Sec = 5756.22, Accuracy = 0.60, Loss = 1.294
[2020-11-27 17:25] EPOCH 4 Train Step 34899/50000, Batch Size = 64,                         Examples/Sec = 6319.99, Accuracy = 0.59, Loss = 1.321
[2020-11-27 17:25] EPOCH 4 Train Step 34999/50000, Batch Size = 64,                         Examples/Sec = 5648.42, Accuracy = 0.58, Loss = 1.366
[2020-11-27 17:25] EPOCH 4 Train Step 35099/50000, Batch Size = 64,                         Examples/Sec = 6149.44, Accuracy = 0.56, Loss = 1.391
[2020-11-27 17:25] EPOCH 4 Train Step 35199/50000, Batch Size = 64,                         Examples/Sec = 6093.88, Accuracy = 0.59, Loss = 1.316
[2020-11-27 17:25] EPOCH 4 Train Step 35299/50000, Batch Size = 64,                         Examples/Sec = 5732.25, Accuracy = 0.59, Loss = 1.306
[2020-11-27 17:25] EPOCH 4 Train Step 35399/50000, Batch Size = 64,                         Examples/Sec = 6305.30, Accuracy = 0.57, Loss = 1.369
[2020-11-27 17:25] EPOCH 4 Train Step 35499/50000, Batch Size = 64,                         Examples/Sec = 5375.91, Accuracy = 0.58, Loss = 1.385
[2020-11-27 17:25] EPOCH 4 Train Step 35599/50000, Batch Size = 64,                         Examples/Sec = 6034.29, Accuracy = 0.57, Loss = 1.398
[2020-11-27 17:25] EPOCH 4 Train Step 35699/50000, Batch Size = 64,                         Examples/Sec = 6037.28, Accuracy = 0.58, Loss = 1.360
[2020-11-27 17:25] EPOCH 4 Train Step 35799/50000, Batch Size = 64,                         Examples/Sec = 5601.16, Accuracy = 0.58, Loss = 1.373
[2020-11-27 17:25] EPOCH 4 Train Step 35899/50000, Batch Size = 64,                         Examples/Sec = 5532.01, Accuracy = 0.58, Loss = 1.312
[2020-11-27 17:25] EPOCH 4 Train Step 35999/50000, Batch Size = 64,                         Examples/Sec = 5668.94, Accuracy = 0.58, Loss = 1.341
[2020-11-27 17:25] EPOCH 4 Train Step 36099/50000, Batch Size = 64,                         Examples/Sec = 5732.74, Accuracy = 0.58, Loss = 1.339
[2020-11-27 17:25] EPOCH 4 Train Step 36199/50000, Batch Size = 64,                         Examples/Sec = 6000.70, Accuracy = 0.59, Loss = 1.321
[2020-11-27 17:25] EPOCH 4 Train Step 36299/50000, Batch Size = 64,                         Examples/Sec = 5889.07, Accuracy = 0.57, Loss = 1.372
[2020-11-27 17:25] EPOCH 4 Train Step 36399/50000, Batch Size = 64,                         Examples/Sec = 5999.63, Accuracy = 0.58, Loss = 1.348
[2020-11-27 17:25] EPOCH 4 Train Step 36499/50000, Batch Size = 64,                         Examples/Sec = 5653.30, Accuracy = 0.61, Loss = 1.252
[2020-11-27 17:25] EPOCH 4 Train Step 36599/50000, Batch Size = 64,                         Examples/Sec = 5731.02, Accuracy = 0.57, Loss = 1.358
[2020-11-27 17:25] EPOCH 4 Train Step 36699/50000, Batch Size = 64,                         Examples/Sec = 5564.47, Accuracy = 0.56, Loss = 1.409
[2020-11-27 17:25] EPOCH 4 Train Step 36799/50000, Batch Size = 64,                         Examples/Sec = 5605.02, Accuracy = 0.59, Loss = 1.330
[2020-11-27 17:25] EPOCH 4 Train Step 36899/50000, Batch Size = 64,                         Examples/Sec = 4891.58, Accuracy = 0.60, Loss = 1.280
[2020-11-27 17:25] EPOCH 4 Train Step 36999/50000, Batch Size = 64,                         Examples/Sec = 5786.24, Accuracy = 0.55, Loss = 1.433
[2020-11-27 17:25] EPOCH 4 Train Step 37099/50000, Batch Size = 64,                         Examples/Sec = 5685.14, Accuracy = 0.60, Loss = 1.331
[2020-11-27 17:25] EPOCH 4 Train Step 37199/50000, Batch Size = 64,                         Examples/Sec = 6060.45, Accuracy = 0.59, Loss = 1.386
[2020-11-27 17:25] EPOCH 4 Train Step 37299/50000, Batch Size = 64,                         Examples/Sec = 5927.17, Accuracy = 0.60, Loss = 1.303
[2020-11-27 17:26] EPOCH 4 Train Step 37399/50000, Batch Size = 64,                         Examples/Sec = 5786.24, Accuracy = 0.57, Loss = 1.366
[2020-11-27 17:26] EPOCH 4 Train Step 37499/50000, Batch Size = 64,                         Examples/Sec = 5827.32, Accuracy = 0.56, Loss = 1.439
[2020-11-27 17:26] EPOCH 4 Train Step 37599/50000, Batch Size = 64,                         Examples/Sec = 5659.61, Accuracy = 0.58, Loss = 1.347
[2020-11-27 17:26] EPOCH 4 Train Step 37699/50000, Batch Size = 64,                         Examples/Sec = 5614.04, Accuracy = 0.56, Loss = 1.393
[2020-11-27 17:26] EPOCH 4 Train Step 37799/50000, Batch Size = 64,                         Examples/Sec = 5424.47, Accuracy = 0.58, Loss = 1.354
[2020-11-27 17:26] EPOCH 4 Train Step 37899/50000, Batch Size = 64,                         Examples/Sec = 5695.40, Accuracy = 0.57, Loss = 1.444
[2020-11-27 17:26] EPOCH 4 Train Step 37999/50000, Batch Size = 64,                         Examples/Sec = 5606.54, Accuracy = 0.58, Loss = 1.328
[2020-11-27 17:26] EPOCH 4 Train Step 38099/50000, Batch Size = 64,                         Examples/Sec = 5705.32, Accuracy = 0.57, Loss = 1.376
[2020-11-27 17:26] EPOCH 4 Train Step 38199/50000, Batch Size = 64,                         Examples/Sec = 5779.52, Accuracy = 0.57, Loss = 1.384
[2020-11-27 17:26] EPOCH 4 Train Step 38299/50000, Batch Size = 64,                         Examples/Sec = 5794.11, Accuracy = 0.59, Loss = 1.346
[2020-11-27 17:26] EPOCH 4 Train Step 38399/50000, Batch Size = 64,                         Examples/Sec = 5991.86, Accuracy = 0.56, Loss = 1.398
[2020-11-27 17:26] EPOCH 4 Train Step 38499/50000, Batch Size = 64,                         Examples/Sec = 5582.29, Accuracy = 0.55, Loss = 1.457
[2020-11-27 17:26] EPOCH 4 Train Step 38599/50000, Batch Size = 64,                         Examples/Sec = 5928.34, Accuracy = 0.59, Loss = 1.350
[2020-11-27 17:26] EPOCH 4 Train Step 38699/50000, Batch Size = 64,                         Examples/Sec = 6153.11, Accuracy = 0.60, Loss = 1.331
[2020-11-27 17:26] EPOCH 4 Train Step 38799/50000, Batch Size = 64,                         Examples/Sec = 5090.37, Accuracy = 0.54, Loss = 1.445
[2020-11-27 17:26] EPOCH 4 Train Step 38899/50000, Batch Size = 64,                         Examples/Sec = 5684.30, Accuracy = 0.59, Loss = 1.304
[2020-11-27 17:26] EPOCH 4 Train Step 38999/50000, Batch Size = 64,                         Examples/Sec = 6160.17, Accuracy = 0.59, Loss = 1.345
[2020-11-27 17:26] EPOCH 4 Train Step 39099/50000, Batch Size = 64,                         Examples/Sec = 5590.31, Accuracy = 0.58, Loss = 1.341
[2020-11-27 17:26] EPOCH 4 Train Step 39199/50000, Batch Size = 64,                         Examples/Sec = 6035.51, Accuracy = 0.59, Loss = 1.307
[2020-11-27 17:26] EPOCH 4 Train Step 39299/50000, Batch Size = 64,                         Examples/Sec = 5510.44, Accuracy = 0.56, Loss = 1.462
[2020-11-27 17:26] EPOCH 4 Train Step 39399/50000, Batch Size = 64,                         Examples/Sec = 5678.29, Accuracy = 0.60, Loss = 1.269
[2020-11-27 17:26] EPOCH 4 Train Step 39499/50000, Batch Size = 64,                         Examples/Sec = 5553.42, Accuracy = 0.59, Loss = 1.360
[2020-11-27 17:26] EPOCH 4 Train Step 39599/50000, Batch Size = 64,                         Examples/Sec = 5912.15, Accuracy = 0.57, Loss = 1.367
[2020-11-27 17:26] EPOCH 4 Train Step 39699/50000, Batch Size = 64,                         Examples/Sec = 5843.56, Accuracy = 0.57, Loss = 1.368
[2020-11-27 17:26] EPOCH 4 Train Step 39799/50000, Batch Size = 64,                         Examples/Sec = 5721.86, Accuracy = 0.55, Loss = 1.457
[2020-11-27 17:26] EPOCH 4 Train Step 39899/50000, Batch Size = 64,                         Examples/Sec = 5587.17, Accuracy = 0.59, Loss = 1.336
[2020-11-27 17:26] EPOCH 4 Train Step 39999/50000, Batch Size = 64,                         Examples/Sec = 5650.68, Accuracy = 0.56, Loss = 1.425
[2020-11-27 17:26] EPOCH 4 Train Step 40099/50000, Batch Size = 64,                         Examples/Sec = 5931.49, Accuracy = 0.58, Loss = 1.375
[2020-11-27 17:26] EPOCH 4 Train Step 40199/50000, Batch Size = 64,                         Examples/Sec = 5622.16, Accuracy = 0.57, Loss = 1.397
[2020-11-27 17:26] EPOCH 4 Train Step 40299/50000, Batch Size = 64,                         Examples/Sec = 6273.32, Accuracy = 0.59, Loss = 1.313
[2020-11-27 17:26] EPOCH 4 Train Step 40399/50000, Batch Size = 64,                         Examples/Sec = 5457.23, Accuracy = 0.56, Loss = 1.431
[2020-11-27 17:26] EPOCH 4 Train Step 40499/50000, Batch Size = 64,                         Examples/Sec = 5625.10, Accuracy = 0.58, Loss = 1.358
[2020-11-27 17:26] EPOCH 4 Train Step 40599/50000, Batch Size = 64,                         Examples/Sec = 5967.75, Accuracy = 0.58, Loss = 1.359
[2020-11-27 17:26] EPOCH 4 Train Step 40699/50000, Batch Size = 64,                         Examples/Sec = 5686.47, Accuracy = 0.56, Loss = 1.435
[2020-11-27 17:26] EPOCH 4 Train Step 40799/50000, Batch Size = 64,                         Examples/Sec = 5647.82, Accuracy = 0.60, Loss = 1.327
[2020-11-27 17:26] EPOCH 4 Train Step 40899/50000, Batch Size = 64,                         Examples/Sec = 5602.44, Accuracy = 0.56, Loss = 1.366
[2020-11-27 17:26] EPOCH 4 Train Step 40999/50000, Batch Size = 64,                         Examples/Sec = 5679.01, Accuracy = 0.58, Loss = 1.414
[2020-11-27 17:26] EPOCH 4 Train Step 41099/50000, Batch Size = 64,                         Examples/Sec = 5693.71, Accuracy = 0.56, Loss = 1.413
[2020-11-27 17:26] EPOCH 4 Train Step 41199/50000, Batch Size = 64,                         Examples/Sec = 5814.57, Accuracy = 0.59, Loss = 1.396
[2020-11-27 17:26] EPOCH 4 Train Step 41299/50000, Batch Size = 64,                         Examples/Sec = 5568.85, Accuracy = 0.56, Loss = 1.423
[2020-11-27 17:26] EPOCH 4 Train Step 41399/50000, Batch Size = 64,                         Examples/Sec = 5820.87, Accuracy = 0.58, Loss = 1.412
[2020-11-27 17:26] EPOCH 4 Train Step 41499/50000, Batch Size = 64,                         Examples/Sec = 6120.98, Accuracy = 0.59, Loss = 1.345
[2020-11-27 17:26] EPOCH 4 Train Step 41599/50000, Batch Size = 64,                         Examples/Sec = 5380.33, Accuracy = 0.59, Loss = 1.362
[2020-11-27 17:26] EPOCH 4 Train Step 41699/50000, Batch Size = 64,                         Examples/Sec = 6096.37, Accuracy = 0.56, Loss = 1.416
[2020-11-27 17:27] EPOCH 4 Train Step 41799/50000, Batch Size = 64,                         Examples/Sec = 5684.42, Accuracy = 0.58, Loss = 1.342
[2020-11-27 17:27] EPOCH 4 Train Step 41899/50000, Batch Size = 64,                         Examples/Sec = 5806.65, Accuracy = 0.58, Loss = 1.359
[2020-11-27 17:27] EPOCH 4 Train Step 41999/50000, Batch Size = 64,                         Examples/Sec = 5452.57, Accuracy = 0.57, Loss = 1.356
[2020-11-27 17:27] EPOCH 4 Train Step 42099/50000, Batch Size = 64,                         Examples/Sec = 5742.55, Accuracy = 0.57, Loss = 1.365
[2020-11-27 17:27] EPOCH 4 Train Step 42199/50000, Batch Size = 64,                         Examples/Sec = 6091.81, Accuracy = 0.58, Loss = 1.394
[2020-11-27 17:27] EPOCH 4 Train Step 42299/50000, Batch Size = 64,                         Examples/Sec = 5890.62, Accuracy = 0.54, Loss = 1.445
[2020-11-27 17:27] EPOCH 4 Train Step 42399/50000, Batch Size = 64,                         Examples/Sec = 5567.93, Accuracy = 0.56, Loss = 1.419
[2020-11-27 17:27] EPOCH 4 Train Step 42499/50000, Batch Size = 64,                         Examples/Sec = 5598.24, Accuracy = 0.56, Loss = 1.414
[2020-11-27 17:27] EPOCH 4 Train Step 42599/50000, Batch Size = 64,                         Examples/Sec = 5603.85, Accuracy = 0.57, Loss = 1.418
[2020-11-27 17:27] EPOCH 4 Train Step 42699/50000, Batch Size = 64,                         Examples/Sec = 5594.39, Accuracy = 0.60, Loss = 1.334
[2020-11-27 17:27] EPOCH 4 Train Step 42799/50000, Batch Size = 64,                         Examples/Sec = 5798.87, Accuracy = 0.59, Loss = 1.358
[2020-11-27 17:27] EPOCH 4 Train Step 42899/50000, Batch Size = 64,                         Examples/Sec = 6071.69, Accuracy = 0.57, Loss = 1.364
[2020-11-27 17:27] EPOCH 4 Train Step 42999/50000, Batch Size = 64,                         Examples/Sec = 6210.48, Accuracy = 0.58, Loss = 1.417
