Namespace(batch_size=64, device='cuda', dropout_keep_prob=1.0, learning_rate=0.002, learning_rate_decay=0.96, learning_rate_step=5000, lstm_num_hidden=128, lstm_num_layers=2, max_epochs=5, max_norm=5.0, print_every=100, sample_every=10000, seq_length=30, summary_path='./summaries/', train_steps=1000000, txt_file='./assets/book_EN_grimms_fairy_tails.txt')
Device: cuda
Txt file: ./assets/book_EN_grimms_fairy_tails.txt
Initialize dataset with 550595 characters, 91 unique.
[2020-11-27 16:16] EPOCH 0 Train Step 0099/1000000, Batch Size = 64,                         Examples/Sec = 2398.84, Accuracy = 0.37, Loss = 2.280
[2020-11-27 16:16] EPOCH 0 Train Step 0199/1000000, Batch Size = 64,                         Examples/Sec = 2263.29, Accuracy = 0.45, Loss = 1.886
[2020-11-27 16:16] EPOCH 0 Train Step 0299/1000000, Batch Size = 64,                         Examples/Sec = 2540.10, Accuracy = 0.49, Loss = 1.706
[2020-11-27 16:16] EPOCH 0 Train Step 0399/1000000, Batch Size = 64,                         Examples/Sec = 2222.46, Accuracy = 0.51, Loss = 1.675
[2020-11-27 16:16] EPOCH 0 Train Step 0499/1000000, Batch Size = 64,                         Examples/Sec = 2404.93, Accuracy = 0.55, Loss = 1.532
[2020-11-27 16:16] EPOCH 0 Train Step 0599/1000000, Batch Size = 64,                         Examples/Sec = 2246.45, Accuracy = 0.52, Loss = 1.622
[2020-11-27 16:16] EPOCH 0 Train Step 0699/1000000, Batch Size = 64,                         Examples/Sec = 2234.54, Accuracy = 0.55, Loss = 1.518
[2020-11-27 16:16] EPOCH 0 Train Step 0799/1000000, Batch Size = 64,                         Examples/Sec = 2208.64, Accuracy = 0.56, Loss = 1.468
[2020-11-27 16:16] EPOCH 0 Train Step 0899/1000000, Batch Size = 64,                         Examples/Sec = 2534.49, Accuracy = 0.57, Loss = 1.382
[2020-11-27 16:16] EPOCH 0 Train Step 0999/1000000, Batch Size = 64,                         Examples/Sec = 2548.01, Accuracy = 0.57, Loss = 1.389
[2020-11-27 16:16] EPOCH 0 Train Step 1099/1000000, Batch Size = 64,                         Examples/Sec = 2280.00, Accuracy = 0.59, Loss = 1.341
[2020-11-27 16:16] EPOCH 0 Train Step 1199/1000000, Batch Size = 64,                         Examples/Sec = 2160.10, Accuracy = 0.57, Loss = 1.410
[2020-11-27 16:16] EPOCH 0 Train Step 1299/1000000, Batch Size = 64,                         Examples/Sec = 2277.02, Accuracy = 0.59, Loss = 1.329
[2020-11-27 16:17] EPOCH 0 Train Step 1399/1000000, Batch Size = 64,                         Examples/Sec = 2294.40, Accuracy = 0.59, Loss = 1.352
[2020-11-27 16:17] EPOCH 0 Train Step 1499/1000000, Batch Size = 64,                         Examples/Sec = 2222.39, Accuracy = 0.59, Loss = 1.350
[2020-11-27 16:17] EPOCH 0 Train Step 1599/1000000, Batch Size = 64,                         Examples/Sec = 2217.10, Accuracy = 0.60, Loss = 1.326
[2020-11-27 16:17] EPOCH 0 Train Step 1699/1000000, Batch Size = 64,                         Examples/Sec = 2440.48, Accuracy = 0.59, Loss = 1.296
[2020-11-27 16:17] EPOCH 0 Train Step 1799/1000000, Batch Size = 64,                         Examples/Sec = 2477.44, Accuracy = 0.59, Loss = 1.341
[2020-11-27 16:17] EPOCH 0 Train Step 1899/1000000, Batch Size = 64,                         Examples/Sec = 2213.33, Accuracy = 0.62, Loss = 1.225
[2020-11-27 16:17] EPOCH 0 Train Step 1999/1000000, Batch Size = 64,                         Examples/Sec = 2385.35, Accuracy = 0.58, Loss = 1.386
[2020-11-27 16:17] EPOCH 0 Train Step 2099/1000000, Batch Size = 64,                         Examples/Sec = 2379.60, Accuracy = 0.60, Loss = 1.296
[2020-11-27 16:17] EPOCH 0 Train Step 2199/1000000, Batch Size = 64,                         Examples/Sec = 2352.61, Accuracy = 0.62, Loss = 1.257
[2020-11-27 16:17] EPOCH 0 Train Step 2299/1000000, Batch Size = 64,                         Examples/Sec = 2324.24, Accuracy = 0.62, Loss = 1.250
[2020-11-27 16:17] EPOCH 0 Train Step 2399/1000000, Batch Size = 64,                         Examples/Sec = 2546.05, Accuracy = 0.59, Loss = 1.309
[2020-11-27 16:17] EPOCH 0 Train Step 2499/1000000, Batch Size = 64,                         Examples/Sec = 2294.34, Accuracy = 0.62, Loss = 1.237
[2020-11-27 16:17] EPOCH 0 Train Step 2599/1000000, Batch Size = 64,                         Examples/Sec = 2379.77, Accuracy = 0.60, Loss = 1.294
[2020-11-27 16:17] EPOCH 0 Train Step 2699/1000000, Batch Size = 64,                         Examples/Sec = 2284.93, Accuracy = 0.62, Loss = 1.202
[2020-11-27 16:17] EPOCH 0 Train Step 2799/1000000, Batch Size = 64,                         Examples/Sec = 2295.91, Accuracy = 0.60, Loss = 1.254
[2020-11-27 16:17] EPOCH 0 Train Step 2899/1000000, Batch Size = 64,                         Examples/Sec = 2228.40, Accuracy = 0.62, Loss = 1.236
[2020-11-27 16:17] EPOCH 0 Train Step 2999/1000000, Batch Size = 64,                         Examples/Sec = 2506.75, Accuracy = 0.64, Loss = 1.158
[2020-11-27 16:17] EPOCH 0 Train Step 3099/1000000, Batch Size = 64,                         Examples/Sec = 2562.26, Accuracy = 0.59, Loss = 1.296
[2020-11-27 16:17] EPOCH 0 Train Step 3199/1000000, Batch Size = 64,                         Examples/Sec = 2381.35, Accuracy = 0.64, Loss = 1.184
[2020-11-27 16:17] EPOCH 0 Train Step 3299/1000000, Batch Size = 64,                         Examples/Sec = 2364.99, Accuracy = 0.61, Loss = 1.241
[2020-11-27 16:18] EPOCH 0 Train Step 3399/1000000, Batch Size = 64,                         Examples/Sec = 2471.46, Accuracy = 0.62, Loss = 1.229
[2020-11-27 16:18] EPOCH 0 Train Step 3499/1000000, Batch Size = 64,                         Examples/Sec = 2483.28, Accuracy = 0.62, Loss = 1.193
[2020-11-27 16:18] EPOCH 0 Train Step 3599/1000000, Batch Size = 64,                         Examples/Sec = 2567.73, Accuracy = 0.63, Loss = 1.176
[2020-11-27 16:18] EPOCH 0 Train Step 3699/1000000, Batch Size = 64,                         Examples/Sec = 2279.88, Accuracy = 0.63, Loss = 1.153
[2020-11-27 16:18] EPOCH 0 Train Step 3799/1000000, Batch Size = 64,                         Examples/Sec = 2220.64, Accuracy = 0.62, Loss = 1.208
[2020-11-27 16:18] EPOCH 0 Train Step 3899/1000000, Batch Size = 64,                         Examples/Sec = 2242.42, Accuracy = 0.66, Loss = 1.117
[2020-11-27 16:18] EPOCH 0 Train Step 3999/1000000, Batch Size = 64,                         Examples/Sec = 2255.95, Accuracy = 0.66, Loss = 1.134
[2020-11-27 16:18] EPOCH 0 Train Step 4099/1000000, Batch Size = 64,                         Examples/Sec = 2230.94, Accuracy = 0.64, Loss = 1.134
[2020-11-27 16:18] EPOCH 0 Train Step 4199/1000000, Batch Size = 64,                         Examples/Sec = 2496.96, Accuracy = 0.62, Loss = 1.229
[2020-11-27 16:18] EPOCH 0 Train Step 4299/1000000, Batch Size = 64,                         Examples/Sec = 2462.73, Accuracy = 0.65, Loss = 1.139
[2020-11-27 16:18] EPOCH 0 Train Step 4399/1000000, Batch Size = 64,                         Examples/Sec = 2262.19, Accuracy = 0.62, Loss = 1.174
[2020-11-27 16:18] EPOCH 0 Train Step 4499/1000000, Batch Size = 64,                         Examples/Sec = 2383.25, Accuracy = 0.66, Loss = 1.105
[2020-11-27 16:18] EPOCH 0 Train Step 4599/1000000, Batch Size = 64,                         Examples/Sec = 2430.40, Accuracy = 0.64, Loss = 1.141
[2020-11-27 16:18] EPOCH 0 Train Step 4699/1000000, Batch Size = 64,                         Examples/Sec = 2406.80, Accuracy = 0.64, Loss = 1.138
[2020-11-27 16:18] EPOCH 0 Train Step 4799/1000000, Batch Size = 64,                         Examples/Sec = 2238.36, Accuracy = 0.65, Loss = 1.085
[2020-11-27 16:18] EPOCH 0 Train Step 4899/1000000, Batch Size = 64,                         Examples/Sec = 2498.40, Accuracy = 0.63, Loss = 1.151
[2020-11-27 16:18] EPOCH 0 Train Step 4999/1000000, Batch Size = 64,                         Examples/Sec = 2653.78, Accuracy = 0.64, Loss = 1.155
[2020-11-27 16:18] EPOCH 0 Train Step 5099/1000000, Batch Size = 64,                         Examples/Sec = 2454.87, Accuracy = 0.66, Loss = 1.091
[2020-11-27 16:18] EPOCH 0 Train Step 5199/1000000, Batch Size = 64,                         Examples/Sec = 2447.53, Accuracy = 0.66, Loss = 1.097
[2020-11-27 16:18] EPOCH 0 Train Step 5299/1000000, Batch Size = 64,                         Examples/Sec = 2195.72, Accuracy = 0.66, Loss = 1.086
[2020-11-27 16:19] EPOCH 0 Train Step 5399/1000000, Batch Size = 64,                         Examples/Sec = 2264.19, Accuracy = 0.65, Loss = 1.120
[2020-11-27 16:19] EPOCH 0 Train Step 5499/1000000, Batch Size = 64,                         Examples/Sec = 2214.49, Accuracy = 0.65, Loss = 1.130
[2020-11-27 16:19] EPOCH 0 Train Step 5599/1000000, Batch Size = 64,                         Examples/Sec = 2245.21, Accuracy = 0.66, Loss = 1.102
[2020-11-27 16:19] EPOCH 0 Train Step 5699/1000000, Batch Size = 64,                         Examples/Sec = 2480.92, Accuracy = 0.64, Loss = 1.135
[2020-11-27 16:19] EPOCH 0 Train Step 5799/1000000, Batch Size = 64,                         Examples/Sec = 2192.63, Accuracy = 0.64, Loss = 1.115
[2020-11-27 16:19] EPOCH 0 Train Step 5899/1000000, Batch Size = 64,                         Examples/Sec = 2220.82, Accuracy = 0.65, Loss = 1.073
[2020-11-27 16:19] EPOCH 0 Train Step 5999/1000000, Batch Size = 64,                         Examples/Sec = 2212.93, Accuracy = 0.66, Loss = 1.092
[2020-11-27 16:19] EPOCH 0 Train Step 6099/1000000, Batch Size = 64,                         Examples/Sec = 2390.21, Accuracy = 0.65, Loss = 1.101
[2020-11-27 16:19] EPOCH 0 Train Step 6199/1000000, Batch Size = 64,                         Examples/Sec = 2469.60, Accuracy = 0.67, Loss = 1.064
[2020-11-27 16:19] EPOCH 0 Train Step 6299/1000000, Batch Size = 64,                         Examples/Sec = 2276.83, Accuracy = 0.67, Loss = 1.063
[2020-11-27 16:19] EPOCH 0 Train Step 6399/1000000, Batch Size = 64,                         Examples/Sec = 2490.49, Accuracy = 0.67, Loss = 1.043
[2020-11-27 16:19] EPOCH 0 Train Step 6499/1000000, Batch Size = 64,                         Examples/Sec = 2289.90, Accuracy = 0.64, Loss = 1.111
[2020-11-27 16:19] EPOCH 0 Train Step 6599/1000000, Batch Size = 64,                         Examples/Sec = 2328.07, Accuracy = 0.67, Loss = 1.072
[2020-11-27 16:19] EPOCH 0 Train Step 6699/1000000, Batch Size = 64,                         Examples/Sec = 2457.55, Accuracy = 0.66, Loss = 1.097
[2020-11-27 16:19] EPOCH 0 Train Step 6799/1000000, Batch Size = 64,                         Examples/Sec = 2422.44, Accuracy = 0.65, Loss = 1.080
[2020-11-27 16:19] EPOCH 0 Train Step 6899/1000000, Batch Size = 64,                         Examples/Sec = 2329.06, Accuracy = 0.66, Loss = 1.056
[2020-11-27 16:19] EPOCH 0 Train Step 6999/1000000, Batch Size = 64,                         Examples/Sec = 2290.78, Accuracy = 0.66, Loss = 1.075
[2020-11-27 16:19] EPOCH 0 Train Step 7099/1000000, Batch Size = 64,                         Examples/Sec = 2276.67, Accuracy = 0.65, Loss = 1.097
[2020-11-27 16:19] EPOCH 0 Train Step 7199/1000000, Batch Size = 64,                         Examples/Sec = 2246.04, Accuracy = 0.67, Loss = 1.048
[2020-11-27 16:19] EPOCH 0 Train Step 7299/1000000, Batch Size = 64,                         Examples/Sec = 2439.04, Accuracy = 0.66, Loss = 1.074
[2020-11-27 16:20] EPOCH 0 Train Step 7399/1000000, Batch Size = 64,                         Examples/Sec = 2272.84, Accuracy = 0.66, Loss = 1.063
[2020-11-27 16:20] EPOCH 0 Train Step 7499/1000000, Batch Size = 64,                         Examples/Sec = 2403.48, Accuracy = 0.66, Loss = 1.081
[2020-11-27 16:20] EPOCH 0 Train Step 7599/1000000, Batch Size = 64,                         Examples/Sec = 2333.04, Accuracy = 0.67, Loss = 1.033
[2020-11-27 16:20] EPOCH 0 Train Step 7699/1000000, Batch Size = 64,                         Examples/Sec = 2537.51, Accuracy = 0.67, Loss = 1.041
[2020-11-27 16:20] EPOCH 0 Train Step 7799/1000000, Batch Size = 64,                         Examples/Sec = 2247.56, Accuracy = 0.66, Loss = 1.067
[2020-11-27 16:20] EPOCH 0 Train Step 7899/1000000, Batch Size = 64,                         Examples/Sec = 2292.46, Accuracy = 0.68, Loss = 1.027
[2020-11-27 16:20] EPOCH 0 Train Step 7999/1000000, Batch Size = 64,                         Examples/Sec = 2259.80, Accuracy = 0.66, Loss = 1.046
[2020-11-27 16:20] EPOCH 0 Train Step 8099/1000000, Batch Size = 64,                         Examples/Sec = 2283.12, Accuracy = 0.66, Loss = 1.052
[2020-11-27 16:20] EPOCH 0 Train Step 8199/1000000, Batch Size = 64,                         Examples/Sec = 2540.82, Accuracy = 0.66, Loss = 1.063
[2020-11-27 16:20] EPOCH 0 Train Step 8299/1000000, Batch Size = 64,                         Examples/Sec = 2235.86, Accuracy = 0.68, Loss = 1.020
[2020-11-27 16:20] EPOCH 0 Train Step 8399/1000000, Batch Size = 64,                         Examples/Sec = 2396.19, Accuracy = 0.68, Loss = 1.030
[2020-11-27 16:20] EPOCH 0 Train Step 8499/1000000, Batch Size = 64,                         Examples/Sec = 2419.41, Accuracy = 0.67, Loss = 1.061
[2020-11-27 16:20] EPOCH 0 Train Step 8599/1000000, Batch Size = 64,                         Examples/Sec = 2522.53, Accuracy = 0.67, Loss = 1.031
[2020-11-27 16:20] EPOCH 1 Train Step 8699/1000000, Batch Size = 64,                         Examples/Sec = 2445.48, Accuracy = 0.65, Loss = 1.064
[2020-11-27 16:20] EPOCH 1 Train Step 8799/1000000, Batch Size = 64,                         Examples/Sec = 2444.54, Accuracy = 0.67, Loss = 1.008
[2020-11-27 16:20] EPOCH 1 Train Step 8899/1000000, Batch Size = 64,                         Examples/Sec = 2510.78, Accuracy = 0.68, Loss = 1.006
[2020-11-27 16:20] EPOCH 1 Train Step 8999/1000000, Batch Size = 64,                         Examples/Sec = 2515.77, Accuracy = 0.66, Loss = 1.052
[2020-11-27 16:20] EPOCH 1 Train Step 9099/1000000, Batch Size = 64,                         Examples/Sec = 2502.15, Accuracy = 0.67, Loss = 1.024
[2020-11-27 16:20] EPOCH 1 Train Step 9199/1000000, Batch Size = 64,                         Examples/Sec = 2406.91, Accuracy = 0.67, Loss = 1.052
[2020-11-27 16:20] EPOCH 1 Train Step 9299/1000000, Batch Size = 64,                         Examples/Sec = 2410.41, Accuracy = 0.70, Loss = 0.935
[2020-11-27 16:21] EPOCH 1 Train Step 9399/1000000, Batch Size = 64,                         Examples/Sec = 2180.82, Accuracy = 0.67, Loss = 1.065
[2020-11-27 16:21] EPOCH 1 Train Step 9499/1000000, Batch Size = 64,                         Examples/Sec = 2519.53, Accuracy = 0.70, Loss = 0.946
[2020-11-27 16:21] EPOCH 1 Train Step 9599/1000000, Batch Size = 64,                         Examples/Sec = 2218.36, Accuracy = 0.68, Loss = 1.018
[2020-11-27 16:21] EPOCH 1 Train Step 9699/1000000, Batch Size = 64,                         Examples/Sec = 2453.08, Accuracy = 0.66, Loss = 1.054
[2020-11-27 16:21] EPOCH 1 Train Step 9799/1000000, Batch Size = 64,                         Examples/Sec = 2276.38, Accuracy = 0.67, Loss = 1.077
[2020-11-27 16:21] EPOCH 1 Train Step 9899/1000000, Batch Size = 64,                         Examples/Sec = 2410.80, Accuracy = 0.68, Loss = 0.987
[2020-11-27 16:21] EPOCH 1 Train Step 9999/1000000, Batch Size = 64,                         Examples/Sec = 2410.97, Accuracy = 0.67, Loss = 1.021
[2020-11-27 16:21] EPOCH 1 Train Step 10099/1000000, Batch Size = 64,                         Examples/Sec = 2533.17, Accuracy = 0.67, Loss = 1.013
[2020-11-27 16:21] EPOCH 1 Train Step 10199/1000000, Batch Size = 64,                         Examples/Sec = 2278.58, Accuracy = 0.68, Loss = 1.008
[2020-11-27 16:21] EPOCH 1 Train Step 10299/1000000, Batch Size = 64,                         Examples/Sec = 2248.96, Accuracy = 0.68, Loss = 1.019
[2020-11-27 16:21] EPOCH 1 Train Step 10399/1000000, Batch Size = 64,                         Examples/Sec = 2261.52, Accuracy = 0.68, Loss = 0.991
[2020-11-27 16:21] EPOCH 1 Train Step 10499/1000000, Batch Size = 64,                         Examples/Sec = 2559.67, Accuracy = 0.69, Loss = 0.997
[2020-11-27 16:21] EPOCH 1 Train Step 10599/1000000, Batch Size = 64,                         Examples/Sec = 2271.14, Accuracy = 0.67, Loss = 1.008
[2020-11-27 16:21] EPOCH 1 Train Step 10699/1000000, Batch Size = 64,                         Examples/Sec = 2214.94, Accuracy = 0.67, Loss = 1.014
[2020-11-27 16:21] EPOCH 1 Train Step 10799/1000000, Batch Size = 64,                         Examples/Sec = 2199.73, Accuracy = 0.68, Loss = 1.045
[2020-11-27 16:21] EPOCH 1 Train Step 10899/1000000, Batch Size = 64,                         Examples/Sec = 2442.45, Accuracy = 0.69, Loss = 0.985
[2020-11-27 16:21] EPOCH 1 Train Step 10999/1000000, Batch Size = 64,                         Examples/Sec = 2265.91, Accuracy = 0.68, Loss = 0.973
[2020-11-27 16:21] EPOCH 1 Train Step 11099/1000000, Batch Size = 64,                         Examples/Sec = 2279.63, Accuracy = 0.70, Loss = 0.938
[2020-11-27 16:21] EPOCH 1 Train Step 11199/1000000, Batch Size = 64,                         Examples/Sec = 2549.58, Accuracy = 0.68, Loss = 0.959
[2020-11-27 16:21] EPOCH 1 Train Step 11299/1000000, Batch Size = 64,                         Examples/Sec = 2234.28, Accuracy = 0.68, Loss = 1.004
[2020-11-27 16:22] EPOCH 1 Train Step 11399/1000000, Batch Size = 64,                         Examples/Sec = 2541.45, Accuracy = 0.68, Loss = 0.982
[2020-11-27 16:22] EPOCH 1 Train Step 11499/1000000, Batch Size = 64,                         Examples/Sec = 2251.07, Accuracy = 0.69, Loss = 0.981
[2020-11-27 16:22] EPOCH 1 Train Step 11599/1000000, Batch Size = 64,                         Examples/Sec = 2485.15, Accuracy = 0.68, Loss = 0.983
[2020-11-27 16:22] EPOCH 1 Train Step 11699/1000000, Batch Size = 64,                         Examples/Sec = 2278.39, Accuracy = 0.69, Loss = 0.948
[2020-11-27 16:22] EPOCH 1 Train Step 11799/1000000, Batch Size = 64,                         Examples/Sec = 2217.30, Accuracy = 0.69, Loss = 0.990
[2020-11-27 16:22] EPOCH 1 Train Step 11899/1000000, Batch Size = 64,                         Examples/Sec = 2387.54, Accuracy = 0.69, Loss = 0.995
[2020-11-27 16:22] EPOCH 1 Train Step 11999/1000000, Batch Size = 64,                         Examples/Sec = 2147.66, Accuracy = 0.71, Loss = 0.938
[2020-11-27 16:22] EPOCH 1 Train Step 12099/1000000, Batch Size = 64,                         Examples/Sec = 2449.36, Accuracy = 0.69, Loss = 0.980
[2020-11-27 16:22] EPOCH 1 Train Step 12199/1000000, Batch Size = 64,                         Examples/Sec = 2254.32, Accuracy = 0.69, Loss = 0.974
[2020-11-27 16:22] EPOCH 1 Train Step 12299/1000000, Batch Size = 64,                         Examples/Sec = 2351.56, Accuracy = 0.68, Loss = 0.951
[2020-11-27 16:22] EPOCH 1 Train Step 12399/1000000, Batch Size = 64,                         Examples/Sec = 2284.52, Accuracy = 0.69, Loss = 0.959
[2020-11-27 16:22] EPOCH 1 Train Step 12499/1000000, Batch Size = 64,                         Examples/Sec = 2374.93, Accuracy = 0.69, Loss = 0.953
[2020-11-27 16:22] EPOCH 1 Train Step 12599/1000000, Batch Size = 64,                         Examples/Sec = 2419.99, Accuracy = 0.69, Loss = 0.946
[2020-11-27 16:22] EPOCH 1 Train Step 12699/1000000, Batch Size = 64,                         Examples/Sec = 2278.20, Accuracy = 0.69, Loss = 0.957
[2020-11-27 16:22] EPOCH 1 Train Step 12799/1000000, Batch Size = 64,                         Examples/Sec = 2439.39, Accuracy = 0.69, Loss = 0.947
[2020-11-27 16:22] EPOCH 1 Train Step 12899/1000000, Batch Size = 64,                         Examples/Sec = 2210.13, Accuracy = 0.69, Loss = 0.945
[2020-11-27 16:22] EPOCH 1 Train Step 12999/1000000, Batch Size = 64,                         Examples/Sec = 2428.60, Accuracy = 0.68, Loss = 1.003
[2020-11-27 16:22] EPOCH 1 Train Step 13099/1000000, Batch Size = 64,                         Examples/Sec = 2549.73, Accuracy = 0.68, Loss = 0.980
[2020-11-27 16:22] EPOCH 1 Train Step 13199/1000000, Batch Size = 64,                         Examples/Sec = 2276.59, Accuracy = 0.71, Loss = 0.943
[2020-11-27 16:22] EPOCH 1 Train Step 13299/1000000, Batch Size = 64,                         Examples/Sec = 2233.85, Accuracy = 0.70, Loss = 0.943
[2020-11-27 16:23] EPOCH 1 Train Step 13399/1000000, Batch Size = 64,                         Examples/Sec = 2282.71, Accuracy = 0.70, Loss = 0.949
[2020-11-27 16:23] EPOCH 1 Train Step 13499/1000000, Batch Size = 64,                         Examples/Sec = 2238.01, Accuracy = 0.70, Loss = 0.963
[2020-11-27 16:23] EPOCH 1 Train Step 13599/1000000, Batch Size = 64,                         Examples/Sec = 2223.36, Accuracy = 0.70, Loss = 0.921
[2020-11-27 16:23] EPOCH 1 Train Step 13699/1000000, Batch Size = 64,                         Examples/Sec = 2215.98, Accuracy = 0.70, Loss = 0.935
[2020-11-27 16:23] EPOCH 1 Train Step 13799/1000000, Batch Size = 64,                         Examples/Sec = 2261.23, Accuracy = 0.70, Loss = 0.950
[2020-11-27 16:23] EPOCH 1 Train Step 13899/1000000, Batch Size = 64,                         Examples/Sec = 2164.51, Accuracy = 0.69, Loss = 0.962
[2020-11-27 16:23] EPOCH 1 Train Step 13999/1000000, Batch Size = 64,                         Examples/Sec = 2693.78, Accuracy = 0.70, Loss = 0.930
[2020-11-27 16:23] EPOCH 1 Train Step 14099/1000000, Batch Size = 64,                         Examples/Sec = 2380.55, Accuracy = 0.68, Loss = 0.986
[2020-11-27 16:23] EPOCH 1 Train Step 14199/1000000, Batch Size = 64,                         Examples/Sec = 2490.79, Accuracy = 0.70, Loss = 0.959
[2020-11-27 16:23] EPOCH 1 Train Step 14299/1000000, Batch Size = 64,                         Examples/Sec = 2294.46, Accuracy = 0.72, Loss = 0.886
[2020-11-27 16:23] EPOCH 1 Train Step 14399/1000000, Batch Size = 64,                         Examples/Sec = 2312.54, Accuracy = 0.68, Loss = 0.990
[2020-11-27 16:23] EPOCH 1 Train Step 14499/1000000, Batch Size = 64,                         Examples/Sec = 2388.24, Accuracy = 0.70, Loss = 0.931
[2020-11-27 16:23] EPOCH 1 Train Step 14599/1000000, Batch Size = 64,                         Examples/Sec = 2483.17, Accuracy = 0.70, Loss = 0.956
[2020-11-27 16:23] EPOCH 1 Train Step 14699/1000000, Batch Size = 64,                         Examples/Sec = 2300.75, Accuracy = 0.72, Loss = 0.903
[2020-11-27 16:23] EPOCH 1 Train Step 14799/1000000, Batch Size = 64,                         Examples/Sec = 2315.72, Accuracy = 0.70, Loss = 0.951
[2020-11-27 16:23] EPOCH 1 Train Step 14899/1000000, Batch Size = 64,                         Examples/Sec = 2242.51, Accuracy = 0.69, Loss = 0.959
[2020-11-27 16:23] EPOCH 1 Train Step 14999/1000000, Batch Size = 64,                         Examples/Sec = 2341.92, Accuracy = 0.70, Loss = 0.927
[2020-11-27 16:23] EPOCH 1 Train Step 15099/1000000, Batch Size = 64,                         Examples/Sec = 2346.94, Accuracy = 0.69, Loss = 0.962
[2020-11-27 16:23] EPOCH 1 Train Step 15199/1000000, Batch Size = 64,                         Examples/Sec = 2256.20, Accuracy = 0.70, Loss = 0.940
[2020-11-27 16:24] EPOCH 1 Train Step 15299/1000000, Batch Size = 64,                         Examples/Sec = 2421.72, Accuracy = 0.71, Loss = 0.887
[2020-11-27 16:24] EPOCH 1 Train Step 15399/1000000, Batch Size = 64,                         Examples/Sec = 2216.66, Accuracy = 0.72, Loss = 0.873
[2020-11-27 16:24] EPOCH 1 Train Step 15499/1000000, Batch Size = 64,                         Examples/Sec = 2488.97, Accuracy = 0.69, Loss = 0.960
[2020-11-27 16:24] EPOCH 1 Train Step 15599/1000000, Batch Size = 64,                         Examples/Sec = 2491.35, Accuracy = 0.71, Loss = 0.916
[2020-11-27 16:24] EPOCH 1 Train Step 15699/1000000, Batch Size = 64,                         Examples/Sec = 2437.93, Accuracy = 0.70, Loss = 0.926
[2020-11-27 16:24] EPOCH 1 Train Step 15799/1000000, Batch Size = 64,                         Examples/Sec = 2591.90, Accuracy = 0.69, Loss = 0.932
[2020-11-27 16:24] EPOCH 1 Train Step 15899/1000000, Batch Size = 64,                         Examples/Sec = 2421.89, Accuracy = 0.70, Loss = 0.955
[2020-11-27 16:24] EPOCH 1 Train Step 15999/1000000, Batch Size = 64,                         Examples/Sec = 2490.61, Accuracy = 0.70, Loss = 0.934
[2020-11-27 16:24] EPOCH 1 Train Step 16099/1000000, Batch Size = 64,                         Examples/Sec = 2306.25, Accuracy = 0.70, Loss = 0.924
[2020-11-27 16:24] EPOCH 1 Train Step 16199/1000000, Batch Size = 64,                         Examples/Sec = 2321.70, Accuracy = 0.72, Loss = 0.875
[2020-11-27 16:24] EPOCH 1 Train Step 16299/1000000, Batch Size = 64,                         Examples/Sec = 2256.88, Accuracy = 0.70, Loss = 0.925
[2020-11-27 16:24] EPOCH 1 Train Step 16399/1000000, Batch Size = 64,                         Examples/Sec = 2418.14, Accuracy = 0.70, Loss = 0.936
[2020-11-27 16:24] EPOCH 1 Train Step 16499/1000000, Batch Size = 64,                         Examples/Sec = 2266.54, Accuracy = 0.69, Loss = 0.971
[2020-11-27 16:24] EPOCH 1 Train Step 16599/1000000, Batch Size = 64,                         Examples/Sec = 2280.85, Accuracy = 0.70, Loss = 0.906
[2020-11-27 16:24] EPOCH 1 Train Step 16699/1000000, Batch Size = 64,                         Examples/Sec = 2466.81, Accuracy = 0.68, Loss = 0.959
[2020-11-27 16:24] EPOCH 1 Train Step 16799/1000000, Batch Size = 64,                         Examples/Sec = 2325.14, Accuracy = 0.68, Loss = 0.941
[2020-11-27 16:24] EPOCH 1 Train Step 16899/1000000, Batch Size = 64,                         Examples/Sec = 2489.73, Accuracy = 0.70, Loss = 0.925
[2020-11-27 16:24] EPOCH 1 Train Step 16999/1000000, Batch Size = 64,                         Examples/Sec = 2415.70, Accuracy = 0.69, Loss = 0.917
[2020-11-27 16:24] EPOCH 1 Train Step 17099/1000000, Batch Size = 64,                         Examples/Sec = 2265.18, Accuracy = 0.70, Loss = 0.905
[2020-11-27 16:24] EPOCH 1 Train Step 17199/1000000, Batch Size = 64,                         Examples/Sec = 2429.13, Accuracy = 0.68, Loss = 0.961
[2020-11-27 16:25] EPOCH 2 Train Step 17299/1000000, Batch Size = 64,                         Examples/Sec = 2413.53, Accuracy = 0.70, Loss = 0.912
[2020-11-27 16:25] EPOCH 2 Train Step 17399/1000000, Batch Size = 64,                         Examples/Sec = 2244.86, Accuracy = 0.69, Loss = 0.961
[2020-11-27 16:25] EPOCH 2 Train Step 17499/1000000, Batch Size = 64,                         Examples/Sec = 2277.19, Accuracy = 0.73, Loss = 0.854
[2020-11-27 16:25] EPOCH 2 Train Step 17599/1000000, Batch Size = 64,                         Examples/Sec = 2220.27, Accuracy = 0.71, Loss = 0.921
[2020-11-27 16:25] EPOCH 2 Train Step 17699/1000000, Batch Size = 64,                         Examples/Sec = 2494.24, Accuracy = 0.70, Loss = 0.929
[2020-11-27 16:25] EPOCH 2 Train Step 17799/1000000, Batch Size = 64,                         Examples/Sec = 2283.14, Accuracy = 0.71, Loss = 0.916
[2020-11-27 16:25] EPOCH 2 Train Step 17899/1000000, Batch Size = 64,                         Examples/Sec = 2277.68, Accuracy = 0.71, Loss = 0.907
[2020-11-27 16:25] EPOCH 2 Train Step 17999/1000000, Batch Size = 64,                         Examples/Sec = 2289.78, Accuracy = 0.72, Loss = 0.874
[2020-11-27 16:25] EPOCH 2 Train Step 18099/1000000, Batch Size = 64,                         Examples/Sec = 2403.44, Accuracy = 0.70, Loss = 0.936
[2020-11-27 16:25] EPOCH 2 Train Step 18199/1000000, Batch Size = 64,                         Examples/Sec = 2289.84, Accuracy = 0.71, Loss = 0.880
[2020-11-27 16:25] EPOCH 2 Train Step 18299/1000000, Batch Size = 64,                         Examples/Sec = 2245.66, Accuracy = 0.71, Loss = 0.901
[2020-11-27 16:25] EPOCH 2 Train Step 18399/1000000, Batch Size = 64,                         Examples/Sec = 2237.13, Accuracy = 0.71, Loss = 0.901
[2020-11-27 16:25] EPOCH 2 Train Step 18499/1000000, Batch Size = 64,                         Examples/Sec = 2431.30, Accuracy = 0.72, Loss = 0.846
[2020-11-27 16:25] EPOCH 2 Train Step 18599/1000000, Batch Size = 64,                         Examples/Sec = 2240.27, Accuracy = 0.71, Loss = 0.908
[2020-11-27 16:25] EPOCH 2 Train Step 18699/1000000, Batch Size = 64,                         Examples/Sec = 2524.43, Accuracy = 0.72, Loss = 0.869
[2020-11-27 16:25] EPOCH 2 Train Step 18799/1000000, Batch Size = 64,                         Examples/Sec = 2417.23, Accuracy = 0.71, Loss = 0.925
[2020-11-27 16:25] EPOCH 2 Train Step 18899/1000000, Batch Size = 64,                         Examples/Sec = 2477.71, Accuracy = 0.70, Loss = 0.930
[2020-11-27 16:25] EPOCH 2 Train Step 18999/1000000, Batch Size = 64,                         Examples/Sec = 2310.67, Accuracy = 0.69, Loss = 0.942
[2020-11-27 16:25] EPOCH 2 Train Step 19099/1000000, Batch Size = 64,                         Examples/Sec = 2726.56, Accuracy = 0.71, Loss = 0.907
[2020-11-27 16:25] EPOCH 2 Train Step 19199/1000000, Batch Size = 64,                         Examples/Sec = 2419.25, Accuracy = 0.72, Loss = 0.899
[2020-11-27 16:26] EPOCH 2 Train Step 19299/1000000, Batch Size = 64,                         Examples/Sec = 2302.31, Accuracy = 0.72, Loss = 0.866
[2020-11-27 16:26] EPOCH 2 Train Step 19399/1000000, Batch Size = 64,                         Examples/Sec = 2424.28, Accuracy = 0.71, Loss = 0.881
[2020-11-27 16:26] EPOCH 2 Train Step 19499/1000000, Batch Size = 64,                         Examples/Sec = 2291.17, Accuracy = 0.71, Loss = 0.890
[2020-11-27 16:26] EPOCH 2 Train Step 19599/1000000, Batch Size = 64,                         Examples/Sec = 2480.62, Accuracy = 0.73, Loss = 0.843
[2020-11-27 16:26] EPOCH 2 Train Step 19699/1000000, Batch Size = 64,                         Examples/Sec = 2271.95, Accuracy = 0.72, Loss = 0.887
[2020-11-27 16:26] EPOCH 2 Train Step 19799/1000000, Batch Size = 64,                         Examples/Sec = 2323.67, Accuracy = 0.72, Loss = 0.886
[2020-11-27 16:26] EPOCH 2 Train Step 19899/1000000, Batch Size = 64,                         Examples/Sec = 2183.25, Accuracy = 0.73, Loss = 0.871
[2020-11-27 16:26] EPOCH 2 Train Step 19999/1000000, Batch Size = 64,                         Examples/Sec = 2278.10, Accuracy = 0.71, Loss = 0.892
[2020-11-27 16:26] EPOCH 2 Train Step 20099/1000000, Batch Size = 64,                         Examples/Sec = 2338.68, Accuracy = 0.72, Loss = 0.854
[2020-11-27 16:26] EPOCH 2 Train Step 20199/1000000, Batch Size = 64,                         Examples/Sec = 2248.84, Accuracy = 0.70, Loss = 0.906
[2020-11-27 16:26] EPOCH 2 Train Step 20299/1000000, Batch Size = 64,                         Examples/Sec = 2252.07, Accuracy = 0.72, Loss = 0.884
[2020-11-27 16:26] EPOCH 2 Train Step 20399/1000000, Batch Size = 64,                         Examples/Sec = 2523.34, Accuracy = 0.70, Loss = 0.933
[2020-11-27 16:26] EPOCH 2 Train Step 20499/1000000, Batch Size = 64,                         Examples/Sec = 2311.01, Accuracy = 0.73, Loss = 0.864
[2020-11-27 16:26] EPOCH 2 Train Step 20599/1000000, Batch Size = 64,                         Examples/Sec = 2253.45, Accuracy = 0.73, Loss = 0.817
[2020-11-27 16:26] EPOCH 2 Train Step 20699/1000000, Batch Size = 64,                         Examples/Sec = 2282.38, Accuracy = 0.71, Loss = 0.890
[2020-11-27 16:26] EPOCH 2 Train Step 20799/1000000, Batch Size = 64,                         Examples/Sec = 2499.66, Accuracy = 0.70, Loss = 0.880
[2020-11-27 16:26] EPOCH 2 Train Step 20899/1000000, Batch Size = 64,                         Examples/Sec = 2494.13, Accuracy = 0.72, Loss = 0.867
[2020-11-27 16:26] EPOCH 2 Train Step 20999/1000000, Batch Size = 64,                         Examples/Sec = 2316.32, Accuracy = 0.73, Loss = 0.844
[2020-11-27 16:26] EPOCH 2 Train Step 21099/1000000, Batch Size = 64,                         Examples/Sec = 2456.42, Accuracy = 0.72, Loss = 0.851
[2020-11-27 16:26] EPOCH 2 Train Step 21199/1000000, Batch Size = 64,                         Examples/Sec = 2240.32, Accuracy = 0.72, Loss = 0.875
[2020-11-27 16:27] EPOCH 2 Train Step 21299/1000000, Batch Size = 64,                         Examples/Sec = 2087.32, Accuracy = 0.72, Loss = 0.874
[2020-11-27 16:27] EPOCH 2 Train Step 21399/1000000, Batch Size = 64,                         Examples/Sec = 2237.65, Accuracy = 0.68, Loss = 0.975
[2020-11-27 16:27] EPOCH 2 Train Step 21499/1000000, Batch Size = 64,                         Examples/Sec = 2500.33, Accuracy = 0.71, Loss = 0.891
[2020-11-27 16:27] EPOCH 2 Train Step 21599/1000000, Batch Size = 64,                         Examples/Sec = 2497.84, Accuracy = 0.72, Loss = 0.895
[2020-11-27 16:27] EPOCH 2 Train Step 21699/1000000, Batch Size = 64,                         Examples/Sec = 2491.40, Accuracy = 0.71, Loss = 0.898
[2020-11-27 16:27] EPOCH 2 Train Step 21799/1000000, Batch Size = 64,                         Examples/Sec = 2214.58, Accuracy = 0.69, Loss = 0.895
[2020-11-27 16:27] EPOCH 2 Train Step 21899/1000000, Batch Size = 64,                         Examples/Sec = 2493.64, Accuracy = 0.72, Loss = 0.852
[2020-11-27 16:27] EPOCH 2 Train Step 21999/1000000, Batch Size = 64,                         Examples/Sec = 2405.06, Accuracy = 0.71, Loss = 0.923
[2020-11-27 16:27] EPOCH 2 Train Step 22099/1000000, Batch Size = 64,                         Examples/Sec = 2474.58, Accuracy = 0.72, Loss = 0.894
[2020-11-27 16:27] EPOCH 2 Train Step 22199/1000000, Batch Size = 64,                         Examples/Sec = 2281.37, Accuracy = 0.72, Loss = 0.844
[2020-11-27 16:27] EPOCH 2 Train Step 22299/1000000, Batch Size = 64,                         Examples/Sec = 2470.51, Accuracy = 0.70, Loss = 0.928
[2020-11-27 16:27] EPOCH 2 Train Step 22399/1000000, Batch Size = 64,                         Examples/Sec = 2258.47, Accuracy = 0.75, Loss = 0.822
[2020-11-27 16:27] EPOCH 2 Train Step 22499/1000000, Batch Size = 64,                         Examples/Sec = 2343.76, Accuracy = 0.71, Loss = 0.922
[2020-11-27 16:27] EPOCH 2 Train Step 22599/1000000, Batch Size = 64,                         Examples/Sec = 2206.17, Accuracy = 0.72, Loss = 0.888
[2020-11-27 16:27] EPOCH 2 Train Step 22699/1000000, Batch Size = 64,                         Examples/Sec = 2443.23, Accuracy = 0.72, Loss = 0.849
[2020-11-27 16:27] EPOCH 2 Train Step 22799/1000000, Batch Size = 64,                         Examples/Sec = 2325.08, Accuracy = 0.72, Loss = 0.881
[2020-11-27 16:27] EPOCH 2 Train Step 22899/1000000, Batch Size = 64,                         Examples/Sec = 2262.95, Accuracy = 0.72, Loss = 0.854
[2020-11-27 16:27] EPOCH 2 Train Step 22999/1000000, Batch Size = 64,                         Examples/Sec = 2311.41, Accuracy = 0.71, Loss = 0.900
[2020-11-27 16:27] EPOCH 2 Train Step 23099/1000000, Batch Size = 64,                         Examples/Sec = 2498.68, Accuracy = 0.73, Loss = 0.834
[2020-11-27 16:27] EPOCH 2 Train Step 23199/1000000, Batch Size = 64,                         Examples/Sec = 2518.23, Accuracy = 0.71, Loss = 0.883
[2020-11-27 16:28] EPOCH 2 Train Step 23299/1000000, Batch Size = 64,                         Examples/Sec = 2301.95, Accuracy = 0.72, Loss = 0.876
[2020-11-27 16:28] EPOCH 2 Train Step 23399/1000000, Batch Size = 64,                         Examples/Sec = 2501.36, Accuracy = 0.73, Loss = 0.848
[2020-11-27 16:28] EPOCH 2 Train Step 23499/1000000, Batch Size = 64,                         Examples/Sec = 2305.02, Accuracy = 0.73, Loss = 0.856
[2020-11-27 16:28] EPOCH 2 Train Step 23599/1000000, Batch Size = 64,                         Examples/Sec = 2235.45, Accuracy = 0.72, Loss = 0.860
[2020-11-27 16:28] EPOCH 2 Train Step 23699/1000000, Batch Size = 64,                         Examples/Sec = 2492.90, Accuracy = 0.72, Loss = 0.878
[2020-11-27 16:28] EPOCH 2 Train Step 23799/1000000, Batch Size = 64,                         Examples/Sec = 2500.38, Accuracy = 0.72, Loss = 0.854
[2020-11-27 16:28] EPOCH 2 Train Step 23899/1000000, Batch Size = 64,                         Examples/Sec = 2248.49, Accuracy = 0.73, Loss = 0.843
[2020-11-27 16:28] EPOCH 2 Train Step 23999/1000000, Batch Size = 64,                         Examples/Sec = 2088.29, Accuracy = 0.72, Loss = 0.863
[2020-11-27 16:28] EPOCH 2 Train Step 24099/1000000, Batch Size = 64,                         Examples/Sec = 2225.43, Accuracy = 0.71, Loss = 0.878
[2020-11-27 16:28] EPOCH 2 Train Step 24199/1000000, Batch Size = 64,                         Examples/Sec = 2235.47, Accuracy = 0.72, Loss = 0.891
[2020-11-27 16:28] EPOCH 2 Train Step 24299/1000000, Batch Size = 64,                         Examples/Sec = 2415.81, Accuracy = 0.71, Loss = 0.873
[2020-11-27 16:28] EPOCH 2 Train Step 24399/1000000, Batch Size = 64,                         Examples/Sec = 2323.55, Accuracy = 0.72, Loss = 0.852
[2020-11-27 16:28] EPOCH 2 Train Step 24499/1000000, Batch Size = 64,                         Examples/Sec = 2285.37, Accuracy = 0.69, Loss = 0.921
[2020-11-27 16:28] EPOCH 2 Train Step 24599/1000000, Batch Size = 64,                         Examples/Sec = 2522.34, Accuracy = 0.72, Loss = 0.882
[2020-11-27 16:28] EPOCH 2 Train Step 24699/1000000, Batch Size = 64,                         Examples/Sec = 2433.05, Accuracy = 0.72, Loss = 0.864
[2020-11-27 16:28] EPOCH 2 Train Step 24799/1000000, Batch Size = 64,                         Examples/Sec = 2159.84, Accuracy = 0.74, Loss = 0.828
[2020-11-27 16:28] EPOCH 2 Train Step 24899/1000000, Batch Size = 64,                         Examples/Sec = 2499.05, Accuracy = 0.71, Loss = 0.910
[2020-11-27 16:28] EPOCH 2 Train Step 24999/1000000, Batch Size = 64,                         Examples/Sec = 2399.49, Accuracy = 0.74, Loss = 0.812
[2020-11-27 16:28] EPOCH 2 Train Step 25099/1000000, Batch Size = 64,                         Examples/Sec = 2307.83, Accuracy = 0.71, Loss = 0.909
[2020-11-27 16:28] EPOCH 2 Train Step 25199/1000000, Batch Size = 64,                         Examples/Sec = 2482.32, Accuracy = 0.73, Loss = 0.829
[2020-11-27 16:29] EPOCH 2 Train Step 25299/1000000, Batch Size = 64,                         Examples/Sec = 2502.78, Accuracy = 0.71, Loss = 0.848
[2020-11-27 16:29] EPOCH 2 Train Step 25399/1000000, Batch Size = 64,                         Examples/Sec = 2303.47, Accuracy = 0.73, Loss = 0.853
[2020-11-27 16:29] EPOCH 2 Train Step 25499/1000000, Batch Size = 64,                         Examples/Sec = 2422.27, Accuracy = 0.72, Loss = 0.856
[2020-11-27 16:29] EPOCH 2 Train Step 25599/1000000, Batch Size = 64,                         Examples/Sec = 2239.65, Accuracy = 0.72, Loss = 0.841
[2020-11-27 16:29] EPOCH 2 Train Step 25699/1000000, Batch Size = 64,                         Examples/Sec = 2257.28, Accuracy = 0.72, Loss = 0.849
[2020-11-27 16:29] EPOCH 2 Train Step 25799/1000000, Batch Size = 64,                         Examples/Sec = 2259.88, Accuracy = 0.73, Loss = 0.841
[2020-11-27 16:29] EPOCH 3 Train Step 25899/1000000, Batch Size = 64,                         Examples/Sec = 2429.37, Accuracy = 0.73, Loss = 0.833
[2020-11-27 16:29] EPOCH 3 Train Step 25999/1000000, Batch Size = 64,                         Examples/Sec = 2420.21, Accuracy = 0.72, Loss = 0.860
[2020-11-27 16:29] EPOCH 3 Train Step 26099/1000000, Batch Size = 64,                         Examples/Sec = 2476.14, Accuracy = 0.75, Loss = 0.821
[2020-11-27 16:29] EPOCH 3 Train Step 26199/1000000, Batch Size = 64,                         Examples/Sec = 2428.31, Accuracy = 0.74, Loss = 0.856
[2020-11-27 16:29] EPOCH 3 Train Step 26299/1000000, Batch Size = 64,                         Examples/Sec = 2422.88, Accuracy = 0.74, Loss = 0.833
[2020-11-27 16:29] EPOCH 3 Train Step 26399/1000000, Batch Size = 64,                         Examples/Sec = 2490.29, Accuracy = 0.74, Loss = 0.813
[2020-11-27 16:29] EPOCH 3 Train Step 26499/1000000, Batch Size = 64,                         Examples/Sec = 2188.61, Accuracy = 0.73, Loss = 0.838
[2020-11-27 16:29] EPOCH 3 Train Step 26599/1000000, Batch Size = 64,                         Examples/Sec = 2296.73, Accuracy = 0.72, Loss = 0.848
[2020-11-27 16:29] EPOCH 3 Train Step 26699/1000000, Batch Size = 64,                         Examples/Sec = 2516.53, Accuracy = 0.72, Loss = 0.856
[2020-11-27 16:29] EPOCH 3 Train Step 26799/1000000, Batch Size = 64,                         Examples/Sec = 2246.77, Accuracy = 0.73, Loss = 0.830
[2020-11-27 16:29] EPOCH 3 Train Step 26899/1000000, Batch Size = 64,                         Examples/Sec = 2307.63, Accuracy = 0.73, Loss = 0.853
[2020-11-27 16:29] EPOCH 3 Train Step 26999/1000000, Batch Size = 64,                         Examples/Sec = 2352.10, Accuracy = 0.72, Loss = 0.849
[2020-11-27 16:29] EPOCH 3 Train Step 27099/1000000, Batch Size = 64,                         Examples/Sec = 2278.97, Accuracy = 0.74, Loss = 0.807
[2020-11-27 16:29] EPOCH 3 Train Step 27199/1000000, Batch Size = 64,                         Examples/Sec = 2239.71, Accuracy = 0.73, Loss = 0.825
[2020-11-27 16:30] EPOCH 3 Train Step 27299/1000000, Batch Size = 64,                         Examples/Sec = 2391.85, Accuracy = 0.72, Loss = 0.856
[2020-11-27 16:30] EPOCH 3 Train Step 27399/1000000, Batch Size = 64,                         Examples/Sec = 2313.64, Accuracy = 0.75, Loss = 0.801
[2020-11-27 16:30] EPOCH 3 Train Step 27499/1000000, Batch Size = 64,                         Examples/Sec = 2309.10, Accuracy = 0.70, Loss = 0.878
[2020-11-27 16:30] EPOCH 3 Train Step 27599/1000000, Batch Size = 64,                         Examples/Sec = 2508.51, Accuracy = 0.73, Loss = 0.842
[2020-11-27 16:30] EPOCH 3 Train Step 27699/1000000, Batch Size = 64,                         Examples/Sec = 2426.58, Accuracy = 0.73, Loss = 0.850
[2020-11-27 16:30] EPOCH 3 Train Step 27799/1000000, Batch Size = 64,                         Examples/Sec = 2299.73, Accuracy = 0.71, Loss = 0.881
[2020-11-27 16:30] EPOCH 3 Train Step 27899/1000000, Batch Size = 64,                         Examples/Sec = 2243.77, Accuracy = 0.72, Loss = 0.865
[2020-11-27 16:30] EPOCH 3 Train Step 27999/1000000, Batch Size = 64,                         Examples/Sec = 2298.84, Accuracy = 0.72, Loss = 0.842
[2020-11-27 16:30] EPOCH 3 Train Step 28099/1000000, Batch Size = 64,                         Examples/Sec = 2343.35, Accuracy = 0.72, Loss = 0.854
[2020-11-27 16:30] EPOCH 3 Train Step 28199/1000000, Batch Size = 64,                         Examples/Sec = 2315.58, Accuracy = 0.73, Loss = 0.833
[2020-11-27 16:30] EPOCH 3 Train Step 28299/1000000, Batch Size = 64,                         Examples/Sec = 2319.72, Accuracy = 0.73, Loss = 0.809
[2020-11-27 16:30] EPOCH 3 Train Step 28399/1000000, Batch Size = 64,                         Examples/Sec = 2407.28, Accuracy = 0.73, Loss = 0.827
[2020-11-27 16:30] EPOCH 3 Train Step 28499/1000000, Batch Size = 64,                         Examples/Sec = 2323.19, Accuracy = 0.72, Loss = 0.838
[2020-11-27 16:30] EPOCH 3 Train Step 28599/1000000, Batch Size = 64,                         Examples/Sec = 2318.26, Accuracy = 0.74, Loss = 0.825
[2020-11-27 16:30] EPOCH 3 Train Step 28699/1000000, Batch Size = 64,                         Examples/Sec = 2290.64, Accuracy = 0.74, Loss = 0.817
[2020-11-27 16:30] EPOCH 3 Train Step 28799/1000000, Batch Size = 64,                         Examples/Sec = 2335.99, Accuracy = 0.71, Loss = 0.866
[2020-11-27 16:30] EPOCH 3 Train Step 28899/1000000, Batch Size = 64,                         Examples/Sec = 2448.40, Accuracy = 0.72, Loss = 0.843
[2020-11-27 16:30] EPOCH 3 Train Step 28999/1000000, Batch Size = 64,                         Examples/Sec = 2415.70, Accuracy = 0.72, Loss = 0.824
[2020-11-27 16:30] EPOCH 3 Train Step 29099/1000000, Batch Size = 64,                         Examples/Sec = 2306.50, Accuracy = 0.74, Loss = 0.828
[2020-11-27 16:30] EPOCH 3 Train Step 29199/1000000, Batch Size = 64,                         Examples/Sec = 2230.98, Accuracy = 0.74, Loss = 0.821
[2020-11-27 16:31] EPOCH 3 Train Step 29299/1000000, Batch Size = 64,                         Examples/Sec = 2479.06, Accuracy = 0.73, Loss = 0.841
[2020-11-27 16:31] EPOCH 3 Train Step 29399/1000000, Batch Size = 64,                         Examples/Sec = 2349.42, Accuracy = 0.73, Loss = 0.816
[2020-11-27 16:31] EPOCH 3 Train Step 29499/1000000, Batch Size = 64,                         Examples/Sec = 2315.00, Accuracy = 0.73, Loss = 0.856
[2020-11-27 16:31] EPOCH 3 Train Step 29599/1000000, Batch Size = 64,                         Examples/Sec = 2306.19, Accuracy = 0.73, Loss = 0.812
[2020-11-27 16:31] EPOCH 3 Train Step 29699/1000000, Batch Size = 64,                         Examples/Sec = 2187.93, Accuracy = 0.71, Loss = 0.874
[2020-11-27 16:31] EPOCH 3 Train Step 29799/1000000, Batch Size = 64,                         Examples/Sec = 2238.68, Accuracy = 0.72, Loss = 0.843
[2020-11-27 16:31] EPOCH 3 Train Step 29899/1000000, Batch Size = 64,                         Examples/Sec = 2257.81, Accuracy = 0.72, Loss = 0.848
[2020-11-27 16:31] EPOCH 3 Train Step 29999/1000000, Batch Size = 64,                         Examples/Sec = 2235.71, Accuracy = 0.74, Loss = 0.816
[2020-11-27 16:31] EPOCH 3 Train Step 30099/1000000, Batch Size = 64,                         Examples/Sec = 2384.19, Accuracy = 0.73, Loss = 0.825
[2020-11-27 16:31] EPOCH 3 Train Step 30199/1000000, Batch Size = 64,                         Examples/Sec = 2394.56, Accuracy = 0.73, Loss = 0.838
[2020-11-27 16:31] EPOCH 3 Train Step 30299/1000000, Batch Size = 64,                         Examples/Sec = 2404.97, Accuracy = 0.73, Loss = 0.839
[2020-11-27 16:31] EPOCH 3 Train Step 30399/1000000, Batch Size = 64,                         Examples/Sec = 2238.19, Accuracy = 0.73, Loss = 0.827
[2020-11-27 16:31] EPOCH 3 Train Step 30499/1000000, Batch Size = 64,                         Examples/Sec = 2300.49, Accuracy = 0.72, Loss = 0.847
[2020-11-27 16:31] EPOCH 3 Train Step 30599/1000000, Batch Size = 64,                         Examples/Sec = 2463.66, Accuracy = 0.73, Loss = 0.800
[2020-11-27 16:31] EPOCH 3 Train Step 30699/1000000, Batch Size = 64,                         Examples/Sec = 2253.30, Accuracy = 0.73, Loss = 0.843
[2020-11-27 16:31] EPOCH 3 Train Step 30799/1000000, Batch Size = 64,                         Examples/Sec = 2352.28, Accuracy = 0.70, Loss = 0.896
[2020-11-27 16:31] EPOCH 3 Train Step 30899/1000000, Batch Size = 64,                         Examples/Sec = 2309.64, Accuracy = 0.73, Loss = 0.854
[2020-11-27 16:31] EPOCH 3 Train Step 30999/1000000, Batch Size = 64,                         Examples/Sec = 2527.86, Accuracy = 0.72, Loss = 0.846
[2020-11-27 16:31] EPOCH 3 Train Step 31099/1000000, Batch Size = 64,                         Examples/Sec = 2328.43, Accuracy = 0.73, Loss = 0.846
[2020-11-27 16:32] EPOCH 3 Train Step 31199/1000000, Batch Size = 64,                         Examples/Sec = 2482.43, Accuracy = 0.74, Loss = 0.798
[2020-11-27 16:32] EPOCH 3 Train Step 31299/1000000, Batch Size = 64,                         Examples/Sec = 2270.66, Accuracy = 0.72, Loss = 0.839
[2020-11-27 16:32] EPOCH 3 Train Step 31399/1000000, Batch Size = 64,                         Examples/Sec = 2250.52, Accuracy = 0.72, Loss = 0.853
[2020-11-27 16:32] EPOCH 3 Train Step 31499/1000000, Batch Size = 64,                         Examples/Sec = 2449.81, Accuracy = 0.72, Loss = 0.836
[2020-11-27 16:32] EPOCH 3 Train Step 31599/1000000, Batch Size = 64,                         Examples/Sec = 2276.44, Accuracy = 0.73, Loss = 0.839
[2020-11-27 16:32] EPOCH 3 Train Step 31699/1000000, Batch Size = 64,                         Examples/Sec = 2488.42, Accuracy = 0.72, Loss = 0.858
[2020-11-27 16:32] EPOCH 3 Train Step 31799/1000000, Batch Size = 64,                         Examples/Sec = 2220.46, Accuracy = 0.73, Loss = 0.820
[2020-11-27 16:32] EPOCH 3 Train Step 31899/1000000, Batch Size = 64,                         Examples/Sec = 2301.50, Accuracy = 0.74, Loss = 0.850
[2020-11-27 16:32] EPOCH 3 Train Step 31999/1000000, Batch Size = 64,                         Examples/Sec = 2418.69, Accuracy = 0.73, Loss = 0.846
[2020-11-27 16:32] EPOCH 3 Train Step 32099/1000000, Batch Size = 64,                         Examples/Sec = 2322.67, Accuracy = 0.72, Loss = 0.844
[2020-11-27 16:32] EPOCH 3 Train Step 32199/1000000, Batch Size = 64,                         Examples/Sec = 2408.44, Accuracy = 0.74, Loss = 0.825
[2020-11-27 16:32] EPOCH 3 Train Step 32299/1000000, Batch Size = 64,                         Examples/Sec = 2498.65, Accuracy = 0.74, Loss = 0.809
[2020-11-27 16:32] EPOCH 3 Train Step 32399/1000000, Batch Size = 64,                         Examples/Sec = 2322.93, Accuracy = 0.73, Loss = 0.852
[2020-11-27 16:32] EPOCH 3 Train Step 32499/1000000, Batch Size = 64,                         Examples/Sec = 2643.02, Accuracy = 0.71, Loss = 0.868
[2020-11-27 16:32] EPOCH 3 Train Step 32599/1000000, Batch Size = 64,                         Examples/Sec = 2283.99, Accuracy = 0.72, Loss = 0.849
[2020-11-27 16:32] EPOCH 3 Train Step 32699/1000000, Batch Size = 64,                         Examples/Sec = 2232.83, Accuracy = 0.72, Loss = 0.846
[2020-11-27 16:32] EPOCH 3 Train Step 32799/1000000, Batch Size = 64,                         Examples/Sec = 2534.94, Accuracy = 0.73, Loss = 0.829
[2020-11-27 16:32] EPOCH 3 Train Step 32899/1000000, Batch Size = 64,                         Examples/Sec = 2488.85, Accuracy = 0.73, Loss = 0.820
[2020-11-27 16:32] EPOCH 3 Train Step 32999/1000000, Batch Size = 64,                         Examples/Sec = 2389.26, Accuracy = 0.74, Loss = 0.792
[2020-11-27 16:32] EPOCH 3 Train Step 33099/1000000, Batch Size = 64,                         Examples/Sec = 2500.66, Accuracy = 0.73, Loss = 0.839
[2020-11-27 16:33] EPOCH 3 Train Step 33199/1000000, Batch Size = 64,                         Examples/Sec = 2416.40, Accuracy = 0.73, Loss = 0.820
[2020-11-27 16:33] EPOCH 3 Train Step 33299/1000000, Batch Size = 64,                         Examples/Sec = 2252.56, Accuracy = 0.71, Loss = 0.865
[2020-11-27 16:33] EPOCH 3 Train Step 33399/1000000, Batch Size = 64,                         Examples/Sec = 2279.18, Accuracy = 0.74, Loss = 0.807
[2020-11-27 16:33] EPOCH 3 Train Step 33499/1000000, Batch Size = 64,                         Examples/Sec = 2462.37, Accuracy = 0.73, Loss = 0.840
[2020-11-27 16:33] EPOCH 3 Train Step 33599/1000000, Batch Size = 64,                         Examples/Sec = 2296.48, Accuracy = 0.72, Loss = 0.827
[2020-11-27 16:33] EPOCH 3 Train Step 33699/1000000, Batch Size = 64,                         Examples/Sec = 2508.06, Accuracy = 0.73, Loss = 0.835
[2020-11-27 16:33] EPOCH 3 Train Step 33799/1000000, Batch Size = 64,                         Examples/Sec = 2177.39, Accuracy = 0.73, Loss = 0.820
[2020-11-27 16:33] EPOCH 3 Train Step 33899/1000000, Batch Size = 64,                         Examples/Sec = 2303.12, Accuracy = 0.74, Loss = 0.820
[2020-11-27 16:33] EPOCH 3 Train Step 33999/1000000, Batch Size = 64,                         Examples/Sec = 2262.26, Accuracy = 0.71, Loss = 0.862
[2020-11-27 16:33] EPOCH 3 Train Step 34099/1000000, Batch Size = 64,                         Examples/Sec = 2323.53, Accuracy = 0.72, Loss = 0.831
[2020-11-27 16:33] EPOCH 3 Train Step 34199/1000000, Batch Size = 64,                         Examples/Sec = 2481.54, Accuracy = 0.72, Loss = 0.819
[2020-11-27 16:33] EPOCH 3 Train Step 34299/1000000, Batch Size = 64,                         Examples/Sec = 2241.48, Accuracy = 0.73, Loss = 0.839
[2020-11-27 16:33] EPOCH 3 Train Step 34399/1000000, Batch Size = 64,                         Examples/Sec = 2236.33, Accuracy = 0.75, Loss = 0.797
[2020-11-27 16:33] EPOCH 4 Train Step 34499/1000000, Batch Size = 64,                         Examples/Sec = 2472.87, Accuracy = 0.74, Loss = 0.796
[2020-11-27 16:33] EPOCH 4 Train Step 34599/1000000, Batch Size = 64,                         Examples/Sec = 2298.07, Accuracy = 0.74, Loss = 0.809
[2020-11-27 16:33] EPOCH 4 Train Step 34699/1000000, Batch Size = 64,                         Examples/Sec = 2427.57, Accuracy = 0.74, Loss = 0.814
[2020-11-27 16:33] EPOCH 4 Train Step 34799/1000000, Batch Size = 64,                         Examples/Sec = 2288.49, Accuracy = 0.72, Loss = 0.869
[2020-11-27 16:33] EPOCH 4 Train Step 34899/1000000, Batch Size = 64,                         Examples/Sec = 2313.18, Accuracy = 0.74, Loss = 0.831
[2020-11-27 16:33] EPOCH 4 Train Step 34999/1000000, Batch Size = 64,                         Examples/Sec = 2444.54, Accuracy = 0.74, Loss = 0.775
[2020-11-27 16:33] EPOCH 4 Train Step 35099/1000000, Batch Size = 64,                         Examples/Sec = 2429.61, Accuracy = 0.72, Loss = 0.835
[2020-11-27 16:34] EPOCH 4 Train Step 35199/1000000, Batch Size = 64,                         Examples/Sec = 2297.76, Accuracy = 0.73, Loss = 0.838
[2020-11-27 16:34] EPOCH 4 Train Step 35299/1000000, Batch Size = 64,                         Examples/Sec = 2296.30, Accuracy = 0.74, Loss = 0.822
[2020-11-27 16:34] EPOCH 4 Train Step 35399/1000000, Batch Size = 64,                         Examples/Sec = 2328.57, Accuracy = 0.74, Loss = 0.827
[2020-11-27 16:34] EPOCH 4 Train Step 35499/1000000, Batch Size = 64,                         Examples/Sec = 2503.85, Accuracy = 0.73, Loss = 0.831
[2020-11-27 16:34] EPOCH 4 Train Step 35599/1000000, Batch Size = 64,                         Examples/Sec = 2249.20, Accuracy = 0.73, Loss = 0.847
[2020-11-27 16:34] EPOCH 4 Train Step 35699/1000000, Batch Size = 64,                         Examples/Sec = 2449.47, Accuracy = 0.74, Loss = 0.810
[2020-11-27 16:34] EPOCH 4 Train Step 35799/1000000, Batch Size = 64,                         Examples/Sec = 2274.39, Accuracy = 0.72, Loss = 0.852
[2020-11-27 16:34] EPOCH 4 Train Step 35899/1000000, Batch Size = 64,                         Examples/Sec = 2347.88, Accuracy = 0.73, Loss = 0.804
[2020-11-27 16:34] EPOCH 4 Train Step 35999/1000000, Batch Size = 64,                         Examples/Sec = 2331.46, Accuracy = 0.75, Loss = 0.817
[2020-11-27 16:34] EPOCH 4 Train Step 36099/1000000, Batch Size = 64,                         Examples/Sec = 2248.52, Accuracy = 0.75, Loss = 0.794
[2020-11-27 16:34] EPOCH 4 Train Step 36199/1000000, Batch Size = 64,                         Examples/Sec = 2204.94, Accuracy = 0.74, Loss = 0.848
[2020-11-27 16:34] EPOCH 4 Train Step 36299/1000000, Batch Size = 64,                         Examples/Sec = 2494.27, Accuracy = 0.74, Loss = 0.799
[2020-11-27 16:34] EPOCH 4 Train Step 36399/1000000, Batch Size = 64,                         Examples/Sec = 2254.96, Accuracy = 0.73, Loss = 0.806
[2020-11-27 16:34] EPOCH 4 Train Step 36499/1000000, Batch Size = 64,                         Examples/Sec = 2412.08, Accuracy = 0.76, Loss = 0.763
[2020-11-27 16:34] EPOCH 4 Train Step 36599/1000000, Batch Size = 64,                         Examples/Sec = 2247.75, Accuracy = 0.72, Loss = 0.840
[2020-11-27 16:34] EPOCH 4 Train Step 36699/1000000, Batch Size = 64,                         Examples/Sec = 2292.91, Accuracy = 0.72, Loss = 0.819
[2020-11-27 16:34] EPOCH 4 Train Step 36799/1000000, Batch Size = 64,                         Examples/Sec = 2703.69, Accuracy = 0.73, Loss = 0.819
[2020-11-27 16:34] EPOCH 4 Train Step 36899/1000000, Batch Size = 64,                         Examples/Sec = 2255.57, Accuracy = 0.76, Loss = 0.785
[2020-11-27 16:34] EPOCH 4 Train Step 36999/1000000, Batch Size = 64,                         Examples/Sec = 2321.12, Accuracy = 0.74, Loss = 0.783
[2020-11-27 16:34] EPOCH 4 Train Step 37099/1000000, Batch Size = 64,                         Examples/Sec = 2263.48, Accuracy = 0.73, Loss = 0.828
[2020-11-27 16:35] EPOCH 4 Train Step 37199/1000000, Batch Size = 64,                         Examples/Sec = 2271.22, Accuracy = 0.73, Loss = 0.832
[2020-11-27 16:35] EPOCH 4 Train Step 37299/1000000, Batch Size = 64,                         Examples/Sec = 2312.96, Accuracy = 0.76, Loss = 0.762
[2020-11-27 16:35] EPOCH 4 Train Step 37399/1000000, Batch Size = 64,                         Examples/Sec = 2340.43, Accuracy = 0.73, Loss = 0.800
[2020-11-27 16:35] EPOCH 4 Train Step 37499/1000000, Batch Size = 64,                         Examples/Sec = 2401.85, Accuracy = 0.72, Loss = 0.836
[2020-11-27 16:35] EPOCH 4 Train Step 37599/1000000, Batch Size = 64,                         Examples/Sec = 2341.02, Accuracy = 0.74, Loss = 0.818
[2020-11-27 16:35] EPOCH 4 Train Step 37699/1000000, Batch Size = 64,                         Examples/Sec = 2314.10, Accuracy = 0.76, Loss = 0.758
[2020-11-27 16:35] EPOCH 4 Train Step 37799/1000000, Batch Size = 64,                         Examples/Sec = 2403.05, Accuracy = 0.74, Loss = 0.808
[2020-11-27 16:35] EPOCH 4 Train Step 37899/1000000, Batch Size = 64,                         Examples/Sec = 2386.52, Accuracy = 0.73, Loss = 0.816
[2020-11-27 16:35] EPOCH 4 Train Step 37999/1000000, Batch Size = 64,                         Examples/Sec = 2446.97, Accuracy = 0.75, Loss = 0.796
[2020-11-27 16:35] EPOCH 4 Train Step 38099/1000000, Batch Size = 64,                         Examples/Sec = 2253.22, Accuracy = 0.74, Loss = 0.813
[2020-11-27 16:35] EPOCH 4 Train Step 38199/1000000, Batch Size = 64,                         Examples/Sec = 2240.68, Accuracy = 0.73, Loss = 0.812
[2020-11-27 16:35] EPOCH 4 Train Step 38299/1000000, Batch Size = 64,                         Examples/Sec = 2344.03, Accuracy = 0.75, Loss = 0.764
[2020-11-27 16:35] EPOCH 4 Train Step 38399/1000000, Batch Size = 64,                         Examples/Sec = 2330.43, Accuracy = 0.74, Loss = 0.783
[2020-11-27 16:35] EPOCH 4 Train Step 38499/1000000, Batch Size = 64,                         Examples/Sec = 2483.88, Accuracy = 0.74, Loss = 0.786
[2020-11-27 16:35] EPOCH 4 Train Step 38599/1000000, Batch Size = 64,                         Examples/Sec = 2310.10, Accuracy = 0.74, Loss = 0.802
[2020-11-27 16:35] EPOCH 4 Train Step 38699/1000000, Batch Size = 64,                         Examples/Sec = 2451.69, Accuracy = 0.72, Loss = 0.818
[2020-11-27 16:35] EPOCH 4 Train Step 38799/1000000, Batch Size = 64,                         Examples/Sec = 2546.44, Accuracy = 0.73, Loss = 0.802
[2020-11-27 16:35] EPOCH 4 Train Step 38899/1000000, Batch Size = 64,                         Examples/Sec = 2307.47, Accuracy = 0.74, Loss = 0.785
[2020-11-27 16:35] EPOCH 4 Train Step 38999/1000000, Batch Size = 64,                         Examples/Sec = 2298.92, Accuracy = 0.74, Loss = 0.797
[2020-11-27 16:35] EPOCH 4 Train Step 39099/1000000, Batch Size = 64,                         Examples/Sec = 2434.39, Accuracy = 0.74, Loss = 0.809
[2020-11-27 16:36] EPOCH 4 Train Step 39199/1000000, Batch Size = 64,                         Examples/Sec = 2320.46, Accuracy = 0.74, Loss = 0.824
[2020-11-27 16:36] EPOCH 4 Train Step 39299/1000000, Batch Size = 64,                         Examples/Sec = 2295.71, Accuracy = 0.73, Loss = 0.809
[2020-11-27 16:36] EPOCH 4 Train Step 39399/1000000, Batch Size = 64,                         Examples/Sec = 2407.49, Accuracy = 0.73, Loss = 0.814
[2020-11-27 16:36] EPOCH 4 Train Step 39499/1000000, Batch Size = 64,                         Examples/Sec = 2433.00, Accuracy = 0.74, Loss = 0.807
[2020-11-27 16:36] EPOCH 4 Train Step 39599/1000000, Batch Size = 64,                         Examples/Sec = 2536.62, Accuracy = 0.74, Loss = 0.790
[2020-11-27 16:36] EPOCH 4 Train Step 39699/1000000, Batch Size = 64,                         Examples/Sec = 2368.81, Accuracy = 0.72, Loss = 0.838
[2020-11-27 16:36] EPOCH 4 Train Step 39799/1000000, Batch Size = 64,                         Examples/Sec = 2370.37, Accuracy = 0.72, Loss = 0.834
[2020-11-27 16:36] EPOCH 4 Train Step 39899/1000000, Batch Size = 64,                         Examples/Sec = 2286.23, Accuracy = 0.75, Loss = 0.764
[2020-11-27 16:36] EPOCH 4 Train Step 39999/1000000, Batch Size = 64,                         Examples/Sec = 2517.19, Accuracy = 0.73, Loss = 0.811
[2020-11-27 16:36] EPOCH 4 Train Step 40099/1000000, Batch Size = 64,                         Examples/Sec = 2255.42, Accuracy = 0.73, Loss = 0.828
[2020-11-27 16:36] EPOCH 4 Train Step 40199/1000000, Batch Size = 64,                         Examples/Sec = 2351.58, Accuracy = 0.75, Loss = 0.798
[2020-11-27 16:36] EPOCH 4 Train Step 40299/1000000, Batch Size = 64,                         Examples/Sec = 2333.86, Accuracy = 0.74, Loss = 0.787
[2020-11-27 16:36] EPOCH 4 Train Step 40399/1000000, Batch Size = 64,                         Examples/Sec = 2271.87, Accuracy = 0.75, Loss = 0.780
[2020-11-27 16:36] EPOCH 4 Train Step 40499/1000000, Batch Size = 64,                         Examples/Sec = 2421.17, Accuracy = 0.74, Loss = 0.832
[2020-11-27 16:36] EPOCH 4 Train Step 40599/1000000, Batch Size = 64,                         Examples/Sec = 2309.16, Accuracy = 0.73, Loss = 0.808
[2020-11-27 16:36] EPOCH 4 Train Step 40699/1000000, Batch Size = 64,                         Examples/Sec = 2315.62, Accuracy = 0.72, Loss = 0.834
[2020-11-27 16:36] EPOCH 4 Train Step 40799/1000000, Batch Size = 64,                         Examples/Sec = 2453.17, Accuracy = 0.74, Loss = 0.802
[2020-11-27 16:36] EPOCH 4 Train Step 40899/1000000, Batch Size = 64,                         Examples/Sec = 2323.27, Accuracy = 0.74, Loss = 0.800
[2020-11-27 16:36] EPOCH 4 Train Step 40999/1000000, Batch Size = 64,                         Examples/Sec = 2328.11, Accuracy = 0.74, Loss = 0.797
[2020-11-27 16:36] EPOCH 4 Train Step 41099/1000000, Batch Size = 64,                         Examples/Sec = 2443.63, Accuracy = 0.74, Loss = 0.798
[2020-11-27 16:37] EPOCH 4 Train Step 41199/1000000, Batch Size = 64,                         Examples/Sec = 2368.37, Accuracy = 0.74, Loss = 0.779
[2020-11-27 16:37] EPOCH 4 Train Step 41299/1000000, Batch Size = 64,                         Examples/Sec = 2306.58, Accuracy = 0.73, Loss = 0.803
[2020-11-27 16:37] EPOCH 4 Train Step 41399/1000000, Batch Size = 64,                         Examples/Sec = 2314.24, Accuracy = 0.73, Loss = 0.801
[2020-11-27 16:37] EPOCH 4 Train Step 41499/1000000, Batch Size = 64,                         Examples/Sec = 2448.45, Accuracy = 0.74, Loss = 0.804
[2020-11-27 16:37] EPOCH 4 Train Step 41599/1000000, Batch Size = 64,                         Examples/Sec = 2268.63, Accuracy = 0.74, Loss = 0.791
[2020-11-27 16:37] EPOCH 4 Train Step 41699/1000000, Batch Size = 64,                         Examples/Sec = 2230.10, Accuracy = 0.73, Loss = 0.804
[2020-11-27 16:37] EPOCH 4 Train Step 41799/1000000, Batch Size = 64,                         Examples/Sec = 2392.15, Accuracy = 0.74, Loss = 0.772
[2020-11-27 16:37] EPOCH 4 Train Step 41899/1000000, Batch Size = 64,                         Examples/Sec = 2240.40, Accuracy = 0.74, Loss = 0.798
[2020-11-27 16:37] EPOCH 4 Train Step 41999/1000000, Batch Size = 64,                         Examples/Sec = 2311.63, Accuracy = 0.73, Loss = 0.827
[2020-11-27 16:37] EPOCH 4 Train Step 42099/1000000, Batch Size = 64,                         Examples/Sec = 2328.88, Accuracy = 0.76, Loss = 0.768
[2020-11-27 16:37] EPOCH 4 Train Step 42199/1000000, Batch Size = 64,                         Examples/Sec = 2421.68, Accuracy = 0.75, Loss = 0.796
[2020-11-27 16:37] EPOCH 4 Train Step 42299/1000000, Batch Size = 64,                         Examples/Sec = 2443.05, Accuracy = 0.73, Loss = 0.813
[2020-11-27 16:37] EPOCH 4 Train Step 42399/1000000, Batch Size = 64,                         Examples/Sec = 2314.96, Accuracy = 0.75, Loss = 0.794
[2020-11-27 16:37] EPOCH 4 Train Step 42499/1000000, Batch Size = 64,                         Examples/Sec = 2292.77, Accuracy = 0.74, Loss = 0.788
[2020-11-27 16:37] EPOCH 4 Train Step 42599/1000000, Batch Size = 64,                         Examples/Sec = 2432.41, Accuracy = 0.75, Loss = 0.807
[2020-11-27 16:37] EPOCH 4 Train Step 42699/1000000, Batch Size = 64,                         Examples/Sec = 2313.48, Accuracy = 0.74, Loss = 0.793
[2020-11-27 16:37] EPOCH 4 Train Step 42799/1000000, Batch Size = 64,                         Examples/Sec = 2258.25, Accuracy = 0.73, Loss = 0.801
[2020-11-27 16:37] EPOCH 4 Train Step 42899/1000000, Batch Size = 64,                         Examples/Sec = 2369.83, Accuracy = 0.74, Loss = 0.795
[2020-11-27 16:37] EPOCH 4 Train Step 42999/1000000, Batch Size = 64,                         Examples/Sec = 2271.70, Accuracy = 0.74, Loss = 0.815
