Namespace(batch_size=64, device='cuda', dropout_keep_prob=1.0, learning_rate=0.002, learning_rate_decay=0.96, learning_rate_step=5000, lstm_num_hidden=128, lstm_num_layers=2, max_epochs=5, max_norm=5.0, print_every=50, sample_every=1000, seq_length=30, summary_path='./summaries/', train_steps=20000, txt_file='./assets/book_EN_grimms_fairy_tails.txt')
Device: cuda
Txt file: ./assets/book_EN_grimms_fairy_tails.txt
Initialize dataset with 550595 characters, 91 unique.
[2020-11-27 15:42] EPOCH 0 Train Step 0049/20000, Batch Size = 64,                         Examples/Sec = 2435.27, Accuracy = 0.28, Loss = 2.650
[2020-11-27 15:42] EPOCH 0 Train Step 0099/20000, Batch Size = 64,                         Examples/Sec = 2308.39, Accuracy = 0.37, Loss = 2.245
[2020-11-27 15:42] EPOCH 0 Train Step 0149/20000, Batch Size = 64,                         Examples/Sec = 2331.48, Accuracy = 0.42, Loss = 2.045
[2020-11-27 15:42] EPOCH 0 Train Step 0199/20000, Batch Size = 64,                         Examples/Sec = 2435.72, Accuracy = 0.43, Loss = 1.945
[2020-11-27 15:42] EPOCH 0 Train Step 0249/20000, Batch Size = 64,                         Examples/Sec = 2236.87, Accuracy = 0.46, Loss = 1.875
[2020-11-27 15:42] EPOCH 0 Train Step 0299/20000, Batch Size = 64,                         Examples/Sec = 2255.00, Accuracy = 0.48, Loss = 1.782
[2020-11-27 15:42] EPOCH 0 Train Step 0349/20000, Batch Size = 64,                         Examples/Sec = 2417.27, Accuracy = 0.49, Loss = 1.706
[2020-11-27 15:42] EPOCH 0 Train Step 0399/20000, Batch Size = 64,                         Examples/Sec = 2227.72, Accuracy = 0.49, Loss = 1.716
[2020-11-27 15:42] EPOCH 0 Train Step 0449/20000, Batch Size = 64,                         Examples/Sec = 2232.85, Accuracy = 0.52, Loss = 1.588
[2020-11-27 15:42] EPOCH 0 Train Step 0499/20000, Batch Size = 64,                         Examples/Sec = 2252.09, Accuracy = 0.53, Loss = 1.599
[2020-11-27 15:42] EPOCH 0 Train Step 0549/20000, Batch Size = 64,                         Examples/Sec = 2432.47, Accuracy = 0.54, Loss = 1.548
[2020-11-27 15:42] EPOCH 0 Train Step 0599/20000, Batch Size = 64,                         Examples/Sec = 2298.60, Accuracy = 0.54, Loss = 1.601
[2020-11-27 15:42] EPOCH 0 Train Step 0649/20000, Batch Size = 64,                         Examples/Sec = 2237.32, Accuracy = 0.58, Loss = 1.465
[2020-11-27 15:42] EPOCH 0 Train Step 0699/20000, Batch Size = 64,                         Examples/Sec = 2218.16, Accuracy = 0.55, Loss = 1.462
[2020-11-27 15:42] EPOCH 0 Train Step 0749/20000, Batch Size = 64,                         Examples/Sec = 2313.06, Accuracy = 0.55, Loss = 1.498
[2020-11-27 15:42] EPOCH 0 Train Step 0799/20000, Batch Size = 64,                         Examples/Sec = 2223.10, Accuracy = 0.55, Loss = 1.529
[2020-11-27 15:42] EPOCH 0 Train Step 0849/20000, Batch Size = 64,                         Examples/Sec = 2257.20, Accuracy = 0.55, Loss = 1.491
[2020-11-27 15:42] EPOCH 0 Train Step 0899/20000, Batch Size = 64,                         Examples/Sec = 2290.44, Accuracy = 0.56, Loss = 1.459
[2020-11-27 15:42] EPOCH 0 Train Step 0949/20000, Batch Size = 64,                         Examples/Sec = 2328.05, Accuracy = 0.55, Loss = 1.438
[2020-11-27 15:42] EPOCH 0 Train Step 0999/20000, Batch Size = 64,                         Examples/Sec = 2463.19, Accuracy = 0.57, Loss = 1.453
[2020-11-27 15:42] EPOCH 0 Train Step 1049/20000, Batch Size = 64,                         Examples/Sec = 2407.67, Accuracy = 0.57, Loss = 1.408
[2020-11-27 15:42] EPOCH 0 Train Step 1099/20000, Batch Size = 64,                         Examples/Sec = 2324.86, Accuracy = 0.57, Loss = 1.395
[2020-11-27 15:42] EPOCH 0 Train Step 1149/20000, Batch Size = 64,                         Examples/Sec = 2292.09, Accuracy = 0.57, Loss = 1.419
[2020-11-27 15:42] EPOCH 0 Train Step 1199/20000, Batch Size = 64,                         Examples/Sec = 2517.54, Accuracy = 0.58, Loss = 1.371
[2020-11-27 15:42] EPOCH 0 Train Step 1249/20000, Batch Size = 64,                         Examples/Sec = 2249.15, Accuracy = 0.58, Loss = 1.337
[2020-11-27 15:42] EPOCH 0 Train Step 1299/20000, Batch Size = 64,                         Examples/Sec = 2239.26, Accuracy = 0.58, Loss = 1.355
[2020-11-27 15:42] EPOCH 0 Train Step 1349/20000, Batch Size = 64,                         Examples/Sec = 2381.29, Accuracy = 0.59, Loss = 1.324
[2020-11-27 15:42] EPOCH 0 Train Step 1399/20000, Batch Size = 64,                         Examples/Sec = 2456.36, Accuracy = 0.58, Loss = 1.410
[2020-11-27 15:42] EPOCH 0 Train Step 1449/20000, Batch Size = 64,                         Examples/Sec = 2456.20, Accuracy = 0.58, Loss = 1.388
[2020-11-27 15:42] EPOCH 0 Train Step 1499/20000, Batch Size = 64,                         Examples/Sec = 2393.22, Accuracy = 0.58, Loss = 1.334
[2020-11-27 15:42] EPOCH 0 Train Step 1549/20000, Batch Size = 64,                         Examples/Sec = 2229.05, Accuracy = 0.57, Loss = 1.376
[2020-11-27 15:42] EPOCH 0 Train Step 1599/20000, Batch Size = 64,                         Examples/Sec = 2390.45, Accuracy = 0.60, Loss = 1.303
[2020-11-27 15:42] EPOCH 0 Train Step 1649/20000, Batch Size = 64,                         Examples/Sec = 2413.03, Accuracy = 0.60, Loss = 1.321
[2020-11-27 15:42] EPOCH 0 Train Step 1699/20000, Batch Size = 64,                         Examples/Sec = 2255.25, Accuracy = 0.58, Loss = 1.338
[2020-11-27 15:42] EPOCH 0 Train Step 1749/20000, Batch Size = 64,                         Examples/Sec = 2264.90, Accuracy = 0.59, Loss = 1.289
[2020-11-27 15:42] EPOCH 0 Train Step 1799/20000, Batch Size = 64,                         Examples/Sec = 2227.87, Accuracy = 0.59, Loss = 1.343
[2020-11-27 15:42] EPOCH 0 Train Step 1849/20000, Batch Size = 64,                         Examples/Sec = 2296.77, Accuracy = 0.60, Loss = 1.336
[2020-11-27 15:42] EPOCH 0 Train Step 1899/20000, Batch Size = 64,                         Examples/Sec = 2422.37, Accuracy = 0.59, Loss = 1.336
[2020-11-27 15:43] EPOCH 0 Train Step 1949/20000, Batch Size = 64,                         Examples/Sec = 2236.03, Accuracy = 0.59, Loss = 1.330
[2020-11-27 15:43] EPOCH 0 Train Step 1999/20000, Batch Size = 64,                         Examples/Sec = 2393.88, Accuracy = 0.62, Loss = 1.213
[2020-11-27 15:43] EPOCH 0 Train Step 2049/20000, Batch Size = 64,                         Examples/Sec = 2277.42, Accuracy = 0.61, Loss = 1.271
[2020-11-27 15:43] EPOCH 0 Train Step 2099/20000, Batch Size = 64,                         Examples/Sec = 2316.92, Accuracy = 0.61, Loss = 1.245
[2020-11-27 15:43] EPOCH 0 Train Step 2149/20000, Batch Size = 64,                         Examples/Sec = 2531.22, Accuracy = 0.61, Loss = 1.271
[2020-11-27 15:43] EPOCH 0 Train Step 2199/20000, Batch Size = 64,                         Examples/Sec = 2308.98, Accuracy = 0.61, Loss = 1.251
[2020-11-27 15:43] EPOCH 0 Train Step 2249/20000, Batch Size = 64,                         Examples/Sec = 2310.31, Accuracy = 0.62, Loss = 1.199
[2020-11-27 15:43] EPOCH 0 Train Step 2299/20000, Batch Size = 64,                         Examples/Sec = 2418.51, Accuracy = 0.61, Loss = 1.230
[2020-11-27 15:43] EPOCH 0 Train Step 2349/20000, Batch Size = 64,                         Examples/Sec = 2484.92, Accuracy = 0.59, Loss = 1.339
[2020-11-27 15:43] EPOCH 0 Train Step 2399/20000, Batch Size = 64,                         Examples/Sec = 2191.42, Accuracy = 0.63, Loss = 1.230
[2020-11-27 15:43] EPOCH 0 Train Step 2449/20000, Batch Size = 64,                         Examples/Sec = 2433.49, Accuracy = 0.61, Loss = 1.300
[2020-11-27 15:43] EPOCH 0 Train Step 2499/20000, Batch Size = 64,                         Examples/Sec = 2292.22, Accuracy = 0.62, Loss = 1.253
[2020-11-27 15:43] EPOCH 0 Train Step 2549/20000, Batch Size = 64,                         Examples/Sec = 2275.90, Accuracy = 0.62, Loss = 1.220
[2020-11-27 15:43] EPOCH 0 Train Step 2599/20000, Batch Size = 64,                         Examples/Sec = 2324.42, Accuracy = 0.61, Loss = 1.266
[2020-11-27 15:43] EPOCH 0 Train Step 2649/20000, Batch Size = 64,                         Examples/Sec = 2549.27, Accuracy = 0.62, Loss = 1.244
[2020-11-27 15:43] EPOCH 0 Train Step 2699/20000, Batch Size = 64,                         Examples/Sec = 2302.86, Accuracy = 0.63, Loss = 1.196
[2020-11-27 15:43] EPOCH 0 Train Step 2749/20000, Batch Size = 64,                         Examples/Sec = 2419.43, Accuracy = 0.64, Loss = 1.168
[2020-11-27 15:43] EPOCH 0 Train Step 2799/20000, Batch Size = 64,                         Examples/Sec = 2312.66, Accuracy = 0.63, Loss = 1.224
[2020-11-27 15:43] EPOCH 0 Train Step 2849/20000, Batch Size = 64,                         Examples/Sec = 2432.30, Accuracy = 0.63, Loss = 1.212
[2020-11-27 15:43] EPOCH 0 Train Step 2899/20000, Batch Size = 64,                         Examples/Sec = 2446.53, Accuracy = 0.64, Loss = 1.168
[2020-11-27 15:43] EPOCH 0 Train Step 2949/20000, Batch Size = 64,                         Examples/Sec = 2311.53, Accuracy = 0.62, Loss = 1.233
[2020-11-27 15:43] EPOCH 0 Train Step 2999/20000, Batch Size = 64,                         Examples/Sec = 2498.10, Accuracy = 0.63, Loss = 1.192
[2020-11-27 15:43] EPOCH 0 Train Step 3049/20000, Batch Size = 64,                         Examples/Sec = 2474.72, Accuracy = 0.64, Loss = 1.166
[2020-11-27 15:43] EPOCH 0 Train Step 3099/20000, Batch Size = 64,                         Examples/Sec = 2477.07, Accuracy = 0.62, Loss = 1.192
[2020-11-27 15:43] EPOCH 0 Train Step 3149/20000, Batch Size = 64,                         Examples/Sec = 2297.50, Accuracy = 0.63, Loss = 1.180
[2020-11-27 15:43] EPOCH 0 Train Step 3199/20000, Batch Size = 64,                         Examples/Sec = 2242.55, Accuracy = 0.65, Loss = 1.141
[2020-11-27 15:43] EPOCH 0 Train Step 3249/20000, Batch Size = 64,                         Examples/Sec = 2339.27, Accuracy = 0.65, Loss = 1.172
[2020-11-27 15:43] EPOCH 0 Train Step 3299/20000, Batch Size = 64,                         Examples/Sec = 2411.54, Accuracy = 0.65, Loss = 1.145
[2020-11-27 15:43] EPOCH 0 Train Step 3349/20000, Batch Size = 64,                         Examples/Sec = 2231.01, Accuracy = 0.63, Loss = 1.197
[2020-11-27 15:43] EPOCH 0 Train Step 3399/20000, Batch Size = 64,                         Examples/Sec = 2439.92, Accuracy = 0.63, Loss = 1.161
[2020-11-27 15:43] EPOCH 0 Train Step 3449/20000, Batch Size = 64,                         Examples/Sec = 2239.76, Accuracy = 0.65, Loss = 1.136
[2020-11-27 15:43] EPOCH 0 Train Step 3499/20000, Batch Size = 64,                         Examples/Sec = 2463.30, Accuracy = 0.64, Loss = 1.185
[2020-11-27 15:43] EPOCH 0 Train Step 3549/20000, Batch Size = 64,                         Examples/Sec = 2328.05, Accuracy = 0.63, Loss = 1.175
[2020-11-27 15:43] EPOCH 0 Train Step 3599/20000, Batch Size = 64,                         Examples/Sec = 2450.46, Accuracy = 0.65, Loss = 1.144
[2020-11-27 15:43] EPOCH 0 Train Step 3649/20000, Batch Size = 64,                         Examples/Sec = 2271.28, Accuracy = 0.62, Loss = 1.213
[2020-11-27 15:43] EPOCH 0 Train Step 3699/20000, Batch Size = 64,                         Examples/Sec = 2437.04, Accuracy = 0.63, Loss = 1.178
[2020-11-27 15:43] EPOCH 0 Train Step 3749/20000, Batch Size = 64,                         Examples/Sec = 2491.60, Accuracy = 0.64, Loss = 1.146
[2020-11-27 15:43] EPOCH 0 Train Step 3799/20000, Batch Size = 64,                         Examples/Sec = 2250.63, Accuracy = 0.64, Loss = 1.172
[2020-11-27 15:43] EPOCH 0 Train Step 3849/20000, Batch Size = 64,                         Examples/Sec = 2552.42, Accuracy = 0.65, Loss = 1.116
[2020-11-27 15:44] EPOCH 0 Train Step 3899/20000, Batch Size = 64,                         Examples/Sec = 2468.74, Accuracy = 0.64, Loss = 1.172
[2020-11-27 15:44] EPOCH 0 Train Step 3949/20000, Batch Size = 64,                         Examples/Sec = 2323.41, Accuracy = 0.62, Loss = 1.179
[2020-11-27 15:44] EPOCH 0 Train Step 3999/20000, Batch Size = 64,                         Examples/Sec = 2254.60, Accuracy = 0.62, Loss = 1.154
[2020-11-27 15:44] EPOCH 0 Train Step 4049/20000, Batch Size = 64,                         Examples/Sec = 2219.85, Accuracy = 0.63, Loss = 1.135
[2020-11-27 15:44] EPOCH 0 Train Step 4099/20000, Batch Size = 64,                         Examples/Sec = 2369.52, Accuracy = 0.62, Loss = 1.210
[2020-11-27 15:44] EPOCH 0 Train Step 4149/20000, Batch Size = 64,                         Examples/Sec = 2265.11, Accuracy = 0.63, Loss = 1.169
[2020-11-27 15:44] EPOCH 0 Train Step 4199/20000, Batch Size = 64,                         Examples/Sec = 2358.86, Accuracy = 0.62, Loss = 1.183
[2020-11-27 15:44] EPOCH 0 Train Step 4249/20000, Batch Size = 64,                         Examples/Sec = 2302.35, Accuracy = 0.64, Loss = 1.146
[2020-11-27 15:44] EPOCH 0 Train Step 4299/20000, Batch Size = 64,                         Examples/Sec = 2428.29, Accuracy = 0.64, Loss = 1.157
[2020-11-27 15:44] EPOCH 0 Train Step 4349/20000, Batch Size = 64,                         Examples/Sec = 2621.03, Accuracy = 0.65, Loss = 1.130
[2020-11-27 15:44] EPOCH 0 Train Step 4399/20000, Batch Size = 64,                         Examples/Sec = 2455.88, Accuracy = 0.63, Loss = 1.182
[2020-11-27 15:44] EPOCH 0 Train Step 4449/20000, Batch Size = 64,                         Examples/Sec = 2266.94, Accuracy = 0.66, Loss = 1.102
[2020-11-27 15:44] EPOCH 0 Train Step 4499/20000, Batch Size = 64,                         Examples/Sec = 2445.55, Accuracy = 0.65, Loss = 1.093
[2020-11-27 15:44] EPOCH 0 Train Step 4549/20000, Batch Size = 64,                         Examples/Sec = 2379.85, Accuracy = 0.67, Loss = 1.061
[2020-11-27 15:44] EPOCH 0 Train Step 4599/20000, Batch Size = 64,                         Examples/Sec = 2628.91, Accuracy = 0.64, Loss = 1.165
[2020-11-27 15:44] EPOCH 0 Train Step 4649/20000, Batch Size = 64,                         Examples/Sec = 2343.55, Accuracy = 0.66, Loss = 1.070
[2020-11-27 15:44] EPOCH 0 Train Step 4699/20000, Batch Size = 64,                         Examples/Sec = 2330.41, Accuracy = 0.65, Loss = 1.178
[2020-11-27 15:44] EPOCH 0 Train Step 4749/20000, Batch Size = 64,                         Examples/Sec = 2247.51, Accuracy = 0.65, Loss = 1.112
[2020-11-27 15:44] EPOCH 0 Train Step 4799/20000, Batch Size = 64,                         Examples/Sec = 2253.58, Accuracy = 0.65, Loss = 1.121
[2020-11-27 15:44] EPOCH 0 Train Step 4849/20000, Batch Size = 64,                         Examples/Sec = 2407.13, Accuracy = 0.64, Loss = 1.147
[2020-11-27 15:44] EPOCH 0 Train Step 4899/20000, Batch Size = 64,                         Examples/Sec = 2265.26, Accuracy = 0.64, Loss = 1.118
[2020-11-27 15:44] EPOCH 0 Train Step 4949/20000, Batch Size = 64,                         Examples/Sec = 2318.76, Accuracy = 0.64, Loss = 1.103
[2020-11-27 15:44] EPOCH 0 Train Step 4999/20000, Batch Size = 64,                         Examples/Sec = 2449.65, Accuracy = 0.66, Loss = 1.115
[2020-11-27 15:44] EPOCH 0 Train Step 5049/20000, Batch Size = 64,                         Examples/Sec = 2377.98, Accuracy = 0.66, Loss = 1.097
[2020-11-27 15:44] EPOCH 0 Train Step 5099/20000, Batch Size = 64,                         Examples/Sec = 2048.36, Accuracy = 0.65, Loss = 1.127
[2020-11-27 15:44] EPOCH 0 Train Step 5149/20000, Batch Size = 64,                         Examples/Sec = 2512.88, Accuracy = 0.64, Loss = 1.116
[2020-11-27 15:44] EPOCH 0 Train Step 5199/20000, Batch Size = 64,                         Examples/Sec = 2300.81, Accuracy = 0.65, Loss = 1.125
[2020-11-27 15:44] EPOCH 0 Train Step 5249/20000, Batch Size = 64,                         Examples/Sec = 2235.56, Accuracy = 0.62, Loss = 1.171
[2020-11-27 15:44] EPOCH 0 Train Step 5299/20000, Batch Size = 64,                         Examples/Sec = 2319.94, Accuracy = 0.65, Loss = 1.077
[2020-11-27 15:44] EPOCH 0 Train Step 5349/20000, Batch Size = 64,                         Examples/Sec = 2533.58, Accuracy = 0.64, Loss = 1.115
[2020-11-27 15:44] EPOCH 0 Train Step 5399/20000, Batch Size = 64,                         Examples/Sec = 2438.31, Accuracy = 0.67, Loss = 1.090
[2020-11-27 15:44] EPOCH 0 Train Step 5449/20000, Batch Size = 64,                         Examples/Sec = 2341.06, Accuracy = 0.64, Loss = 1.129
[2020-11-27 15:44] EPOCH 0 Train Step 5499/20000, Batch Size = 64,                         Examples/Sec = 2368.74, Accuracy = 0.66, Loss = 1.084
[2020-11-27 15:44] EPOCH 0 Train Step 5549/20000, Batch Size = 64,                         Examples/Sec = 2447.15, Accuracy = 0.63, Loss = 1.141
[2020-11-27 15:44] EPOCH 0 Train Step 5599/20000, Batch Size = 64,                         Examples/Sec = 2277.77, Accuracy = 0.65, Loss = 1.101
[2020-11-27 15:44] EPOCH 0 Train Step 5649/20000, Batch Size = 64,                         Examples/Sec = 2315.44, Accuracy = 0.65, Loss = 1.121
[2020-11-27 15:44] EPOCH 0 Train Step 5699/20000, Batch Size = 64,                         Examples/Sec = 2327.60, Accuracy = 0.67, Loss = 1.117
[2020-11-27 15:44] EPOCH 0 Train Step 5749/20000, Batch Size = 64,                         Examples/Sec = 2283.33, Accuracy = 0.64, Loss = 1.131
[2020-11-27 15:44] EPOCH 0 Train Step 5799/20000, Batch Size = 64,                         Examples/Sec = 2342.33, Accuracy = 0.67, Loss = 1.075
[2020-11-27 15:45] EPOCH 0 Train Step 5849/20000, Batch Size = 64,                         Examples/Sec = 2385.46, Accuracy = 0.64, Loss = 1.125
[2020-11-27 15:45] EPOCH 0 Train Step 5899/20000, Batch Size = 64,                         Examples/Sec = 2441.70, Accuracy = 0.66, Loss = 1.107
[2020-11-27 15:45] EPOCH 0 Train Step 5949/20000, Batch Size = 64,                         Examples/Sec = 2280.00, Accuracy = 0.64, Loss = 1.125
[2020-11-27 15:45] EPOCH 0 Train Step 5999/20000, Batch Size = 64,                         Examples/Sec = 2327.12, Accuracy = 0.66, Loss = 1.096
[2020-11-27 15:45] EPOCH 0 Train Step 6049/20000, Batch Size = 64,                         Examples/Sec = 2355.56, Accuracy = 0.66, Loss = 1.081
[2020-11-27 15:45] EPOCH 0 Train Step 6099/20000, Batch Size = 64,                         Examples/Sec = 2447.40, Accuracy = 0.65, Loss = 1.091
[2020-11-27 15:45] EPOCH 0 Train Step 6149/20000, Batch Size = 64,                         Examples/Sec = 2271.64, Accuracy = 0.68, Loss = 1.027
[2020-11-27 15:45] EPOCH 0 Train Step 6199/20000, Batch Size = 64,                         Examples/Sec = 2326.72, Accuracy = 0.66, Loss = 1.052
[2020-11-27 15:45] EPOCH 0 Train Step 6249/20000, Batch Size = 64,                         Examples/Sec = 2280.17, Accuracy = 0.66, Loss = 1.055
[2020-11-27 15:45] EPOCH 0 Train Step 6299/20000, Batch Size = 64,                         Examples/Sec = 2447.17, Accuracy = 0.66, Loss = 1.102
[2020-11-27 15:45] EPOCH 0 Train Step 6349/20000, Batch Size = 64,                         Examples/Sec = 2287.98, Accuracy = 0.66, Loss = 1.113
[2020-11-27 15:45] EPOCH 0 Train Step 6399/20000, Batch Size = 64,                         Examples/Sec = 2258.61, Accuracy = 0.67, Loss = 1.091
[2020-11-27 15:45] EPOCH 0 Train Step 6449/20000, Batch Size = 64,                         Examples/Sec = 2330.86, Accuracy = 0.66, Loss = 1.079
[2020-11-27 15:45] EPOCH 0 Train Step 6499/20000, Batch Size = 64,                         Examples/Sec = 2316.46, Accuracy = 0.66, Loss = 1.064
[2020-11-27 15:45] EPOCH 0 Train Step 6549/20000, Batch Size = 64,                         Examples/Sec = 2342.53, Accuracy = 0.66, Loss = 1.046
[2020-11-27 15:45] EPOCH 0 Train Step 6599/20000, Batch Size = 64,                         Examples/Sec = 2318.48, Accuracy = 0.65, Loss = 1.095
[2020-11-27 15:45] EPOCH 0 Train Step 6649/20000, Batch Size = 64,                         Examples/Sec = 2470.67, Accuracy = 0.68, Loss = 1.021
[2020-11-27 15:45] EPOCH 0 Train Step 6699/20000, Batch Size = 64,                         Examples/Sec = 2329.60, Accuracy = 0.66, Loss = 1.091
[2020-11-27 15:45] EPOCH 0 Train Step 6749/20000, Batch Size = 64,                         Examples/Sec = 2319.16, Accuracy = 0.67, Loss = 1.060
[2020-11-27 15:45] EPOCH 0 Train Step 6799/20000, Batch Size = 64,                         Examples/Sec = 2318.46, Accuracy = 0.65, Loss = 1.109
[2020-11-27 15:45] EPOCH 0 Train Step 6849/20000, Batch Size = 64,                         Examples/Sec = 2343.27, Accuracy = 0.65, Loss = 1.089
[2020-11-27 15:45] EPOCH 0 Train Step 6899/20000, Batch Size = 64,                         Examples/Sec = 2335.74, Accuracy = 0.65, Loss = 1.117
[2020-11-27 15:45] EPOCH 0 Train Step 6949/20000, Batch Size = 64,                         Examples/Sec = 2379.96, Accuracy = 0.65, Loss = 1.084
[2020-11-27 15:45] EPOCH 0 Train Step 6999/20000, Batch Size = 64,                         Examples/Sec = 2377.96, Accuracy = 0.66, Loss = 1.082
[2020-11-27 15:45] EPOCH 0 Train Step 7049/20000, Batch Size = 64,                         Examples/Sec = 2190.34, Accuracy = 0.65, Loss = 1.114
[2020-11-27 15:45] EPOCH 0 Train Step 7099/20000, Batch Size = 64,                         Examples/Sec = 2319.16, Accuracy = 0.66, Loss = 1.080
[2020-11-27 15:45] EPOCH 0 Train Step 7149/20000, Batch Size = 64,                         Examples/Sec = 2271.70, Accuracy = 0.67, Loss = 1.053
[2020-11-27 15:45] EPOCH 0 Train Step 7199/20000, Batch Size = 64,                         Examples/Sec = 2421.76, Accuracy = 0.65, Loss = 1.094
[2020-11-27 15:45] EPOCH 0 Train Step 7249/20000, Batch Size = 64,                         Examples/Sec = 2344.91, Accuracy = 0.66, Loss = 1.124
[2020-11-27 15:45] EPOCH 0 Train Step 7299/20000, Batch Size = 64,                         Examples/Sec = 2392.22, Accuracy = 0.68, Loss = 1.040
[2020-11-27 15:45] EPOCH 0 Train Step 7349/20000, Batch Size = 64,                         Examples/Sec = 2331.48, Accuracy = 0.66, Loss = 1.082
[2020-11-27 15:45] EPOCH 0 Train Step 7399/20000, Batch Size = 64,                         Examples/Sec = 2435.14, Accuracy = 0.64, Loss = 1.117
[2020-11-27 15:45] EPOCH 0 Train Step 7449/20000, Batch Size = 64,                         Examples/Sec = 2344.25, Accuracy = 0.66, Loss = 1.067
[2020-11-27 15:45] EPOCH 0 Train Step 7499/20000, Batch Size = 64,                         Examples/Sec = 2439.17, Accuracy = 0.67, Loss = 1.045
[2020-11-27 15:45] EPOCH 0 Train Step 7549/20000, Batch Size = 64,                         Examples/Sec = 2186.28, Accuracy = 0.67, Loss = 1.038
[2020-11-27 15:45] EPOCH 0 Train Step 7599/20000, Batch Size = 64,                         Examples/Sec = 2223.22, Accuracy = 0.66, Loss = 1.084
[2020-11-27 15:45] EPOCH 0 Train Step 7649/20000, Batch Size = 64,                         Examples/Sec = 2251.31, Accuracy = 0.67, Loss = 1.033
[2020-11-27 15:45] EPOCH 0 Train Step 7699/20000, Batch Size = 64,                         Examples/Sec = 2392.13, Accuracy = 0.66, Loss = 1.070
[2020-11-27 15:46] EPOCH 0 Train Step 7749/20000, Batch Size = 64,                         Examples/Sec = 2298.47, Accuracy = 0.67, Loss = 1.032
[2020-11-27 15:46] EPOCH 0 Train Step 7799/20000, Batch Size = 64,                         Examples/Sec = 2462.58, Accuracy = 0.67, Loss = 1.057
[2020-11-27 15:46] EPOCH 0 Train Step 7849/20000, Batch Size = 64,                         Examples/Sec = 2693.84, Accuracy = 0.66, Loss = 1.071
[2020-11-27 15:46] EPOCH 0 Train Step 7899/20000, Batch Size = 64,                         Examples/Sec = 2322.91, Accuracy = 0.65, Loss = 1.065
[2020-11-27 15:46] EPOCH 0 Train Step 7949/20000, Batch Size = 64,                         Examples/Sec = 2479.96, Accuracy = 0.65, Loss = 1.073
[2020-11-27 15:46] EPOCH 0 Train Step 7999/20000, Batch Size = 64,                         Examples/Sec = 2333.57, Accuracy = 0.66, Loss = 1.071
[2020-11-27 15:46] EPOCH 0 Train Step 8049/20000, Batch Size = 64,                         Examples/Sec = 2259.48, Accuracy = 0.67, Loss = 1.035
[2020-11-27 15:46] EPOCH 0 Train Step 8099/20000, Batch Size = 64,                         Examples/Sec = 2446.57, Accuracy = 0.68, Loss = 1.024
[2020-11-27 15:46] EPOCH 0 Train Step 8149/20000, Batch Size = 64,                         Examples/Sec = 2436.16, Accuracy = 0.68, Loss = 1.022
[2020-11-27 15:46] EPOCH 0 Train Step 8199/20000, Batch Size = 64,                         Examples/Sec = 2360.66, Accuracy = 0.67, Loss = 1.044
[2020-11-27 15:46] EPOCH 0 Train Step 8249/20000, Batch Size = 64,                         Examples/Sec = 2261.59, Accuracy = 0.67, Loss = 1.072
[2020-11-27 15:46] EPOCH 0 Train Step 8299/20000, Batch Size = 64,                         Examples/Sec = 2334.46, Accuracy = 0.67, Loss = 1.049
[2020-11-27 15:46] EPOCH 0 Train Step 8349/20000, Batch Size = 64,                         Examples/Sec = 2295.54, Accuracy = 0.67, Loss = 1.004
[2020-11-27 15:46] EPOCH 0 Train Step 8399/20000, Batch Size = 64,                         Examples/Sec = 2322.59, Accuracy = 0.68, Loss = 1.010
[2020-11-27 15:46] EPOCH 0 Train Step 8449/20000, Batch Size = 64,                         Examples/Sec = 2312.17, Accuracy = 0.65, Loss = 1.095
[2020-11-27 15:46] EPOCH 0 Train Step 8499/20000, Batch Size = 64,                         Examples/Sec = 2449.36, Accuracy = 0.66, Loss = 1.083
[2020-11-27 15:46] EPOCH 0 Train Step 8549/20000, Batch Size = 64,                         Examples/Sec = 2593.03, Accuracy = 0.66, Loss = 1.055
[2020-11-27 15:46] EPOCH 0 Train Step 8599/20000, Batch Size = 64,                         Examples/Sec = 2268.55, Accuracy = 0.66, Loss = 1.063
[2020-11-27 15:46] EPOCH 1 Train Step 8649/20000, Batch Size = 64,                         Examples/Sec = 2346.01, Accuracy = 0.66, Loss = 1.048
[2020-11-27 15:46] EPOCH 1 Train Step 8699/20000, Batch Size = 64,                         Examples/Sec = 2242.55, Accuracy = 0.66, Loss = 1.057
[2020-11-27 15:46] EPOCH 1 Train Step 8749/20000, Batch Size = 64,                         Examples/Sec = 2212.08, Accuracy = 0.67, Loss = 1.054
[2020-11-27 15:46] EPOCH 1 Train Step 8799/20000, Batch Size = 64,                         Examples/Sec = 2315.26, Accuracy = 0.68, Loss = 1.016
[2020-11-27 15:46] EPOCH 1 Train Step 8849/20000, Batch Size = 64,                         Examples/Sec = 2239.07, Accuracy = 0.68, Loss = 1.025
[2020-11-27 15:46] EPOCH 1 Train Step 8899/20000, Batch Size = 64,                         Examples/Sec = 2464.25, Accuracy = 0.68, Loss = 1.005
[2020-11-27 15:46] EPOCH 1 Train Step 8949/20000, Batch Size = 64,                         Examples/Sec = 2281.43, Accuracy = 0.67, Loss = 1.018
[2020-11-27 15:46] EPOCH 1 Train Step 8999/20000, Batch Size = 64,                         Examples/Sec = 2368.39, Accuracy = 0.65, Loss = 1.080
[2020-11-27 15:46] EPOCH 1 Train Step 9049/20000, Batch Size = 64,                         Examples/Sec = 2388.62, Accuracy = 0.67, Loss = 1.023
[2020-11-27 15:46] EPOCH 1 Train Step 9099/20000, Batch Size = 64,                         Examples/Sec = 2332.07, Accuracy = 0.67, Loss = 1.045
[2020-11-27 15:46] EPOCH 1 Train Step 9149/20000, Batch Size = 64,                         Examples/Sec = 2286.04, Accuracy = 0.69, Loss = 1.008
[2020-11-27 15:46] EPOCH 1 Train Step 9199/20000, Batch Size = 64,                         Examples/Sec = 2306.21, Accuracy = 0.68, Loss = 0.985
[2020-11-27 15:46] EPOCH 1 Train Step 9249/20000, Batch Size = 64,                         Examples/Sec = 2330.35, Accuracy = 0.68, Loss = 1.017
[2020-11-27 15:46] EPOCH 1 Train Step 9299/20000, Batch Size = 64,                         Examples/Sec = 2462.37, Accuracy = 0.69, Loss = 1.003
[2020-11-27 15:46] EPOCH 1 Train Step 9349/20000, Batch Size = 64,                         Examples/Sec = 2219.37, Accuracy = 0.67, Loss = 1.035
[2020-11-27 15:46] EPOCH 1 Train Step 9399/20000, Batch Size = 64,                         Examples/Sec = 2443.50, Accuracy = 0.67, Loss = 1.061
[2020-11-27 15:46] EPOCH 1 Train Step 9449/20000, Batch Size = 64,                         Examples/Sec = 2432.60, Accuracy = 0.67, Loss = 1.043
[2020-11-27 15:46] EPOCH 1 Train Step 9499/20000, Batch Size = 64,                         Examples/Sec = 2348.39, Accuracy = 0.67, Loss = 1.031
[2020-11-27 15:46] EPOCH 1 Train Step 9549/20000, Batch Size = 64,                         Examples/Sec = 2023.23, Accuracy = 0.68, Loss = 1.017
[2020-11-27 15:46] EPOCH 1 Train Step 9599/20000, Batch Size = 64,                         Examples/Sec = 2260.19, Accuracy = 0.67, Loss = 1.017
[2020-11-27 15:46] EPOCH 1 Train Step 9649/20000, Batch Size = 64,                         Examples/Sec = 2362.53, Accuracy = 0.66, Loss = 1.037
[2020-11-27 15:47] EPOCH 1 Train Step 9699/20000, Batch Size = 64,                         Examples/Sec = 2332.58, Accuracy = 0.66, Loss = 1.072
[2020-11-27 15:47] EPOCH 1 Train Step 9749/20000, Batch Size = 64,                         Examples/Sec = 2299.02, Accuracy = 0.67, Loss = 1.020
[2020-11-27 15:47] EPOCH 1 Train Step 9799/20000, Batch Size = 64,                         Examples/Sec = 2305.55, Accuracy = 0.67, Loss = 1.028
[2020-11-27 15:47] EPOCH 1 Train Step 9849/20000, Batch Size = 64,                         Examples/Sec = 2253.07, Accuracy = 0.69, Loss = 0.989
[2020-11-27 15:47] EPOCH 1 Train Step 9899/20000, Batch Size = 64,                         Examples/Sec = 2441.21, Accuracy = 0.66, Loss = 1.069
[2020-11-27 15:47] EPOCH 1 Train Step 9949/20000, Batch Size = 64,                         Examples/Sec = 2468.28, Accuracy = 0.67, Loss = 1.030
[2020-11-27 15:47] EPOCH 1 Train Step 9999/20000, Batch Size = 64,                         Examples/Sec = 2264.09, Accuracy = 0.68, Loss = 0.990
[2020-11-27 15:47] EPOCH 1 Train Step 10049/20000, Batch Size = 64,                         Examples/Sec = 2271.32, Accuracy = 0.68, Loss = 1.029
[2020-11-27 15:47] EPOCH 1 Train Step 10099/20000, Batch Size = 64,                         Examples/Sec = 2356.33, Accuracy = 0.68, Loss = 0.997
[2020-11-27 15:47] EPOCH 1 Train Step 10149/20000, Batch Size = 64,                         Examples/Sec = 2436.23, Accuracy = 0.67, Loss = 1.036
[2020-11-27 15:47] EPOCH 1 Train Step 10199/20000, Batch Size = 64,                         Examples/Sec = 2322.69, Accuracy = 0.69, Loss = 0.997
[2020-11-27 15:47] EPOCH 1 Train Step 10249/20000, Batch Size = 64,                         Examples/Sec = 2330.57, Accuracy = 0.68, Loss = 1.001
[2020-11-27 15:47] EPOCH 1 Train Step 10299/20000, Batch Size = 64,                         Examples/Sec = 2336.25, Accuracy = 0.68, Loss = 1.003
[2020-11-27 15:47] EPOCH 1 Train Step 10349/20000, Batch Size = 64,                         Examples/Sec = 2365.11, Accuracy = 0.67, Loss = 0.995
[2020-11-27 15:47] EPOCH 1 Train Step 10399/20000, Batch Size = 64,                         Examples/Sec = 2455.95, Accuracy = 0.69, Loss = 0.998
[2020-11-27 15:47] EPOCH 1 Train Step 10449/20000, Batch Size = 64,                         Examples/Sec = 2356.87, Accuracy = 0.68, Loss = 0.996
[2020-11-27 15:47] EPOCH 1 Train Step 10499/20000, Batch Size = 64,                         Examples/Sec = 2399.64, Accuracy = 0.70, Loss = 0.943
[2020-11-27 15:47] EPOCH 1 Train Step 10549/20000, Batch Size = 64,                         Examples/Sec = 2269.18, Accuracy = 0.67, Loss = 1.006
[2020-11-27 15:47] EPOCH 1 Train Step 10599/20000, Batch Size = 64,                         Examples/Sec = 2577.74, Accuracy = 0.67, Loss = 1.009
[2020-11-27 15:47] EPOCH 1 Train Step 10649/20000, Batch Size = 64,                         Examples/Sec = 2290.82, Accuracy = 0.67, Loss = 1.005
[2020-11-27 15:47] EPOCH 1 Train Step 10699/20000, Batch Size = 64,                         Examples/Sec = 2442.12, Accuracy = 0.69, Loss = 0.965
[2020-11-27 15:47] EPOCH 1 Train Step 10749/20000, Batch Size = 64,                         Examples/Sec = 2423.12, Accuracy = 0.69, Loss = 0.993
[2020-11-27 15:47] EPOCH 1 Train Step 10799/20000, Batch Size = 64,                         Examples/Sec = 2289.80, Accuracy = 0.69, Loss = 0.976
[2020-11-27 15:47] EPOCH 1 Train Step 10849/20000, Batch Size = 64,                         Examples/Sec = 2525.93, Accuracy = 0.68, Loss = 0.978
[2020-11-27 15:47] EPOCH 1 Train Step 10899/20000, Batch Size = 64,                         Examples/Sec = 2359.29, Accuracy = 0.68, Loss = 1.031
[2020-11-27 15:47] EPOCH 1 Train Step 10949/20000, Batch Size = 64,                         Examples/Sec = 2490.03, Accuracy = 0.69, Loss = 0.989
[2020-11-27 15:47] EPOCH 1 Train Step 10999/20000, Batch Size = 64,                         Examples/Sec = 2454.36, Accuracy = 0.69, Loss = 0.997
[2020-11-27 15:47] EPOCH 1 Train Step 11049/20000, Batch Size = 64,                         Examples/Sec = 2309.92, Accuracy = 0.68, Loss = 1.011
[2020-11-27 15:47] EPOCH 1 Train Step 11099/20000, Batch Size = 64,                         Examples/Sec = 2751.86, Accuracy = 0.68, Loss = 1.015
[2020-11-27 15:47] EPOCH 1 Train Step 11149/20000, Batch Size = 64,                         Examples/Sec = 2311.53, Accuracy = 0.68, Loss = 1.012
[2020-11-27 15:47] EPOCH 1 Train Step 11199/20000, Batch Size = 64,                         Examples/Sec = 2282.01, Accuracy = 0.68, Loss = 1.010
[2020-11-27 15:47] EPOCH 1 Train Step 11249/20000, Batch Size = 64,                         Examples/Sec = 2409.05, Accuracy = 0.70, Loss = 0.990
[2020-11-27 15:47] EPOCH 1 Train Step 11299/20000, Batch Size = 64,                         Examples/Sec = 2420.47, Accuracy = 0.68, Loss = 0.993
[2020-11-27 15:47] EPOCH 1 Train Step 11349/20000, Batch Size = 64,                         Examples/Sec = 2533.25, Accuracy = 0.68, Loss = 0.986
[2020-11-27 15:47] EPOCH 1 Train Step 11399/20000, Batch Size = 64,                         Examples/Sec = 2195.31, Accuracy = 0.70, Loss = 0.958
[2020-11-27 15:47] EPOCH 1 Train Step 11449/20000, Batch Size = 64,                         Examples/Sec = 2447.40, Accuracy = 0.69, Loss = 0.971
[2020-11-27 15:47] EPOCH 1 Train Step 11499/20000, Batch Size = 64,                         Examples/Sec = 2253.89, Accuracy = 0.69, Loss = 0.973
[2020-11-27 15:47] EPOCH 1 Train Step 11549/20000, Batch Size = 64,                         Examples/Sec = 2282.87, Accuracy = 0.68, Loss = 0.997
[2020-11-27 15:47] EPOCH 1 Train Step 11599/20000, Batch Size = 64,                         Examples/Sec = 2321.82, Accuracy = 0.68, Loss = 0.981
[2020-11-27 15:48] EPOCH 1 Train Step 11649/20000, Batch Size = 64,                         Examples/Sec = 2258.49, Accuracy = 0.68, Loss = 0.996
[2020-11-27 15:48] EPOCH 1 Train Step 11699/20000, Batch Size = 64,                         Examples/Sec = 2342.00, Accuracy = 0.68, Loss = 1.011
[2020-11-27 15:48] EPOCH 1 Train Step 11749/20000, Batch Size = 64,                         Examples/Sec = 2338.57, Accuracy = 0.68, Loss = 1.013
[2020-11-27 15:48] EPOCH 1 Train Step 11799/20000, Batch Size = 64,                         Examples/Sec = 2559.26, Accuracy = 0.67, Loss = 1.020
[2020-11-27 15:48] EPOCH 1 Train Step 11849/20000, Batch Size = 64,                         Examples/Sec = 2445.73, Accuracy = 0.68, Loss = 0.962
[2020-11-27 15:48] EPOCH 1 Train Step 11899/20000, Batch Size = 64,                         Examples/Sec = 2297.46, Accuracy = 0.69, Loss = 0.984
[2020-11-27 15:48] EPOCH 1 Train Step 11949/20000, Batch Size = 64,                         Examples/Sec = 2353.25, Accuracy = 0.68, Loss = 1.001
[2020-11-27 15:48] EPOCH 1 Train Step 11999/20000, Batch Size = 64,                         Examples/Sec = 2366.49, Accuracy = 0.67, Loss = 1.028
[2020-11-27 15:48] EPOCH 1 Train Step 12049/20000, Batch Size = 64,                         Examples/Sec = 2317.12, Accuracy = 0.70, Loss = 0.949
[2020-11-27 15:48] EPOCH 1 Train Step 12099/20000, Batch Size = 64,                         Examples/Sec = 2445.37, Accuracy = 0.69, Loss = 0.997
[2020-11-27 15:48] EPOCH 1 Train Step 12149/20000, Batch Size = 64,                         Examples/Sec = 2343.64, Accuracy = 0.69, Loss = 0.981
[2020-11-27 15:48] EPOCH 1 Train Step 12199/20000, Batch Size = 64,                         Examples/Sec = 2337.92, Accuracy = 0.69, Loss = 0.993
[2020-11-27 15:48] EPOCH 1 Train Step 12249/20000, Batch Size = 64,                         Examples/Sec = 2370.84, Accuracy = 0.69, Loss = 0.945
[2020-11-27 15:48] EPOCH 1 Train Step 12299/20000, Batch Size = 64,                         Examples/Sec = 2286.00, Accuracy = 0.68, Loss = 0.976
[2020-11-27 15:48] EPOCH 1 Train Step 12349/20000, Batch Size = 64,                         Examples/Sec = 2487.77, Accuracy = 0.68, Loss = 0.994
[2020-11-27 15:48] EPOCH 1 Train Step 12399/20000, Batch Size = 64,                         Examples/Sec = 2396.27, Accuracy = 0.72, Loss = 0.927
[2020-11-27 15:48] EPOCH 1 Train Step 12449/20000, Batch Size = 64,                         Examples/Sec = 2367.80, Accuracy = 0.68, Loss = 0.982
[2020-11-27 15:48] EPOCH 1 Train Step 12499/20000, Batch Size = 64,                         Examples/Sec = 2356.43, Accuracy = 0.69, Loss = 0.953
[2020-11-27 15:48] EPOCH 1 Train Step 12549/20000, Batch Size = 64,                         Examples/Sec = 2349.32, Accuracy = 0.69, Loss = 0.968
[2020-11-27 15:48] EPOCH 1 Train Step 12599/20000, Batch Size = 64,                         Examples/Sec = 2325.55, Accuracy = 0.68, Loss = 0.986
[2020-11-27 15:48] EPOCH 1 Train Step 12649/20000, Batch Size = 64,                         Examples/Sec = 2278.20, Accuracy = 0.70, Loss = 0.956
[2020-11-27 15:48] EPOCH 1 Train Step 12699/20000, Batch Size = 64,                         Examples/Sec = 2303.30, Accuracy = 0.67, Loss = 0.997
[2020-11-27 15:48] EPOCH 1 Train Step 12749/20000, Batch Size = 64,                         Examples/Sec = 2464.86, Accuracy = 0.69, Loss = 0.950
[2020-11-27 15:48] EPOCH 1 Train Step 12799/20000, Batch Size = 64,                         Examples/Sec = 2466.85, Accuracy = 0.69, Loss = 0.974
[2020-11-27 15:48] EPOCH 1 Train Step 12849/20000, Batch Size = 64,                         Examples/Sec = 2278.72, Accuracy = 0.69, Loss = 0.979
[2020-11-27 15:48] EPOCH 1 Train Step 12899/20000, Batch Size = 64,                         Examples/Sec = 2264.06, Accuracy = 0.70, Loss = 0.991
[2020-11-27 15:48] EPOCH 1 Train Step 12949/20000, Batch Size = 64,                         Examples/Sec = 2311.45, Accuracy = 0.69, Loss = 0.960
[2020-11-27 15:48] EPOCH 1 Train Step 12999/20000, Batch Size = 64,                         Examples/Sec = 2275.80, Accuracy = 0.70, Loss = 0.927
[2020-11-27 15:48] EPOCH 1 Train Step 13049/20000, Batch Size = 64,                         Examples/Sec = 2385.41, Accuracy = 0.70, Loss = 0.933
[2020-11-27 15:48] EPOCH 1 Train Step 13099/20000, Batch Size = 64,                         Examples/Sec = 2455.21, Accuracy = 0.68, Loss = 0.979
[2020-11-27 15:48] EPOCH 1 Train Step 13149/20000, Batch Size = 64,                         Examples/Sec = 2541.28, Accuracy = 0.69, Loss = 0.990
[2020-11-27 15:48] EPOCH 1 Train Step 13199/20000, Batch Size = 64,                         Examples/Sec = 2440.83, Accuracy = 0.71, Loss = 0.942
[2020-11-27 15:48] EPOCH 1 Train Step 13249/20000, Batch Size = 64,                         Examples/Sec = 2335.89, Accuracy = 0.70, Loss = 0.933
[2020-11-27 15:48] EPOCH 1 Train Step 13299/20000, Batch Size = 64,                         Examples/Sec = 2467.26, Accuracy = 0.69, Loss = 0.959
[2020-11-27 15:48] EPOCH 1 Train Step 13349/20000, Batch Size = 64,                         Examples/Sec = 2250.54, Accuracy = 0.70, Loss = 0.952
[2020-11-27 15:48] EPOCH 1 Train Step 13399/20000, Batch Size = 64,                         Examples/Sec = 2353.54, Accuracy = 0.71, Loss = 0.982
[2020-11-27 15:48] EPOCH 1 Train Step 13449/20000, Batch Size = 64,                         Examples/Sec = 2275.55, Accuracy = 0.67, Loss = 1.008
[2020-11-27 15:48] EPOCH 1 Train Step 13499/20000, Batch Size = 64,                         Examples/Sec = 2287.01, Accuracy = 0.68, Loss = 0.983
[2020-11-27 15:48] EPOCH 1 Train Step 13549/20000, Batch Size = 64,                         Examples/Sec = 2341.55, Accuracy = 0.68, Loss = 0.992
[2020-11-27 15:49] EPOCH 1 Train Step 13599/20000, Batch Size = 64,                         Examples/Sec = 2426.01, Accuracy = 0.68, Loss = 0.991
[2020-11-27 15:49] EPOCH 1 Train Step 13649/20000, Batch Size = 64,                         Examples/Sec = 2279.11, Accuracy = 0.71, Loss = 0.926
[2020-11-27 15:49] EPOCH 1 Train Step 13699/20000, Batch Size = 64,                         Examples/Sec = 2419.54, Accuracy = 0.70, Loss = 0.929
[2020-11-27 15:49] EPOCH 1 Train Step 13749/20000, Batch Size = 64,                         Examples/Sec = 2362.18, Accuracy = 0.68, Loss = 1.001
[2020-11-27 15:49] EPOCH 1 Train Step 13799/20000, Batch Size = 64,                         Examples/Sec = 2420.26, Accuracy = 0.71, Loss = 0.889
[2020-11-27 15:49] EPOCH 1 Train Step 13849/20000, Batch Size = 64,                         Examples/Sec = 2332.11, Accuracy = 0.69, Loss = 0.964
[2020-11-27 15:49] EPOCH 1 Train Step 13899/20000, Batch Size = 64,                         Examples/Sec = 2363.43, Accuracy = 0.71, Loss = 0.936
[2020-11-27 15:49] EPOCH 1 Train Step 13949/20000, Batch Size = 64,                         Examples/Sec = 2343.43, Accuracy = 0.69, Loss = 0.974
[2020-11-27 15:49] EPOCH 1 Train Step 13999/20000, Batch Size = 64,                         Examples/Sec = 2461.27, Accuracy = 0.70, Loss = 0.921
[2020-11-27 15:49] EPOCH 1 Train Step 14049/20000, Batch Size = 64,                         Examples/Sec = 2390.68, Accuracy = 0.69, Loss = 0.964
[2020-11-27 15:49] EPOCH 1 Train Step 14099/20000, Batch Size = 64,                         Examples/Sec = 2429.59, Accuracy = 0.69, Loss = 0.959
[2020-11-27 15:49] EPOCH 1 Train Step 14149/20000, Batch Size = 64,                         Examples/Sec = 2324.58, Accuracy = 0.70, Loss = 0.944
[2020-11-27 15:49] EPOCH 1 Train Step 14199/20000, Batch Size = 64,                         Examples/Sec = 2361.53, Accuracy = 0.69, Loss = 0.969
[2020-11-27 15:49] EPOCH 1 Train Step 14249/20000, Batch Size = 64,                         Examples/Sec = 2437.55, Accuracy = 0.71, Loss = 0.946
[2020-11-27 15:49] EPOCH 1 Train Step 14299/20000, Batch Size = 64,                         Examples/Sec = 2349.15, Accuracy = 0.70, Loss = 0.941
[2020-11-27 15:49] EPOCH 1 Train Step 14349/20000, Batch Size = 64,                         Examples/Sec = 2463.43, Accuracy = 0.68, Loss = 0.986
[2020-11-27 15:49] EPOCH 1 Train Step 14399/20000, Batch Size = 64,                         Examples/Sec = 2377.26, Accuracy = 0.70, Loss = 0.928
[2020-11-27 15:49] EPOCH 1 Train Step 14449/20000, Batch Size = 64,                         Examples/Sec = 2317.60, Accuracy = 0.70, Loss = 0.924
[2020-11-27 15:49] EPOCH 1 Train Step 14499/20000, Batch Size = 64,                         Examples/Sec = 2275.65, Accuracy = 0.68, Loss = 0.982
[2020-11-27 15:49] EPOCH 1 Train Step 14549/20000, Batch Size = 64,                         Examples/Sec = 2331.00, Accuracy = 0.70, Loss = 0.952
[2020-11-27 15:49] EPOCH 1 Train Step 14599/20000, Batch Size = 64,                         Examples/Sec = 2449.88, Accuracy = 0.70, Loss = 0.935
[2020-11-27 15:49] EPOCH 1 Train Step 14649/20000, Batch Size = 64,                         Examples/Sec = 2317.74, Accuracy = 0.70, Loss = 0.936
[2020-11-27 15:49] EPOCH 1 Train Step 14699/20000, Batch Size = 64,                         Examples/Sec = 2330.88, Accuracy = 0.68, Loss = 0.985
[2020-11-27 15:49] EPOCH 1 Train Step 14749/20000, Batch Size = 64,                         Examples/Sec = 2281.22, Accuracy = 0.69, Loss = 0.958
[2020-11-27 15:49] EPOCH 1 Train Step 14799/20000, Batch Size = 64,                         Examples/Sec = 2267.82, Accuracy = 0.70, Loss = 0.934
[2020-11-27 15:49] EPOCH 1 Train Step 14849/20000, Batch Size = 64,                         Examples/Sec = 2338.94, Accuracy = 0.71, Loss = 0.934
[2020-11-27 15:49] EPOCH 1 Train Step 14899/20000, Batch Size = 64,                         Examples/Sec = 2397.60, Accuracy = 0.70, Loss = 0.966
[2020-11-27 15:49] EPOCH 1 Train Step 14949/20000, Batch Size = 64,                         Examples/Sec = 2465.70, Accuracy = 0.69, Loss = 0.964
[2020-11-27 15:49] EPOCH 1 Train Step 14999/20000, Batch Size = 64,                         Examples/Sec = 2435.43, Accuracy = 0.71, Loss = 0.915
[2020-11-27 15:49] EPOCH 1 Train Step 15049/20000, Batch Size = 64,                         Examples/Sec = 2347.06, Accuracy = 0.70, Loss = 0.960
[2020-11-27 15:49] EPOCH 1 Train Step 15099/20000, Batch Size = 64,                         Examples/Sec = 2282.87, Accuracy = 0.71, Loss = 0.888
[2020-11-27 15:49] EPOCH 1 Train Step 15149/20000, Batch Size = 64,                         Examples/Sec = 2350.51, Accuracy = 0.70, Loss = 0.922
[2020-11-27 15:49] EPOCH 1 Train Step 15199/20000, Batch Size = 64,                         Examples/Sec = 2295.50, Accuracy = 0.69, Loss = 0.943
[2020-11-27 15:49] EPOCH 1 Train Step 15249/20000, Batch Size = 64,                         Examples/Sec = 2296.95, Accuracy = 0.71, Loss = 0.944
[2020-11-27 15:49] EPOCH 1 Train Step 15299/20000, Batch Size = 64,                         Examples/Sec = 2334.34, Accuracy = 0.71, Loss = 0.925
[2020-11-27 15:49] EPOCH 1 Train Step 15349/20000, Batch Size = 64,                         Examples/Sec = 2257.90, Accuracy = 0.70, Loss = 0.945
[2020-11-27 15:49] EPOCH 1 Train Step 15399/20000, Batch Size = 64,                         Examples/Sec = 2460.81, Accuracy = 0.69, Loss = 0.945
[2020-11-27 15:49] EPOCH 1 Train Step 15449/20000, Batch Size = 64,                         Examples/Sec = 2322.43, Accuracy = 0.69, Loss = 0.970
[2020-11-27 15:50] EPOCH 1 Train Step 15499/20000, Batch Size = 64,                         Examples/Sec = 2459.46, Accuracy = 0.70, Loss = 0.939
[2020-11-27 15:50] EPOCH 1 Train Step 15549/20000, Batch Size = 64,                         Examples/Sec = 2255.78, Accuracy = 0.71, Loss = 0.952
[2020-11-27 15:50] EPOCH 1 Train Step 15599/20000, Batch Size = 64,                         Examples/Sec = 2274.39, Accuracy = 0.72, Loss = 0.920
[2020-11-27 15:50] EPOCH 1 Train Step 15649/20000, Batch Size = 64,                         Examples/Sec = 2348.09, Accuracy = 0.69, Loss = 0.955
[2020-11-27 15:50] EPOCH 1 Train Step 15699/20000, Batch Size = 64,                         Examples/Sec = 2315.90, Accuracy = 0.71, Loss = 0.923
[2020-11-27 15:50] EPOCH 1 Train Step 15749/20000, Batch Size = 64,                         Examples/Sec = 2361.87, Accuracy = 0.68, Loss = 0.957
[2020-11-27 15:50] EPOCH 1 Train Step 15799/20000, Batch Size = 64,                         Examples/Sec = 2436.25, Accuracy = 0.69, Loss = 0.966
[2020-11-27 15:50] EPOCH 1 Train Step 15849/20000, Batch Size = 64,                         Examples/Sec = 2503.74, Accuracy = 0.70, Loss = 0.945
[2020-11-27 15:50] EPOCH 1 Train Step 15899/20000, Batch Size = 64,                         Examples/Sec = 2268.13, Accuracy = 0.70, Loss = 0.935
[2020-11-27 15:50] EPOCH 1 Train Step 15949/20000, Batch Size = 64,                         Examples/Sec = 2299.04, Accuracy = 0.69, Loss = 0.917
[2020-11-27 15:50] EPOCH 1 Train Step 15999/20000, Batch Size = 64,                         Examples/Sec = 2324.76, Accuracy = 0.70, Loss = 0.907
[2020-11-27 15:50] EPOCH 1 Train Step 16049/20000, Batch Size = 64,                         Examples/Sec = 2271.95, Accuracy = 0.71, Loss = 0.910
[2020-11-27 15:50] EPOCH 1 Train Step 16099/20000, Batch Size = 64,                         Examples/Sec = 2338.98, Accuracy = 0.69, Loss = 0.945
[2020-11-27 15:50] EPOCH 1 Train Step 16149/20000, Batch Size = 64,                         Examples/Sec = 2260.00, Accuracy = 0.70, Loss = 0.939
[2020-11-27 15:50] EPOCH 1 Train Step 16199/20000, Batch Size = 64,                         Examples/Sec = 2255.29, Accuracy = 0.71, Loss = 0.913
[2020-11-27 15:50] EPOCH 1 Train Step 16249/20000, Batch Size = 64,                         Examples/Sec = 2374.90, Accuracy = 0.70, Loss = 0.917
[2020-11-27 15:50] EPOCH 1 Train Step 16299/20000, Batch Size = 64,                         Examples/Sec = 2368.83, Accuracy = 0.70, Loss = 0.915
[2020-11-27 15:50] EPOCH 1 Train Step 16349/20000, Batch Size = 64,                         Examples/Sec = 2364.01, Accuracy = 0.69, Loss = 0.938
[2020-11-27 15:50] EPOCH 1 Train Step 16399/20000, Batch Size = 64,                         Examples/Sec = 2365.84, Accuracy = 0.69, Loss = 0.981
[2020-11-27 15:50] EPOCH 1 Train Step 16449/20000, Batch Size = 64,                         Examples/Sec = 2258.91, Accuracy = 0.70, Loss = 0.910
[2020-11-27 15:50] EPOCH 1 Train Step 16499/20000, Batch Size = 64,                         Examples/Sec = 2320.46, Accuracy = 0.72, Loss = 0.882
[2020-11-27 15:50] EPOCH 1 Train Step 16549/20000, Batch Size = 64,                         Examples/Sec = 2485.19, Accuracy = 0.70, Loss = 0.922
[2020-11-27 15:50] EPOCH 1 Train Step 16599/20000, Batch Size = 64,                         Examples/Sec = 2292.42, Accuracy = 0.70, Loss = 0.957
[2020-11-27 15:50] EPOCH 1 Train Step 16649/20000, Batch Size = 64,                         Examples/Sec = 2263.29, Accuracy = 0.72, Loss = 0.878
[2020-11-27 15:50] EPOCH 1 Train Step 16699/20000, Batch Size = 64,                         Examples/Sec = 2565.76, Accuracy = 0.69, Loss = 0.964
[2020-11-27 15:50] EPOCH 1 Train Step 16749/20000, Batch Size = 64,                         Examples/Sec = 2203.00, Accuracy = 0.72, Loss = 0.880
[2020-11-27 15:50] EPOCH 1 Train Step 16799/20000, Batch Size = 64,                         Examples/Sec = 2339.94, Accuracy = 0.70, Loss = 0.923
[2020-11-27 15:50] EPOCH 1 Train Step 16849/20000, Batch Size = 64,                         Examples/Sec = 2340.92, Accuracy = 0.70, Loss = 0.938
[2020-11-27 15:50] EPOCH 1 Train Step 16899/20000, Batch Size = 64,                         Examples/Sec = 2383.49, Accuracy = 0.70, Loss = 0.924
[2020-11-27 15:50] EPOCH 1 Train Step 16949/20000, Batch Size = 64,                         Examples/Sec = 2593.10, Accuracy = 0.69, Loss = 0.954
[2020-11-27 15:50] EPOCH 1 Train Step 16999/20000, Batch Size = 64,                         Examples/Sec = 2280.04, Accuracy = 0.70, Loss = 0.984
[2020-11-27 15:50] EPOCH 1 Train Step 17049/20000, Batch Size = 64,                         Examples/Sec = 2421.70, Accuracy = 0.70, Loss = 0.949
[2020-11-27 15:50] EPOCH 1 Train Step 17099/20000, Batch Size = 64,                         Examples/Sec = 2444.88, Accuracy = 0.71, Loss = 0.896
[2020-11-27 15:50] EPOCH 1 Train Step 17149/20000, Batch Size = 64,                         Examples/Sec = 2241.31, Accuracy = 0.70, Loss = 0.930
[2020-11-27 15:50] EPOCH 1 Train Step 17199/20000, Batch Size = 64,                         Examples/Sec = 2327.00, Accuracy = 0.72, Loss = 0.883
[2020-11-27 15:50] EPOCH 2 Train Step 17249/20000, Batch Size = 64,                         Examples/Sec = 2294.59, Accuracy = 0.70, Loss = 0.924
[2020-11-27 15:50] EPOCH 2 Train Step 17299/20000, Batch Size = 64,                         Examples/Sec = 2313.86, Accuracy = 0.71, Loss = 0.910
[2020-11-27 15:50] EPOCH 2 Train Step 17349/20000, Batch Size = 64,                         Examples/Sec = 2306.60, Accuracy = 0.71, Loss = 0.926
[2020-11-27 15:50] EPOCH 2 Train Step 17399/20000, Batch Size = 64,                         Examples/Sec = 2475.91, Accuracy = 0.69, Loss = 0.967
[2020-11-27 15:51] EPOCH 2 Train Step 17449/20000, Batch Size = 64,                         Examples/Sec = 2348.41, Accuracy = 0.70, Loss = 0.927
[2020-11-27 15:51] EPOCH 2 Train Step 17499/20000, Batch Size = 64,                         Examples/Sec = 2326.09, Accuracy = 0.72, Loss = 0.935
[2020-11-27 15:51] EPOCH 2 Train Step 17549/20000, Batch Size = 64,                         Examples/Sec = 2550.84, Accuracy = 0.72, Loss = 0.885
[2020-11-27 15:51] EPOCH 2 Train Step 17599/20000, Batch Size = 64,                         Examples/Sec = 2443.61, Accuracy = 0.70, Loss = 0.893
[2020-11-27 15:51] EPOCH 2 Train Step 17649/20000, Batch Size = 64,                         Examples/Sec = 2268.05, Accuracy = 0.71, Loss = 0.919
[2020-11-27 15:51] EPOCH 2 Train Step 17699/20000, Batch Size = 64,                         Examples/Sec = 2664.64, Accuracy = 0.71, Loss = 0.903
[2020-11-27 15:51] EPOCH 2 Train Step 17749/20000, Batch Size = 64,                         Examples/Sec = 2472.37, Accuracy = 0.72, Loss = 0.916
[2020-11-27 15:51] EPOCH 2 Train Step 17799/20000, Batch Size = 64,                         Examples/Sec = 2420.98, Accuracy = 0.70, Loss = 0.920
[2020-11-27 15:51] EPOCH 2 Train Step 17849/20000, Batch Size = 64,                         Examples/Sec = 2442.52, Accuracy = 0.68, Loss = 0.973
[2020-11-27 15:51] EPOCH 2 Train Step 17899/20000, Batch Size = 64,                         Examples/Sec = 2330.07, Accuracy = 0.72, Loss = 0.903
[2020-11-27 15:51] EPOCH 2 Train Step 17949/20000, Batch Size = 64,                         Examples/Sec = 2372.55, Accuracy = 0.70, Loss = 0.929
[2020-11-27 15:51] EPOCH 2 Train Step 17999/20000, Batch Size = 64,                         Examples/Sec = 2248.17, Accuracy = 0.71, Loss = 0.922
[2020-11-27 15:51] EPOCH 2 Train Step 18049/20000, Batch Size = 64,                         Examples/Sec = 2432.19, Accuracy = 0.72, Loss = 0.877
[2020-11-27 15:51] EPOCH 2 Train Step 18099/20000, Batch Size = 64,                         Examples/Sec = 2352.14, Accuracy = 0.70, Loss = 0.960
[2020-11-27 15:51] EPOCH 2 Train Step 18149/20000, Batch Size = 64,                         Examples/Sec = 2315.28, Accuracy = 0.72, Loss = 0.886
[2020-11-27 15:51] EPOCH 2 Train Step 18199/20000, Batch Size = 64,                         Examples/Sec = 2332.07, Accuracy = 0.70, Loss = 0.935
[2020-11-27 15:51] EPOCH 2 Train Step 18249/20000, Batch Size = 64,                         Examples/Sec = 2305.99, Accuracy = 0.70, Loss = 0.939
[2020-11-27 15:51] EPOCH 2 Train Step 18299/20000, Batch Size = 64,                         Examples/Sec = 2323.51, Accuracy = 0.71, Loss = 0.900
[2020-11-27 15:51] EPOCH 2 Train Step 18349/20000, Batch Size = 64,                         Examples/Sec = 2464.02, Accuracy = 0.69, Loss = 0.952
[2020-11-27 15:51] EPOCH 2 Train Step 18399/20000, Batch Size = 64,                         Examples/Sec = 2325.47, Accuracy = 0.71, Loss = 0.911
[2020-11-27 15:51] EPOCH 2 Train Step 18449/20000, Batch Size = 64,                         Examples/Sec = 2271.62, Accuracy = 0.71, Loss = 0.899
[2020-11-27 15:51] EPOCH 2 Train Step 18499/20000, Batch Size = 64,                         Examples/Sec = 2247.28, Accuracy = 0.70, Loss = 0.941
[2020-11-27 15:51] EPOCH 2 Train Step 18549/20000, Batch Size = 64,                         Examples/Sec = 2352.32, Accuracy = 0.71, Loss = 0.896
[2020-11-27 15:51] EPOCH 2 Train Step 18599/20000, Batch Size = 64,                         Examples/Sec = 2379.24, Accuracy = 0.69, Loss = 0.940
[2020-11-27 15:51] EPOCH 2 Train Step 18649/20000, Batch Size = 64,                         Examples/Sec = 2577.15, Accuracy = 0.71, Loss = 0.901
[2020-11-27 15:51] EPOCH 2 Train Step 18699/20000, Batch Size = 64,                         Examples/Sec = 2314.64, Accuracy = 0.72, Loss = 0.912
[2020-11-27 15:51] EPOCH 2 Train Step 18749/20000, Batch Size = 64,                         Examples/Sec = 2373.79, Accuracy = 0.71, Loss = 0.902
[2020-11-27 15:51] EPOCH 2 Train Step 18799/20000, Batch Size = 64,                         Examples/Sec = 2339.90, Accuracy = 0.73, Loss = 0.873
[2020-11-27 15:51] EPOCH 2 Train Step 18849/20000, Batch Size = 64,                         Examples/Sec = 2290.25, Accuracy = 0.71, Loss = 0.943
[2020-11-27 15:51] EPOCH 2 Train Step 18899/20000, Batch Size = 64,                         Examples/Sec = 2343.04, Accuracy = 0.71, Loss = 0.896
[2020-11-27 15:51] EPOCH 2 Train Step 18949/20000, Batch Size = 64,                         Examples/Sec = 2357.12, Accuracy = 0.70, Loss = 0.926
[2020-11-27 15:51] EPOCH 2 Train Step 18999/20000, Batch Size = 64,                         Examples/Sec = 2458.27, Accuracy = 0.71, Loss = 0.893
[2020-11-27 15:51] EPOCH 2 Train Step 19049/20000, Batch Size = 64,                         Examples/Sec = 2467.44, Accuracy = 0.72, Loss = 0.881
[2020-11-27 15:51] EPOCH 2 Train Step 19099/20000, Batch Size = 64,                         Examples/Sec = 2502.17, Accuracy = 0.73, Loss = 0.837
[2020-11-27 15:51] EPOCH 2 Train Step 19149/20000, Batch Size = 64,                         Examples/Sec = 2451.78, Accuracy = 0.71, Loss = 0.903
[2020-11-27 15:51] EPOCH 2 Train Step 19199/20000, Batch Size = 64,                         Examples/Sec = 2335.81, Accuracy = 0.71, Loss = 0.895
[2020-11-27 15:51] EPOCH 2 Train Step 19249/20000, Batch Size = 64,                         Examples/Sec = 2326.13, Accuracy = 0.71, Loss = 0.903
[2020-11-27 15:51] EPOCH 2 Train Step 19299/20000, Batch Size = 64,                         Examples/Sec = 2314.84, Accuracy = 0.69, Loss = 0.973
[2020-11-27 15:51] EPOCH 2 Train Step 19349/20000, Batch Size = 64,                         Examples/Sec = 2378.50, Accuracy = 0.71, Loss = 0.896
[2020-11-27 15:52] EPOCH 2 Train Step 19399/20000, Batch Size = 64,                         Examples/Sec = 2363.15, Accuracy = 0.72, Loss = 0.876
[2020-11-27 15:52] EPOCH 2 Train Step 19449/20000, Batch Size = 64,                         Examples/Sec = 2365.61, Accuracy = 0.70, Loss = 0.937
[2020-11-27 15:52] EPOCH 2 Train Step 19499/20000, Batch Size = 64,                         Examples/Sec = 2434.55, Accuracy = 0.71, Loss = 0.890
[2020-11-27 15:52] EPOCH 2 Train Step 19549/20000, Batch Size = 64,                         Examples/Sec = 2469.19, Accuracy = 0.71, Loss = 0.896
[2020-11-27 15:52] EPOCH 2 Train Step 19599/20000, Batch Size = 64,                         Examples/Sec = 2405.81, Accuracy = 0.72, Loss = 0.874
[2020-11-27 15:52] EPOCH 2 Train Step 19649/20000, Batch Size = 64,                         Examples/Sec = 2313.38, Accuracy = 0.72, Loss = 0.878
[2020-11-27 15:52] EPOCH 2 Train Step 19699/20000, Batch Size = 64,                         Examples/Sec = 2314.98, Accuracy = 0.70, Loss = 0.904
[2020-11-27 15:52] EPOCH 2 Train Step 19749/20000, Batch Size = 64,                         Examples/Sec = 2334.85, Accuracy = 0.71, Loss = 0.905
[2020-11-27 15:52] EPOCH 2 Train Step 19799/20000, Batch Size = 64,                         Examples/Sec = 2335.40, Accuracy = 0.69, Loss = 0.952
[2020-11-27 15:52] EPOCH 2 Train Step 19849/20000, Batch Size = 64,                         Examples/Sec = 2327.62, Accuracy = 0.71, Loss = 0.894
[2020-11-27 15:52] EPOCH 2 Train Step 19899/20000, Batch Size = 64,                         Examples/Sec = 2477.23, Accuracy = 0.70, Loss = 0.923
[2020-11-27 15:52] EPOCH 2 Train Step 19949/20000, Batch Size = 64,                         Examples/Sec = 2309.60, Accuracy = 0.71, Loss = 0.909
[2020-11-27 15:52] EPOCH 2 Train Step 19999/20000, Batch Size = 64,                         Examples/Sec = 2341.86, Accuracy = 0.71, Loss = 0.932
Done training.
