Namespace(batch_size=64, device='cuda', dropout_keep_prob=1.0, learning_rate=0.002, learning_rate_decay=0.96, learning_rate_step=5000, lstm_num_hidden=128, lstm_num_layers=2, max_epochs=5, max_norm=5.0, print_every=50, sample_every=1000, seq_length=30, summary_path='./summaries/', train_steps=20000, txt_file='./assets/book_EN_grimms_fairy_tails.txt')
Device: cuda
Txt file: ./assets/book_EN_grimms_fairy_tails.txt
Initialize dataset with 550595 characters, 91 unique.
[2020-11-27 14:41] EPOCH 0 Train Step 0049/20000, Batch Size = 64,                         Examples/Sec = 1970.40, Accuracy = 0.30, Loss = 2.626
[2020-11-27 14:41] EPOCH 0 Train Step 0099/20000, Batch Size = 64,                         Examples/Sec = 1856.32, Accuracy = 0.38, Loss = 2.234
[2020-11-27 14:41] EPOCH 0 Train Step 0149/20000, Batch Size = 64,                         Examples/Sec = 2284.85, Accuracy = 0.41, Loss = 2.040
[2020-11-27 14:41] EPOCH 0 Train Step 0199/20000, Batch Size = 64,                         Examples/Sec = 1910.56, Accuracy = 0.46, Loss = 1.877
[2020-11-27 14:41] EPOCH 0 Train Step 0249/20000, Batch Size = 64,                         Examples/Sec = 2304.68, Accuracy = 0.49, Loss = 1.782
[2020-11-27 14:41] EPOCH 0 Train Step 0299/20000, Batch Size = 64,                         Examples/Sec = 2451.94, Accuracy = 0.48, Loss = 1.745
[2020-11-27 14:41] EPOCH 0 Train Step 0349/20000, Batch Size = 64,                         Examples/Sec = 2348.66, Accuracy = 0.49, Loss = 1.763
[2020-11-27 14:41] EPOCH 0 Train Step 0399/20000, Batch Size = 64,                         Examples/Sec = 2327.87, Accuracy = 0.49, Loss = 1.761
[2020-11-27 14:41] EPOCH 0 Train Step 0449/20000, Batch Size = 64,                         Examples/Sec = 2296.15, Accuracy = 0.49, Loss = 1.671
[2020-11-27 14:41] EPOCH 0 Train Step 0499/20000, Batch Size = 64,                         Examples/Sec = 2345.71, Accuracy = 0.52, Loss = 1.619
[2020-11-27 14:41] EPOCH 0 Train Step 0549/20000, Batch Size = 64,                         Examples/Sec = 2355.90, Accuracy = 0.55, Loss = 1.557
[2020-11-27 14:41] EPOCH 0 Train Step 0599/20000, Batch Size = 64,                         Examples/Sec = 2350.53, Accuracy = 0.57, Loss = 1.511
[2020-11-27 14:41] EPOCH 0 Train Step 0649/20000, Batch Size = 64,                         Examples/Sec = 2359.13, Accuracy = 0.53, Loss = 1.589
[2020-11-27 14:41] EPOCH 0 Train Step 0699/20000, Batch Size = 64,                         Examples/Sec = 2465.76, Accuracy = 0.56, Loss = 1.525
[2020-11-27 14:41] EPOCH 0 Train Step 0749/20000, Batch Size = 64,                         Examples/Sec = 2153.91, Accuracy = 0.54, Loss = 1.553
[2020-11-27 14:41] EPOCH 0 Train Step 0799/20000, Batch Size = 64,                         Examples/Sec = 2124.42, Accuracy = 0.54, Loss = 1.513
[2020-11-27 14:41] EPOCH 0 Train Step 0849/20000, Batch Size = 64,                         Examples/Sec = 2349.61, Accuracy = 0.56, Loss = 1.447
[2020-11-27 14:41] EPOCH 0 Train Step 0899/20000, Batch Size = 64,                         Examples/Sec = 1978.20, Accuracy = 0.55, Loss = 1.476
[2020-11-27 14:41] EPOCH 0 Train Step 0949/20000, Batch Size = 64,                         Examples/Sec = 2039.49, Accuracy = 0.58, Loss = 1.436
[2020-11-27 14:41] EPOCH 0 Train Step 0999/20000, Batch Size = 64,                         Examples/Sec = 1959.81, Accuracy = 0.56, Loss = 1.496
Generated sentences at step 0999/20000:
### LENGTH 15 ###
. ‚ÄòWhat was t
Jx, and the str
I will go the s
Ôd the streat t
_ÄòI will go th
### LENGTH 23 ###
Kyou will go the sea
_ÄòI will go the sai
_ÄòI will go the sai
úthe world to the st
øe was to the streat
### LENGTH 30 ###
in the sears, and the streat t
with the sears to the streat t
y the sears to the streat to t
y the sears to the streat to t































### LENGTH 45 ###
 the streat to the streat to the streat to th
-the world to the streat to the streat to the
n the streat to the streat to the streat to t
All the streat to the streat to the streat to
ÄòI will go the said to the streat to the str
### LENGTH 60 ###
ÄòI will go the said to the streat to the streat to the stre
l the sear was to the streat to the streat to the streat to 
QÄô ‚ÄòWhat was the said to the streat to the streat to the 
REN THE THE THE THE THE THE THE THE THE THE THE THE THE THE 
She was to the streat to the streat to the streat to the str
##################################################
[2020-11-27 14:41] EPOCH 0 Train Step 1049/20000, Batch Size = 64,                         Examples/Sec = 2077.83, Accuracy = 0.60, Loss = 1.317
[2020-11-27 14:41] EPOCH 0 Train Step 1099/20000, Batch Size = 64,                         Examples/Sec = 1888.50, Accuracy = 0.56, Loss = 1.447
[2020-11-27 14:41] EPOCH 0 Train Step 1149/20000, Batch Size = 64,                         Examples/Sec = 2075.20, Accuracy = 0.57, Loss = 1.448
[2020-11-27 14:41] EPOCH 0 Train Step 1199/20000, Batch Size = 64,                         Examples/Sec = 2102.64, Accuracy = 0.57, Loss = 1.409
[2020-11-27 14:41] EPOCH 0 Train Step 1249/20000, Batch Size = 64,                         Examples/Sec = 1950.78, Accuracy = 0.57, Loss = 1.392
[2020-11-27 14:41] EPOCH 0 Train Step 1299/20000, Batch Size = 64,                         Examples/Sec = 1867.58, Accuracy = 0.57, Loss = 1.410
[2020-11-27 14:42] EPOCH 0 Train Step 1349/20000, Batch Size = 64,                         Examples/Sec = 2134.62, Accuracy = 0.60, Loss = 1.303
[2020-11-27 14:42] EPOCH 0 Train Step 1399/20000, Batch Size = 64,                         Examples/Sec = 2179.76, Accuracy = 0.56, Loss = 1.421
[2020-11-27 14:42] EPOCH 0 Train Step 1449/20000, Batch Size = 64,                         Examples/Sec = 2211.33, Accuracy = 0.59, Loss = 1.369
[2020-11-27 14:42] EPOCH 0 Train Step 1499/20000, Batch Size = 64,                         Examples/Sec = 2208.87, Accuracy = 0.60, Loss = 1.334
[2020-11-27 14:42] EPOCH 0 Train Step 1549/20000, Batch Size = 64,                         Examples/Sec = 1906.85, Accuracy = 0.59, Loss = 1.375
[2020-11-27 14:42] EPOCH 0 Train Step 1599/20000, Batch Size = 64,                         Examples/Sec = 2117.15, Accuracy = 0.60, Loss = 1.318
[2020-11-27 14:42] EPOCH 0 Train Step 1649/20000, Batch Size = 64,                         Examples/Sec = 2149.20, Accuracy = 0.58, Loss = 1.365
[2020-11-27 14:42] EPOCH 0 Train Step 1699/20000, Batch Size = 64,                         Examples/Sec = 2436.84, Accuracy = 0.58, Loss = 1.336
[2020-11-27 14:42] EPOCH 0 Train Step 1749/20000, Batch Size = 64,                         Examples/Sec = 2378.88, Accuracy = 0.59, Loss = 1.326
[2020-11-27 14:42] EPOCH 0 Train Step 1799/20000, Batch Size = 64,                         Examples/Sec = 1892.84, Accuracy = 0.60, Loss = 1.274
[2020-11-27 14:42] EPOCH 0 Train Step 1849/20000, Batch Size = 64,                         Examples/Sec = 2119.24, Accuracy = 0.61, Loss = 1.288
[2020-11-27 14:42] EPOCH 0 Train Step 1899/20000, Batch Size = 64,                         Examples/Sec = 2115.70, Accuracy = 0.61, Loss = 1.265
[2020-11-27 14:42] EPOCH 0 Train Step 1949/20000, Batch Size = 64,                         Examples/Sec = 2125.85, Accuracy = 0.59, Loss = 1.352
[2020-11-27 14:42] EPOCH 0 Train Step 1999/20000, Batch Size = 64,                         Examples/Sec = 1880.48, Accuracy = 0.62, Loss = 1.228
Generated sentences at step 1999/20000:
### LENGTH 15 ###
úhe wood and sa
X with the worl
ªI will not be 
e word and said
Gretel and said
### LENGTH 23 ###
For the wolf was a g
Äô ‚ÄòI will go and 
e word and said, ‚Äò
I will go and said, 
You will go and said
### LENGTH 30 ###
x the words and said, ‚ÄòI wil
] the wolf was a great dearly 
3 and said to the words and sa
[nd when the wild man went to 
Ve with the world to be good o
### LENGTH 45 ###
: ‚ÄòI will go and said, ‚ÄòI will go and sai
Äô ‚ÄòI will go and said, ‚ÄòI will go and sa
Oh the wild man went to the world to the worl
just the words and said, ‚ÄòI will go and sai
p the world to the world to the world to the 
### LENGTH 60 ###
4 ‚ÄòI will go and said, ‚ÄòI will go and said, ‚ÄòI will go
QOOL THE THE THE THE THE THE THE THE THE THE THE THE THE THE
p the world to the world to the world to the world to the wo
me to the world to the world to the world to the world to th
. ‚ÄòThat was a little man came to the world to be good of t
##################################################
[2020-11-27 14:42] EPOCH 0 Train Step 2049/20000, Batch Size = 64,                         Examples/Sec = 2477.76, Accuracy = 0.60, Loss = 1.294
[2020-11-27 14:42] EPOCH 0 Train Step 2099/20000, Batch Size = 64,                         Examples/Sec = 2405.57, Accuracy = 0.58, Loss = 1.332
[2020-11-27 14:42] EPOCH 0 Train Step 2149/20000, Batch Size = 64,                         Examples/Sec = 2277.27, Accuracy = 0.61, Loss = 1.239
[2020-11-27 14:42] EPOCH 0 Train Step 2199/20000, Batch Size = 64,                         Examples/Sec = 2106.78, Accuracy = 0.59, Loss = 1.317
[2020-11-27 14:42] EPOCH 0 Train Step 2249/20000, Batch Size = 64,                         Examples/Sec = 2081.62, Accuracy = 0.60, Loss = 1.323
[2020-11-27 14:42] EPOCH 0 Train Step 2299/20000, Batch Size = 64,                         Examples/Sec = 1902.93, Accuracy = 0.60, Loss = 1.264
[2020-11-27 14:42] EPOCH 0 Train Step 2349/20000, Batch Size = 64,                         Examples/Sec = 2050.06, Accuracy = 0.60, Loss = 1.302
[2020-11-27 14:42] EPOCH 0 Train Step 2399/20000, Batch Size = 64,                         Examples/Sec = 1958.50, Accuracy = 0.59, Loss = 1.308
[2020-11-27 14:42] EPOCH 0 Train Step 2449/20000, Batch Size = 64,                         Examples/Sec = 1895.30, Accuracy = 0.61, Loss = 1.218
[2020-11-27 14:42] EPOCH 0 Train Step 2499/20000, Batch Size = 64,                         Examples/Sec = 2327.00, Accuracy = 0.61, Loss = 1.254
[2020-11-27 14:42] EPOCH 0 Train Step 2549/20000, Batch Size = 64,                         Examples/Sec = 1990.12, Accuracy = 0.60, Loss = 1.251
[2020-11-27 14:42] EPOCH 0 Train Step 2599/20000, Batch Size = 64,                         Examples/Sec = 2039.18, Accuracy = 0.62, Loss = 1.260
[2020-11-27 14:42] EPOCH 0 Train Step 2649/20000, Batch Size = 64,                         Examples/Sec = 1918.26, Accuracy = 0.63, Loss = 1.211
[2020-11-27 14:42] EPOCH 0 Train Step 2699/20000, Batch Size = 64,                         Examples/Sec = 2092.84, Accuracy = 0.62, Loss = 1.240
[2020-11-27 14:42] EPOCH 0 Train Step 2749/20000, Batch Size = 64,                         Examples/Sec = 1980.24, Accuracy = 0.61, Loss = 1.285
[2020-11-27 14:42] EPOCH 0 Train Step 2799/20000, Batch Size = 64,                         Examples/Sec = 2126.00, Accuracy = 0.61, Loss = 1.241
[2020-11-27 14:42] EPOCH 0 Train Step 2849/20000, Batch Size = 64,                         Examples/Sec = 2129.27, Accuracy = 0.63, Loss = 1.214
[2020-11-27 14:42] EPOCH 0 Train Step 2899/20000, Batch Size = 64,                         Examples/Sec = 1989.87, Accuracy = 0.64, Loss = 1.174
[2020-11-27 14:42] EPOCH 0 Train Step 2949/20000, Batch Size = 64,                         Examples/Sec = 2166.37, Accuracy = 0.62, Loss = 1.222
[2020-11-27 14:42] EPOCH 0 Train Step 2999/20000, Batch Size = 64,                         Examples/Sec = 2127.70, Accuracy = 0.62, Loss = 1.234
Generated sentences at step 2999/20000:
### LENGTH 15 ###
9 Then the boy 
was to be seen 
ªind the world 
ô said the fish
8 The bear was 
### LENGTH 23 ###
D THE START OF THE T
ô said the fisherman
pened the world said
8 The bear was to be
zed the world said: 
### LENGTH 30 ###
#I will be the window and said
Re was to be the world said: ‚
1.  If you will be the window 
7Äô Then the boy was so that t
You will be the window and sai
### LENGTH 45 ###
Little man said, ‚ÄòI will give you to the wi
[I will be the window and said: ‚ÄòI will giv
quite still and said: ‚ÄòI will give you to t
Re was to be the world said: ‚ÄòI will give y
4 ‚ÄòI will give you to the window, and the s
### LENGTH 60 ###
She was to be seen and said: ‚ÄòI will give you to the windo
s the streets were so long to the world said: ‚ÄòI will give
D THE START OF THE TORY OF THE TORY OF THE TORY OF THE TORY 
[I will be the window and said: ‚ÄòI will give you to the wi
8 The bear was to be the world said: ‚ÄòI will give you to t
##################################################
[2020-11-27 14:42] EPOCH 0 Train Step 3049/20000, Batch Size = 64,                         Examples/Sec = 2167.02, Accuracy = 0.63, Loss = 1.199
[2020-11-27 14:43] EPOCH 0 Train Step 3099/20000, Batch Size = 64,                         Examples/Sec = 2205.12, Accuracy = 0.61, Loss = 1.256
[2020-11-27 14:43] EPOCH 0 Train Step 3149/20000, Batch Size = 64,                         Examples/Sec = 2124.37, Accuracy = 0.61, Loss = 1.268
[2020-11-27 14:43] EPOCH 0 Train Step 3199/20000, Batch Size = 64,                         Examples/Sec = 1908.94, Accuracy = 0.61, Loss = 1.214
[2020-11-27 14:43] EPOCH 0 Train Step 3249/20000, Batch Size = 64,                         Examples/Sec = 2138.40, Accuracy = 0.62, Loss = 1.225
[2020-11-27 14:43] EPOCH 0 Train Step 3299/20000, Batch Size = 64,                         Examples/Sec = 2120.23, Accuracy = 0.63, Loss = 1.215
[2020-11-27 14:43] EPOCH 0 Train Step 3349/20000, Batch Size = 64,                         Examples/Sec = 2111.09, Accuracy = 0.62, Loss = 1.182
[2020-11-27 14:43] EPOCH 0 Train Step 3399/20000, Batch Size = 64,                         Examples/Sec = 2140.24, Accuracy = 0.62, Loss = 1.229
[2020-11-27 14:43] EPOCH 0 Train Step 3449/20000, Batch Size = 64,                         Examples/Sec = 2155.73, Accuracy = 0.63, Loss = 1.219
[2020-11-27 14:43] EPOCH 0 Train Step 3499/20000, Batch Size = 64,                         Examples/Sec = 2111.37, Accuracy = 0.61, Loss = 1.274
[2020-11-27 14:43] EPOCH 0 Train Step 3549/20000, Batch Size = 64,                         Examples/Sec = 2132.32, Accuracy = 0.63, Loss = 1.193
[2020-11-27 14:43] EPOCH 0 Train Step 3599/20000, Batch Size = 64,                         Examples/Sec = 2152.41, Accuracy = 0.65, Loss = 1.147
[2020-11-27 14:43] EPOCH 0 Train Step 3649/20000, Batch Size = 64,                         Examples/Sec = 2301.32, Accuracy = 0.63, Loss = 1.198
[2020-11-27 14:43] EPOCH 0 Train Step 3699/20000, Batch Size = 64,                         Examples/Sec = 2083.27, Accuracy = 0.62, Loss = 1.201
[2020-11-27 14:43] EPOCH 0 Train Step 3749/20000, Batch Size = 64,                         Examples/Sec = 2152.51, Accuracy = 0.62, Loss = 1.191
[2020-11-27 14:43] EPOCH 0 Train Step 3799/20000, Batch Size = 64,                         Examples/Sec = 1938.36, Accuracy = 0.62, Loss = 1.227
[2020-11-27 14:43] EPOCH 0 Train Step 3849/20000, Batch Size = 64,                         Examples/Sec = 2122.88, Accuracy = 0.63, Loss = 1.161
[2020-11-27 14:43] EPOCH 0 Train Step 3899/20000, Batch Size = 64,                         Examples/Sec = 2116.85, Accuracy = 0.63, Loss = 1.191
[2020-11-27 14:43] EPOCH 0 Train Step 3949/20000, Batch Size = 64,                         Examples/Sec = 2120.83, Accuracy = 0.63, Loss = 1.173
[2020-11-27 14:43] EPOCH 0 Train Step 3999/20000, Batch Size = 64,                         Examples/Sec = 2110.09, Accuracy = 0.65, Loss = 1.141
Generated sentences at step 3999/20000:
### LENGTH 15 ###
òI am so much t
Project Gutenbe
xt the star-gaz
. ‚ÄòWhat are y
But the sparrow
### LENGTH 23 ###
Chanticleer was all 
r the star-gazer and
R THE TULL GRITE AND
ked the sparrow and 
VER THE THE TURIED A
### LENGTH 30 ###
peasant the star-gazer and sai
My wife was all the sparrow an
But the sparrow was all the sp
ut the sparrow was all the spa
He was all the sparrow and sai
### LENGTH 45 ###
øould not be able to be a little daughter, an
3 ‚ÄòThe bear and said, ‚ÄòI am so much to th
xt the star-gazer and said: ‚ÄòI will see the
Äô said the fisherman, ‚Äòif you will see the
_ the sparrow was all the sparrow and said: ‚
### LENGTH 60 ###
úIt was all the star-gazer and said: ‚ÄòI will see the secon
@p shall be a great feast, and the sparrow was all the sparr
5.  If you must go to the sparrow, and the sparrow was all t
R THE TULL GRITE AND THE BEAN

There was a golden apples wer
r the star-gazer and said: ‚ÄòI will see the second came to 
##################################################
[2020-11-27 14:43] EPOCH 0 Train Step 4049/20000, Batch Size = 64,                         Examples/Sec = 2108.10, Accuracy = 0.62, Loss = 1.228
[2020-11-27 14:43] EPOCH 0 Train Step 4099/20000, Batch Size = 64,                         Examples/Sec = 1909.32, Accuracy = 0.64, Loss = 1.164
[2020-11-27 14:43] EPOCH 0 Train Step 4149/20000, Batch Size = 64,                         Examples/Sec = 2125.30, Accuracy = 0.61, Loss = 1.226
[2020-11-27 14:43] EPOCH 0 Train Step 4199/20000, Batch Size = 64,                         Examples/Sec = 2380.65, Accuracy = 0.63, Loss = 1.157
[2020-11-27 14:43] EPOCH 0 Train Step 4249/20000, Batch Size = 64,                         Examples/Sec = 2400.45, Accuracy = 0.62, Loss = 1.172
[2020-11-27 14:43] EPOCH 0 Train Step 4299/20000, Batch Size = 64,                         Examples/Sec = 2178.91, Accuracy = 0.63, Loss = 1.202
[2020-11-27 14:43] EPOCH 0 Train Step 4349/20000, Batch Size = 64,                         Examples/Sec = 2077.59, Accuracy = 0.61, Loss = 1.197
[2020-11-27 14:43] EPOCH 0 Train Step 4399/20000, Batch Size = 64,                         Examples/Sec = 2098.45, Accuracy = 0.65, Loss = 1.160
[2020-11-27 14:43] EPOCH 0 Train Step 4449/20000, Batch Size = 64,                         Examples/Sec = 2139.15, Accuracy = 0.63, Loss = 1.153
[2020-11-27 14:43] EPOCH 0 Train Step 4499/20000, Batch Size = 64,                         Examples/Sec = 2069.28, Accuracy = 0.65, Loss = 1.116
[2020-11-27 14:43] EPOCH 0 Train Step 4549/20000, Batch Size = 64,                         Examples/Sec = 2482.75, Accuracy = 0.66, Loss = 1.087
[2020-11-27 14:43] EPOCH 0 Train Step 4599/20000, Batch Size = 64,                         Examples/Sec = 2105.62, Accuracy = 0.66, Loss = 1.110
[2020-11-27 14:43] EPOCH 0 Train Step 4649/20000, Batch Size = 64,                         Examples/Sec = 2339.61, Accuracy = 0.63, Loss = 1.145
[2020-11-27 14:43] EPOCH 0 Train Step 4699/20000, Batch Size = 64,                         Examples/Sec = 2374.78, Accuracy = 0.62, Loss = 1.244
[2020-11-27 14:43] EPOCH 0 Train Step 4749/20000, Batch Size = 64,                         Examples/Sec = 2166.39, Accuracy = 0.65, Loss = 1.168
[2020-11-27 14:43] EPOCH 0 Train Step 4799/20000, Batch Size = 64,                         Examples/Sec = 2339.63, Accuracy = 0.63, Loss = 1.174
[2020-11-27 14:44] EPOCH 0 Train Step 4849/20000, Batch Size = 64,                         Examples/Sec = 1875.87, Accuracy = 0.65, Loss = 1.172
[2020-11-27 14:44] EPOCH 0 Train Step 4899/20000, Batch Size = 64,                         Examples/Sec = 2108.62, Accuracy = 0.63, Loss = 1.143
[2020-11-27 14:44] EPOCH 0 Train Step 4949/20000, Batch Size = 64,                         Examples/Sec = 2109.69, Accuracy = 0.65, Loss = 1.116
[2020-11-27 14:44] EPOCH 0 Train Step 4999/20000, Batch Size = 64,                         Examples/Sec = 2116.35, Accuracy = 0.64, Loss = 1.123
Generated sentences at step 4999/20000:
### LENGTH 15 ###
continue that t
7LLEER AND THE 
814.  In the mo
_ the second so
ke the stream, 
### LENGTH 23 ###
ver and said: ‚ÄòI w
xt of the same time 
and said: ‚ÄòI will 
He was a little fath
d the second single 
### LENGTH 30 ###
RED AND THE BEAN

There was on
9 And the second son said, ‚Äò
me to the same time the second
le to her and said: ‚ÄòI will 
6 ‚ÄòThe better to be a single
### LENGTH 45 ###
and said: ‚ÄòI will give you a little father,
4 ‚ÄòI will give you a little father, and the
and said: ‚ÄòI will give you a little father,
: ‚ÄòI will give you a little father, and the
@pen the same time the second son said, ‚ÄòI 
### LENGTH 60 ###
UNTEL

There was once a stone constant that the second son s
You must go to the same time the second son said, ‚ÄòI will 
xt of the same time the second son said: ‚ÄòI will give you 
E THE TWELVE HORDER AND GRETEL

There was once a stone const
f the stream, and the second son said: ‚ÄòI will give you a 
##################################################
[2020-11-27 14:44] EPOCH 0 Train Step 5049/20000, Batch Size = 64,                         Examples/Sec = 2137.40, Accuracy = 0.66, Loss = 1.113
[2020-11-27 14:44] EPOCH 0 Train Step 5099/20000, Batch Size = 64,                         Examples/Sec = 2145.99, Accuracy = 0.64, Loss = 1.139
[2020-11-27 14:44] EPOCH 0 Train Step 5149/20000, Batch Size = 64,                         Examples/Sec = 2108.52, Accuracy = 0.63, Loss = 1.142
[2020-11-27 14:44] EPOCH 0 Train Step 5199/20000, Batch Size = 64,                         Examples/Sec = 2316.42, Accuracy = 0.64, Loss = 1.108
[2020-11-27 14:44] EPOCH 0 Train Step 5249/20000, Batch Size = 64,                         Examples/Sec = 1879.05, Accuracy = 0.64, Loss = 1.144
[2020-11-27 14:44] EPOCH 0 Train Step 5299/20000, Batch Size = 64,                         Examples/Sec = 1888.93, Accuracy = 0.62, Loss = 1.161
[2020-11-27 14:44] EPOCH 0 Train Step 5349/20000, Batch Size = 64,                         Examples/Sec = 1909.35, Accuracy = 0.64, Loss = 1.164
[2020-11-27 14:44] EPOCH 0 Train Step 5399/20000, Batch Size = 64,                         Examples/Sec = 1859.45, Accuracy = 0.65, Loss = 1.134
[2020-11-27 14:44] EPOCH 0 Train Step 5449/20000, Batch Size = 64,                         Examples/Sec = 2330.63, Accuracy = 0.64, Loss = 1.148
[2020-11-27 14:44] EPOCH 0 Train Step 5499/20000, Batch Size = 64,                         Examples/Sec = 2466.17, Accuracy = 0.65, Loss = 1.123
[2020-11-27 14:44] EPOCH 0 Train Step 5549/20000, Batch Size = 64,                         Examples/Sec = 2440.85, Accuracy = 0.66, Loss = 1.145
[2020-11-27 14:44] EPOCH 0 Train Step 5599/20000, Batch Size = 64,                         Examples/Sec = 2334.73, Accuracy = 0.61, Loss = 1.203
[2020-11-27 14:44] EPOCH 0 Train Step 5649/20000, Batch Size = 64,                         Examples/Sec = 2327.78, Accuracy = 0.63, Loss = 1.174
[2020-11-27 14:44] EPOCH 0 Train Step 5699/20000, Batch Size = 64,                         Examples/Sec = 2430.09, Accuracy = 0.64, Loss = 1.090
[2020-11-27 14:44] EPOCH 0 Train Step 5749/20000, Batch Size = 64,                         Examples/Sec = 2333.92, Accuracy = 0.64, Loss = 1.155
[2020-11-27 14:44] EPOCH 0 Train Step 5799/20000, Batch Size = 64,                         Examples/Sec = 2130.19, Accuracy = 0.65, Loss = 1.104
[2020-11-27 14:44] EPOCH 0 Train Step 5849/20000, Batch Size = 64,                         Examples/Sec = 2056.90, Accuracy = 0.65, Loss = 1.099
[2020-11-27 14:44] EPOCH 0 Train Step 5899/20000, Batch Size = 64,                         Examples/Sec = 2107.74, Accuracy = 0.63, Loss = 1.153
[2020-11-27 14:44] EPOCH 0 Train Step 5949/20000, Batch Size = 64,                         Examples/Sec = 2023.99, Accuracy = 0.64, Loss = 1.107
[2020-11-27 14:44] EPOCH 0 Train Step 5999/20000, Batch Size = 64,                         Examples/Sec = 1877.84, Accuracy = 0.63, Loss = 1.142
Generated sentences at step 5999/20000:
### LENGTH 15 ###
le was a great 
ô ‚ÄòWhat did G
5.  Do not to s
Now the second 
zed the second 
### LENGTH 23 ###
y the same time to s
0 will do it, and th
g the second son sai
KING OF THE BEAN

Th
ô ‚ÄòWhat did Gretel
### LENGTH 30 ###
When the second son said, ‚ÄòI
e was all the second chickens 
9 And the second son said, ‚Äò
ke the spindle was a strange c
REE OF DAMAGES AND THE BEAN
  
### LENGTH 45 ###
will be able to see him, and said, ‚ÄòI will 
ù I have not long as you will not be able to 
Good day, Hans. What do you will not be able 
‚ÄòI will give you the sea, and then the seco
-tree and said, ‚ÄòI will give you the sea, a
### LENGTH 60 ###
5.  Do not to see him and said, ‚ÄòI will give you the sea, 
he saw that the second son said, ‚ÄòI will give you the sea,
f the cook was to be able to see him, and said, ‚ÄòI will gi
ve him a little child, and said, ‚ÄòI will give you the sea,
d the second son said, ‚ÄòI will give you the sea, and then 
##################################################
[2020-11-27 14:44] EPOCH 0 Train Step 6049/20000, Batch Size = 64,                         Examples/Sec = 1885.86, Accuracy = 0.63, Loss = 1.178
[2020-11-27 14:44] EPOCH 0 Train Step 6099/20000, Batch Size = 64,                         Examples/Sec = 2406.39, Accuracy = 0.66, Loss = 1.114
[2020-11-27 14:44] EPOCH 0 Train Step 6149/20000, Batch Size = 64,                         Examples/Sec = 2297.68, Accuracy = 0.64, Loss = 1.116
[2020-11-27 14:44] EPOCH 0 Train Step 6199/20000, Batch Size = 64,                         Examples/Sec = 2360.16, Accuracy = 0.66, Loss = 1.076
[2020-11-27 14:44] EPOCH 0 Train Step 6249/20000, Batch Size = 64,                         Examples/Sec = 2372.53, Accuracy = 0.62, Loss = 1.166
[2020-11-27 14:44] EPOCH 0 Train Step 6299/20000, Batch Size = 64,                         Examples/Sec = 2191.27, Accuracy = 0.67, Loss = 1.031
