learning_rate : 0.0001
max_steps : 10000
batch_size : 32
eval_freq : 500
data_dir : ./cifar10/cifar-10-batches-py
Device cuda
[W TensorIterator.cpp:924] Warning: Mixed memory format inputs detected while calling the operator. The operator will output channels_last tensor even if some of the inputs are not in channels_last format. (function operator())
Train epoch: 0 Test epoch: 1
test acc:0.1120, test loss:5.1702, train loss:2.3630
Train epoch: 0 Test epoch: 2
test acc:0.5919, test loss:1.1604, train loss:1.3323
Train epoch: 0 Test epoch: 3
test acc:0.6457, test loss:1.0098, train loss:1.0570
Train epoch: 0 Test epoch: 4
test acc:0.6924, test loss:0.8708, train loss:1.3104
Train epoch: 1 Test epoch: 5
test acc:0.7258, test loss:0.7945, train loss:0.6702
Train epoch: 1 Test epoch: 6
test acc:0.7592, test loss:0.7017, train loss:0.4407
Train epoch: 1 Test epoch: 7
test acc:0.7587, test loss:0.7074, train loss:0.3280
Train epoch: 2 Test epoch: 8
test acc:0.7724, test loss:0.6591, train loss:0.3061
Train epoch: 2 Test epoch: 9
test acc:0.7722, test loss:0.6631, train loss:0.4491
Train epoch: 2 Test epoch: 10
test acc:0.7793, test loss:0.6407, train loss:0.5578
Train epoch: 3 Test epoch: 11
test acc:0.7963, test loss:0.5941, train loss:0.2019
Train epoch: 3 Test epoch: 12
test acc:0.7885, test loss:0.6237, train loss:0.2435
Train epoch: 3 Test epoch: 13
test acc:0.7897, test loss:0.6326, train loss:0.0718
Train epoch: 4 Test epoch: 14
test acc:0.8067, test loss:0.5882, train loss:0.3156
Train epoch: 4 Test epoch: 15
test acc:0.7827, test loss:0.6672, train loss:0.0657
Train epoch: 4 Test epoch: 16
test acc:0.7950, test loss:0.6246, train loss:0.1657
Train epoch: 5 Test epoch: 17
test acc:0.7954, test loss:0.6349, train loss:0.1229
Train epoch: 5 Test epoch: 18
test acc:0.7962, test loss:0.6329, train loss:0.0944
Train epoch: 5 Test epoch: 19
test acc:0.8080, test loss:0.6101, train loss:0.2478
Train epoch: 6 Test epoch: 20
test acc:0.7989, test loss:0.6792, train loss:0.0110
