learning_rate : 0.0001
max_steps : 5000
batch_size : 32
eval_freq : 500
data_dir : ./cifar10/cifar-10-batches-py
Device cuda
Train epoch: 0 Test epoch: 1
test acc:0.1213, test loss:9.9453, train loss:2.4053
Train epoch: 0 Test epoch: 2
test acc:0.5959, test loss:1.1726, train loss:1.2341
Train epoch: 0 Test epoch: 3
test acc:0.6710, test loss:0.9376, train loss:1.0455
Train epoch: 0 Test epoch: 4
test acc:0.7023, test loss:0.8430, train loss:1.2346
Train epoch: 1 Test epoch: 5
test acc:0.7462, test loss:0.7454, train loss:0.6198
Train epoch: 1 Test epoch: 6
test acc:0.7700, test loss:0.6785, train loss:0.4242
Train epoch: 1 Test epoch: 7
test acc:0.7848, test loss:0.6401, train loss:0.3337
Train epoch: 2 Test epoch: 8
test acc:0.8001, test loss:0.5887, train loss:0.2757
Train epoch: 2 Test epoch: 9
test acc:0.7976, test loss:0.6050, train loss:0.3967
Train epoch: 2 Test epoch: 10
test acc:0.7961, test loss:0.5910, train loss:0.3099
