learning_rate : 0.0001
max_steps : 5000
batch_size : 32
eval_freq : 500
data_dir : ./cifar10/cifar-10-batches-py
Device cuda
[W TensorIterator.cpp:924] Warning: Mixed memory format inputs detected while calling the operator. The operator will output channels_last tensor even if some of the inputs are not in channels_last format. (function operator())
Train epoch: 0 Test epoch: 1
test acc:0.1120, test loss:5.1702, train loss:2.3630
Train epoch: 0 Test epoch: 2
test acc:0.5856, test loss:1.1637, train loss:1.3008
Train epoch: 0 Test epoch: 3
test acc:0.6470, test loss:1.0039, train loss:1.0937
Train epoch: 0 Test epoch: 4
test acc:0.6922, test loss:0.8679, train loss:1.3634
Train epoch: 1 Test epoch: 5
test acc:0.7229, test loss:0.8013, train loss:0.7114
Train epoch: 1 Test epoch: 6
test acc:0.7589, test loss:0.7093, train loss:0.4642
Train epoch: 1 Test epoch: 7
test acc:0.7509, test loss:0.7148, train loss:0.3042
Train epoch: 2 Test epoch: 8
test acc:0.7824, test loss:0.6389, train loss:0.2762
Train epoch: 2 Test epoch: 9
test acc:0.7663, test loss:0.6815, train loss:0.4554
Train epoch: 2 Test epoch: 10
test acc:0.7917, test loss:0.6184, train loss:0.4969
