learning_rate : 0.0001
max_steps : 5000
batch_size : 32
eval_freq : 500
data_dir : ./cifar10/cifar-10-batches-py
Device cuda
Train epoch: 0 Test epoch: 1
test acc:0.1213, test loss:9.9453, train loss:2.4053
Train epoch: 0 Test epoch: 2
test acc:0.5875, test loss:1.1833, train loss:1.2606
Train epoch: 0 Test epoch: 3
test acc:0.6776, test loss:0.9338, train loss:1.0939
Train epoch: 0 Test epoch: 4
test acc:0.6983, test loss:0.8403, train loss:1.2519
Train epoch: 1 Test epoch: 5
test acc:0.7400, test loss:0.7484, train loss:0.6899
Train epoch: 1 Test epoch: 6
test acc:0.7725, test loss:0.6685, train loss:0.4531
Train epoch: 1 Test epoch: 7
test acc:0.7884, test loss:0.6276, train loss:0.3248
Train epoch: 2 Test epoch: 8
test acc:0.7938, test loss:0.5972, train loss:0.2742
Train epoch: 2 Test epoch: 9
test acc:0.7973, test loss:0.6000, train loss:0.3223
Train epoch: 2 Test epoch: 10
test acc:0.8003, test loss:0.5859, train loss:0.3766
