learning_rate : 0.0001
max_steps : 5000
batch_size : 32
eval_freq : 500
data_dir : ./cifar10/cifar-10-batches-py
Device cuda
Train epoch: 0 Test epoch: 1
test acc:0.1213, test loss:9.9453, train loss:2.4053
Train epoch: 0 Test epoch: 2
test acc:0.5929, test loss:1.1727, train loss:1.2580
Train epoch: 0 Test epoch: 3
test acc:0.6639, test loss:0.9560, train loss:1.1247
Train epoch: 0 Test epoch: 4
test acc:0.7084, test loss:0.8225, train loss:1.1974
Train epoch: 1 Test epoch: 5
test acc:0.7420, test loss:0.7502, train loss:0.7604
Train epoch: 1 Test epoch: 6
test acc:0.7773, test loss:0.6553, train loss:0.3790
Train epoch: 1 Test epoch: 7
test acc:0.7837, test loss:0.6402, train loss:0.3053
Train epoch: 2 Test epoch: 8
test acc:0.8005, test loss:0.5936, train loss:0.2402
Train epoch: 2 Test epoch: 9
test acc:0.7796, test loss:0.6506, train loss:0.3416
Train epoch: 2 Test epoch: 10
test acc:0.8019, test loss:0.5853, train loss:0.4455
