learning_rate : 0.0001
max_steps : 5000
batch_size : 32
eval_freq : 500
data_dir : ./cifar10/cifar-10-batches-py
Device cuda
Train epoch: 0 Test epoch: 1
test acc:0.1213, test loss:9.9453, train loss:2.4053
Train epoch: 0 Test epoch: 2
test acc:0.5951, test loss:1.1604, train loss:1.2234
Train epoch: 0 Test epoch: 3
test acc:0.6766, test loss:0.9280, train loss:1.0926
Train epoch: 0 Test epoch: 4
test acc:0.7144, test loss:0.8156, train loss:1.2064
Train epoch: 1 Test epoch: 5
test acc:0.7471, test loss:0.7418, train loss:0.6301
Train epoch: 1 Test epoch: 6
test acc:0.7740, test loss:0.6621, train loss:0.3937
Train epoch: 1 Test epoch: 7
test acc:0.7845, test loss:0.6381, train loss:0.3116
Train epoch: 2 Test epoch: 8
test acc:0.7999, test loss:0.5866, train loss:0.2597
Train epoch: 2 Test epoch: 9
test acc:0.7973, test loss:0.6066, train loss:0.2539
Train epoch: 2 Test epoch: 10
test acc:0.7954, test loss:0.5996, train loss:0.4334
