Namespace(batch_size=64, device='cuda', dropout_keep_prob=1.0, learning_rate=0.002, learning_rate_decay=0.96, learning_rate_step=5000, lstm_num_hidden=512, lstm_num_layers=2, max_epochs=5, max_norm=5.0, plot=False, print_every=100, sample_every=1000, seq_length=30, summary_path='./summaries/', train_steps=40000, txt_file='./assets/book_EN_grimms_fairy_tails.txt')
Device: cuda
Txt file: ./assets/book_EN_grimms_fairy_tails.txt
Initialize dataset with 550595 characters, 91 unique.
[2020-11-27 18:36] EPOCH 0 Train Step 0099/40000, Batch Size = 64,                         Examples/Sec = 5687.91, Accuracy = 0.40, Loss = 2.148
[2020-11-27 18:36] EPOCH 0 Train Step 0199/40000, Batch Size = 64,                         Examples/Sec = 6105.38, Accuracy = 0.44, Loss = 1.969
[2020-11-27 18:36] EPOCH 0 Train Step 0299/40000, Batch Size = 64,                         Examples/Sec = 5992.26, Accuracy = 0.47, Loss = 1.783
[2020-11-27 18:36] EPOCH 0 Train Step 0399/40000, Batch Size = 64,                         Examples/Sec = 6238.33, Accuracy = 0.48, Loss = 1.781
[2020-11-27 18:36] EPOCH 0 Train Step 0499/40000, Batch Size = 64,                         Examples/Sec = 5786.00, Accuracy = 0.55, Loss = 1.540
[2020-11-27 18:36] EPOCH 0 Train Step 0599/40000, Batch Size = 64,                         Examples/Sec = 6622.64, Accuracy = 0.53, Loss = 1.559
[2020-11-27 18:36] EPOCH 0 Train Step 0699/40000, Batch Size = 64,                         Examples/Sec = 5889.97, Accuracy = 0.55, Loss = 1.491
[2020-11-27 18:36] EPOCH 0 Train Step 0799/40000, Batch Size = 64,                         Examples/Sec = 6415.61, Accuracy = 0.55, Loss = 1.498
[2020-11-27 18:36] EPOCH 0 Train Step 0899/40000, Batch Size = 64,                         Examples/Sec = 6067.71, Accuracy = 0.55, Loss = 1.510
[2020-11-27 18:36] EPOCH 0 Train Step 0999/40000, Batch Size = 64,                         Examples/Sec = 5891.65, Accuracy = 0.58, Loss = 1.439
[2020-11-27 18:36] EPOCH 0 Train Step 1099/40000, Batch Size = 64,                         Examples/Sec = 6209.18, Accuracy = 0.57, Loss = 1.398
[2020-11-27 18:36] EPOCH 0 Train Step 1199/40000, Batch Size = 64,                         Examples/Sec = 6034.16, Accuracy = 0.59, Loss = 1.405
[2020-11-27 18:36] EPOCH 0 Train Step 1299/40000, Batch Size = 64,                         Examples/Sec = 6111.36, Accuracy = 0.60, Loss = 1.305
[2020-11-27 18:36] EPOCH 0 Train Step 1399/40000, Batch Size = 64,                         Examples/Sec = 5856.56, Accuracy = 0.59, Loss = 1.309
[2020-11-27 18:36] EPOCH 0 Train Step 1499/40000, Batch Size = 64,                         Examples/Sec = 6335.51, Accuracy = 0.60, Loss = 1.354
[2020-11-27 18:36] EPOCH 0 Train Step 1599/40000, Batch Size = 64,                         Examples/Sec = 6200.29, Accuracy = 0.58, Loss = 1.329
[2020-11-27 18:36] EPOCH 0 Train Step 1699/40000, Batch Size = 64,                         Examples/Sec = 5693.46, Accuracy = 0.58, Loss = 1.332
[2020-11-27 18:36] EPOCH 0 Train Step 1799/40000, Batch Size = 64,                         Examples/Sec = 6056.07, Accuracy = 0.61, Loss = 1.287
[2020-11-27 18:36] EPOCH 0 Train Step 1899/40000, Batch Size = 64,                         Examples/Sec = 5048.34, Accuracy = 0.60, Loss = 1.267
[2020-11-27 18:36] EPOCH 0 Train Step 1999/40000, Batch Size = 64,                         Examples/Sec = 5784.12, Accuracy = 0.61, Loss = 1.277
[2020-11-27 18:36] EPOCH 0 Train Step 2099/40000, Batch Size = 64,                         Examples/Sec = 5507.95, Accuracy = 0.61, Loss = 1.261
[2020-11-27 18:36] EPOCH 0 Train Step 2199/40000, Batch Size = 64,                         Examples/Sec = 6060.18, Accuracy = 0.60, Loss = 1.268
[2020-11-27 18:36] EPOCH 0 Train Step 2299/40000, Batch Size = 64,                         Examples/Sec = 6021.03, Accuracy = 0.62, Loss = 1.255
[2020-11-27 18:36] EPOCH 0 Train Step 2399/40000, Batch Size = 64,                         Examples/Sec = 5723.33, Accuracy = 0.60, Loss = 1.264
[2020-11-27 18:36] EPOCH 0 Train Step 2499/40000, Batch Size = 64,                         Examples/Sec = 6183.30, Accuracy = 0.63, Loss = 1.253
[2020-11-27 18:36] EPOCH 0 Train Step 2599/40000, Batch Size = 64,                         Examples/Sec = 6226.32, Accuracy = 0.62, Loss = 1.285
[2020-11-27 18:36] EPOCH 0 Train Step 2699/40000, Batch Size = 64,                         Examples/Sec = 5719.42, Accuracy = 0.62, Loss = 1.200
[2020-11-27 18:36] EPOCH 0 Train Step 2799/40000, Batch Size = 64,                         Examples/Sec = 5617.21, Accuracy = 0.64, Loss = 1.188
[2020-11-27 18:36] EPOCH 0 Train Step 2899/40000, Batch Size = 64,                         Examples/Sec = 5715.53, Accuracy = 0.62, Loss = 1.218
[2020-11-27 18:36] EPOCH 0 Train Step 2999/40000, Batch Size = 64,                         Examples/Sec = 6012.53, Accuracy = 0.63, Loss = 1.209
[2020-11-27 18:37] EPOCH 0 Train Step 3099/40000, Batch Size = 64,                         Examples/Sec = 6366.46, Accuracy = 0.62, Loss = 1.249
[2020-11-27 18:37] EPOCH 0 Train Step 3199/40000, Batch Size = 64,                         Examples/Sec = 5628.29, Accuracy = 0.63, Loss = 1.181
[2020-11-27 18:37] EPOCH 0 Train Step 3299/40000, Batch Size = 64,                         Examples/Sec = 6088.49, Accuracy = 0.62, Loss = 1.213
[2020-11-27 18:37] EPOCH 0 Train Step 3399/40000, Batch Size = 64,                         Examples/Sec = 5605.72, Accuracy = 0.63, Loss = 1.181
[2020-11-27 18:37] EPOCH 0 Train Step 3499/40000, Batch Size = 64,                         Examples/Sec = 6174.48, Accuracy = 0.62, Loss = 1.159
[2020-11-27 18:37] EPOCH 0 Train Step 3599/40000, Batch Size = 64,                         Examples/Sec = 5692.74, Accuracy = 0.63, Loss = 1.171
[2020-11-27 18:37] EPOCH 0 Train Step 3699/40000, Batch Size = 64,                         Examples/Sec = 5943.44, Accuracy = 0.62, Loss = 1.217
[2020-11-27 18:37] EPOCH 0 Train Step 3799/40000, Batch Size = 64,                         Examples/Sec = 6251.41, Accuracy = 0.63, Loss = 1.210
[2020-11-27 18:37] EPOCH 0 Train Step 3899/40000, Batch Size = 64,                         Examples/Sec = 6150.71, Accuracy = 0.63, Loss = 1.201
[2020-11-27 18:37] EPOCH 0 Train Step 3999/40000, Batch Size = 64,                         Examples/Sec = 6037.55, Accuracy = 0.60, Loss = 1.220
[2020-11-27 18:37] EPOCH 0 Train Step 4099/40000, Batch Size = 64,                         Examples/Sec = 6129.64, Accuracy = 0.62, Loss = 1.156
[2020-11-27 18:37] EPOCH 0 Train Step 4199/40000, Batch Size = 64,                         Examples/Sec = 5751.16, Accuracy = 0.62, Loss = 1.187
[2020-11-27 18:37] EPOCH 0 Train Step 4299/40000, Batch Size = 64,                         Examples/Sec = 6131.32, Accuracy = 0.63, Loss = 1.159
[2020-11-27 18:37] EPOCH 0 Train Step 4399/40000, Batch Size = 64,                         Examples/Sec = 5563.20, Accuracy = 0.63, Loss = 1.155
[2020-11-27 18:37] EPOCH 0 Train Step 4499/40000, Batch Size = 64,                         Examples/Sec = 5671.57, Accuracy = 0.64, Loss = 1.137
[2020-11-27 18:37] EPOCH 0 Train Step 4599/40000, Batch Size = 64,                         Examples/Sec = 5879.39, Accuracy = 0.65, Loss = 1.130
[2020-11-27 18:37] EPOCH 0 Train Step 4699/40000, Batch Size = 64,                         Examples/Sec = 5758.93, Accuracy = 0.64, Loss = 1.150
[2020-11-27 18:37] EPOCH 0 Train Step 4799/40000, Batch Size = 64,                         Examples/Sec = 6326.10, Accuracy = 0.65, Loss = 1.131
[2020-11-27 18:37] EPOCH 0 Train Step 4899/40000, Batch Size = 64,                         Examples/Sec = 6008.22, Accuracy = 0.63, Loss = 1.126
[2020-11-27 18:37] EPOCH 0 Train Step 4999/40000, Batch Size = 64,                         Examples/Sec = 5605.84, Accuracy = 0.65, Loss = 1.148
[2020-11-27 18:37] EPOCH 0 Train Step 5099/40000, Batch Size = 64,                         Examples/Sec = 6394.82, Accuracy = 0.64, Loss = 1.170
[2020-11-27 18:37] EPOCH 0 Train Step 5199/40000, Batch Size = 64,                         Examples/Sec = 5547.10, Accuracy = 0.63, Loss = 1.150
[2020-11-27 18:37] EPOCH 0 Train Step 5299/40000, Batch Size = 64,                         Examples/Sec = 5564.93, Accuracy = 0.67, Loss = 1.067
[2020-11-27 18:37] EPOCH 0 Train Step 5399/40000, Batch Size = 64,                         Examples/Sec = 6550.56, Accuracy = 0.65, Loss = 1.130
[2020-11-27 18:37] EPOCH 0 Train Step 5499/40000, Batch Size = 64,                         Examples/Sec = 6284.19, Accuracy = 0.67, Loss = 1.061
[2020-11-27 18:37] EPOCH 0 Train Step 5599/40000, Batch Size = 64,                         Examples/Sec = 6167.10, Accuracy = 0.64, Loss = 1.148
[2020-11-27 18:37] EPOCH 0 Train Step 5699/40000, Batch Size = 64,                         Examples/Sec = 5620.86, Accuracy = 0.64, Loss = 1.164
[2020-11-27 18:37] EPOCH 0 Train Step 5799/40000, Batch Size = 64,                         Examples/Sec = 6065.24, Accuracy = 0.65, Loss = 1.112
[2020-11-27 18:37] EPOCH 0 Train Step 5899/40000, Batch Size = 64,                         Examples/Sec = 5850.05, Accuracy = 0.66, Loss = 1.101
[2020-11-27 18:37] EPOCH 0 Train Step 5999/40000, Batch Size = 64,                         Examples/Sec = 5481.41, Accuracy = 0.66, Loss = 1.086
[2020-11-27 18:37] EPOCH 0 Train Step 6099/40000, Batch Size = 64,                         Examples/Sec = 5635.02, Accuracy = 0.66, Loss = 1.086
[2020-11-27 18:37] EPOCH 0 Train Step 6199/40000, Batch Size = 64,                         Examples/Sec = 6141.00, Accuracy = 0.62, Loss = 1.142
[2020-11-27 18:37] EPOCH 0 Train Step 6299/40000, Batch Size = 64,                         Examples/Sec = 5857.46, Accuracy = 0.65, Loss = 1.096
[2020-11-27 18:37] EPOCH 0 Train Step 6399/40000, Batch Size = 64,                         Examples/Sec = 5762.52, Accuracy = 0.66, Loss = 1.076
[2020-11-27 18:37] EPOCH 0 Train Step 6499/40000, Batch Size = 64,                         Examples/Sec = 5625.22, Accuracy = 0.66, Loss = 1.062
[2020-11-27 18:37] EPOCH 0 Train Step 6599/40000, Batch Size = 64,                         Examples/Sec = 5832.51, Accuracy = 0.66, Loss = 1.090
[2020-11-27 18:37] EPOCH 0 Train Step 6699/40000, Batch Size = 64,                         Examples/Sec = 5216.29, Accuracy = 0.66, Loss = 1.073
[2020-11-27 18:37] EPOCH 0 Train Step 6799/40000, Batch Size = 64,                         Examples/Sec = 6017.92, Accuracy = 0.66, Loss = 1.098
[2020-11-27 18:37] EPOCH 0 Train Step 6899/40000, Batch Size = 64,                         Examples/Sec = 5668.10, Accuracy = 0.66, Loss = 1.094
[2020-11-27 18:37] EPOCH 0 Train Step 6999/40000, Batch Size = 64,                         Examples/Sec = 6197.00, Accuracy = 0.66, Loss = 1.079
[2020-11-27 18:37] EPOCH 0 Train Step 7099/40000, Batch Size = 64,                         Examples/Sec = 5449.58, Accuracy = 0.65, Loss = 1.066
[2020-11-27 18:38] EPOCH 0 Train Step 7199/40000, Batch Size = 64,                         Examples/Sec = 6062.64, Accuracy = 0.66, Loss = 1.084
[2020-11-27 18:38] EPOCH 0 Train Step 7299/40000, Batch Size = 64,                         Examples/Sec = 5764.62, Accuracy = 0.66, Loss = 1.075
[2020-11-27 18:38] EPOCH 0 Train Step 7399/40000, Batch Size = 64,                         Examples/Sec = 6159.74, Accuracy = 0.66, Loss = 1.057
[2020-11-27 18:38] EPOCH 0 Train Step 7499/40000, Batch Size = 64,                         Examples/Sec = 5414.19, Accuracy = 0.66, Loss = 1.079
[2020-11-27 18:38] EPOCH 0 Train Step 7599/40000, Batch Size = 64,                         Examples/Sec = 6933.09, Accuracy = 0.67, Loss = 1.048
[2020-11-27 18:38] EPOCH 0 Train Step 7699/40000, Batch Size = 64,                         Examples/Sec = 6209.04, Accuracy = 0.66, Loss = 1.072
[2020-11-27 18:38] EPOCH 0 Train Step 7799/40000, Batch Size = 64,                         Examples/Sec = 5828.08, Accuracy = 0.67, Loss = 1.049
[2020-11-27 18:38] EPOCH 0 Train Step 7899/40000, Batch Size = 64,                         Examples/Sec = 6498.23, Accuracy = 0.66, Loss = 1.068
[2020-11-27 18:38] EPOCH 0 Train Step 7999/40000, Batch Size = 64,                         Examples/Sec = 5828.84, Accuracy = 0.63, Loss = 1.135
[2020-11-27 18:38] EPOCH 0 Train Step 8099/40000, Batch Size = 64,                         Examples/Sec = 6142.69, Accuracy = 0.68, Loss = 1.017
[2020-11-27 18:38] EPOCH 0 Train Step 8199/40000, Batch Size = 64,                         Examples/Sec = 5566.66, Accuracy = 0.65, Loss = 1.096
[2020-11-27 18:38] EPOCH 0 Train Step 8299/40000, Batch Size = 64,                         Examples/Sec = 6115.96, Accuracy = 0.66, Loss = 1.074
[2020-11-27 18:38] EPOCH 0 Train Step 8399/40000, Batch Size = 64,                         Examples/Sec = 5650.80, Accuracy = 0.67, Loss = 1.024
[2020-11-27 18:38] EPOCH 0 Train Step 8499/40000, Batch Size = 64,                         Examples/Sec = 5422.94, Accuracy = 0.67, Loss = 1.056
[2020-11-27 18:38] EPOCH 0 Train Step 8599/40000, Batch Size = 64,                         Examples/Sec = 5790.61, Accuracy = 0.65, Loss = 1.074
[2020-11-27 18:38] EPOCH 1 Train Step 8699/40000, Batch Size = 64,                         Examples/Sec = 6237.75, Accuracy = 0.66, Loss = 1.031
[2020-11-27 18:38] EPOCH 1 Train Step 8799/40000, Batch Size = 64,                         Examples/Sec = 6149.30, Accuracy = 0.67, Loss = 1.050
[2020-11-27 18:38] EPOCH 1 Train Step 8899/40000, Batch Size = 64,                         Examples/Sec = 5957.82, Accuracy = 0.68, Loss = 1.021
[2020-11-27 18:38] EPOCH 1 Train Step 8999/40000, Batch Size = 64,                         Examples/Sec = 5778.77, Accuracy = 0.66, Loss = 1.014
[2020-11-27 18:38] EPOCH 1 Train Step 9099/40000, Batch Size = 64,                         Examples/Sec = 6110.39, Accuracy = 0.67, Loss = 1.056
[2020-11-27 18:38] EPOCH 1 Train Step 9199/40000, Batch Size = 64,                         Examples/Sec = 6312.86, Accuracy = 0.67, Loss = 1.070
[2020-11-27 18:38] EPOCH 1 Train Step 9299/40000, Batch Size = 64,                         Examples/Sec = 5790.99, Accuracy = 0.67, Loss = 1.028
[2020-11-27 18:38] EPOCH 1 Train Step 9399/40000, Batch Size = 64,                         Examples/Sec = 5979.85, Accuracy = 0.67, Loss = 1.050
[2020-11-27 18:38] EPOCH 1 Train Step 9499/40000, Batch Size = 64,                         Examples/Sec = 6050.07, Accuracy = 0.67, Loss = 1.019
[2020-11-27 18:38] EPOCH 1 Train Step 9599/40000, Batch Size = 64,                         Examples/Sec = 6093.74, Accuracy = 0.68, Loss = 0.998
[2020-11-27 18:38] EPOCH 1 Train Step 9699/40000, Batch Size = 64,                         Examples/Sec = 5847.50, Accuracy = 0.67, Loss = 1.029
[2020-11-27 18:38] EPOCH 1 Train Step 9799/40000, Batch Size = 64,                         Examples/Sec = 5574.98, Accuracy = 0.68, Loss = 1.021
[2020-11-27 18:38] EPOCH 1 Train Step 9899/40000, Batch Size = 64,                         Examples/Sec = 5581.59, Accuracy = 0.66, Loss = 1.075
[2020-11-27 18:38] EPOCH 1 Train Step 9999/40000, Batch Size = 64,                         Examples/Sec = 5808.53, Accuracy = 0.67, Loss = 1.020
[2020-11-27 18:38] EPOCH 1 Train Step 10099/40000, Batch Size = 64,                         Examples/Sec = 6198.57, Accuracy = 0.68, Loss = 1.019
[2020-11-27 18:38] EPOCH 1 Train Step 10199/40000, Batch Size = 64,                         Examples/Sec = 5755.85, Accuracy = 0.67, Loss = 1.070
[2020-11-27 18:38] EPOCH 1 Train Step 10299/40000, Batch Size = 64,                         Examples/Sec = 5793.61, Accuracy = 0.68, Loss = 0.991
[2020-11-27 18:38] EPOCH 1 Train Step 10399/40000, Batch Size = 64,                         Examples/Sec = 5700.36, Accuracy = 0.68, Loss = 1.001
[2020-11-27 18:38] EPOCH 1 Train Step 10499/40000, Batch Size = 64,                         Examples/Sec = 5810.29, Accuracy = 0.66, Loss = 1.035
[2020-11-27 18:38] EPOCH 1 Train Step 10599/40000, Batch Size = 64,                         Examples/Sec = 5761.41, Accuracy = 0.68, Loss = 1.019
[2020-11-27 18:38] EPOCH 1 Train Step 10699/40000, Batch Size = 64,                         Examples/Sec = 6047.89, Accuracy = 0.70, Loss = 0.953
[2020-11-27 18:38] EPOCH 1 Train Step 10799/40000, Batch Size = 64,                         Examples/Sec = 6171.92, Accuracy = 0.67, Loss = 1.009
[2020-11-27 18:38] EPOCH 1 Train Step 10899/40000, Batch Size = 64,                         Examples/Sec = 5767.10, Accuracy = 0.69, Loss = 0.991
[2020-11-27 18:38] EPOCH 1 Train Step 10999/40000, Batch Size = 64,                         Examples/Sec = 5757.70, Accuracy = 0.67, Loss = 1.032
[2020-11-27 18:38] EPOCH 1 Train Step 11099/40000, Batch Size = 64,                         Examples/Sec = 5843.30, Accuracy = 0.69, Loss = 0.955
[2020-11-27 18:38] EPOCH 1 Train Step 11199/40000, Batch Size = 64,                         Examples/Sec = 5447.04, Accuracy = 0.69, Loss = 0.999
[2020-11-27 18:38] EPOCH 1 Train Step 11299/40000, Batch Size = 64,                         Examples/Sec = 6025.89, Accuracy = 0.69, Loss = 0.988
[2020-11-27 18:39] EPOCH 1 Train Step 11399/40000, Batch Size = 64,                         Examples/Sec = 6144.66, Accuracy = 0.68, Loss = 0.994
[2020-11-27 18:39] EPOCH 1 Train Step 11499/40000, Batch Size = 64,                         Examples/Sec = 5704.23, Accuracy = 0.69, Loss = 0.995
[2020-11-27 18:39] EPOCH 1 Train Step 11599/40000, Batch Size = 64,                         Examples/Sec = 5770.32, Accuracy = 0.68, Loss = 1.005
[2020-11-27 18:39] EPOCH 1 Train Step 11699/40000, Batch Size = 64,                         Examples/Sec = 5505.80, Accuracy = 0.68, Loss = 1.017
[2020-11-27 18:39] EPOCH 1 Train Step 11799/40000, Batch Size = 64,                         Examples/Sec = 5807.27, Accuracy = 0.68, Loss = 0.999
[2020-11-27 18:39] EPOCH 1 Train Step 11899/40000, Batch Size = 64,                         Examples/Sec = 6136.65, Accuracy = 0.68, Loss = 1.032
[2020-11-27 18:39] EPOCH 1 Train Step 11999/40000, Batch Size = 64,                         Examples/Sec = 5708.36, Accuracy = 0.69, Loss = 0.943
[2020-11-27 18:39] EPOCH 1 Train Step 12099/40000, Batch Size = 64,                         Examples/Sec = 5711.64, Accuracy = 0.68, Loss = 1.010
[2020-11-27 18:39] EPOCH 1 Train Step 12199/40000, Batch Size = 64,                         Examples/Sec = 5761.04, Accuracy = 0.66, Loss = 1.038
[2020-11-27 18:39] EPOCH 1 Train Step 12299/40000, Batch Size = 64,                         Examples/Sec = 5637.86, Accuracy = 0.70, Loss = 0.965
[2020-11-27 18:39] EPOCH 1 Train Step 12399/40000, Batch Size = 64,                         Examples/Sec = 6129.92, Accuracy = 0.68, Loss = 1.017
[2020-11-27 18:39] EPOCH 1 Train Step 12499/40000, Batch Size = 64,                         Examples/Sec = 5265.09, Accuracy = 0.69, Loss = 0.982
[2020-11-27 18:39] EPOCH 1 Train Step 12599/40000, Batch Size = 64,                         Examples/Sec = 5345.83, Accuracy = 0.69, Loss = 0.987
[2020-11-27 18:39] EPOCH 1 Train Step 12699/40000, Batch Size = 64,                         Examples/Sec = 4580.34, Accuracy = 0.70, Loss = 0.983
[2020-11-27 18:39] EPOCH 1 Train Step 12799/40000, Batch Size = 64,                         Examples/Sec = 5279.59, Accuracy = 0.68, Loss = 0.972
[2020-11-27 18:39] EPOCH 1 Train Step 12899/40000, Batch Size = 64,                         Examples/Sec = 5674.45, Accuracy = 0.66, Loss = 1.038
[2020-11-27 18:39] EPOCH 1 Train Step 12999/40000, Batch Size = 64,                         Examples/Sec = 5052.71, Accuracy = 0.69, Loss = 0.938
[2020-11-27 18:39] EPOCH 1 Train Step 13099/40000, Batch Size = 64,                         Examples/Sec = 6104.41, Accuracy = 0.67, Loss = 0.988
[2020-11-27 18:39] EPOCH 1 Train Step 13199/40000, Batch Size = 64,                         Examples/Sec = 5932.67, Accuracy = 0.69, Loss = 0.988
[2020-11-27 18:39] EPOCH 1 Train Step 13299/40000, Batch Size = 64,                         Examples/Sec = 4750.57, Accuracy = 0.69, Loss = 0.942
[2020-11-27 18:39] EPOCH 1 Train Step 13399/40000, Batch Size = 64,                         Examples/Sec = 5974.79, Accuracy = 0.68, Loss = 1.000
[2020-11-27 18:39] EPOCH 1 Train Step 13499/40000, Batch Size = 64,                         Examples/Sec = 6128.80, Accuracy = 0.67, Loss = 1.054
[2020-11-27 18:39] EPOCH 1 Train Step 13599/40000, Batch Size = 64,                         Examples/Sec = 6050.48, Accuracy = 0.67, Loss = 1.023
[2020-11-27 18:39] EPOCH 1 Train Step 13699/40000, Batch Size = 64,                         Examples/Sec = 5987.05, Accuracy = 0.69, Loss = 0.974
[2020-11-27 18:39] EPOCH 1 Train Step 13799/40000, Batch Size = 64,                         Examples/Sec = 6163.99, Accuracy = 0.69, Loss = 0.971
[2020-11-27 18:39] EPOCH 1 Train Step 13899/40000, Batch Size = 64,                         Examples/Sec = 5748.57, Accuracy = 0.68, Loss = 0.968
[2020-11-27 18:39] EPOCH 1 Train Step 13999/40000, Batch Size = 64,                         Examples/Sec = 6112.20, Accuracy = 0.69, Loss = 0.975
[2020-11-27 18:39] EPOCH 1 Train Step 14099/40000, Batch Size = 64,                         Examples/Sec = 6280.81, Accuracy = 0.70, Loss = 0.927
[2020-11-27 18:39] EPOCH 1 Train Step 14199/40000, Batch Size = 64,                         Examples/Sec = 5886.61, Accuracy = 0.70, Loss = 0.933
[2020-11-27 18:39] EPOCH 1 Train Step 14299/40000, Batch Size = 64,                         Examples/Sec = 6141.00, Accuracy = 0.71, Loss = 0.940
[2020-11-27 18:39] EPOCH 1 Train Step 14399/40000, Batch Size = 64,                         Examples/Sec = 5808.28, Accuracy = 0.69, Loss = 0.947
[2020-11-27 18:39] EPOCH 1 Train Step 14499/40000, Batch Size = 64,                         Examples/Sec = 5489.14, Accuracy = 0.69, Loss = 0.989
[2020-11-27 18:39] EPOCH 1 Train Step 14599/40000, Batch Size = 64,                         Examples/Sec = 5608.65, Accuracy = 0.67, Loss = 0.989
[2020-11-27 18:39] EPOCH 1 Train Step 14699/40000, Batch Size = 64,                         Examples/Sec = 5569.78, Accuracy = 0.68, Loss = 1.015
[2020-11-27 18:39] EPOCH 1 Train Step 14799/40000, Batch Size = 64,                         Examples/Sec = 5707.63, Accuracy = 0.72, Loss = 0.910
[2020-11-27 18:39] EPOCH 1 Train Step 14899/40000, Batch Size = 64,                         Examples/Sec = 5574.75, Accuracy = 0.68, Loss = 0.969
[2020-11-27 18:39] EPOCH 1 Train Step 14999/40000, Batch Size = 64,                         Examples/Sec = 5530.99, Accuracy = 0.70, Loss = 0.948
[2020-11-27 18:39] EPOCH 1 Train Step 15099/40000, Batch Size = 64,                         Examples/Sec = 5882.49, Accuracy = 0.69, Loss = 0.976
[2020-11-27 18:39] EPOCH 1 Train Step 15199/40000, Batch Size = 64,                         Examples/Sec = 6556.48, Accuracy = 0.71, Loss = 0.930
[2020-11-27 18:39] EPOCH 1 Train Step 15299/40000, Batch Size = 64,                         Examples/Sec = 5878.49, Accuracy = 0.68, Loss = 1.024
[2020-11-27 18:39] EPOCH 1 Train Step 15399/40000, Batch Size = 64,                         Examples/Sec = 5871.03, Accuracy = 0.70, Loss = 0.951
[2020-11-27 18:39] EPOCH 1 Train Step 15499/40000, Batch Size = 64,                         Examples/Sec = 6109.55, Accuracy = 0.71, Loss = 0.921
[2020-11-27 18:40] EPOCH 1 Train Step 15599/40000, Batch Size = 64,                         Examples/Sec = 5759.43, Accuracy = 0.70, Loss = 0.908
[2020-11-27 18:40] EPOCH 1 Train Step 15699/40000, Batch Size = 64,                         Examples/Sec = 6262.05, Accuracy = 0.69, Loss = 0.973
[2020-11-27 18:40] EPOCH 1 Train Step 15799/40000, Batch Size = 64,                         Examples/Sec = 6693.48, Accuracy = 0.70, Loss = 0.936
[2020-11-27 18:40] EPOCH 1 Train Step 15899/40000, Batch Size = 64,                         Examples/Sec = 6679.83, Accuracy = 0.71, Loss = 0.941
[2020-11-27 18:40] EPOCH 1 Train Step 15999/40000, Batch Size = 64,                         Examples/Sec = 6171.50, Accuracy = 0.70, Loss = 0.942
[2020-11-27 18:40] EPOCH 1 Train Step 16099/40000, Batch Size = 64,                         Examples/Sec = 5888.29, Accuracy = 0.70, Loss = 0.916
[2020-11-27 18:40] EPOCH 1 Train Step 16199/40000, Batch Size = 64,                         Examples/Sec = 7921.02, Accuracy = 0.71, Loss = 0.917
[2020-11-27 18:40] EPOCH 1 Train Step 16299/40000, Batch Size = 64,                         Examples/Sec = 6214.65, Accuracy = 0.71, Loss = 0.935
[2020-11-27 18:40] EPOCH 1 Train Step 16399/40000, Batch Size = 64,                         Examples/Sec = 5927.17, Accuracy = 0.68, Loss = 0.983
[2020-11-27 18:40] EPOCH 1 Train Step 16499/40000, Batch Size = 64,                         Examples/Sec = 6173.63, Accuracy = 0.70, Loss = 0.938
[2020-11-27 18:40] EPOCH 1 Train Step 16599/40000, Batch Size = 64,                         Examples/Sec = 5694.43, Accuracy = 0.71, Loss = 0.901
[2020-11-27 18:40] EPOCH 1 Train Step 16699/40000, Batch Size = 64,                         Examples/Sec = 5754.61, Accuracy = 0.70, Loss = 0.940
[2020-11-27 18:40] EPOCH 1 Train Step 16799/40000, Batch Size = 64,                         Examples/Sec = 6063.32, Accuracy = 0.69, Loss = 0.949
[2020-11-27 18:40] EPOCH 1 Train Step 16899/40000, Batch Size = 64,                         Examples/Sec = 5540.69, Accuracy = 0.71, Loss = 0.921
[2020-11-27 18:40] EPOCH 1 Train Step 16999/40000, Batch Size = 64,                         Examples/Sec = 5628.29, Accuracy = 0.70, Loss = 0.947
[2020-11-27 18:40] EPOCH 1 Train Step 17099/40000, Batch Size = 64,                         Examples/Sec = 6111.36, Accuracy = 0.69, Loss = 0.979
[2020-11-27 18:40] EPOCH 1 Train Step 17199/40000, Batch Size = 64,                         Examples/Sec = 5470.57, Accuracy = 0.69, Loss = 0.927
[2020-11-27 18:40] EPOCH 2 Train Step 17299/40000, Batch Size = 64,                         Examples/Sec = 5290.52, Accuracy = 0.69, Loss = 0.965
[2020-11-27 18:40] EPOCH 2 Train Step 17399/40000, Batch Size = 64,                         Examples/Sec = 5692.62, Accuracy = 0.70, Loss = 0.905
[2020-11-27 18:40] EPOCH 2 Train Step 17499/40000, Batch Size = 64,                         Examples/Sec = 5978.25, Accuracy = 0.69, Loss = 0.993
[2020-11-27 18:40] EPOCH 2 Train Step 17599/40000, Batch Size = 64,                         Examples/Sec = 5769.21, Accuracy = 0.68, Loss = 0.973
[2020-11-27 18:40] EPOCH 2 Train Step 17699/40000, Batch Size = 64,                         Examples/Sec = 5617.68, Accuracy = 0.70, Loss = 0.917
[2020-11-27 18:40] EPOCH 2 Train Step 17799/40000, Batch Size = 64,                         Examples/Sec = 5594.62, Accuracy = 0.70, Loss = 0.947
[2020-11-27 18:40] EPOCH 2 Train Step 17899/40000, Batch Size = 64,                         Examples/Sec = 5427.43, Accuracy = 0.70, Loss = 0.919
[2020-11-27 18:40] EPOCH 2 Train Step 17999/40000, Batch Size = 64,                         Examples/Sec = 6114.15, Accuracy = 0.70, Loss = 0.927
[2020-11-27 18:40] EPOCH 2 Train Step 18099/40000, Batch Size = 64,                         Examples/Sec = 6023.59, Accuracy = 0.71, Loss = 0.894
[2020-11-27 18:40] EPOCH 2 Train Step 18199/40000, Batch Size = 64,                         Examples/Sec = 5752.27, Accuracy = 0.71, Loss = 0.902
[2020-11-27 18:40] EPOCH 2 Train Step 18299/40000, Batch Size = 64,                         Examples/Sec = 6382.81, Accuracy = 0.69, Loss = 0.939
[2020-11-27 18:40] EPOCH 2 Train Step 18399/40000, Batch Size = 64,                         Examples/Sec = 5924.68, Accuracy = 0.70, Loss = 0.950
[2020-11-27 18:40] EPOCH 2 Train Step 18499/40000, Batch Size = 64,                         Examples/Sec = 5255.92, Accuracy = 0.72, Loss = 0.921
[2020-11-27 18:40] EPOCH 2 Train Step 18599/40000, Batch Size = 64,                         Examples/Sec = 5781.26, Accuracy = 0.71, Loss = 0.902
[2020-11-27 18:40] EPOCH 2 Train Step 18699/40000, Batch Size = 64,                         Examples/Sec = 6127.26, Accuracy = 0.71, Loss = 0.917
[2020-11-27 18:40] EPOCH 2 Train Step 18799/40000, Batch Size = 64,                         Examples/Sec = 5783.25, Accuracy = 0.70, Loss = 0.902
[2020-11-27 18:40] EPOCH 2 Train Step 18899/40000, Batch Size = 64,                         Examples/Sec = 5702.05, Accuracy = 0.70, Loss = 0.925
[2020-11-27 18:40] EPOCH 2 Train Step 18999/40000, Batch Size = 64,                         Examples/Sec = 5839.23, Accuracy = 0.70, Loss = 0.915
[2020-11-27 18:40] EPOCH 2 Train Step 19099/40000, Batch Size = 64,                         Examples/Sec = 5749.93, Accuracy = 0.72, Loss = 0.856
[2020-11-27 18:40] EPOCH 2 Train Step 19199/40000, Batch Size = 64,                         Examples/Sec = 6266.29, Accuracy = 0.71, Loss = 0.898
[2020-11-27 18:40] EPOCH 2 Train Step 19299/40000, Batch Size = 64,                         Examples/Sec = 6005.80, Accuracy = 0.72, Loss = 0.880
[2020-11-27 18:40] EPOCH 2 Train Step 19399/40000, Batch Size = 64,                         Examples/Sec = 6267.32, Accuracy = 0.70, Loss = 0.941
[2020-11-27 18:40] EPOCH 2 Train Step 19499/40000, Batch Size = 64,                         Examples/Sec = 6255.49, Accuracy = 0.70, Loss = 0.913
[2020-11-27 18:40] EPOCH 2 Train Step 19599/40000, Batch Size = 64,                         Examples/Sec = 5639.16, Accuracy = 0.71, Loss = 0.904
[2020-11-27 18:40] EPOCH 2 Train Step 19699/40000, Batch Size = 64,                         Examples/Sec = 5756.71, Accuracy = 0.70, Loss = 0.933
[2020-11-27 18:41] EPOCH 2 Train Step 19799/40000, Batch Size = 64,                         Examples/Sec = 6157.34, Accuracy = 0.71, Loss = 0.904
[2020-11-27 18:41] EPOCH 2 Train Step 19899/40000, Batch Size = 64,                         Examples/Sec = 5593.45, Accuracy = 0.70, Loss = 0.917
[2020-11-27 18:41] EPOCH 2 Train Step 19999/40000, Batch Size = 64,                         Examples/Sec = 5629.94, Accuracy = 0.70, Loss = 0.909
[2020-11-27 18:41] EPOCH 2 Train Step 20099/40000, Batch Size = 64,                         Examples/Sec = 5801.88, Accuracy = 0.70, Loss = 0.930
[2020-11-27 18:41] EPOCH 2 Train Step 20199/40000, Batch Size = 64,                         Examples/Sec = 5701.20, Accuracy = 0.69, Loss = 0.934
[2020-11-27 18:41] EPOCH 2 Train Step 20299/40000, Batch Size = 64,                         Examples/Sec = 5712.24, Accuracy = 0.71, Loss = 0.890
[2020-11-27 18:41] EPOCH 2 Train Step 20399/40000, Batch Size = 64,                         Examples/Sec = 6109.97, Accuracy = 0.71, Loss = 0.905
[2020-11-27 18:41] EPOCH 2 Train Step 20499/40000, Batch Size = 64,                         Examples/Sec = 5544.70, Accuracy = 0.69, Loss = 0.947
[2020-11-27 18:41] EPOCH 2 Train Step 20599/40000, Batch Size = 64,                         Examples/Sec = 6092.36, Accuracy = 0.70, Loss = 0.899
[2020-11-27 18:41] EPOCH 2 Train Step 20699/40000, Batch Size = 64,                         Examples/Sec = 6021.97, Accuracy = 0.71, Loss = 0.907
[2020-11-27 18:41] EPOCH 2 Train Step 20799/40000, Batch Size = 64,                         Examples/Sec = 5519.96, Accuracy = 0.69, Loss = 0.946
[2020-11-27 18:41] EPOCH 2 Train Step 20899/40000, Batch Size = 64,                         Examples/Sec = 5436.78, Accuracy = 0.69, Loss = 0.927
[2020-11-27 18:41] EPOCH 2 Train Step 20999/40000, Batch Size = 64,                         Examples/Sec = 6355.61, Accuracy = 0.71, Loss = 0.920
[2020-11-27 18:41] EPOCH 2 Train Step 21099/40000, Batch Size = 64,                         Examples/Sec = 5969.08, Accuracy = 0.70, Loss = 0.923
[2020-11-27 18:41] EPOCH 2 Train Step 21199/40000, Batch Size = 64,                         Examples/Sec = 5847.50, Accuracy = 0.73, Loss = 0.874
[2020-11-27 18:41] EPOCH 2 Train Step 21299/40000, Batch Size = 64,                         Examples/Sec = 5737.15, Accuracy = 0.70, Loss = 0.905
[2020-11-27 18:41] EPOCH 2 Train Step 21399/40000, Batch Size = 64,                         Examples/Sec = 5808.53, Accuracy = 0.69, Loss = 0.925
[2020-11-27 18:41] EPOCH 2 Train Step 21499/40000, Batch Size = 64,                         Examples/Sec = 5483.53, Accuracy = 0.71, Loss = 0.910
[2020-11-27 18:41] EPOCH 2 Train Step 21599/40000, Batch Size = 64,                         Examples/Sec = 6200.44, Accuracy = 0.71, Loss = 0.909
[2020-11-27 18:41] EPOCH 2 Train Step 21699/40000, Batch Size = 64,                         Examples/Sec = 5626.87, Accuracy = 0.70, Loss = 0.906
[2020-11-27 18:41] EPOCH 2 Train Step 21799/40000, Batch Size = 64,                         Examples/Sec = 5751.53, Accuracy = 0.71, Loss = 0.877
[2020-11-27 18:41] EPOCH 2 Train Step 21899/40000, Batch Size = 64,                         Examples/Sec = 6164.98, Accuracy = 0.69, Loss = 0.910
[2020-11-27 18:41] EPOCH 2 Train Step 21999/40000, Batch Size = 64,                         Examples/Sec = 5604.78, Accuracy = 0.72, Loss = 0.888
[2020-11-27 18:41] EPOCH 2 Train Step 22099/40000, Batch Size = 64,                         Examples/Sec = 6005.80, Accuracy = 0.72, Loss = 0.873
[2020-11-27 18:41] EPOCH 2 Train Step 22199/40000, Batch Size = 64,                         Examples/Sec = 6201.15, Accuracy = 0.72, Loss = 0.898
[2020-11-27 18:41] EPOCH 2 Train Step 22299/40000, Batch Size = 64,                         Examples/Sec = 6571.09, Accuracy = 0.71, Loss = 0.889
[2020-11-27 18:41] EPOCH 2 Train Step 22399/40000, Batch Size = 64,                         Examples/Sec = 5787.37, Accuracy = 0.71, Loss = 0.909
[2020-11-27 18:41] EPOCH 2 Train Step 22499/40000, Batch Size = 64,                         Examples/Sec = 6187.43, Accuracy = 0.71, Loss = 0.910
[2020-11-27 18:41] EPOCH 2 Train Step 22599/40000, Batch Size = 64,                         Examples/Sec = 5614.51, Accuracy = 0.71, Loss = 0.890
[2020-11-27 18:41] EPOCH 2 Train Step 22699/40000, Batch Size = 64,                         Examples/Sec = 6112.48, Accuracy = 0.72, Loss = 0.893
[2020-11-27 18:41] EPOCH 2 Train Step 22799/40000, Batch Size = 64,                         Examples/Sec = 5521.32, Accuracy = 0.71, Loss = 0.894
[2020-11-27 18:41] EPOCH 2 Train Step 22899/40000, Batch Size = 64,                         Examples/Sec = 5595.20, Accuracy = 0.71, Loss = 0.899
[2020-11-27 18:41] EPOCH 2 Train Step 22999/40000, Batch Size = 64,                         Examples/Sec = 5868.98, Accuracy = 0.71, Loss = 0.912
[2020-11-27 18:41] EPOCH 2 Train Step 23099/40000, Batch Size = 64,                         Examples/Sec = 5803.01, Accuracy = 0.72, Loss = 0.852
[2020-11-27 18:41] EPOCH 2 Train Step 23199/40000, Batch Size = 64,                         Examples/Sec = 5656.63, Accuracy = 0.72, Loss = 0.873
[2020-11-27 18:41] EPOCH 2 Train Step 23299/40000, Batch Size = 64,                         Examples/Sec = 5846.23, Accuracy = 0.70, Loss = 0.922
[2020-11-27 18:41] EPOCH 2 Train Step 23399/40000, Batch Size = 64,                         Examples/Sec = 5762.02, Accuracy = 0.71, Loss = 0.898
[2020-11-27 18:41] EPOCH 2 Train Step 23499/40000, Batch Size = 64,                         Examples/Sec = 6036.06, Accuracy = 0.70, Loss = 0.928
[2020-11-27 18:41] EPOCH 2 Train Step 23599/40000, Batch Size = 64,                         Examples/Sec = 6026.57, Accuracy = 0.72, Loss = 0.872
[2020-11-27 18:41] EPOCH 2 Train Step 23699/40000, Batch Size = 64,                         Examples/Sec = 5464.78, Accuracy = 0.71, Loss = 0.908
[2020-11-27 18:41] EPOCH 2 Train Step 23799/40000, Batch Size = 64,                         Examples/Sec = 5873.60, Accuracy = 0.72, Loss = 0.877
[2020-11-27 18:42] EPOCH 2 Train Step 23899/40000, Batch Size = 64,                         Examples/Sec = 6097.06, Accuracy = 0.72, Loss = 0.882
[2020-11-27 18:42] EPOCH 2 Train Step 23999/40000, Batch Size = 64,                         Examples/Sec = 5879.39, Accuracy = 0.72, Loss = 0.862
[2020-11-27 18:42] EPOCH 2 Train Step 24099/40000, Batch Size = 64,                         Examples/Sec = 5550.89, Accuracy = 0.71, Loss = 0.899
[2020-11-27 18:42] EPOCH 2 Train Step 24199/40000, Batch Size = 64,                         Examples/Sec = 5480.74, Accuracy = 0.72, Loss = 0.874
[2020-11-27 18:42] EPOCH 2 Train Step 24299/40000, Batch Size = 64,                         Examples/Sec = 5814.32, Accuracy = 0.73, Loss = 0.863
[2020-11-27 18:42] EPOCH 2 Train Step 24399/40000, Batch Size = 64,                         Examples/Sec = 5565.51, Accuracy = 0.70, Loss = 0.915
[2020-11-27 18:42] EPOCH 2 Train Step 24499/40000, Batch Size = 64,                         Examples/Sec = 5705.08, Accuracy = 0.71, Loss = 0.897
[2020-11-27 18:42] EPOCH 2 Train Step 24599/40000, Batch Size = 64,                         Examples/Sec = 6088.08, Accuracy = 0.73, Loss = 0.853
[2020-11-27 18:42] EPOCH 2 Train Step 24699/40000, Batch Size = 64,                         Examples/Sec = 6091.39, Accuracy = 0.70, Loss = 0.925
[2020-11-27 18:42] EPOCH 2 Train Step 24799/40000, Batch Size = 64,                         Examples/Sec = 5857.84, Accuracy = 0.72, Loss = 0.843
[2020-11-27 18:42] EPOCH 2 Train Step 24899/40000, Batch Size = 64,                         Examples/Sec = 6305.59, Accuracy = 0.73, Loss = 0.882
[2020-11-27 18:42] EPOCH 2 Train Step 24999/40000, Batch Size = 64,                         Examples/Sec = 6192.85, Accuracy = 0.71, Loss = 0.887
[2020-11-27 18:42] EPOCH 2 Train Step 25099/40000, Batch Size = 64,                         Examples/Sec = 6130.76, Accuracy = 0.71, Loss = 0.906
[2020-11-27 18:42] EPOCH 2 Train Step 25199/40000, Batch Size = 64,                         Examples/Sec = 6037.55, Accuracy = 0.72, Loss = 0.863
[2020-11-27 18:42] EPOCH 2 Train Step 25299/40000, Batch Size = 64,                         Examples/Sec = 6147.75, Accuracy = 0.72, Loss = 0.866
[2020-11-27 18:42] EPOCH 2 Train Step 25399/40000, Batch Size = 64,                         Examples/Sec = 5854.52, Accuracy = 0.71, Loss = 0.886
[2020-11-27 18:42] EPOCH 2 Train Step 25499/40000, Batch Size = 64,                         Examples/Sec = 5808.15, Accuracy = 0.70, Loss = 0.898
[2020-11-27 18:42] EPOCH 2 Train Step 25599/40000, Batch Size = 64,                         Examples/Sec = 6238.19, Accuracy = 0.71, Loss = 0.888
[2020-11-27 18:42] EPOCH 2 Train Step 25699/40000, Batch Size = 64,                         Examples/Sec = 6063.05, Accuracy = 0.73, Loss = 0.841
[2020-11-27 18:42] EPOCH 2 Train Step 25799/40000, Batch Size = 64,                         Examples/Sec = 6057.30, Accuracy = 0.71, Loss = 0.853
[2020-11-27 18:42] EPOCH 3 Train Step 25899/40000, Batch Size = 64,                         Examples/Sec = 5692.98, Accuracy = 0.73, Loss = 0.869
[2020-11-27 18:42] EPOCH 3 Train Step 25999/40000, Batch Size = 64,                         Examples/Sec = 6156.35, Accuracy = 0.71, Loss = 0.863
[2020-11-27 18:42] EPOCH 3 Train Step 26099/40000, Batch Size = 64,                         Examples/Sec = 5692.14, Accuracy = 0.73, Loss = 0.870
[2020-11-27 18:42] EPOCH 3 Train Step 26199/40000, Batch Size = 64,                         Examples/Sec = 6909.89, Accuracy = 0.71, Loss = 0.866
[2020-11-27 18:42] EPOCH 3 Train Step 26299/40000, Batch Size = 64,                         Examples/Sec = 5849.80, Accuracy = 0.71, Loss = 0.905
[2020-11-27 18:42] EPOCH 3 Train Step 26399/40000, Batch Size = 64,                         Examples/Sec = 5782.88, Accuracy = 0.72, Loss = 0.860
[2020-11-27 18:42] EPOCH 3 Train Step 26499/40000, Batch Size = 64,                         Examples/Sec = 5170.37, Accuracy = 0.72, Loss = 0.855
[2020-11-27 18:42] EPOCH 3 Train Step 26599/40000, Batch Size = 64,                         Examples/Sec = 5672.17, Accuracy = 0.72, Loss = 0.889
[2020-11-27 18:42] EPOCH 3 Train Step 26699/40000, Batch Size = 64,                         Examples/Sec = 5879.14, Accuracy = 0.71, Loss = 0.878
[2020-11-27 18:42] EPOCH 3 Train Step 26799/40000, Batch Size = 64,                         Examples/Sec = 5510.66, Accuracy = 0.73, Loss = 0.860
[2020-11-27 18:42] EPOCH 3 Train Step 26899/40000, Batch Size = 64,                         Examples/Sec = 6146.06, Accuracy = 0.72, Loss = 0.860
[2020-11-27 18:42] EPOCH 3 Train Step 26999/40000, Batch Size = 64,                         Examples/Sec = 5833.90, Accuracy = 0.72, Loss = 0.885
[2020-11-27 18:42] EPOCH 3 Train Step 27099/40000, Batch Size = 64,                         Examples/Sec = 5790.11, Accuracy = 0.73, Loss = 0.848
[2020-11-27 18:42] EPOCH 3 Train Step 27199/40000, Batch Size = 64,                         Examples/Sec = 6133.42, Accuracy = 0.71, Loss = 0.883
[2020-11-27 18:42] EPOCH 3 Train Step 27299/40000, Batch Size = 64,                         Examples/Sec = 5740.46, Accuracy = 0.73, Loss = 0.835
[2020-11-27 18:42] EPOCH 3 Train Step 27399/40000, Batch Size = 64,                         Examples/Sec = 5519.16, Accuracy = 0.71, Loss = 0.884
[2020-11-27 18:42] EPOCH 3 Train Step 27499/40000, Batch Size = 64,                         Examples/Sec = 6163.56, Accuracy = 0.72, Loss = 0.880
[2020-11-27 18:42] EPOCH 3 Train Step 27599/40000, Batch Size = 64,                         Examples/Sec = 5871.42, Accuracy = 0.72, Loss = 0.906
[2020-11-27 18:42] EPOCH 3 Train Step 27699/40000, Batch Size = 64,                         Examples/Sec = 5717.35, Accuracy = 0.71, Loss = 0.885
[2020-11-27 18:42] EPOCH 3 Train Step 27799/40000, Batch Size = 64,                         Examples/Sec = 5781.14, Accuracy = 0.72, Loss = 0.853
[2020-11-27 18:42] EPOCH 3 Train Step 27899/40000, Batch Size = 64,                         Examples/Sec = 6140.16, Accuracy = 0.71, Loss = 0.894
[2020-11-27 18:42] EPOCH 3 Train Step 27999/40000, Batch Size = 64,                         Examples/Sec = 5612.05, Accuracy = 0.72, Loss = 0.863
[2020-11-27 18:43] EPOCH 3 Train Step 28099/40000, Batch Size = 64,                         Examples/Sec = 5843.56, Accuracy = 0.72, Loss = 0.823
[2020-11-27 18:43] EPOCH 3 Train Step 28199/40000, Batch Size = 64,                         Examples/Sec = 6090.98, Accuracy = 0.74, Loss = 0.838
[2020-11-27 18:43] EPOCH 3 Train Step 28299/40000, Batch Size = 64,                         Examples/Sec = 5456.56, Accuracy = 0.72, Loss = 0.830
[2020-11-27 18:43] EPOCH 3 Train Step 28399/40000, Batch Size = 64,                         Examples/Sec = 5898.00, Accuracy = 0.74, Loss = 0.837
[2020-11-27 18:43] EPOCH 3 Train Step 28499/40000, Batch Size = 64,                         Examples/Sec = 5830.48, Accuracy = 0.73, Loss = 0.837
[2020-11-27 18:43] EPOCH 3 Train Step 28599/40000, Batch Size = 64,                         Examples/Sec = 6278.16, Accuracy = 0.72, Loss = 0.872
[2020-11-27 18:43] EPOCH 3 Train Step 28699/40000, Batch Size = 64,                         Examples/Sec = 5830.86, Accuracy = 0.72, Loss = 0.887
[2020-11-27 18:43] EPOCH 3 Train Step 28799/40000, Batch Size = 64,                         Examples/Sec = 6197.00, Accuracy = 0.71, Loss = 0.879
[2020-11-27 18:43] EPOCH 3 Train Step 28899/40000, Batch Size = 64,                         Examples/Sec = 5813.19, Accuracy = 0.73, Loss = 0.827
[2020-11-27 18:43] EPOCH 3 Train Step 28999/40000, Batch Size = 64,                         Examples/Sec = 5847.88, Accuracy = 0.74, Loss = 0.821
[2020-11-27 18:43] EPOCH 3 Train Step 29099/40000, Batch Size = 64,                         Examples/Sec = 6172.21, Accuracy = 0.71, Loss = 0.873
[2020-11-27 18:43] EPOCH 3 Train Step 29199/40000, Batch Size = 64,                         Examples/Sec = 6148.74, Accuracy = 0.71, Loss = 0.873
[2020-11-27 18:43] EPOCH 3 Train Step 29299/40000, Batch Size = 64,                         Examples/Sec = 5461.11, Accuracy = 0.73, Loss = 0.849
[2020-11-27 18:43] EPOCH 3 Train Step 29399/40000, Batch Size = 64,                         Examples/Sec = 5901.76, Accuracy = 0.73, Loss = 0.871
[2020-11-27 18:43] EPOCH 3 Train Step 29499/40000, Batch Size = 64,                         Examples/Sec = 5701.08, Accuracy = 0.72, Loss = 0.857
[2020-11-27 18:43] EPOCH 3 Train Step 29599/40000, Batch Size = 64,                         Examples/Sec = 6115.68, Accuracy = 0.71, Loss = 0.857
[2020-11-27 18:43] EPOCH 3 Train Step 29699/40000, Batch Size = 64,                         Examples/Sec = 5566.31, Accuracy = 0.73, Loss = 0.850
[2020-11-27 18:43] EPOCH 3 Train Step 29799/40000, Batch Size = 64,                         Examples/Sec = 5935.69, Accuracy = 0.72, Loss = 0.859
[2020-11-27 18:43] EPOCH 3 Train Step 29899/40000, Batch Size = 64,                         Examples/Sec = 5465.11, Accuracy = 0.74, Loss = 0.807
[2020-11-27 18:43] EPOCH 3 Train Step 29999/40000, Batch Size = 64,                         Examples/Sec = 6185.15, Accuracy = 0.73, Loss = 0.869
[2020-11-27 18:43] EPOCH 3 Train Step 30099/40000, Batch Size = 64,                         Examples/Sec = 5624.98, Accuracy = 0.73, Loss = 0.838
[2020-11-27 18:43] EPOCH 3 Train Step 30199/40000, Batch Size = 64,                         Examples/Sec = 5892.95, Accuracy = 0.71, Loss = 0.880
[2020-11-27 18:43] EPOCH 3 Train Step 30299/40000, Batch Size = 64,                         Examples/Sec = 6078.70, Accuracy = 0.72, Loss = 0.845
[2020-11-27 18:43] EPOCH 3 Train Step 30399/40000, Batch Size = 64,                         Examples/Sec = 5502.31, Accuracy = 0.72, Loss = 0.861
[2020-11-27 18:43] EPOCH 3 Train Step 30499/40000, Batch Size = 64,                         Examples/Sec = 5787.24, Accuracy = 0.74, Loss = 0.813
[2020-11-27 18:43] EPOCH 3 Train Step 30599/40000, Batch Size = 64,                         Examples/Sec = 6174.05, Accuracy = 0.72, Loss = 0.876
[2020-11-27 18:43] EPOCH 3 Train Step 30699/40000, Batch Size = 64,                         Examples/Sec = 5552.15, Accuracy = 0.74, Loss = 0.844
[2020-11-27 18:43] EPOCH 3 Train Step 30799/40000, Batch Size = 64,                         Examples/Sec = 5851.07, Accuracy = 0.74, Loss = 0.824
[2020-11-27 18:43] EPOCH 3 Train Step 30899/40000, Batch Size = 64,                         Examples/Sec = 6160.31, Accuracy = 0.73, Loss = 0.847
[2020-11-27 18:43] EPOCH 3 Train Step 30999/40000, Batch Size = 64,                         Examples/Sec = 6210.76, Accuracy = 0.71, Loss = 0.914
[2020-11-27 18:43] EPOCH 3 Train Step 31099/40000, Batch Size = 64,                         Examples/Sec = 5622.39, Accuracy = 0.72, Loss = 0.875
[2020-11-27 18:43] EPOCH 3 Train Step 31199/40000, Batch Size = 64,                         Examples/Sec = 5851.07, Accuracy = 0.73, Loss = 0.828
[2020-11-27 18:43] EPOCH 3 Train Step 31299/40000, Batch Size = 64,                         Examples/Sec = 6095.26, Accuracy = 0.71, Loss = 0.892
[2020-11-27 18:43] EPOCH 3 Train Step 31399/40000, Batch Size = 64,                         Examples/Sec = 5371.50, Accuracy = 0.72, Loss = 0.884
[2020-11-27 18:43] EPOCH 3 Train Step 31499/40000, Batch Size = 64,                         Examples/Sec = 6062.64, Accuracy = 0.74, Loss = 0.815
[2020-11-27 18:43] EPOCH 3 Train Step 31599/40000, Batch Size = 64,                         Examples/Sec = 5502.31, Accuracy = 0.71, Loss = 0.878
[2020-11-27 18:43] EPOCH 3 Train Step 31699/40000, Batch Size = 64,                         Examples/Sec = 5385.19, Accuracy = 0.75, Loss = 0.813
[2020-11-27 18:43] EPOCH 3 Train Step 31799/40000, Batch Size = 64,                         Examples/Sec = 5713.22, Accuracy = 0.73, Loss = 0.846
[2020-11-27 18:43] EPOCH 3 Train Step 31899/40000, Batch Size = 64,                         Examples/Sec = 5594.97, Accuracy = 0.73, Loss = 0.840
[2020-11-27 18:43] EPOCH 3 Train Step 31999/40000, Batch Size = 64,                         Examples/Sec = 5883.13, Accuracy = 0.75, Loss = 0.780
[2020-11-27 18:43] EPOCH 3 Train Step 32099/40000, Batch Size = 64,                         Examples/Sec = 5748.82, Accuracy = 0.72, Loss = 0.841
[2020-11-27 18:44] EPOCH 3 Train Step 32199/40000, Batch Size = 64,                         Examples/Sec = 5400.25, Accuracy = 0.71, Loss = 0.872
[2020-11-27 18:44] EPOCH 3 Train Step 32299/40000, Batch Size = 64,                         Examples/Sec = 5731.64, Accuracy = 0.73, Loss = 0.849
[2020-11-27 18:44] EPOCH 3 Train Step 32399/40000, Batch Size = 64,                         Examples/Sec = 5703.99, Accuracy = 0.73, Loss = 0.814
[2020-11-27 18:44] EPOCH 3 Train Step 32499/40000, Batch Size = 64,                         Examples/Sec = 5482.08, Accuracy = 0.72, Loss = 0.858
[2020-11-27 18:44] EPOCH 3 Train Step 32599/40000, Batch Size = 64,                         Examples/Sec = 6200.72, Accuracy = 0.72, Loss = 0.820
[2020-11-27 18:44] EPOCH 3 Train Step 32699/40000, Batch Size = 64,                         Examples/Sec = 5611.58, Accuracy = 0.72, Loss = 0.866
[2020-11-27 18:44] EPOCH 3 Train Step 32799/40000, Batch Size = 64,                         Examples/Sec = 5502.19, Accuracy = 0.73, Loss = 0.860
[2020-11-27 18:44] EPOCH 3 Train Step 32899/40000, Batch Size = 64,                         Examples/Sec = 5613.93, Accuracy = 0.72, Loss = 0.870
[2020-11-27 18:44] EPOCH 3 Train Step 32999/40000, Batch Size = 64,                         Examples/Sec = 6061.68, Accuracy = 0.73, Loss = 0.864
[2020-11-27 18:44] EPOCH 3 Train Step 33099/40000, Batch Size = 64,                         Examples/Sec = 5888.55, Accuracy = 0.71, Loss = 0.848
[2020-11-27 18:44] EPOCH 3 Train Step 33199/40000, Batch Size = 64,                         Examples/Sec = 5768.34, Accuracy = 0.73, Loss = 0.863
[2020-11-27 18:44] EPOCH 3 Train Step 33299/40000, Batch Size = 64,                         Examples/Sec = 6127.68, Accuracy = 0.73, Loss = 0.832
[2020-11-27 18:44] EPOCH 3 Train Step 33399/40000, Batch Size = 64,                         Examples/Sec = 5598.70, Accuracy = 0.74, Loss = 0.839
[2020-11-27 18:44] EPOCH 3 Train Step 33499/40000, Batch Size = 64,                         Examples/Sec = 6141.99, Accuracy = 0.74, Loss = 0.850
[2020-11-27 18:44] EPOCH 3 Train Step 33599/40000, Batch Size = 64,                         Examples/Sec = 5732.13, Accuracy = 0.71, Loss = 0.874
[2020-11-27 18:44] EPOCH 3 Train Step 33699/40000, Batch Size = 64,                         Examples/Sec = 5780.64, Accuracy = 0.73, Loss = 0.841
[2020-11-27 18:44] EPOCH 3 Train Step 33799/40000, Batch Size = 64,                         Examples/Sec = 5891.91, Accuracy = 0.73, Loss = 0.840
[2020-11-27 18:44] EPOCH 3 Train Step 33899/40000, Batch Size = 64,                         Examples/Sec = 6116.93, Accuracy = 0.73, Loss = 0.848
[2020-11-27 18:44] EPOCH 3 Train Step 33999/40000, Batch Size = 64,                         Examples/Sec = 6215.80, Accuracy = 0.73, Loss = 0.845
[2020-11-27 18:44] EPOCH 3 Train Step 34099/40000, Batch Size = 64,                         Examples/Sec = 6283.90, Accuracy = 0.72, Loss = 0.857
[2020-11-27 18:44] EPOCH 3 Train Step 34199/40000, Batch Size = 64,                         Examples/Sec = 5566.54, Accuracy = 0.74, Loss = 0.804
[2020-11-27 18:44] EPOCH 3 Train Step 34299/40000, Batch Size = 64,                         Examples/Sec = 5721.74, Accuracy = 0.74, Loss = 0.819
[2020-11-27 18:44] EPOCH 3 Train Step 34399/40000, Batch Size = 64,                         Examples/Sec = 5509.31, Accuracy = 0.73, Loss = 0.835
[2020-11-27 18:44] EPOCH 4 Train Step 34499/40000, Batch Size = 64,                         Examples/Sec = 6054.30, Accuracy = 0.71, Loss = 0.842
[2020-11-27 18:44] EPOCH 4 Train Step 34599/40000, Batch Size = 64,                         Examples/Sec = 7018.65, Accuracy = 0.75, Loss = 0.801
[2020-11-27 18:44] EPOCH 4 Train Step 34699/40000, Batch Size = 64,                         Examples/Sec = 6083.52, Accuracy = 0.75, Loss = 0.825
[2020-11-27 18:44] EPOCH 4 Train Step 34799/40000, Batch Size = 64,                         Examples/Sec = 6123.35, Accuracy = 0.74, Loss = 0.793
[2020-11-27 18:44] EPOCH 4 Train Step 34899/40000, Batch Size = 64,                         Examples/Sec = 6020.22, Accuracy = 0.72, Loss = 0.833
[2020-11-27 18:44] EPOCH 4 Train Step 34999/40000, Batch Size = 64,                         Examples/Sec = 5446.04, Accuracy = 0.74, Loss = 0.838
[2020-11-27 18:44] EPOCH 4 Train Step 35099/40000, Batch Size = 64,                         Examples/Sec = 6069.90, Accuracy = 0.73, Loss = 0.834
[2020-11-27 18:44] EPOCH 4 Train Step 35199/40000, Batch Size = 64,                         Examples/Sec = 6096.51, Accuracy = 0.72, Loss = 0.863
[2020-11-27 18:44] EPOCH 4 Train Step 35299/40000, Batch Size = 64,                         Examples/Sec = 5806.14, Accuracy = 0.72, Loss = 0.845
[2020-11-27 18:44] EPOCH 4 Train Step 35399/40000, Batch Size = 64,                         Examples/Sec = 5485.89, Accuracy = 0.74, Loss = 0.818
[2020-11-27 18:44] EPOCH 4 Train Step 35499/40000, Batch Size = 64,                         Examples/Sec = 5736.29, Accuracy = 0.74, Loss = 0.805
[2020-11-27 18:44] EPOCH 4 Train Step 35599/40000, Batch Size = 64,                         Examples/Sec = 5885.06, Accuracy = 0.73, Loss = 0.821
[2020-11-27 18:44] EPOCH 4 Train Step 35699/40000, Batch Size = 64,                         Examples/Sec = 5602.09, Accuracy = 0.73, Loss = 0.857
[2020-11-27 18:44] EPOCH 4 Train Step 35799/40000, Batch Size = 64,                         Examples/Sec = 6306.93, Accuracy = 0.74, Loss = 0.804
[2020-11-27 18:44] EPOCH 4 Train Step 35899/40000, Batch Size = 64,                         Examples/Sec = 6106.91, Accuracy = 0.73, Loss = 0.831
[2020-11-27 18:44] EPOCH 4 Train Step 35999/40000, Batch Size = 64,                         Examples/Sec = 5762.89, Accuracy = 0.73, Loss = 0.815
[2020-11-27 18:44] EPOCH 4 Train Step 36099/40000, Batch Size = 64,                         Examples/Sec = 5862.96, Accuracy = 0.72, Loss = 0.850
[2020-11-27 18:44] EPOCH 4 Train Step 36199/40000, Batch Size = 64,                         Examples/Sec = 5721.98, Accuracy = 0.73, Loss = 0.812
[2020-11-27 18:44] EPOCH 4 Train Step 36299/40000, Batch Size = 64,                         Examples/Sec = 5509.87, Accuracy = 0.72, Loss = 0.862
[2020-11-27 18:45] EPOCH 4 Train Step 36399/40000, Batch Size = 64,                         Examples/Sec = 6128.52, Accuracy = 0.71, Loss = 0.862
[2020-11-27 18:45] EPOCH 4 Train Step 36499/40000, Batch Size = 64,                         Examples/Sec = 5464.67, Accuracy = 0.74, Loss = 0.805
[2020-11-27 18:45] EPOCH 4 Train Step 36599/40000, Batch Size = 64,                         Examples/Sec = 5840.12, Accuracy = 0.73, Loss = 0.833
[2020-11-27 18:45] EPOCH 4 Train Step 36699/40000, Batch Size = 64,                         Examples/Sec = 5791.24, Accuracy = 0.73, Loss = 0.834
[2020-11-27 18:45] EPOCH 4 Train Step 36799/40000, Batch Size = 64,                         Examples/Sec = 5509.19, Accuracy = 0.73, Loss = 0.851
[2020-11-27 18:45] EPOCH 4 Train Step 36899/40000, Batch Size = 64,                         Examples/Sec = 5672.29, Accuracy = 0.72, Loss = 0.863
[2020-11-27 18:45] EPOCH 4 Train Step 36999/40000, Batch Size = 64,                         Examples/Sec = 6118.61, Accuracy = 0.73, Loss = 0.843
[2020-11-27 18:45] EPOCH 4 Train Step 37099/40000, Batch Size = 64,                         Examples/Sec = 5753.01, Accuracy = 0.73, Loss = 0.829
[2020-11-27 18:45] EPOCH 4 Train Step 37199/40000, Batch Size = 64,                         Examples/Sec = 5997.35, Accuracy = 0.74, Loss = 0.830
[2020-11-27 18:45] EPOCH 4 Train Step 37299/40000, Batch Size = 64,                         Examples/Sec = 5620.98, Accuracy = 0.73, Loss = 0.838
[2020-11-27 18:45] EPOCH 4 Train Step 37399/40000, Batch Size = 64,                         Examples/Sec = 5695.52, Accuracy = 0.73, Loss = 0.828
[2020-11-27 18:45] EPOCH 4 Train Step 37499/40000, Batch Size = 64,                         Examples/Sec = 5624.28, Accuracy = 0.75, Loss = 0.787
[2020-11-27 18:45] EPOCH 4 Train Step 37599/40000, Batch Size = 64,                         Examples/Sec = 5427.87, Accuracy = 0.74, Loss = 0.828
[2020-11-27 18:45] EPOCH 4 Train Step 37699/40000, Batch Size = 64,                         Examples/Sec = 5731.15, Accuracy = 0.73, Loss = 0.854
[2020-11-27 18:45] EPOCH 4 Train Step 37799/40000, Batch Size = 64,                         Examples/Sec = 5823.27, Accuracy = 0.73, Loss = 0.827
[2020-11-27 18:45] EPOCH 4 Train Step 37899/40000, Batch Size = 64,                         Examples/Sec = 6112.20, Accuracy = 0.72, Loss = 0.854
[2020-11-27 18:45] EPOCH 4 Train Step 37999/40000, Batch Size = 64,                         Examples/Sec = 5588.10, Accuracy = 0.73, Loss = 0.825
[2020-11-27 18:45] EPOCH 4 Train Step 38099/40000, Batch Size = 64,                         Examples/Sec = 6192.71, Accuracy = 0.74, Loss = 0.820
[2020-11-27 18:45] EPOCH 4 Train Step 38199/40000, Batch Size = 64,                         Examples/Sec = 5947.92, Accuracy = 0.72, Loss = 0.862
[2020-11-27 18:45] EPOCH 4 Train Step 38299/40000, Batch Size = 64,                         Examples/Sec = 5693.95, Accuracy = 0.74, Loss = 0.814
[2020-11-27 18:45] EPOCH 4 Train Step 38399/40000, Batch Size = 64,                         Examples/Sec = 5556.98, Accuracy = 0.73, Loss = 0.808
[2020-11-27 18:45] EPOCH 4 Train Step 38499/40000, Batch Size = 64,                         Examples/Sec = 6096.65, Accuracy = 0.75, Loss = 0.791
[2020-11-27 18:45] EPOCH 4 Train Step 38599/40000, Batch Size = 64,                         Examples/Sec = 6318.36, Accuracy = 0.72, Loss = 0.851
[2020-11-27 18:45] EPOCH 4 Train Step 38699/40000, Batch Size = 64,                         Examples/Sec = 5553.99, Accuracy = 0.74, Loss = 0.810
[2020-11-27 18:45] EPOCH 4 Train Step 38799/40000, Batch Size = 64,                         Examples/Sec = 5884.29, Accuracy = 0.75, Loss = 0.808
[2020-11-27 18:45] EPOCH 4 Train Step 38899/40000, Batch Size = 64,                         Examples/Sec = 6127.26, Accuracy = 0.73, Loss = 0.815
[2020-11-27 18:45] EPOCH 4 Train Step 38999/40000, Batch Size = 64,                         Examples/Sec = 6252.14, Accuracy = 0.72, Loss = 0.859
[2020-11-27 18:45] EPOCH 4 Train Step 39099/40000, Batch Size = 64,                         Examples/Sec = 6231.82, Accuracy = 0.74, Loss = 0.794
[2020-11-27 18:45] EPOCH 4 Train Step 39199/40000, Batch Size = 64,                         Examples/Sec = 5848.78, Accuracy = 0.74, Loss = 0.827
[2020-11-27 18:45] EPOCH 4 Train Step 39299/40000, Batch Size = 64,                         Examples/Sec = 5759.43, Accuracy = 0.73, Loss = 0.824
[2020-11-27 18:45] EPOCH 4 Train Step 39399/40000, Batch Size = 64,                         Examples/Sec = 6024.95, Accuracy = 0.73, Loss = 0.833
[2020-11-27 18:45] EPOCH 4 Train Step 39499/40000, Batch Size = 64,                         Examples/Sec = 5425.46, Accuracy = 0.74, Loss = 0.802
[2020-11-27 18:45] EPOCH 4 Train Step 39599/40000, Batch Size = 64,                         Examples/Sec = 5826.69, Accuracy = 0.73, Loss = 0.819
[2020-11-27 18:45] EPOCH 4 Train Step 39699/40000, Batch Size = 64,                         Examples/Sec = 5777.65, Accuracy = 0.73, Loss = 0.833
[2020-11-27 18:45] EPOCH 4 Train Step 39799/40000, Batch Size = 64,                         Examples/Sec = 5962.19, Accuracy = 0.73, Loss = 0.822
[2020-11-27 18:45] EPOCH 4 Train Step 39899/40000, Batch Size = 64,                         Examples/Sec = 5785.62, Accuracy = 0.74, Loss = 0.795
[2020-11-27 18:45] EPOCH 4 Train Step 39999/40000, Batch Size = 64,                         Examples/Sec = 5764.25, Accuracy = 0.74, Loss = 0.832
Done training.
