Namespace(batch_size=64, device='cuda', dropout_keep_prob=1.0, learning_rate=0.002, learning_rate_decay=0.96, learning_rate_step=5000, load_model=None, lstm_num_hidden=512, lstm_num_layers=2, max_epochs=5, max_norm=5.0, plot=False, print_every=100, sample_every=1000, seq_length=30, summary_path='./summaries/', train=True, train_steps=42000, txt_file='./assets/book_NL_darwin_reis_om_de_wereld.txt')
Device: cuda
Txt file: ./assets/book_NL_darwin_reis_om_de_wereld.txt
Initialize dataset with 1366815 characters, 115 unique.
[2020-11-28 01:08] EPOCH 0 Train Step 0099/42000, Batch Size = 64,                         Examples/Sec = 5937.66, Accuracy = 0.31, Loss = 2.466
[2020-11-28 01:08] EPOCH 0 Train Step 0199/42000, Batch Size = 64,                         Examples/Sec = 5309.56, Accuracy = 0.40, Loss = 2.164
[2020-11-28 01:08] EPOCH 0 Train Step 0299/42000, Batch Size = 64,                         Examples/Sec = 5461.56, Accuracy = 0.41, Loss = 2.070
[2020-11-28 01:08] EPOCH 0 Train Step 0399/42000, Batch Size = 64,                         Examples/Sec = 5400.68, Accuracy = 0.43, Loss = 1.964
[2020-11-28 01:08] EPOCH 0 Train Step 0499/42000, Batch Size = 64,                         Examples/Sec = 5420.64, Accuracy = 0.46, Loss = 1.867
[2020-11-28 01:08] EPOCH 0 Train Step 0599/42000, Batch Size = 64,                         Examples/Sec = 5238.17, Accuracy = 0.43, Loss = 1.958
[2020-11-28 01:08] EPOCH 0 Train Step 0699/42000, Batch Size = 64,                         Examples/Sec = 5351.48, Accuracy = 0.44, Loss = 1.832
[2020-11-28 01:08] EPOCH 0 Train Step 0799/42000, Batch Size = 64,                         Examples/Sec = 5706.54, Accuracy = 0.47, Loss = 1.789
[2020-11-28 01:08] EPOCH 0 Train Step 0899/42000, Batch Size = 64,                         Examples/Sec = 5267.57, Accuracy = 0.48, Loss = 1.696
[2020-11-28 01:08] EPOCH 0 Train Step 0999/42000, Batch Size = 64,                         Examples/Sec = 5592.75, Accuracy = 0.48, Loss = 1.746
[2020-11-28 01:08] EPOCH 0 Train Step 1099/42000, Batch Size = 64,                         Examples/Sec = 5324.20, Accuracy = 0.50, Loss = 1.689
[2020-11-28 01:08] EPOCH 0 Train Step 1199/42000, Batch Size = 64,                         Examples/Sec = 5756.83, Accuracy = 0.50, Loss = 1.679
[2020-11-28 01:08] EPOCH 0 Train Step 1299/42000, Batch Size = 64,                         Examples/Sec = 5931.36, Accuracy = 0.53, Loss = 1.639
[2020-11-28 01:08] EPOCH 0 Train Step 1399/42000, Batch Size = 64,                         Examples/Sec = 5175.76, Accuracy = 0.50, Loss = 1.598
[2020-11-28 01:08] EPOCH 0 Train Step 1499/42000, Batch Size = 64,                         Examples/Sec = 6148.60, Accuracy = 0.51, Loss = 1.603
[2020-11-28 01:08] EPOCH 0 Train Step 1599/42000, Batch Size = 64,                         Examples/Sec = 5753.01, Accuracy = 0.53, Loss = 1.597
[2020-11-28 01:08] EPOCH 0 Train Step 1699/42000, Batch Size = 64,                         Examples/Sec = 5411.02, Accuracy = 0.52, Loss = 1.625
[2020-11-28 01:08] EPOCH 0 Train Step 1799/42000, Batch Size = 64,                         Examples/Sec = 5605.25, Accuracy = 0.52, Loss = 1.593
[2020-11-28 01:08] EPOCH 0 Train Step 1899/42000, Batch Size = 64,                         Examples/Sec = 5964.30, Accuracy = 0.54, Loss = 1.590
[2020-11-28 01:08] EPOCH 0 Train Step 1999/42000, Batch Size = 64,                         Examples/Sec = 5755.48, Accuracy = 0.52, Loss = 1.619
[2020-11-28 01:08] EPOCH 0 Train Step 2099/42000, Batch Size = 64,                         Examples/Sec = 6162.29, Accuracy = 0.52, Loss = 1.562
[2020-11-28 01:08] EPOCH 0 Train Step 2199/42000, Batch Size = 64,                         Examples/Sec = 6171.36, Accuracy = 0.54, Loss = 1.482
[2020-11-28 01:08] EPOCH 0 Train Step 2299/42000, Batch Size = 64,                         Examples/Sec = 5682.86, Accuracy = 0.53, Loss = 1.531
[2020-11-28 01:08] EPOCH 0 Train Step 2399/42000, Batch Size = 64,                         Examples/Sec = 5697.94, Accuracy = 0.54, Loss = 1.528
[2020-11-28 01:08] EPOCH 0 Train Step 2499/42000, Batch Size = 64,                         Examples/Sec = 5600.22, Accuracy = 0.56, Loss = 1.480
[2020-11-28 01:08] EPOCH 0 Train Step 2599/42000, Batch Size = 64,                         Examples/Sec = 6234.42, Accuracy = 0.56, Loss = 1.464
[2020-11-28 01:08] EPOCH 0 Train Step 2699/42000, Batch Size = 64,                         Examples/Sec = 5517.91, Accuracy = 0.53, Loss = 1.551
[2020-11-28 01:08] EPOCH 0 Train Step 2799/42000, Batch Size = 64,                         Examples/Sec = 5835.30, Accuracy = 0.56, Loss = 1.458
[2020-11-28 01:08] EPOCH 0 Train Step 2899/42000, Batch Size = 64,                         Examples/Sec = 5358.63, Accuracy = 0.56, Loss = 1.476
[2020-11-28 01:08] EPOCH 0 Train Step 2999/42000, Batch Size = 64,                         Examples/Sec = 5720.03, Accuracy = 0.54, Loss = 1.482
[2020-11-28 01:08] EPOCH 0 Train Step 3099/42000, Batch Size = 64,                         Examples/Sec = 5753.38, Accuracy = 0.57, Loss = 1.447
[2020-11-28 01:08] EPOCH 0 Train Step 3199/42000, Batch Size = 64,                         Examples/Sec = 5689.96, Accuracy = 0.57, Loss = 1.469
[2020-11-28 01:08] EPOCH 0 Train Step 3299/42000, Batch Size = 64,                         Examples/Sec = 5735.07, Accuracy = 0.54, Loss = 1.516
[2020-11-28 01:09] EPOCH 0 Train Step 3399/42000, Batch Size = 64,                         Examples/Sec = 5563.31, Accuracy = 0.57, Loss = 1.428
[2020-11-28 01:09] EPOCH 0 Train Step 3499/42000, Batch Size = 64,                         Examples/Sec = 5742.67, Accuracy = 0.53, Loss = 1.513
[2020-11-28 01:09] EPOCH 0 Train Step 3599/42000, Batch Size = 64,                         Examples/Sec = 6334.16, Accuracy = 0.54, Loss = 1.561
[2020-11-28 01:09] EPOCH 0 Train Step 3699/42000, Batch Size = 64,                         Examples/Sec = 5867.57, Accuracy = 0.57, Loss = 1.431
[2020-11-28 01:09] EPOCH 0 Train Step 3799/42000, Batch Size = 64,                         Examples/Sec = 5808.41, Accuracy = 0.56, Loss = 1.470
[2020-11-28 01:09] EPOCH 0 Train Step 3899/42000, Batch Size = 64,                         Examples/Sec = 6043.80, Accuracy = 0.56, Loss = 1.428
[2020-11-28 01:09] EPOCH 0 Train Step 3999/42000, Batch Size = 64,                         Examples/Sec = 5759.55, Accuracy = 0.55, Loss = 1.510
[2020-11-28 01:09] EPOCH 0 Train Step 4099/42000, Batch Size = 64,                         Examples/Sec = 6144.09, Accuracy = 0.58, Loss = 1.406
[2020-11-28 01:09] EPOCH 0 Train Step 4199/42000, Batch Size = 64,                         Examples/Sec = 5829.22, Accuracy = 0.55, Loss = 1.497
[2020-11-28 01:09] EPOCH 0 Train Step 4299/42000, Batch Size = 64,                         Examples/Sec = 5959.01, Accuracy = 0.56, Loss = 1.440
[2020-11-28 01:09] EPOCH 0 Train Step 4399/42000, Batch Size = 64,                         Examples/Sec = 5589.14, Accuracy = 0.54, Loss = 1.519
[2020-11-28 01:09] EPOCH 0 Train Step 4499/42000, Batch Size = 64,                         Examples/Sec = 5373.98, Accuracy = 0.56, Loss = 1.411
[2020-11-28 01:09] EPOCH 0 Train Step 4599/42000, Batch Size = 64,                         Examples/Sec = 6166.54, Accuracy = 0.57, Loss = 1.406
[2020-11-28 01:09] EPOCH 0 Train Step 4699/42000, Batch Size = 64,                         Examples/Sec = 5453.68, Accuracy = 0.56, Loss = 1.496
[2020-11-28 01:09] EPOCH 0 Train Step 4799/42000, Batch Size = 64,                         Examples/Sec = 6043.53, Accuracy = 0.56, Loss = 1.445
[2020-11-28 01:09] EPOCH 0 Train Step 4899/42000, Batch Size = 64,                         Examples/Sec = 5918.67, Accuracy = 0.57, Loss = 1.382
[2020-11-28 01:09] EPOCH 0 Train Step 4999/42000, Batch Size = 64,                         Examples/Sec = 6088.77, Accuracy = 0.57, Loss = 1.403
[2020-11-28 01:09] EPOCH 0 Train Step 5099/42000, Batch Size = 64,                         Examples/Sec = 5663.79, Accuracy = 0.57, Loss = 1.376
[2020-11-28 01:09] EPOCH 0 Train Step 5199/42000, Batch Size = 64,                         Examples/Sec = 5558.48, Accuracy = 0.56, Loss = 1.432
[2020-11-28 01:09] EPOCH 0 Train Step 5299/42000, Batch Size = 64,                         Examples/Sec = 6102.89, Accuracy = 0.57, Loss = 1.429
[2020-11-28 01:09] EPOCH 0 Train Step 5399/42000, Batch Size = 64,                         Examples/Sec = 5709.08, Accuracy = 0.57, Loss = 1.412
[2020-11-28 01:09] EPOCH 0 Train Step 5499/42000, Batch Size = 64,                         Examples/Sec = 5682.86, Accuracy = 0.59, Loss = 1.348
[2020-11-28 01:09] EPOCH 0 Train Step 5599/42000, Batch Size = 64,                         Examples/Sec = 5955.57, Accuracy = 0.57, Loss = 1.415
[2020-11-28 01:09] EPOCH 0 Train Step 5699/42000, Batch Size = 64,                         Examples/Sec = 5783.75, Accuracy = 0.56, Loss = 1.416
[2020-11-28 01:09] EPOCH 0 Train Step 5799/42000, Batch Size = 64,                         Examples/Sec = 5909.55, Accuracy = 0.54, Loss = 1.469
[2020-11-28 01:09] EPOCH 0 Train Step 5899/42000, Batch Size = 64,                         Examples/Sec = 5756.83, Accuracy = 0.55, Loss = 1.474
[2020-11-28 01:09] EPOCH 0 Train Step 5999/42000, Batch Size = 64,                         Examples/Sec = 5742.92, Accuracy = 0.57, Loss = 1.433
[2020-11-28 01:09] EPOCH 0 Train Step 6099/42000, Batch Size = 64,                         Examples/Sec = 5747.34, Accuracy = 0.57, Loss = 1.409
[2020-11-28 01:09] EPOCH 0 Train Step 6199/42000, Batch Size = 64,                         Examples/Sec = 5598.59, Accuracy = 0.56, Loss = 1.424
[2020-11-28 01:09] EPOCH 0 Train Step 6299/42000, Batch Size = 64,                         Examples/Sec = 5538.18, Accuracy = 0.57, Loss = 1.385
[2020-11-28 01:09] EPOCH 0 Train Step 6399/42000, Batch Size = 64,                         Examples/Sec = 5687.55, Accuracy = 0.56, Loss = 1.443
[2020-11-28 01:09] EPOCH 0 Train Step 6499/42000, Batch Size = 64,                         Examples/Sec = 5749.81, Accuracy = 0.59, Loss = 1.348
[2020-11-28 01:09] EPOCH 0 Train Step 6599/42000, Batch Size = 64,                         Examples/Sec = 6398.33, Accuracy = 0.57, Loss = 1.395
[2020-11-28 01:09] EPOCH 0 Train Step 6699/42000, Batch Size = 64,                         Examples/Sec = 5664.27, Accuracy = 0.58, Loss = 1.363
[2020-11-28 01:09] EPOCH 0 Train Step 6799/42000, Batch Size = 64,                         Examples/Sec = 5804.89, Accuracy = 0.59, Loss = 1.332
[2020-11-28 01:09] EPOCH 0 Train Step 6899/42000, Batch Size = 64,                         Examples/Sec = 5779.14, Accuracy = 0.58, Loss = 1.397
[2020-11-28 01:09] EPOCH 0 Train Step 6999/42000, Batch Size = 64,                         Examples/Sec = 5611.46, Accuracy = 0.59, Loss = 1.348
[2020-11-28 01:09] EPOCH 0 Train Step 7099/42000, Batch Size = 64,                         Examples/Sec = 5514.85, Accuracy = 0.56, Loss = 1.423
[2020-11-28 01:09] EPOCH 0 Train Step 7199/42000, Batch Size = 64,                         Examples/Sec = 6130.76, Accuracy = 0.58, Loss = 1.342
[2020-11-28 01:10] EPOCH 0 Train Step 7299/42000, Batch Size = 64,                         Examples/Sec = 6054.71, Accuracy = 0.55, Loss = 1.467
[2020-11-28 01:10] EPOCH 0 Train Step 7399/42000, Batch Size = 64,                         Examples/Sec = 5871.93, Accuracy = 0.59, Loss = 1.341
[2020-11-28 01:10] EPOCH 0 Train Step 7499/42000, Batch Size = 64,                         Examples/Sec = 5665.23, Accuracy = 0.60, Loss = 1.316
[2020-11-28 01:10] EPOCH 0 Train Step 7599/42000, Batch Size = 64,                         Examples/Sec = 6095.26, Accuracy = 0.57, Loss = 1.365
[2020-11-28 01:10] EPOCH 0 Train Step 7699/42000, Batch Size = 64,                         Examples/Sec = 5437.33, Accuracy = 0.58, Loss = 1.354
[2020-11-28 01:10] EPOCH 0 Train Step 7799/42000, Batch Size = 64,                         Examples/Sec = 5630.53, Accuracy = 0.59, Loss = 1.319
[2020-11-28 01:10] EPOCH 0 Train Step 7899/42000, Batch Size = 64,                         Examples/Sec = 5610.99, Accuracy = 0.58, Loss = 1.364
[2020-11-28 01:10] EPOCH 0 Train Step 7999/42000, Batch Size = 64,                         Examples/Sec = 5988.65, Accuracy = 0.59, Loss = 1.329
[2020-11-28 01:10] EPOCH 0 Train Step 8099/42000, Batch Size = 64,                         Examples/Sec = 5593.10, Accuracy = 0.57, Loss = 1.376
[2020-11-28 01:10] EPOCH 0 Train Step 8199/42000, Batch Size = 64,                         Examples/Sec = 6180.02, Accuracy = 0.60, Loss = 1.335
[2020-11-28 01:10] EPOCH 0 Train Step 8299/42000, Batch Size = 64,                         Examples/Sec = 6057.71, Accuracy = 0.58, Loss = 1.369
[2020-11-28 01:10] EPOCH 0 Train Step 8399/42000, Batch Size = 64,                         Examples/Sec = 5470.79, Accuracy = 0.59, Loss = 1.331
[2020-11-28 01:10] EPOCH 0 Train Step 8499/42000, Batch Size = 64,                         Examples/Sec = 5574.64, Accuracy = 0.59, Loss = 1.329
[2020-11-28 01:10] EPOCH 0 Train Step 8599/42000, Batch Size = 64,                         Examples/Sec = 5590.77, Accuracy = 0.58, Loss = 1.330
[2020-11-28 01:10] EPOCH 0 Train Step 8699/42000, Batch Size = 64,                         Examples/Sec = 5609.70, Accuracy = 0.58, Loss = 1.381
[2020-11-28 01:10] EPOCH 0 Train Step 8799/42000, Batch Size = 64,                         Examples/Sec = 5906.43, Accuracy = 0.58, Loss = 1.319
[2020-11-28 01:10] EPOCH 0 Train Step 8899/42000, Batch Size = 64,                         Examples/Sec = 6325.51, Accuracy = 0.57, Loss = 1.397
[2020-11-28 01:10] EPOCH 0 Train Step 8999/42000, Batch Size = 64,                         Examples/Sec = 5589.84, Accuracy = 0.57, Loss = 1.397
[2020-11-28 01:10] EPOCH 0 Train Step 9099/42000, Batch Size = 64,                         Examples/Sec = 5766.85, Accuracy = 0.59, Loss = 1.320
[2020-11-28 01:10] EPOCH 0 Train Step 9199/42000, Batch Size = 64,                         Examples/Sec = 6020.89, Accuracy = 0.58, Loss = 1.382
[2020-11-28 01:10] EPOCH 0 Train Step 9299/42000, Batch Size = 64,                         Examples/Sec = 6125.59, Accuracy = 0.59, Loss = 1.316
[2020-11-28 01:10] EPOCH 0 Train Step 9399/42000, Batch Size = 64,                         Examples/Sec = 5802.00, Accuracy = 0.59, Loss = 1.339
[2020-11-28 01:10] EPOCH 0 Train Step 9499/42000, Batch Size = 64,                         Examples/Sec = 6209.90, Accuracy = 0.59, Loss = 1.394
[2020-11-28 01:10] EPOCH 0 Train Step 9599/42000, Batch Size = 64,                         Examples/Sec = 6086.97, Accuracy = 0.60, Loss = 1.314
[2020-11-28 01:10] EPOCH 0 Train Step 9699/42000, Batch Size = 64,                         Examples/Sec = 5472.80, Accuracy = 0.59, Loss = 1.306
[2020-11-28 01:10] EPOCH 0 Train Step 9799/42000, Batch Size = 64,                         Examples/Sec = 5348.60, Accuracy = 0.58, Loss = 1.312
[2020-11-28 01:10] EPOCH 0 Train Step 9899/42000, Batch Size = 64,                         Examples/Sec = 5754.49, Accuracy = 0.61, Loss = 1.265
[2020-11-28 01:10] EPOCH 0 Train Step 9999/42000, Batch Size = 64,                         Examples/Sec = 5627.11, Accuracy = 0.58, Loss = 1.284
[2020-11-28 01:10] EPOCH 0 Train Step 10099/42000, Batch Size = 64,                         Examples/Sec = 5782.88, Accuracy = 0.59, Loss = 1.323
[2020-11-28 01:10] EPOCH 0 Train Step 10199/42000, Batch Size = 64,                         Examples/Sec = 5472.36, Accuracy = 0.61, Loss = 1.310
[2020-11-28 01:10] EPOCH 0 Train Step 10299/42000, Batch Size = 64,                         Examples/Sec = 6022.11, Accuracy = 0.59, Loss = 1.341
[2020-11-28 01:10] EPOCH 0 Train Step 10399/42000, Batch Size = 64,                         Examples/Sec = 5569.43, Accuracy = 0.57, Loss = 1.348
[2020-11-28 01:10] EPOCH 0 Train Step 10499/42000, Batch Size = 64,                         Examples/Sec = 6066.34, Accuracy = 0.59, Loss = 1.345
[2020-11-28 01:10] EPOCH 0 Train Step 10599/42000, Batch Size = 64,                         Examples/Sec = 6434.83, Accuracy = 0.58, Loss = 1.402
[2020-11-28 01:10] EPOCH 0 Train Step 10699/42000, Batch Size = 64,                         Examples/Sec = 6117.49, Accuracy = 0.58, Loss = 1.359
[2020-11-28 01:10] EPOCH 0 Train Step 10799/42000, Batch Size = 64,                         Examples/Sec = 5784.62, Accuracy = 0.60, Loss = 1.317
[2020-11-28 01:10] EPOCH 0 Train Step 10899/42000, Batch Size = 64,                         Examples/Sec = 5480.96, Accuracy = 0.58, Loss = 1.347
[2020-11-28 01:10] EPOCH 0 Train Step 10999/42000, Batch Size = 64,                         Examples/Sec = 6127.82, Accuracy = 0.58, Loss = 1.357
[2020-11-28 01:10] EPOCH 0 Train Step 11099/42000, Batch Size = 64,                         Examples/Sec = 6075.26, Accuracy = 0.59, Loss = 1.286
[2020-11-28 01:11] EPOCH 0 Train Step 11199/42000, Batch Size = 64,                         Examples/Sec = 5980.12, Accuracy = 0.59, Loss = 1.340
[2020-11-28 01:11] EPOCH 0 Train Step 11299/42000, Batch Size = 64,                         Examples/Sec = 6043.12, Accuracy = 0.62, Loss = 1.269
[2020-11-28 01:11] EPOCH 0 Train Step 11399/42000, Batch Size = 64,                         Examples/Sec = 5421.19, Accuracy = 0.60, Loss = 1.317
[2020-11-28 01:11] EPOCH 0 Train Step 11499/42000, Batch Size = 64,                         Examples/Sec = 5578.69, Accuracy = 0.59, Loss = 1.307
[2020-11-28 01:11] EPOCH 0 Train Step 11599/42000, Batch Size = 64,                         Examples/Sec = 5934.64, Accuracy = 0.59, Loss = 1.331
[2020-11-28 01:11] EPOCH 0 Train Step 11699/42000, Batch Size = 64,                         Examples/Sec = 5885.32, Accuracy = 0.59, Loss = 1.342
[2020-11-28 01:11] EPOCH 0 Train Step 11799/42000, Batch Size = 64,                         Examples/Sec = 5935.42, Accuracy = 0.59, Loss = 1.309
[2020-11-28 01:11] EPOCH 0 Train Step 11899/42000, Batch Size = 64,                         Examples/Sec = 5717.23, Accuracy = 0.61, Loss = 1.294
[2020-11-28 01:11] EPOCH 0 Train Step 11999/42000, Batch Size = 64,                         Examples/Sec = 5969.88, Accuracy = 0.61, Loss = 1.284
[2020-11-28 01:11] EPOCH 0 Train Step 12099/42000, Batch Size = 64,                         Examples/Sec = 5992.93, Accuracy = 0.61, Loss = 1.276
[2020-11-28 01:11] EPOCH 0 Train Step 12199/42000, Batch Size = 64,                         Examples/Sec = 5546.65, Accuracy = 0.61, Loss = 1.290
[2020-11-28 01:11] EPOCH 0 Train Step 12299/42000, Batch Size = 64,                         Examples/Sec = 6016.71, Accuracy = 0.59, Loss = 1.300
[2020-11-28 01:11] EPOCH 0 Train Step 12399/42000, Batch Size = 64,                         Examples/Sec = 6006.61, Accuracy = 0.60, Loss = 1.301
[2020-11-28 01:11] EPOCH 0 Train Step 12499/42000, Batch Size = 64,                         Examples/Sec = 4895.42, Accuracy = 0.57, Loss = 1.405
[2020-11-28 01:11] EPOCH 0 Train Step 12599/42000, Batch Size = 64,                         Examples/Sec = 6005.67, Accuracy = 0.59, Loss = 1.318
[2020-11-28 01:11] EPOCH 0 Train Step 12699/42000, Batch Size = 64,                         Examples/Sec = 5587.17, Accuracy = 0.62, Loss = 1.281
[2020-11-28 01:11] EPOCH 0 Train Step 12799/42000, Batch Size = 64,                         Examples/Sec = 5540.12, Accuracy = 0.60, Loss = 1.331
[2020-11-28 01:11] EPOCH 0 Train Step 12899/42000, Batch Size = 64,                         Examples/Sec = 5803.63, Accuracy = 0.58, Loss = 1.330
[2020-11-28 01:11] EPOCH 0 Train Step 12999/42000, Batch Size = 64,                         Examples/Sec = 5998.56, Accuracy = 0.60, Loss = 1.289
[2020-11-28 01:11] EPOCH 0 Train Step 13099/42000, Batch Size = 64,                         Examples/Sec = 5174.86, Accuracy = 0.59, Loss = 1.286
[2020-11-28 01:11] EPOCH 0 Train Step 13199/42000, Batch Size = 64,                         Examples/Sec = 6238.33, Accuracy = 0.60, Loss = 1.296
[2020-11-28 01:11] EPOCH 0 Train Step 13299/42000, Batch Size = 64,                         Examples/Sec = 5920.50, Accuracy = 0.60, Loss = 1.330
[2020-11-28 01:11] EPOCH 0 Train Step 13399/42000, Batch Size = 64,                         Examples/Sec = 6088.63, Accuracy = 0.61, Loss = 1.267
[2020-11-28 01:11] EPOCH 0 Train Step 13499/42000, Batch Size = 64,                         Examples/Sec = 6378.41, Accuracy = 0.57, Loss = 1.345
[2020-11-28 01:11] EPOCH 0 Train Step 13599/42000, Batch Size = 64,                         Examples/Sec = 6187.00, Accuracy = 0.59, Loss = 1.330
[2020-11-28 01:11] EPOCH 0 Train Step 13699/42000, Batch Size = 64,                         Examples/Sec = 5933.59, Accuracy = 0.58, Loss = 1.343
[2020-11-28 01:11] EPOCH 0 Train Step 13799/42000, Batch Size = 64,                         Examples/Sec = 6176.18, Accuracy = 0.58, Loss = 1.303
[2020-11-28 01:11] EPOCH 0 Train Step 13899/42000, Batch Size = 64,                         Examples/Sec = 6031.31, Accuracy = 0.60, Loss = 1.323
[2020-11-28 01:11] EPOCH 0 Train Step 13999/42000, Batch Size = 64,                         Examples/Sec = 6149.58, Accuracy = 0.57, Loss = 1.332
[2020-11-28 01:11] EPOCH 0 Train Step 14099/42000, Batch Size = 64,                         Examples/Sec = 6149.02, Accuracy = 0.59, Loss = 1.317
[2020-11-28 01:11] EPOCH 0 Train Step 14199/42000, Batch Size = 64,                         Examples/Sec = 5998.96, Accuracy = 0.62, Loss = 1.272
[2020-11-28 01:11] EPOCH 0 Train Step 14299/42000, Batch Size = 64,                         Examples/Sec = 6041.63, Accuracy = 0.62, Loss = 1.246
[2020-11-28 01:11] EPOCH 0 Train Step 14399/42000, Batch Size = 64,                         Examples/Sec = 5547.79, Accuracy = 0.58, Loss = 1.336
[2020-11-28 01:11] EPOCH 0 Train Step 14499/42000, Batch Size = 64,                         Examples/Sec = 6106.50, Accuracy = 0.60, Loss = 1.292
[2020-11-28 01:11] EPOCH 0 Train Step 14599/42000, Batch Size = 64,                         Examples/Sec = 5908.38, Accuracy = 0.62, Loss = 1.244
[2020-11-28 01:11] EPOCH 0 Train Step 14699/42000, Batch Size = 64,                         Examples/Sec = 5674.69, Accuracy = 0.59, Loss = 1.345
[2020-11-28 01:11] EPOCH 0 Train Step 14799/42000, Batch Size = 64,                         Examples/Sec = 6014.01, Accuracy = 0.59, Loss = 1.312
[2020-11-28 01:11] EPOCH 0 Train Step 14899/42000, Batch Size = 64,                         Examples/Sec = 5974.26, Accuracy = 0.59, Loss = 1.278
[2020-11-28 01:11] EPOCH 0 Train Step 14999/42000, Batch Size = 64,                         Examples/Sec = 5503.88, Accuracy = 0.60, Loss = 1.274
[2020-11-28 01:12] EPOCH 0 Train Step 15099/42000, Batch Size = 64,                         Examples/Sec = 6233.41, Accuracy = 0.60, Loss = 1.314
[2020-11-28 01:12] EPOCH 0 Train Step 15199/42000, Batch Size = 64,                         Examples/Sec = 6154.80, Accuracy = 0.58, Loss = 1.384
[2020-11-28 01:12] EPOCH 0 Train Step 15299/42000, Batch Size = 64,                         Examples/Sec = 5872.32, Accuracy = 0.61, Loss = 1.247
[2020-11-28 01:12] EPOCH 0 Train Step 15399/42000, Batch Size = 64,                         Examples/Sec = 5568.39, Accuracy = 0.61, Loss = 1.298
[2020-11-28 01:12] EPOCH 0 Train Step 15499/42000, Batch Size = 64,                         Examples/Sec = 6124.61, Accuracy = 0.61, Loss = 1.248
[2020-11-28 01:12] EPOCH 0 Train Step 15599/42000, Batch Size = 64,                         Examples/Sec = 5536.81, Accuracy = 0.59, Loss = 1.296
[2020-11-28 01:12] EPOCH 0 Train Step 15699/42000, Batch Size = 64,                         Examples/Sec = 6024.00, Accuracy = 0.59, Loss = 1.296
[2020-11-28 01:12] EPOCH 0 Train Step 15799/42000, Batch Size = 64,                         Examples/Sec = 6137.91, Accuracy = 0.61, Loss = 1.269
[2020-11-28 01:12] EPOCH 0 Train Step 15899/42000, Batch Size = 64,                         Examples/Sec = 5554.22, Accuracy = 0.59, Loss = 1.287
[2020-11-28 01:12] EPOCH 0 Train Step 15999/42000, Batch Size = 64,                         Examples/Sec = 5862.83, Accuracy = 0.62, Loss = 1.218
[2020-11-28 01:12] EPOCH 0 Train Step 16099/42000, Batch Size = 64,                         Examples/Sec = 5934.37, Accuracy = 0.60, Loss = 1.265
[2020-11-28 01:12] EPOCH 0 Train Step 16199/42000, Batch Size = 64,                         Examples/Sec = 5931.62, Accuracy = 0.59, Loss = 1.277
[2020-11-28 01:12] EPOCH 0 Train Step 16299/42000, Batch Size = 64,                         Examples/Sec = 6115.26, Accuracy = 0.61, Loss = 1.266
[2020-11-28 01:12] EPOCH 0 Train Step 16399/42000, Batch Size = 64,                         Examples/Sec = 6237.90, Accuracy = 0.59, Loss = 1.314
[2020-11-28 01:12] EPOCH 0 Train Step 16499/42000, Batch Size = 64,                         Examples/Sec = 5507.27, Accuracy = 0.63, Loss = 1.229
[2020-11-28 01:12] EPOCH 0 Train Step 16599/42000, Batch Size = 64,                         Examples/Sec = 5820.12, Accuracy = 0.58, Loss = 1.299
[2020-11-28 01:12] EPOCH 0 Train Step 16699/42000, Batch Size = 64,                         Examples/Sec = 6274.50, Accuracy = 0.62, Loss = 1.247
[2020-11-28 01:12] EPOCH 0 Train Step 16799/42000, Batch Size = 64,                         Examples/Sec = 5993.60, Accuracy = 0.60, Loss = 1.279
[2020-11-28 01:12] EPOCH 0 Train Step 16899/42000, Batch Size = 64,                         Examples/Sec = 6212.92, Accuracy = 0.61, Loss = 1.236
[2020-11-28 01:12] EPOCH 0 Train Step 16999/42000, Batch Size = 64,                         Examples/Sec = 6111.50, Accuracy = 0.57, Loss = 1.372
[2020-11-28 01:12] EPOCH 0 Train Step 17099/42000, Batch Size = 64,                         Examples/Sec = 5999.50, Accuracy = 0.59, Loss = 1.309
[2020-11-28 01:12] EPOCH 0 Train Step 17199/42000, Batch Size = 64,                         Examples/Sec = 5648.42, Accuracy = 0.61, Loss = 1.300
[2020-11-28 01:12] EPOCH 0 Train Step 17299/42000, Batch Size = 64,                         Examples/Sec = 5836.19, Accuracy = 0.65, Loss = 1.201
[2020-11-28 01:12] EPOCH 0 Train Step 17399/42000, Batch Size = 64,                         Examples/Sec = 5815.33, Accuracy = 0.61, Loss = 1.223
[2020-11-28 01:12] EPOCH 0 Train Step 17499/42000, Batch Size = 64,                         Examples/Sec = 5631.36, Accuracy = 0.59, Loss = 1.295
[2020-11-28 01:12] EPOCH 0 Train Step 17599/42000, Batch Size = 64,                         Examples/Sec = 6007.28, Accuracy = 0.60, Loss = 1.273
[2020-11-28 01:12] EPOCH 0 Train Step 17699/42000, Batch Size = 64,                         Examples/Sec = 6202.58, Accuracy = 0.59, Loss = 1.328
[2020-11-28 01:12] EPOCH 0 Train Step 17799/42000, Batch Size = 64,                         Examples/Sec = 5545.16, Accuracy = 0.59, Loss = 1.268
[2020-11-28 01:12] EPOCH 0 Train Step 17899/42000, Batch Size = 64,                         Examples/Sec = 6217.53, Accuracy = 0.60, Loss = 1.264
[2020-11-28 01:12] EPOCH 0 Train Step 17999/42000, Batch Size = 64,                         Examples/Sec = 5968.02, Accuracy = 0.61, Loss = 1.294
[2020-11-28 01:12] EPOCH 0 Train Step 18099/42000, Batch Size = 64,                         Examples/Sec = 6214.22, Accuracy = 0.59, Loss = 1.299
[2020-11-28 01:12] EPOCH 0 Train Step 18199/42000, Batch Size = 64,                         Examples/Sec = 5959.67, Accuracy = 0.59, Loss = 1.302
[2020-11-28 01:12] EPOCH 0 Train Step 18299/42000, Batch Size = 64,                         Examples/Sec = 5894.89, Accuracy = 0.60, Loss = 1.316
[2020-11-28 01:12] EPOCH 0 Train Step 18399/42000, Batch Size = 64,                         Examples/Sec = 5392.44, Accuracy = 0.61, Loss = 1.245
[2020-11-28 01:12] EPOCH 0 Train Step 18499/42000, Batch Size = 64,                         Examples/Sec = 6050.34, Accuracy = 0.60, Loss = 1.290
[2020-11-28 01:12] EPOCH 0 Train Step 18599/42000, Batch Size = 64,                         Examples/Sec = 5674.21, Accuracy = 0.60, Loss = 1.292
[2020-11-28 01:12] EPOCH 0 Train Step 18699/42000, Batch Size = 64,                         Examples/Sec = 5653.53, Accuracy = 0.61, Loss = 1.273
[2020-11-28 01:12] EPOCH 0 Train Step 18799/42000, Batch Size = 64,                         Examples/Sec = 6240.65, Accuracy = 0.59, Loss = 1.274
[2020-11-28 01:12] EPOCH 0 Train Step 18899/42000, Batch Size = 64,                         Examples/Sec = 5675.05, Accuracy = 0.61, Loss = 1.284
[2020-11-28 01:12] EPOCH 0 Train Step 18999/42000, Batch Size = 64,                         Examples/Sec = 5942.52, Accuracy = 0.60, Loss = 1.264
[2020-11-28 01:13] EPOCH 0 Train Step 19099/42000, Batch Size = 64,                         Examples/Sec = 5898.00, Accuracy = 0.61, Loss = 1.257
[2020-11-28 01:13] EPOCH 0 Train Step 19199/42000, Batch Size = 64,                         Examples/Sec = 5546.76, Accuracy = 0.59, Loss = 1.312
[2020-11-28 01:13] EPOCH 0 Train Step 19299/42000, Batch Size = 64,                         Examples/Sec = 6181.45, Accuracy = 0.60, Loss = 1.255
[2020-11-28 01:13] EPOCH 0 Train Step 19399/42000, Batch Size = 64,                         Examples/Sec = 5654.84, Accuracy = 0.62, Loss = 1.233
[2020-11-28 01:13] EPOCH 0 Train Step 19499/42000, Batch Size = 64,                         Examples/Sec = 6262.78, Accuracy = 0.61, Loss = 1.280
[2020-11-28 01:13] EPOCH 0 Train Step 19599/42000, Batch Size = 64,                         Examples/Sec = 5561.24, Accuracy = 0.61, Loss = 1.247
[2020-11-28 01:13] EPOCH 0 Train Step 19699/42000, Batch Size = 64,                         Examples/Sec = 6114.42, Accuracy = 0.60, Loss = 1.224
[2020-11-28 01:13] EPOCH 0 Train Step 19799/42000, Batch Size = 64,                         Examples/Sec = 6228.49, Accuracy = 0.61, Loss = 1.265
[2020-11-28 01:13] EPOCH 0 Train Step 19899/42000, Batch Size = 64,                         Examples/Sec = 5536.46, Accuracy = 0.61, Loss = 1.247
[2020-11-28 01:13] EPOCH 0 Train Step 19999/42000, Batch Size = 64,                         Examples/Sec = 6032.53, Accuracy = 0.62, Loss = 1.227
[2020-11-28 01:13] EPOCH 0 Train Step 20099/42000, Batch Size = 64,                         Examples/Sec = 6149.02, Accuracy = 0.59, Loss = 1.245
[2020-11-28 01:13] EPOCH 0 Train Step 20199/42000, Batch Size = 64,                         Examples/Sec = 6197.00, Accuracy = 0.59, Loss = 1.293
[2020-11-28 01:13] EPOCH 0 Train Step 20299/42000, Batch Size = 64,                         Examples/Sec = 5768.34, Accuracy = 0.60, Loss = 1.285
[2020-11-28 01:13] EPOCH 0 Train Step 20399/42000, Batch Size = 64,                         Examples/Sec = 5996.15, Accuracy = 0.63, Loss = 1.209
[2020-11-28 01:13] EPOCH 0 Train Step 20499/42000, Batch Size = 64,                         Examples/Sec = 5862.32, Accuracy = 0.61, Loss = 1.231
[2020-11-28 01:13] EPOCH 0 Train Step 20599/42000, Batch Size = 64,                         Examples/Sec = 5987.32, Accuracy = 0.62, Loss = 1.261
[2020-11-28 01:13] EPOCH 0 Train Step 20699/42000, Batch Size = 64,                         Examples/Sec = 6134.97, Accuracy = 0.61, Loss = 1.277
[2020-11-28 01:13] EPOCH 0 Train Step 20799/42000, Batch Size = 64,                         Examples/Sec = 5550.77, Accuracy = 0.61, Loss = 1.244
[2020-11-28 01:13] EPOCH 0 Train Step 20899/42000, Batch Size = 64,                         Examples/Sec = 6045.03, Accuracy = 0.60, Loss = 1.258
[2020-11-28 01:13] EPOCH 0 Train Step 20999/42000, Batch Size = 64,                         Examples/Sec = 6090.42, Accuracy = 0.59, Loss = 1.296
[2020-11-28 01:13] EPOCH 0 Train Step 21099/42000, Batch Size = 64,                         Examples/Sec = 5864.49, Accuracy = 0.60, Loss = 1.269
[2020-11-28 01:13] EPOCH 0 Train Step 21199/42000, Batch Size = 64,                         Examples/Sec = 5871.81, Accuracy = 0.60, Loss = 1.241
[2020-11-28 01:13] EPOCH 0 Train Step 21299/42000, Batch Size = 64,                         Examples/Sec = 5976.39, Accuracy = 0.62, Loss = 1.215
[2020-11-28 01:13] EPOCH 1 Train Step 21399/42000, Batch Size = 64,                         Examples/Sec = 5956.89, Accuracy = 0.63, Loss = 1.213
[2020-11-28 01:13] EPOCH 1 Train Step 21499/42000, Batch Size = 64,                         Examples/Sec = 5685.87, Accuracy = 0.61, Loss = 1.275
[2020-11-28 01:13] EPOCH 1 Train Step 21599/42000, Batch Size = 64,                         Examples/Sec = 5864.37, Accuracy = 0.62, Loss = 1.235
[2020-11-28 01:13] EPOCH 1 Train Step 21699/42000, Batch Size = 64,                         Examples/Sec = 6074.71, Accuracy = 0.61, Loss = 1.240
[2020-11-28 01:13] EPOCH 1 Train Step 21799/42000, Batch Size = 64,                         Examples/Sec = 5898.12, Accuracy = 0.61, Loss = 1.272
[2020-11-28 01:13] EPOCH 1 Train Step 21899/42000, Batch Size = 64,                         Examples/Sec = 5704.35, Accuracy = 0.59, Loss = 1.291
[2020-11-28 01:13] EPOCH 1 Train Step 21999/42000, Batch Size = 64,                         Examples/Sec = 5930.83, Accuracy = 0.61, Loss = 1.237
[2020-11-28 01:13] EPOCH 1 Train Step 22099/42000, Batch Size = 64,                         Examples/Sec = 6190.43, Accuracy = 0.62, Loss = 1.222
[2020-11-28 01:13] EPOCH 1 Train Step 22199/42000, Batch Size = 64,                         Examples/Sec = 6239.78, Accuracy = 0.61, Loss = 1.211
[2020-11-28 01:13] EPOCH 1 Train Step 22299/42000, Batch Size = 64,                         Examples/Sec = 5551.69, Accuracy = 0.60, Loss = 1.235
[2020-11-28 01:13] EPOCH 1 Train Step 22399/42000, Batch Size = 64,                         Examples/Sec = 5899.55, Accuracy = 0.62, Loss = 1.218
[2020-11-28 01:13] EPOCH 1 Train Step 22499/42000, Batch Size = 64,                         Examples/Sec = 5930.31, Accuracy = 0.62, Loss = 1.224
[2020-11-28 01:13] EPOCH 1 Train Step 22599/42000, Batch Size = 64,                         Examples/Sec = 5685.02, Accuracy = 0.62, Loss = 1.204
[2020-11-28 01:13] EPOCH 1 Train Step 22699/42000, Batch Size = 64,                         Examples/Sec = 5715.28, Accuracy = 0.59, Loss = 1.300
[2020-11-28 01:13] EPOCH 1 Train Step 22799/42000, Batch Size = 64,                         Examples/Sec = 5605.95, Accuracy = 0.61, Loss = 1.230
[2020-11-28 01:13] EPOCH 1 Train Step 22899/42000, Batch Size = 64,                         Examples/Sec = 5696.36, Accuracy = 0.61, Loss = 1.225
[2020-11-28 01:14] EPOCH 1 Train Step 22999/42000, Batch Size = 64,                         Examples/Sec = 6135.67, Accuracy = 0.60, Loss = 1.261
[2020-11-28 01:14] EPOCH 1 Train Step 23099/42000, Batch Size = 64,                         Examples/Sec = 5877.08, Accuracy = 0.60, Loss = 1.319
[2020-11-28 01:14] EPOCH 1 Train Step 23199/42000, Batch Size = 64,                         Examples/Sec = 5769.70, Accuracy = 0.61, Loss = 1.237
[2020-11-28 01:14] EPOCH 1 Train Step 23299/42000, Batch Size = 64,                         Examples/Sec = 6202.01, Accuracy = 0.61, Loss = 1.235
[2020-11-28 01:14] EPOCH 1 Train Step 23399/42000, Batch Size = 64,                         Examples/Sec = 6152.68, Accuracy = 0.62, Loss = 1.200
[2020-11-28 01:14] EPOCH 1 Train Step 23499/42000, Batch Size = 64,                         Examples/Sec = 5667.14, Accuracy = 0.64, Loss = 1.207
[2020-11-28 01:14] EPOCH 1 Train Step 23599/42000, Batch Size = 64,                         Examples/Sec = 6232.68, Accuracy = 0.62, Loss = 1.216
[2020-11-28 01:14] EPOCH 1 Train Step 23699/42000, Batch Size = 64,                         Examples/Sec = 5869.37, Accuracy = 0.61, Loss = 1.236
[2020-11-28 01:14] EPOCH 1 Train Step 23799/42000, Batch Size = 64,                         Examples/Sec = 6210.05, Accuracy = 0.61, Loss = 1.280
[2020-11-28 01:14] EPOCH 1 Train Step 23899/42000, Batch Size = 64,                         Examples/Sec = 5825.17, Accuracy = 0.62, Loss = 1.204
[2020-11-28 01:14] EPOCH 1 Train Step 23999/42000, Batch Size = 64,                         Examples/Sec = 5583.68, Accuracy = 0.62, Loss = 1.236
[2020-11-28 01:14] EPOCH 1 Train Step 24099/42000, Batch Size = 64,                         Examples/Sec = 5440.19, Accuracy = 0.61, Loss = 1.216
[2020-11-28 01:14] EPOCH 1 Train Step 24199/42000, Batch Size = 64,                         Examples/Sec = 6006.88, Accuracy = 0.62, Loss = 1.201
[2020-11-28 01:14] EPOCH 1 Train Step 24299/42000, Batch Size = 64,                         Examples/Sec = 5931.62, Accuracy = 0.60, Loss = 1.240
[2020-11-28 01:14] EPOCH 1 Train Step 24399/42000, Batch Size = 64,                         Examples/Sec = 5467.79, Accuracy = 0.62, Loss = 1.232
[2020-11-28 01:14] EPOCH 1 Train Step 24499/42000, Batch Size = 64,                         Examples/Sec = 5678.77, Accuracy = 0.62, Loss = 1.227
[2020-11-28 01:14] EPOCH 1 Train Step 24599/42000, Batch Size = 64,                         Examples/Sec = 6025.08, Accuracy = 0.61, Loss = 1.239
[2020-11-28 01:14] EPOCH 1 Train Step 24699/42000, Batch Size = 64,                         Examples/Sec = 6145.22, Accuracy = 0.63, Loss = 1.167
[2020-11-28 01:14] EPOCH 1 Train Step 24799/42000, Batch Size = 64,                         Examples/Sec = 5554.56, Accuracy = 0.60, Loss = 1.280
[2020-11-28 01:14] EPOCH 1 Train Step 24899/42000, Batch Size = 64,                         Examples/Sec = 5612.99, Accuracy = 0.60, Loss = 1.263
[2020-11-28 01:14] EPOCH 1 Train Step 24999/42000, Batch Size = 64,                         Examples/Sec = 5545.96, Accuracy = 0.61, Loss = 1.246
[2020-11-28 01:14] EPOCH 1 Train Step 25099/42000, Batch Size = 64,                         Examples/Sec = 6228.63, Accuracy = 0.60, Loss = 1.239
[2020-11-28 01:14] EPOCH 1 Train Step 25199/42000, Batch Size = 64,                         Examples/Sec = 5565.62, Accuracy = 0.60, Loss = 1.289
[2020-11-28 01:14] EPOCH 1 Train Step 25299/42000, Batch Size = 64,                         Examples/Sec = 6264.39, Accuracy = 0.62, Loss = 1.217
[2020-11-28 01:14] EPOCH 1 Train Step 25399/42000, Batch Size = 64,                         Examples/Sec = 6213.93, Accuracy = 0.61, Loss = 1.251
[2020-11-28 01:14] EPOCH 1 Train Step 25499/42000, Batch Size = 64,                         Examples/Sec = 6165.97, Accuracy = 0.60, Loss = 1.293
[2020-11-28 01:14] EPOCH 1 Train Step 25599/42000, Batch Size = 64,                         Examples/Sec = 5552.15, Accuracy = 0.61, Loss = 1.241
[2020-11-28 01:14] EPOCH 1 Train Step 25699/42000, Batch Size = 64,                         Examples/Sec = 6116.51, Accuracy = 0.60, Loss = 1.278
[2020-11-28 01:14] EPOCH 1 Train Step 25799/42000, Batch Size = 64,                         Examples/Sec = 6089.04, Accuracy = 0.64, Loss = 1.192
[2020-11-28 01:14] EPOCH 1 Train Step 25899/42000, Batch Size = 64,                         Examples/Sec = 5552.96, Accuracy = 0.59, Loss = 1.245
[2020-11-28 01:14] EPOCH 1 Train Step 25999/42000, Batch Size = 64,                         Examples/Sec = 5875.02, Accuracy = 0.61, Loss = 1.241
[2020-11-28 01:14] EPOCH 1 Train Step 26099/42000, Batch Size = 64,                         Examples/Sec = 5420.75, Accuracy = 0.61, Loss = 1.247
[2020-11-28 01:14] EPOCH 1 Train Step 26199/42000, Batch Size = 64,                         Examples/Sec = 6202.15, Accuracy = 0.58, Loss = 1.304
[2020-11-28 01:14] EPOCH 1 Train Step 26299/42000, Batch Size = 64,                         Examples/Sec = 6123.49, Accuracy = 0.61, Loss = 1.229
[2020-11-28 01:14] EPOCH 1 Train Step 26399/42000, Batch Size = 64,                         Examples/Sec = 5565.62, Accuracy = 0.61, Loss = 1.233
[2020-11-28 01:14] EPOCH 1 Train Step 26499/42000, Batch Size = 64,                         Examples/Sec = 5933.46, Accuracy = 0.62, Loss = 1.219
[2020-11-28 01:14] EPOCH 1 Train Step 26599/42000, Batch Size = 64,                         Examples/Sec = 5941.86, Accuracy = 0.62, Loss = 1.236
[2020-11-28 01:14] EPOCH 1 Train Step 26699/42000, Batch Size = 64,                         Examples/Sec = 5883.26, Accuracy = 0.63, Loss = 1.154
[2020-11-28 01:14] EPOCH 1 Train Step 26799/42000, Batch Size = 64,                         Examples/Sec = 5681.77, Accuracy = 0.61, Loss = 1.269
[2020-11-28 01:15] EPOCH 1 Train Step 26899/42000, Batch Size = 64,                         Examples/Sec = 6174.48, Accuracy = 0.62, Loss = 1.196
[2020-11-28 01:15] EPOCH 1 Train Step 26999/42000, Batch Size = 64,                         Examples/Sec = 5076.89, Accuracy = 0.62, Loss = 1.213
[2020-11-28 01:15] EPOCH 1 Train Step 27099/42000, Batch Size = 64,                         Examples/Sec = 5670.01, Accuracy = 0.61, Loss = 1.228
[2020-11-28 01:15] EPOCH 1 Train Step 27199/42000, Batch Size = 64,                         Examples/Sec = 5425.35, Accuracy = 0.61, Loss = 1.219
[2020-11-28 01:15] EPOCH 1 Train Step 27299/42000, Batch Size = 64,                         Examples/Sec = 6024.68, Accuracy = 0.61, Loss = 1.218
[2020-11-28 01:15] EPOCH 1 Train Step 27399/42000, Batch Size = 64,                         Examples/Sec = 5549.17, Accuracy = 0.60, Loss = 1.257
[2020-11-28 01:15] EPOCH 1 Train Step 27499/42000, Batch Size = 64,                         Examples/Sec = 5316.19, Accuracy = 0.61, Loss = 1.235
[2020-11-28 01:15] EPOCH 1 Train Step 27599/42000, Batch Size = 64,                         Examples/Sec = 5546.65, Accuracy = 0.62, Loss = 1.216
[2020-11-28 01:15] EPOCH 1 Train Step 27699/42000, Batch Size = 64,                         Examples/Sec = 6072.93, Accuracy = 0.61, Loss = 1.275
[2020-11-28 01:15] EPOCH 1 Train Step 27799/42000, Batch Size = 64,                         Examples/Sec = 5965.50, Accuracy = 0.63, Loss = 1.174
[2020-11-28 01:15] EPOCH 1 Train Step 27899/42000, Batch Size = 64,                         Examples/Sec = 5573.36, Accuracy = 0.61, Loss = 1.262
[2020-11-28 01:15] EPOCH 1 Train Step 27999/42000, Batch Size = 64,                         Examples/Sec = 5953.72, Accuracy = 0.62, Loss = 1.254
[2020-11-28 01:15] EPOCH 1 Train Step 28099/42000, Batch Size = 64,                         Examples/Sec = 6227.19, Accuracy = 0.61, Loss = 1.240
[2020-11-28 01:15] EPOCH 1 Train Step 28199/42000, Batch Size = 64,                         Examples/Sec = 5556.29, Accuracy = 0.62, Loss = 1.195
[2020-11-28 01:15] EPOCH 1 Train Step 28299/42000, Batch Size = 64,                         Examples/Sec = 6222.43, Accuracy = 0.60, Loss = 1.257
[2020-11-28 01:15] EPOCH 1 Train Step 28399/42000, Batch Size = 64,                         Examples/Sec = 5616.27, Accuracy = 0.61, Loss = 1.201
[2020-11-28 01:15] EPOCH 1 Train Step 28499/42000, Batch Size = 64,                         Examples/Sec = 6218.53, Accuracy = 0.61, Loss = 1.233
[2020-11-28 01:15] EPOCH 1 Train Step 28599/42000, Batch Size = 64,                         Examples/Sec = 6178.74, Accuracy = 0.61, Loss = 1.195
[2020-11-28 01:15] EPOCH 1 Train Step 28699/42000, Batch Size = 64,                         Examples/Sec = 5983.45, Accuracy = 0.60, Loss = 1.270
[2020-11-28 01:15] EPOCH 1 Train Step 28799/42000, Batch Size = 64,                         Examples/Sec = 5542.75, Accuracy = 0.62, Loss = 1.231
[2020-11-28 01:15] EPOCH 1 Train Step 28899/42000, Batch Size = 64,                         Examples/Sec = 6133.00, Accuracy = 0.61, Loss = 1.244
[2020-11-28 01:15] EPOCH 1 Train Step 28999/42000, Batch Size = 64,                         Examples/Sec = 5641.18, Accuracy = 0.62, Loss = 1.199
[2020-11-28 01:15] EPOCH 1 Train Step 29099/42000, Batch Size = 64,                         Examples/Sec = 6085.73, Accuracy = 0.63, Loss = 1.162
[2020-11-28 01:15] EPOCH 1 Train Step 29199/42000, Batch Size = 64,                         Examples/Sec = 6455.26, Accuracy = 0.61, Loss = 1.263
[2020-11-28 01:15] EPOCH 1 Train Step 29299/42000, Batch Size = 64,                         Examples/Sec = 6180.31, Accuracy = 0.62, Loss = 1.205
[2020-11-28 01:15] EPOCH 1 Train Step 29399/42000, Batch Size = 64,                         Examples/Sec = 6021.57, Accuracy = 0.61, Loss = 1.247
[2020-11-28 01:15] EPOCH 1 Train Step 29499/42000, Batch Size = 64,                         Examples/Sec = 5881.71, Accuracy = 0.62, Loss = 1.183
[2020-11-28 01:15] EPOCH 1 Train Step 29599/42000, Batch Size = 64,                         Examples/Sec = 5853.11, Accuracy = 0.61, Loss = 1.239
[2020-11-28 01:15] EPOCH 1 Train Step 29699/42000, Batch Size = 64,                         Examples/Sec = 5541.49, Accuracy = 0.63, Loss = 1.203
[2020-11-28 01:15] EPOCH 1 Train Step 29799/42000, Batch Size = 64,                         Examples/Sec = 5434.91, Accuracy = 0.63, Loss = 1.203
[2020-11-28 01:15] EPOCH 1 Train Step 29899/42000, Batch Size = 64,                         Examples/Sec = 6244.57, Accuracy = 0.62, Loss = 1.190
[2020-11-28 01:15] EPOCH 1 Train Step 29999/42000, Batch Size = 64,                         Examples/Sec = 6152.97, Accuracy = 0.61, Loss = 1.228
[2020-11-28 01:15] EPOCH 1 Train Step 30099/42000, Batch Size = 64,                         Examples/Sec = 6262.35, Accuracy = 0.65, Loss = 1.173
[2020-11-28 01:15] EPOCH 1 Train Step 30199/42000, Batch Size = 64,                         Examples/Sec = 5749.31, Accuracy = 0.62, Loss = 1.211
[2020-11-28 01:15] EPOCH 1 Train Step 30299/42000, Batch Size = 64,                         Examples/Sec = 5607.36, Accuracy = 0.62, Loss = 1.256
[2020-11-28 01:15] EPOCH 1 Train Step 30399/42000, Batch Size = 64,                         Examples/Sec = 6106.50, Accuracy = 0.61, Loss = 1.224
[2020-11-28 01:15] EPOCH 1 Train Step 30499/42000, Batch Size = 64,                         Examples/Sec = 6114.84, Accuracy = 0.62, Loss = 1.216
[2020-11-28 01:15] EPOCH 1 Train Step 30599/42000, Batch Size = 64,                         Examples/Sec = 5279.90, Accuracy = 0.61, Loss = 1.200
[2020-11-28 01:15] EPOCH 1 Train Step 30699/42000, Batch Size = 64,                         Examples/Sec = 5744.64, Accuracy = 0.61, Loss = 1.220
[2020-11-28 01:16] EPOCH 1 Train Step 30799/42000, Batch Size = 64,                         Examples/Sec = 5679.25, Accuracy = 0.63, Loss = 1.168
[2020-11-28 01:16] EPOCH 1 Train Step 30899/42000, Batch Size = 64,                         Examples/Sec = 5936.34, Accuracy = 0.62, Loss = 1.230
[2020-11-28 01:16] EPOCH 1 Train Step 30999/42000, Batch Size = 64,                         Examples/Sec = 5515.08, Accuracy = 0.61, Loss = 1.261
[2020-11-28 01:16] EPOCH 1 Train Step 31099/42000, Batch Size = 64,                         Examples/Sec = 6227.62, Accuracy = 0.61, Loss = 1.202
[2020-11-28 01:16] EPOCH 1 Train Step 31199/42000, Batch Size = 64,                         Examples/Sec = 5715.16, Accuracy = 0.61, Loss = 1.242
[2020-11-28 01:16] EPOCH 1 Train Step 31299/42000, Batch Size = 64,                         Examples/Sec = 5895.66, Accuracy = 0.61, Loss = 1.186
[2020-11-28 01:16] EPOCH 1 Train Step 31399/42000, Batch Size = 64,                         Examples/Sec = 5562.62, Accuracy = 0.63, Loss = 1.193
[2020-11-28 01:16] EPOCH 1 Train Step 31499/42000, Batch Size = 64,                         Examples/Sec = 5789.74, Accuracy = 0.61, Loss = 1.225
[2020-11-28 01:16] EPOCH 1 Train Step 31599/42000, Batch Size = 64,                         Examples/Sec = 5695.16, Accuracy = 0.62, Loss = 1.230
[2020-11-28 01:16] EPOCH 1 Train Step 31699/42000, Batch Size = 64,                         Examples/Sec = 5947.39, Accuracy = 0.63, Loss = 1.195
[2020-11-28 01:16] EPOCH 1 Train Step 31799/42000, Batch Size = 64,                         Examples/Sec = 5674.45, Accuracy = 0.62, Loss = 1.213
[2020-11-28 01:16] EPOCH 1 Train Step 31899/42000, Batch Size = 64,                         Examples/Sec = 6224.30, Accuracy = 0.62, Loss = 1.201
[2020-11-28 01:16] EPOCH 1 Train Step 31999/42000, Batch Size = 64,                         Examples/Sec = 5844.07, Accuracy = 0.63, Loss = 1.154
[2020-11-28 01:16] EPOCH 1 Train Step 32099/42000, Batch Size = 64,                         Examples/Sec = 5966.56, Accuracy = 0.61, Loss = 1.240
[2020-11-28 01:16] EPOCH 1 Train Step 32199/42000, Batch Size = 64,                         Examples/Sec = 5968.42, Accuracy = 0.62, Loss = 1.250
[2020-11-28 01:16] EPOCH 1 Train Step 32299/42000, Batch Size = 64,                         Examples/Sec = 5856.31, Accuracy = 0.63, Loss = 1.208
[2020-11-28 01:16] EPOCH 1 Train Step 32399/42000, Batch Size = 64,                         Examples/Sec = 5688.28, Accuracy = 0.62, Loss = 1.200
[2020-11-28 01:16] EPOCH 1 Train Step 32499/42000, Batch Size = 64,                         Examples/Sec = 6171.50, Accuracy = 0.62, Loss = 1.215
[2020-11-28 01:16] EPOCH 1 Train Step 32599/42000, Batch Size = 64,                         Examples/Sec = 5868.60, Accuracy = 0.63, Loss = 1.172
[2020-11-28 01:16] EPOCH 1 Train Step 32699/42000, Batch Size = 64,                         Examples/Sec = 6083.94, Accuracy = 0.61, Loss = 1.283
[2020-11-28 01:16] EPOCH 1 Train Step 32799/42000, Batch Size = 64,                         Examples/Sec = 5567.24, Accuracy = 0.62, Loss = 1.244
[2020-11-28 01:16] EPOCH 1 Train Step 32899/42000, Batch Size = 64,                         Examples/Sec = 6190.43, Accuracy = 0.62, Loss = 1.216
[2020-11-28 01:16] EPOCH 1 Train Step 32999/42000, Batch Size = 64,                         Examples/Sec = 6047.48, Accuracy = 0.62, Loss = 1.207
[2020-11-28 01:16] EPOCH 1 Train Step 33099/42000, Batch Size = 64,                         Examples/Sec = 6604.07, Accuracy = 0.61, Loss = 1.216
[2020-11-28 01:16] EPOCH 1 Train Step 33199/42000, Batch Size = 64,                         Examples/Sec = 5841.27, Accuracy = 0.61, Loss = 1.246
[2020-11-28 01:16] EPOCH 1 Train Step 33299/42000, Batch Size = 64,                         Examples/Sec = 5912.81, Accuracy = 0.62, Loss = 1.198
[2020-11-28 01:16] EPOCH 1 Train Step 33399/42000, Batch Size = 64,                         Examples/Sec = 5957.55, Accuracy = 0.63, Loss = 1.165
[2020-11-28 01:16] EPOCH 1 Train Step 33499/42000, Batch Size = 64,                         Examples/Sec = 6199.58, Accuracy = 0.64, Loss = 1.159
[2020-11-28 01:16] EPOCH 1 Train Step 33599/42000, Batch Size = 64,                         Examples/Sec = 6251.99, Accuracy = 0.62, Loss = 1.214
[2020-11-28 01:16] EPOCH 1 Train Step 33699/42000, Batch Size = 64,                         Examples/Sec = 6004.46, Accuracy = 0.64, Loss = 1.175
[2020-11-28 01:16] EPOCH 1 Train Step 33799/42000, Batch Size = 64,                         Examples/Sec = 6244.86, Accuracy = 0.61, Loss = 1.231
[2020-11-28 01:16] EPOCH 1 Train Step 33899/42000, Batch Size = 64,                         Examples/Sec = 5647.59, Accuracy = 0.62, Loss = 1.201
[2020-11-28 01:16] EPOCH 1 Train Step 33999/42000, Batch Size = 64,                         Examples/Sec = 5505.80, Accuracy = 0.63, Loss = 1.197
[2020-11-28 01:16] EPOCH 1 Train Step 34099/42000, Batch Size = 64,                         Examples/Sec = 5431.06, Accuracy = 0.63, Loss = 1.185
[2020-11-28 01:16] EPOCH 1 Train Step 34199/42000, Batch Size = 64,                         Examples/Sec = 5995.88, Accuracy = 0.61, Loss = 1.239
[2020-11-28 01:16] EPOCH 1 Train Step 34299/42000, Batch Size = 64,                         Examples/Sec = 5607.94, Accuracy = 0.63, Loss = 1.187
[2020-11-28 01:16] EPOCH 1 Train Step 34399/42000, Batch Size = 64,                         Examples/Sec = 5774.17, Accuracy = 0.63, Loss = 1.180
[2020-11-28 01:16] EPOCH 1 Train Step 34499/42000, Batch Size = 64,                         Examples/Sec = 5656.75, Accuracy = 0.63, Loss = 1.199
[2020-11-28 01:16] EPOCH 1 Train Step 34599/42000, Batch Size = 64,                         Examples/Sec = 5864.37, Accuracy = 0.62, Loss = 1.183
[2020-11-28 01:16] EPOCH 1 Train Step 34699/42000, Batch Size = 64,                         Examples/Sec = 6139.74, Accuracy = 0.63, Loss = 1.219
[2020-11-28 01:17] EPOCH 1 Train Step 34799/42000, Batch Size = 64,                         Examples/Sec = 6093.47, Accuracy = 0.63, Loss = 1.188
[2020-11-28 01:17] EPOCH 1 Train Step 34899/42000, Batch Size = 64,                         Examples/Sec = 5873.35, Accuracy = 0.63, Loss = 1.207
[2020-11-28 01:17] EPOCH 1 Train Step 34999/42000, Batch Size = 64,                         Examples/Sec = 6184.72, Accuracy = 0.62, Loss = 1.206
[2020-11-28 01:17] EPOCH 1 Train Step 35099/42000, Batch Size = 64,                         Examples/Sec = 6109.41, Accuracy = 0.62, Loss = 1.213
[2020-11-28 01:17] EPOCH 1 Train Step 35199/42000, Batch Size = 64,                         Examples/Sec = 5957.02, Accuracy = 0.63, Loss = 1.202
[2020-11-28 01:17] EPOCH 1 Train Step 35299/42000, Batch Size = 64,                         Examples/Sec = 6139.88, Accuracy = 0.62, Loss = 1.212
[2020-11-28 01:17] EPOCH 1 Train Step 35399/42000, Batch Size = 64,                         Examples/Sec = 5916.72, Accuracy = 0.61, Loss = 1.255
[2020-11-28 01:17] EPOCH 1 Train Step 35499/42000, Batch Size = 64,                         Examples/Sec = 6070.04, Accuracy = 0.63, Loss = 1.189
[2020-11-28 01:17] EPOCH 1 Train Step 35599/42000, Batch Size = 64,                         Examples/Sec = 5691.05, Accuracy = 0.61, Loss = 1.244
[2020-11-28 01:17] EPOCH 1 Train Step 35699/42000, Batch Size = 64,                         Examples/Sec = 5871.68, Accuracy = 0.62, Loss = 1.219
[2020-11-28 01:17] EPOCH 1 Train Step 35799/42000, Batch Size = 64,                         Examples/Sec = 6202.30, Accuracy = 0.63, Loss = 1.148
[2020-11-28 01:17] EPOCH 1 Train Step 35899/42000, Batch Size = 64,                         Examples/Sec = 5431.28, Accuracy = 0.64, Loss = 1.178
[2020-11-28 01:17] EPOCH 1 Train Step 35999/42000, Batch Size = 64,                         Examples/Sec = 5535.32, Accuracy = 0.63, Loss = 1.220
[2020-11-28 01:17] EPOCH 1 Train Step 36099/42000, Batch Size = 64,                         Examples/Sec = 5901.37, Accuracy = 0.64, Loss = 1.182
[2020-11-28 01:17] EPOCH 1 Train Step 36199/42000, Batch Size = 64,                         Examples/Sec = 5664.63, Accuracy = 0.62, Loss = 1.205
[2020-11-28 01:17] EPOCH 1 Train Step 36299/42000, Batch Size = 64,                         Examples/Sec = 6191.00, Accuracy = 0.64, Loss = 1.163
[2020-11-28 01:17] EPOCH 1 Train Step 36399/42000, Batch Size = 64,                         Examples/Sec = 5457.00, Accuracy = 0.63, Loss = 1.200
[2020-11-28 01:17] EPOCH 1 Train Step 36499/42000, Batch Size = 64,                         Examples/Sec = 6142.83, Accuracy = 0.62, Loss = 1.195
[2020-11-28 01:17] EPOCH 1 Train Step 36599/42000, Batch Size = 64,                         Examples/Sec = 5669.18, Accuracy = 0.61, Loss = 1.209
[2020-11-28 01:17] EPOCH 1 Train Step 36699/42000, Batch Size = 64,                         Examples/Sec = 5687.43, Accuracy = 0.62, Loss = 1.199
[2020-11-28 01:17] EPOCH 1 Train Step 36799/42000, Batch Size = 64,                         Examples/Sec = 5689.84, Accuracy = 0.63, Loss = 1.176
[2020-11-28 01:17] EPOCH 1 Train Step 36899/42000, Batch Size = 64,                         Examples/Sec = 5562.51, Accuracy = 0.61, Loss = 1.242
[2020-11-28 01:17] EPOCH 1 Train Step 36999/42000, Batch Size = 64,                         Examples/Sec = 6179.03, Accuracy = 0.62, Loss = 1.250
[2020-11-28 01:17] EPOCH 1 Train Step 37099/42000, Batch Size = 64,                         Examples/Sec = 5548.94, Accuracy = 0.61, Loss = 1.215
[2020-11-28 01:17] EPOCH 1 Train Step 37199/42000, Batch Size = 64,                         Examples/Sec = 6245.44, Accuracy = 0.64, Loss = 1.162
[2020-11-28 01:17] EPOCH 1 Train Step 37299/42000, Batch Size = 64,                         Examples/Sec = 5512.70, Accuracy = 0.63, Loss = 1.167
[2020-11-28 01:17] EPOCH 1 Train Step 37399/42000, Batch Size = 64,                         Examples/Sec = 5948.71, Accuracy = 0.61, Loss = 1.216
[2020-11-28 01:17] EPOCH 1 Train Step 37499/42000, Batch Size = 64,                         Examples/Sec = 6127.68, Accuracy = 0.63, Loss = 1.194
[2020-11-28 01:17] EPOCH 1 Train Step 37599/42000, Batch Size = 64,                         Examples/Sec = 5562.85, Accuracy = 0.60, Loss = 1.234
[2020-11-28 01:17] EPOCH 1 Train Step 37699/42000, Batch Size = 64,                         Examples/Sec = 5584.96, Accuracy = 0.63, Loss = 1.212
[2020-11-28 01:17] EPOCH 1 Train Step 37799/42000, Batch Size = 64,                         Examples/Sec = 6051.43, Accuracy = 0.63, Loss = 1.157
[2020-11-28 01:17] EPOCH 1 Train Step 37899/42000, Batch Size = 64,                         Examples/Sec = 5692.74, Accuracy = 0.61, Loss = 1.246
[2020-11-28 01:17] EPOCH 1 Train Step 37999/42000, Batch Size = 64,                         Examples/Sec = 5878.49, Accuracy = 0.61, Loss = 1.271
[2020-11-28 01:17] EPOCH 1 Train Step 38099/42000, Batch Size = 64,                         Examples/Sec = 5553.99, Accuracy = 0.63, Loss = 1.201
[2020-11-28 01:17] EPOCH 1 Train Step 38199/42000, Batch Size = 64,                         Examples/Sec = 5549.40, Accuracy = 0.61, Loss = 1.209
[2020-11-28 01:17] EPOCH 1 Train Step 38299/42000, Batch Size = 64,                         Examples/Sec = 6168.80, Accuracy = 0.62, Loss = 1.202
[2020-11-28 01:17] EPOCH 1 Train Step 38399/42000, Batch Size = 64,                         Examples/Sec = 5987.72, Accuracy = 0.62, Loss = 1.221
[2020-11-28 01:17] EPOCH 1 Train Step 38499/42000, Batch Size = 64,                         Examples/Sec = 6100.11, Accuracy = 0.62, Loss = 1.222
[2020-11-28 01:17] EPOCH 1 Train Step 38599/42000, Batch Size = 64,                         Examples/Sec = 5555.25, Accuracy = 0.64, Loss = 1.171
[2020-11-28 01:18] EPOCH 1 Train Step 38699/42000, Batch Size = 64,                         Examples/Sec = 6067.16, Accuracy = 0.61, Loss = 1.229
[2020-11-28 01:18] EPOCH 1 Train Step 38799/42000, Batch Size = 64,                         Examples/Sec = 5569.08, Accuracy = 0.62, Loss = 1.213
[2020-11-28 01:18] EPOCH 1 Train Step 38899/42000, Batch Size = 64,                         Examples/Sec = 6062.23, Accuracy = 0.62, Loss = 1.189
[2020-11-28 01:18] EPOCH 1 Train Step 38999/42000, Batch Size = 64,                         Examples/Sec = 6237.03, Accuracy = 0.61, Loss = 1.256
[2020-11-28 01:18] EPOCH 1 Train Step 39099/42000, Batch Size = 64,                         Examples/Sec = 5681.29, Accuracy = 0.64, Loss = 1.180
[2020-11-28 01:18] EPOCH 1 Train Step 39199/42000, Batch Size = 64,                         Examples/Sec = 6185.29, Accuracy = 0.63, Loss = 1.176
[2020-11-28 01:18] EPOCH 1 Train Step 39299/42000, Batch Size = 64,                         Examples/Sec = 6157.62, Accuracy = 0.64, Loss = 1.188
[2020-11-28 01:18] EPOCH 1 Train Step 39399/42000, Batch Size = 64,                         Examples/Sec = 6326.10, Accuracy = 0.62, Loss = 1.233
[2020-11-28 01:18] EPOCH 1 Train Step 39499/42000, Batch Size = 64,                         Examples/Sec = 5974.93, Accuracy = 0.63, Loss = 1.215
[2020-11-28 01:18] EPOCH 1 Train Step 39599/42000, Batch Size = 64,                         Examples/Sec = 5555.71, Accuracy = 0.66, Loss = 1.134
[2020-11-28 01:18] EPOCH 1 Train Step 39699/42000, Batch Size = 64,                         Examples/Sec = 6246.90, Accuracy = 0.64, Loss = 1.141
[2020-11-28 01:18] EPOCH 1 Train Step 39799/42000, Batch Size = 64,                         Examples/Sec = 6212.92, Accuracy = 0.64, Loss = 1.151
[2020-11-28 01:18] EPOCH 1 Train Step 39899/42000, Batch Size = 64,                         Examples/Sec = 6064.56, Accuracy = 0.64, Loss = 1.136
[2020-11-28 01:18] EPOCH 1 Train Step 39999/42000, Batch Size = 64,                         Examples/Sec = 5957.69, Accuracy = 0.62, Loss = 1.183
[2020-11-28 01:18] EPOCH 1 Train Step 40099/42000, Batch Size = 64,                         Examples/Sec = 5889.20, Accuracy = 0.62, Loss = 1.152
[2020-11-28 01:18] EPOCH 1 Train Step 40199/42000, Batch Size = 64,                         Examples/Sec = 5950.29, Accuracy = 0.61, Loss = 1.217
[2020-11-28 01:18] EPOCH 1 Train Step 40299/42000, Batch Size = 64,                         Examples/Sec = 6037.82, Accuracy = 0.62, Loss = 1.201
[2020-11-28 01:18] EPOCH 1 Train Step 40399/42000, Batch Size = 64,                         Examples/Sec = 5720.64, Accuracy = 0.62, Loss = 1.184
[2020-11-28 01:18] EPOCH 1 Train Step 40499/42000, Batch Size = 64,                         Examples/Sec = 5414.30, Accuracy = 0.60, Loss = 1.281
[2020-11-28 01:18] EPOCH 1 Train Step 40599/42000, Batch Size = 64,                         Examples/Sec = 5542.64, Accuracy = 0.62, Loss = 1.189
[2020-11-28 01:18] EPOCH 1 Train Step 40699/42000, Batch Size = 64,                         Examples/Sec = 6233.70, Accuracy = 0.61, Loss = 1.252
[2020-11-28 01:18] EPOCH 1 Train Step 40799/42000, Batch Size = 64,                         Examples/Sec = 5424.03, Accuracy = 0.64, Loss = 1.159
[2020-11-28 01:18] EPOCH 1 Train Step 40899/42000, Batch Size = 64,                         Examples/Sec = 5891.78, Accuracy = 0.62, Loss = 1.225
[2020-11-28 01:18] EPOCH 1 Train Step 40999/42000, Batch Size = 64,                         Examples/Sec = 5918.80, Accuracy = 0.63, Loss = 1.155
[2020-11-28 01:18] EPOCH 1 Train Step 41099/42000, Batch Size = 64,                         Examples/Sec = 5554.33, Accuracy = 0.64, Loss = 1.143
[2020-11-28 01:18] EPOCH 1 Train Step 41199/42000, Batch Size = 64,                         Examples/Sec = 5708.60, Accuracy = 0.62, Loss = 1.239
[2020-11-28 01:18] EPOCH 1 Train Step 41299/42000, Batch Size = 64,                         Examples/Sec = 5696.97, Accuracy = 0.63, Loss = 1.169
[2020-11-28 01:18] EPOCH 1 Train Step 41399/42000, Batch Size = 64,                         Examples/Sec = 6034.56, Accuracy = 0.63, Loss = 1.187
[2020-11-28 01:18] EPOCH 1 Train Step 41499/42000, Batch Size = 64,                         Examples/Sec = 6001.51, Accuracy = 0.62, Loss = 1.266
[2020-11-28 01:18] EPOCH 1 Train Step 41599/42000, Batch Size = 64,                         Examples/Sec = 6224.73, Accuracy = 0.61, Loss = 1.209
[2020-11-28 01:18] EPOCH 1 Train Step 41699/42000, Batch Size = 64,                         Examples/Sec = 5582.64, Accuracy = 0.63, Loss = 1.179
[2020-11-28 01:18] EPOCH 1 Train Step 41799/42000, Batch Size = 64,                         Examples/Sec = 5941.99, Accuracy = 0.62, Loss = 1.200
[2020-11-28 01:18] EPOCH 1 Train Step 41899/42000, Batch Size = 64,                         Examples/Sec = 5470.35, Accuracy = 0.65, Loss = 1.178
[2020-11-28 01:18] EPOCH 1 Train Step 41999/42000, Batch Size = 64,                         Examples/Sec = 5825.04, Accuracy = 0.65, Loss = 1.116
Done training.
