True
Device: cuda:0
Seed:  0
Load binary palindrome dataset ...
Initializing LSTM model ...
seq length: 41
input dim: 1
hidden dim: 256
num classes: 2
batch_size: 256
device: cuda:0


[2020-11-26 21:29] Train Step 0000/3000, Batch Size = 256,                    Examples/Sec = 559.42, Accuracy = 0.43, Loss = 1.112
[2020-11-26 21:29] Train Step 0060/3000, Batch Size = 256,                    Examples/Sec = 2840.09, Accuracy = 0.67, Loss = 0.623
[2020-11-26 21:29] Train Step 0120/3000, Batch Size = 256,                    Examples/Sec = 2859.96, Accuracy = 0.68, Loss = 0.597
[2020-11-26 21:29] Train Step 0180/3000, Batch Size = 256,                    Examples/Sec = 2707.19, Accuracy = 1.00, Loss = 0.000
[2020-11-26 21:29] Train Step 0240/3000, Batch Size = 256,                    Examples/Sec = 2971.60, Accuracy = 1.00, Loss = 0.000
[2020-11-26 21:29] Train Step 0300/3000, Batch Size = 256,                    Examples/Sec = 2863.00, Accuracy = 1.00, Loss = 0.000
[2020-11-26 21:30] Train Step 0360/3000, Batch Size = 256,                    Examples/Sec = 2807.32, Accuracy = 1.00, Loss = 0.000
[2020-11-26 21:30] Train Step 0420/3000, Batch Size = 256,                    Examples/Sec = 2862.20, Accuracy = 1.00, Loss = 0.000
[2020-11-26 21:30] Train Step 0480/3000, Batch Size = 256,                    Examples/Sec = 2954.69, Accuracy = 1.00, Loss = 0.000
[2020-11-26 21:30] Train Step 0540/3000, Batch Size = 256,                    Examples/Sec = 2938.64, Accuracy = 1.00, Loss = 0.000
[2020-11-26 21:30] Train Step 0600/3000, Batch Size = 256,                    Examples/Sec = 2961.96, Accuracy = 1.00, Loss = 0.000
[2020-11-26 21:30] Train Step 0660/3000, Batch Size = 256,                    Examples/Sec = 2957.48, Accuracy = 1.00, Loss = 0.000
[2020-11-26 21:30] Train Step 0720/3000, Batch Size = 256,                    Examples/Sec = 2622.42, Accuracy = 1.00, Loss = 0.000
[2020-11-26 21:30] Train Step 0780/3000, Batch Size = 256,                    Examples/Sec = 2715.84, Accuracy = 1.00, Loss = 0.000
[2020-11-26 21:30] Train Step 0840/3000, Batch Size = 256,                    Examples/Sec = 2917.69, Accuracy = 1.00, Loss = 0.000
[2020-11-26 21:30] Train Step 0900/3000, Batch Size = 256,                    Examples/Sec = 2658.05, Accuracy = 1.00, Loss = 0.000
[2020-11-26 21:30] Train Step 0960/3000, Batch Size = 256,                    Examples/Sec = 2912.71, Accuracy = 1.00, Loss = 0.000
[2020-11-26 21:31] Train Step 1020/3000, Batch Size = 256,                    Examples/Sec = 2819.32, Accuracy = 1.00, Loss = 0.000
[2020-11-26 21:31] Train Step 1080/3000, Batch Size = 256,                    Examples/Sec = 2884.30, Accuracy = 1.00, Loss = 0.000
[2020-11-26 21:31] Train Step 1140/3000, Batch Size = 256,                    Examples/Sec = 2984.43, Accuracy = 1.00, Loss = 0.000
[2020-11-26 21:31] Train Step 1200/3000, Batch Size = 256,                    Examples/Sec = 2961.51, Accuracy = 1.00, Loss = 0.000
[2020-11-26 21:31] Train Step 1260/3000, Batch Size = 256,                    Examples/Sec = 2604.72, Accuracy = 1.00, Loss = 0.000
[2020-11-26 21:31] Train Step 1320/3000, Batch Size = 256,                    Examples/Sec = 2820.13, Accuracy = 1.00, Loss = 0.000
[2020-11-26 21:31] Train Step 1380/3000, Batch Size = 256,                    Examples/Sec = 2416.40, Accuracy = 1.00, Loss = 0.000
[2020-11-26 21:31] Train Step 1440/3000, Batch Size = 256,                    Examples/Sec = 2613.22, Accuracy = 1.00, Loss = 0.000
[2020-11-26 21:31] Train Step 1500/3000, Batch Size = 256,                    Examples/Sec = 2841.25, Accuracy = 1.00, Loss = 0.000
[2020-11-26 21:31] Train Step 1560/3000, Batch Size = 256,                    Examples/Sec = 2962.41, Accuracy = 1.00, Loss = 0.001
[2020-11-26 21:32] Train Step 1620/3000, Batch Size = 256,                    Examples/Sec = 2619.77, Accuracy = 0.83, Loss = 1.237
[2020-11-26 21:32] Train Step 1680/3000, Batch Size = 256,                    Examples/Sec = 2969.88, Accuracy = 1.00, Loss = 0.000
[2020-11-26 21:32] Train Step 1740/3000, Batch Size = 256,                    Examples/Sec = 2843.46, Accuracy = 1.00, Loss = 0.000
[2020-11-26 21:32] Train Step 1800/3000, Batch Size = 256,                    Examples/Sec = 2953.66, Accuracy = 1.00, Loss = 0.000
[2020-11-26 21:32] Train Step 1860/3000, Batch Size = 256,                    Examples/Sec = 2716.48, Accuracy = 1.00, Loss = 0.000
[2020-11-26 21:32] Train Step 1920/3000, Batch Size = 256,                    Examples/Sec = 2568.50, Accuracy = 1.00, Loss = 0.000
[2020-11-26 21:32] Train Step 1980/3000, Batch Size = 256,                    Examples/Sec = 2912.02, Accuracy = 1.00, Loss = 0.000
[2020-11-26 21:32] Train Step 2040/3000, Batch Size = 256,                    Examples/Sec = 2979.33, Accuracy = 1.00, Loss = 0.000
[2020-11-26 21:32] Train Step 2100/3000, Batch Size = 256,                    Examples/Sec = 2863.71, Accuracy = 1.00, Loss = 0.000
[2020-11-26 21:32] Train Step 2160/3000, Batch Size = 256,                    Examples/Sec = 2816.38, Accuracy = 1.00, Loss = 0.000
[2020-11-26 21:32] Train Step 2220/3000, Batch Size = 256,                    Examples/Sec = 2927.46, Accuracy = 1.00, Loss = 0.000
[2020-11-26 21:33] Train Step 2280/3000, Batch Size = 256,                    Examples/Sec = 2836.94, Accuracy = 1.00, Loss = 0.000
[2020-11-26 21:33] Train Step 2340/3000, Batch Size = 256,                    Examples/Sec = 2888.65, Accuracy = 1.00, Loss = 0.000
[2020-11-26 21:33] Train Step 2400/3000, Batch Size = 256,                    Examples/Sec = 2854.23, Accuracy = 1.00, Loss = 0.000
[2020-11-26 21:33] Train Step 2460/3000, Batch Size = 256,                    Examples/Sec = 2945.95, Accuracy = 1.00, Loss = 0.000
[2020-11-26 21:33] Train Step 2520/3000, Batch Size = 256,                    Examples/Sec = 2909.42, Accuracy = 1.00, Loss = 0.000
[2020-11-26 21:33] Train Step 2580/3000, Batch Size = 256,                    Examples/Sec = 2970.22, Accuracy = 1.00, Loss = 0.000
[2020-11-26 21:33] Train Step 2640/3000, Batch Size = 256,                    Examples/Sec = 2836.72, Accuracy = 1.00, Loss = 0.000
[2020-11-26 21:33] Train Step 2700/3000, Batch Size = 256,                    Examples/Sec = 2613.32, Accuracy = 1.00, Loss = 0.000
[2020-11-26 21:33] Train Step 2760/3000, Batch Size = 256,                    Examples/Sec = 2976.84, Accuracy = 1.00, Loss = 0.000
[2020-11-26 21:33] Train Step 2820/3000, Batch Size = 256,                    Examples/Sec = 2961.26, Accuracy = 1.00, Loss = 0.000
[2020-11-26 21:33] Train Step 2880/3000, Batch Size = 256,                    Examples/Sec = 2916.17, Accuracy = 1.00, Loss = 0.000
[2020-11-26 21:34] Train Step 2940/3000, Batch Size = 256,                    Examples/Sec = 2636.44, Accuracy = 1.00, Loss = 0.000
[2020-11-26 21:34] Train Step 3000/3000, Batch Size = 256,                    Examples/Sec = 2993.86, Accuracy = 1.00, Loss = 0.000
Done training.
TEST ACC:1.000
Device: cuda:0
Seed:  1
Load binary palindrome dataset ...
Initializing LSTM model ...
seq length: 41
input dim: 1
hidden dim: 256
num classes: 2
batch_size: 256
device: cuda:0


[2020-11-26 21:34] Train Step 0000/3000, Batch Size = 256,                    Examples/Sec = 2613.91, Accuracy = 0.71, Loss = 1.522
[2020-11-26 21:34] Train Step 0060/3000, Batch Size = 256,                    Examples/Sec = 2911.84, Accuracy = 0.62, Loss = 0.659
[2020-11-26 21:34] Train Step 0120/3000, Batch Size = 256,                    Examples/Sec = 2952.05, Accuracy = 0.98, Loss = 0.130
[2020-11-26 21:34] Train Step 0180/3000, Batch Size = 256,                    Examples/Sec = 2426.16, Accuracy = 1.00, Loss = 0.000
[2020-11-26 21:34] Train Step 0240/3000, Batch Size = 256,                    Examples/Sec = 2660.19, Accuracy = 1.00, Loss = 0.000
[2020-11-26 21:34] Train Step 0300/3000, Batch Size = 256,                    Examples/Sec = 2968.24, Accuracy = 1.00, Loss = 0.000
[2020-11-26 21:34] Train Step 0360/3000, Batch Size = 256,                    Examples/Sec = 2956.88, Accuracy = 1.00, Loss = 0.000
[2020-11-26 21:34] Train Step 0420/3000, Batch Size = 256,                    Examples/Sec = 2896.51, Accuracy = 1.00, Loss = 0.000
[2020-11-26 21:34] Train Step 0480/3000, Batch Size = 256,                    Examples/Sec = 2976.38, Accuracy = 1.00, Loss = 0.000
[2020-11-26 21:34] Train Step 0540/3000, Batch Size = 256,                    Examples/Sec = 2847.77, Accuracy = 1.00, Loss = 0.000
[2020-11-26 21:35] Train Step 0600/3000, Batch Size = 256,                    Examples/Sec = 2614.36, Accuracy = 1.00, Loss = 0.000
[2020-11-26 21:35] Train Step 0660/3000, Batch Size = 256,                    Examples/Sec = 2835.76, Accuracy = 1.00, Loss = 0.000
[2020-11-26 21:35] Train Step 0720/3000, Batch Size = 256,                    Examples/Sec = 2830.56, Accuracy = 1.00, Loss = 0.000
[2020-11-26 21:35] Train Step 0780/3000, Batch Size = 256,                    Examples/Sec = 2973.14, Accuracy = 1.00, Loss = 0.000
[2020-11-26 21:35] Train Step 0840/3000, Batch Size = 256,                    Examples/Sec = 2946.60, Accuracy = 1.00, Loss = 0.000
[2020-11-26 21:35] Train Step 0900/3000, Batch Size = 256,                    Examples/Sec = 2968.24, Accuracy = 1.00, Loss = 0.000
[2020-11-26 21:35] Train Step 0960/3000, Batch Size = 256,                    Examples/Sec = 2876.40, Accuracy = 1.00, Loss = 0.000
[2020-11-26 21:35] Train Step 1020/3000, Batch Size = 256,                    Examples/Sec = 2864.27, Accuracy = 1.00, Loss = 0.000
[2020-11-26 21:35] Train Step 1080/3000, Batch Size = 256,                    Examples/Sec = 2914.56, Accuracy = 1.00, Loss = 0.000
[2020-11-26 21:35] Train Step 1140/3000, Batch Size = 256,                    Examples/Sec = 2994.62, Accuracy = 1.00, Loss = 0.000
[2020-11-26 21:35] Train Step 1200/3000, Batch Size = 256,                    Examples/Sec = 2899.00, Accuracy = 1.00, Loss = 0.000
[2020-11-26 21:36] Train Step 1260/3000, Batch Size = 256,                    Examples/Sec = 2615.23, Accuracy = 1.00, Loss = 0.000
[2020-11-26 21:36] Train Step 1320/3000, Batch Size = 256,                    Examples/Sec = 2913.81, Accuracy = 1.00, Loss = 0.000
[2020-11-26 21:36] Train Step 1380/3000, Batch Size = 256,                    Examples/Sec = 2691.24, Accuracy = 1.00, Loss = 0.000
[2020-11-26 21:36] Train Step 1440/3000, Batch Size = 256,                    Examples/Sec = 2467.30, Accuracy = 1.00, Loss = 0.000
[2020-11-26 21:36] Train Step 1500/3000, Batch Size = 256,                    Examples/Sec = 2859.73, Accuracy = 1.00, Loss = 0.000
[2020-11-26 21:36] Train Step 1560/3000, Batch Size = 256,                    Examples/Sec = 2834.51, Accuracy = 1.00, Loss = 0.000
[2020-11-26 21:36] Train Step 1620/3000, Batch Size = 256,                    Examples/Sec = 2912.25, Accuracy = 1.00, Loss = 0.000
[2020-11-26 21:36] Train Step 1680/3000, Batch Size = 256,                    Examples/Sec = 2954.06, Accuracy = 1.00, Loss = 0.000
[2020-11-26 21:36] Train Step 1740/3000, Batch Size = 256,                    Examples/Sec = 2982.59, Accuracy = 1.00, Loss = 0.000
[2020-11-26 21:36] Train Step 1800/3000, Batch Size = 256,                    Examples/Sec = 2986.03, Accuracy = 1.00, Loss = 0.000
[2020-11-26 21:36] Train Step 1860/3000, Batch Size = 256,                    Examples/Sec = 2851.18, Accuracy = 1.00, Loss = 0.000
[2020-11-26 21:37] Train Step 1920/3000, Batch Size = 256,                    Examples/Sec = 2890.46, Accuracy = 1.00, Loss = 0.000
[2020-11-26 21:37] Train Step 1980/3000, Batch Size = 256,                    Examples/Sec = 2971.51, Accuracy = 1.00, Loss = 0.000
[2020-11-26 21:37] Train Step 2040/3000, Batch Size = 256,                    Examples/Sec = 2878.83, Accuracy = 1.00, Loss = 0.000
[2020-11-26 21:37] Train Step 2100/3000, Batch Size = 256,                    Examples/Sec = 2636.51, Accuracy = 1.00, Loss = 0.000
[2020-11-26 21:37] Train Step 2160/3000, Batch Size = 256,                    Examples/Sec = 2967.61, Accuracy = 1.00, Loss = 0.000
[2020-11-26 21:37] Train Step 2220/3000, Batch Size = 256,                    Examples/Sec = 2976.70, Accuracy = 1.00, Loss = 0.000
[2020-11-26 21:37] Train Step 2280/3000, Batch Size = 256,                    Examples/Sec = 2848.33, Accuracy = 1.00, Loss = 0.000
[2020-11-26 21:37] Train Step 2340/3000, Batch Size = 256,                    Examples/Sec = 2983.34, Accuracy = 1.00, Loss = 0.000
[2020-11-26 21:37] Train Step 2400/3000, Batch Size = 256,                    Examples/Sec = 2845.67, Accuracy = 1.00, Loss = 0.000
[2020-11-26 21:37] Train Step 2460/3000, Batch Size = 256,                    Examples/Sec = 2982.30, Accuracy = 1.00, Loss = 0.000
[2020-11-26 21:37] Train Step 2520/3000, Batch Size = 256,                    Examples/Sec = 2865.02, Accuracy = 1.00, Loss = 0.000
[2020-11-26 21:38] Train Step 2580/3000, Batch Size = 256,                    Examples/Sec = 2683.90, Accuracy = 1.00, Loss = 0.000
[2020-11-26 21:38] Train Step 2640/3000, Batch Size = 256,                    Examples/Sec = 2873.87, Accuracy = 1.00, Loss = 0.000
[2020-11-26 21:38] Train Step 2700/3000, Batch Size = 256,                    Examples/Sec = 2631.79, Accuracy = 1.00, Loss = 0.000
[2020-11-26 21:38] Train Step 2760/3000, Batch Size = 256,                    Examples/Sec = 2855.14, Accuracy = 1.00, Loss = 0.000
[2020-11-26 21:38] Train Step 2820/3000, Batch Size = 256,                    Examples/Sec = 2853.99, Accuracy = 1.00, Loss = 0.000
[2020-11-26 21:38] Train Step 2880/3000, Batch Size = 256,                    Examples/Sec = 2988.40, Accuracy = 1.00, Loss = 0.000
[2020-11-26 21:38] Train Step 2940/3000, Batch Size = 256,                    Examples/Sec = 2980.39, Accuracy = 1.00, Loss = 0.000
[2020-11-26 21:38] Train Step 3000/3000, Batch Size = 256,                    Examples/Sec = 2905.14, Accuracy = 1.00, Loss = 0.000
Done training.
TEST ACC:1.000
Device: cuda:0
Seed:  2
Load binary palindrome dataset ...
Initializing LSTM model ...
seq length: 41
input dim: 1
hidden dim: 256
num classes: 2
batch_size: 256
device: cuda:0


[2020-11-26 21:38] Train Step 0000/3000, Batch Size = 256,                    Examples/Sec = 2606.29, Accuracy = 0.34, Loss = 2.757
[2020-11-26 21:38] Train Step 0060/3000, Batch Size = 256,                    Examples/Sec = 2984.18, Accuracy = 0.68, Loss = 0.616
[2020-11-26 21:38] Train Step 0120/3000, Batch Size = 256,                    Examples/Sec = 2910.09, Accuracy = 0.67, Loss = 0.633
[2020-11-26 21:38] Train Step 0180/3000, Batch Size = 256,                    Examples/Sec = 2963.75, Accuracy = 1.00, Loss = 0.055
[2020-11-26 21:39] Train Step 0240/3000, Batch Size = 256,                    Examples/Sec = 2742.85, Accuracy = 1.00, Loss = 0.001
[2020-11-26 21:39] Train Step 0300/3000, Batch Size = 256,                    Examples/Sec = 2849.66, Accuracy = 1.00, Loss = 0.001
[2020-11-26 21:39] Train Step 0360/3000, Batch Size = 256,                    Examples/Sec = 2954.20, Accuracy = 1.00, Loss = 0.000
[2020-11-26 21:39] Train Step 0420/3000, Batch Size = 256,                    Examples/Sec = 2975.02, Accuracy = 1.00, Loss = 0.000
[2020-11-26 21:39] Train Step 0480/3000, Batch Size = 256,                    Examples/Sec = 2986.03, Accuracy = 1.00, Loss = 0.000
[2020-11-26 21:39] Train Step 0540/3000, Batch Size = 256,                    Examples/Sec = 2951.94, Accuracy = 1.00, Loss = 0.000
[2020-11-26 21:39] Train Step 0600/3000, Batch Size = 256,                    Examples/Sec = 2957.51, Accuracy = 1.00, Loss = 0.000
[2020-11-26 21:39] Train Step 0660/3000, Batch Size = 256,                    Examples/Sec = 2821.01, Accuracy = 1.00, Loss = 0.000
[2020-11-26 21:39] Train Step 0720/3000, Batch Size = 256,                    Examples/Sec = 2953.93, Accuracy = 1.00, Loss = 0.000
[2020-11-26 21:39] Train Step 0780/3000, Batch Size = 256,                    Examples/Sec = 2937.88, Accuracy = 1.00, Loss = 0.000
[2020-11-26 21:39] Train Step 0840/3000, Batch Size = 256,                    Examples/Sec = 2594.02, Accuracy = 1.00, Loss = 0.000
[2020-11-26 21:40] Train Step 0900/3000, Batch Size = 256,                    Examples/Sec = 2501.81, Accuracy = 1.00, Loss = 0.000
[2020-11-26 21:40] Train Step 0960/3000, Batch Size = 256,                    Examples/Sec = 2897.95, Accuracy = 1.00, Loss = 0.000
[2020-11-26 21:40] Train Step 1020/3000, Batch Size = 256,                    Examples/Sec = 2893.48, Accuracy = 1.00, Loss = 0.000
[2020-11-26 21:40] Train Step 1080/3000, Batch Size = 256,                    Examples/Sec = 2725.26, Accuracy = 1.00, Loss = 0.000
[2020-11-26 21:40] Train Step 1140/3000, Batch Size = 256,                    Examples/Sec = 2975.90, Accuracy = 1.00, Loss = 0.000
[2020-11-26 21:40] Train Step 1200/3000, Batch Size = 256,                    Examples/Sec = 2978.82, Accuracy = 1.00, Loss = 0.000
[2020-11-26 21:40] Train Step 1260/3000, Batch Size = 256,                    Examples/Sec = 2726.40, Accuracy = 1.00, Loss = 0.000
[2020-11-26 21:40] Train Step 1320/3000, Batch Size = 256,                    Examples/Sec = 2690.82, Accuracy = 1.00, Loss = 0.000
[2020-11-26 21:40] Train Step 1380/3000, Batch Size = 256,                    Examples/Sec = 2923.89, Accuracy = 1.00, Loss = 0.000
[2020-11-26 21:40] Train Step 1440/3000, Batch Size = 256,                    Examples/Sec = 2645.79, Accuracy = 1.00, Loss = 0.000
[2020-11-26 21:40] Train Step 1500/3000, Batch Size = 256,                    Examples/Sec = 2980.98, Accuracy = 1.00, Loss = 0.000
[2020-11-26 21:41] Train Step 1560/3000, Batch Size = 256,                    Examples/Sec = 2989.08, Accuracy = 1.00, Loss = 0.000
[2020-11-26 21:41] Train Step 1620/3000, Batch Size = 256,                    Examples/Sec = 2943.72, Accuracy = 1.00, Loss = 0.000
[2020-11-26 21:41] Train Step 1680/3000, Batch Size = 256,                    Examples/Sec = 2947.99, Accuracy = 1.00, Loss = 0.000
[2020-11-26 21:41] Train Step 1740/3000, Batch Size = 256,                    Examples/Sec = 2836.18, Accuracy = 1.00, Loss = 0.000
[2020-11-26 21:41] Train Step 1800/3000, Batch Size = 256,                    Examples/Sec = 2964.97, Accuracy = 1.00, Loss = 0.000
[2020-11-26 21:41] Train Step 1860/3000, Batch Size = 256,                    Examples/Sec = 2973.23, Accuracy = 1.00, Loss = 0.000
[2020-11-26 21:41] Train Step 1920/3000, Batch Size = 256,                    Examples/Sec = 2980.72, Accuracy = 1.00, Loss = 0.000
[2020-11-26 21:41] Train Step 1980/3000, Batch Size = 256,                    Examples/Sec = 2967.38, Accuracy = 1.00, Loss = 0.000
[2020-11-26 21:41] Train Step 2040/3000, Batch Size = 256,                    Examples/Sec = 2980.12, Accuracy = 1.00, Loss = 0.000
[2020-11-26 21:41] Train Step 2100/3000, Batch Size = 256,                    Examples/Sec = 2915.45, Accuracy = 1.00, Loss = 0.000
[2020-11-26 21:41] Train Step 2160/3000, Batch Size = 256,                    Examples/Sec = 2623.84, Accuracy = 1.00, Loss = 0.000
[2020-11-26 21:42] Train Step 2220/3000, Batch Size = 256,                    Examples/Sec = 2831.73, Accuracy = 1.00, Loss = 0.000
[2020-11-26 21:42] Train Step 2280/3000, Batch Size = 256,                    Examples/Sec = 2467.29, Accuracy = 1.00, Loss = 0.000
[2020-11-26 21:42] Train Step 2340/3000, Batch Size = 256,                    Examples/Sec = 2385.11, Accuracy = 1.00, Loss = 0.000
[2020-11-26 21:42] Train Step 2400/3000, Batch Size = 256,                    Examples/Sec = 2933.14, Accuracy = 1.00, Loss = 0.000
[2020-11-26 21:42] Train Step 2460/3000, Batch Size = 256,                    Examples/Sec = 2914.32, Accuracy = 1.00, Loss = 0.000
[2020-11-26 21:42] Train Step 2520/3000, Batch Size = 256,                    Examples/Sec = 2963.22, Accuracy = 1.00, Loss = 0.000
[2020-11-26 21:42] Train Step 2580/3000, Batch Size = 256,                    Examples/Sec = 2624.57, Accuracy = 1.00, Loss = 0.000
[2020-11-26 21:42] Train Step 2640/3000, Batch Size = 256,                    Examples/Sec = 2620.38, Accuracy = 1.00, Loss = 0.000
[2020-11-26 21:42] Train Step 2700/3000, Batch Size = 256,                    Examples/Sec = 2834.48, Accuracy = 1.00, Loss = 0.000
[2020-11-26 21:42] Train Step 2760/3000, Batch Size = 256,                    Examples/Sec = 2709.72, Accuracy = 1.00, Loss = 0.000
[2020-11-26 21:42] Train Step 2820/3000, Batch Size = 256,                    Examples/Sec = 2707.06, Accuracy = 1.00, Loss = 0.000
[2020-11-26 21:43] Train Step 2880/3000, Batch Size = 256,                    Examples/Sec = 2982.46, Accuracy = 1.00, Loss = 0.000
[2020-11-26 21:43] Train Step 2940/3000, Batch Size = 256,                    Examples/Sec = 2993.93, Accuracy = 1.00, Loss = 0.000
[2020-11-26 21:43] Train Step 3000/3000, Batch Size = 256,                    Examples/Sec = 2980.44, Accuracy = 1.00, Loss = 0.000
Done training.
TEST ACC:1.000
Device: cuda:0
Seed:  0
Load binary palindrome dataset ...
Initializing LSTM model ...
seq length: 81
input dim: 1
hidden dim: 256
num classes: 2
batch_size: 256
device: cuda:0


[2020-11-26 21:43] Train Step 0000/3000, Batch Size = 256,                    Examples/Sec = 1247.76, Accuracy = 0.47, Loss = 1.903
[2020-11-26 21:43] Train Step 0060/3000, Batch Size = 256,                    Examples/Sec = 1580.03, Accuracy = 0.63, Loss = 0.638
[2020-11-26 21:43] Train Step 0120/3000, Batch Size = 256,                    Examples/Sec = 1669.49, Accuracy = 0.69, Loss = 0.609
[2020-11-26 21:43] Train Step 0180/3000, Batch Size = 256,                    Examples/Sec = 1701.82, Accuracy = 0.59, Loss = 0.645
[2020-11-26 21:43] Train Step 0240/3000, Batch Size = 256,                    Examples/Sec = 1600.85, Accuracy = 0.66, Loss = 0.613
[2020-11-26 21:44] Train Step 0300/3000, Batch Size = 256,                    Examples/Sec = 1397.72, Accuracy = 0.66, Loss = 0.609
[2020-11-26 21:44] Train Step 0360/3000, Batch Size = 256,                    Examples/Sec = 1652.40, Accuracy = 0.70, Loss = 0.617
[2020-11-26 21:44] Train Step 0420/3000, Batch Size = 256,                    Examples/Sec = 1718.36, Accuracy = 0.67, Loss = 0.596
[2020-11-26 21:44] Train Step 0480/3000, Batch Size = 256,                    Examples/Sec = 1698.14, Accuracy = 0.66, Loss = 0.648
[2020-11-26 21:44] Train Step 0540/3000, Batch Size = 256,                    Examples/Sec = 1698.72, Accuracy = 0.67, Loss = 0.615
[2020-11-26 21:44] Train Step 0600/3000, Batch Size = 256,                    Examples/Sec = 1419.96, Accuracy = 0.68, Loss = 0.621
[2020-11-26 21:45] Train Step 0660/3000, Batch Size = 256,                    Examples/Sec = 1713.48, Accuracy = 0.71, Loss = 0.586
[2020-11-26 21:45] Train Step 0720/3000, Batch Size = 256,                    Examples/Sec = 1712.45, Accuracy = 0.69, Loss = 0.588
[2020-11-26 21:45] Train Step 0780/3000, Batch Size = 256,                    Examples/Sec = 1683.13, Accuracy = 0.69, Loss = 0.631
[2020-11-26 21:45] Train Step 0840/3000, Batch Size = 256,                    Examples/Sec = 1711.93, Accuracy = 0.70, Loss = 0.581
[2020-11-26 21:45] Train Step 0900/3000, Batch Size = 256,                    Examples/Sec = 1644.30, Accuracy = 0.65, Loss = 0.638
[2020-11-26 21:45] Train Step 0960/3000, Batch Size = 256,                    Examples/Sec = 1713.82, Accuracy = 0.67, Loss = 0.607
[2020-11-26 21:45] Train Step 1020/3000, Batch Size = 256,                    Examples/Sec = 1565.00, Accuracy = 0.65, Loss = 0.625
[2020-11-26 21:46] Train Step 1080/3000, Batch Size = 256,                    Examples/Sec = 1723.60, Accuracy = 0.69, Loss = 0.582
[2020-11-26 21:46] Train Step 1140/3000, Batch Size = 256,                    Examples/Sec = 1686.57, Accuracy = 1.00, Loss = 0.001
[2020-11-26 21:46] Train Step 1200/3000, Batch Size = 256,                    Examples/Sec = 1718.60, Accuracy = 1.00, Loss = 0.001
[2020-11-26 21:46] Train Step 1260/3000, Batch Size = 256,                    Examples/Sec = 1703.42, Accuracy = 1.00, Loss = 0.000
[2020-11-26 21:46] Train Step 1320/3000, Batch Size = 256,                    Examples/Sec = 1714.57, Accuracy = 1.00, Loss = 0.000
[2020-11-26 21:46] Train Step 1380/3000, Batch Size = 256,                    Examples/Sec = 1713.30, Accuracy = 1.00, Loss = 0.000
[2020-11-26 21:47] Train Step 1440/3000, Batch Size = 256,                    Examples/Sec = 1568.99, Accuracy = 1.00, Loss = 0.000
[2020-11-26 21:47] Train Step 1500/3000, Batch Size = 256,                    Examples/Sec = 1712.15, Accuracy = 1.00, Loss = 0.000
[2020-11-26 21:47] Train Step 1560/3000, Batch Size = 256,                    Examples/Sec = 1710.06, Accuracy = 1.00, Loss = 0.000
[2020-11-26 21:47] Train Step 1620/3000, Batch Size = 256,                    Examples/Sec = 1698.54, Accuracy = 1.00, Loss = 0.000
[2020-11-26 21:47] Train Step 1680/3000, Batch Size = 256,                    Examples/Sec = 1579.16, Accuracy = 1.00, Loss = 0.000
[2020-11-26 21:47] Train Step 1740/3000, Batch Size = 256,                    Examples/Sec = 1569.10, Accuracy = 1.00, Loss = 0.000
[2020-11-26 21:48] Train Step 1800/3000, Batch Size = 256,                    Examples/Sec = 1672.07, Accuracy = 1.00, Loss = 0.000
[2020-11-26 21:48] Train Step 1860/3000, Batch Size = 256,                    Examples/Sec = 1681.38, Accuracy = 1.00, Loss = 0.000
[2020-11-26 21:48] Train Step 1920/3000, Batch Size = 256,                    Examples/Sec = 1649.49, Accuracy = 1.00, Loss = 0.000
[2020-11-26 21:48] Train Step 1980/3000, Batch Size = 256,                    Examples/Sec = 1601.08, Accuracy = 1.00, Loss = 0.000
[2020-11-26 21:48] Train Step 2040/3000, Batch Size = 256,                    Examples/Sec = 1709.18, Accuracy = 1.00, Loss = 0.000
[2020-11-26 21:48] Train Step 2100/3000, Batch Size = 256,                    Examples/Sec = 1697.91, Accuracy = 1.00, Loss = 0.000
[2020-11-26 21:48] Train Step 2160/3000, Batch Size = 256,                    Examples/Sec = 1710.90, Accuracy = 1.00, Loss = 0.000
[2020-11-26 21:49] Train Step 2220/3000, Batch Size = 256,                    Examples/Sec = 1587.33, Accuracy = 1.00, Loss = 0.000
[2020-11-26 21:49] Train Step 2280/3000, Batch Size = 256,                    Examples/Sec = 1675.31, Accuracy = 1.00, Loss = 0.000
[2020-11-26 21:49] Train Step 2340/3000, Batch Size = 256,                    Examples/Sec = 1694.81, Accuracy = 1.00, Loss = 0.000
[2020-11-26 21:49] Train Step 2400/3000, Batch Size = 256,                    Examples/Sec = 1713.47, Accuracy = 1.00, Loss = 0.000
[2020-11-26 21:49] Train Step 2460/3000, Batch Size = 256,                    Examples/Sec = 1648.34, Accuracy = 1.00, Loss = 0.000
[2020-11-26 21:49] Train Step 2520/3000, Batch Size = 256,                    Examples/Sec = 1694.87, Accuracy = 1.00, Loss = 0.000
[2020-11-26 21:50] Train Step 2580/3000, Batch Size = 256,                    Examples/Sec = 1669.50, Accuracy = 1.00, Loss = 0.000
[2020-11-26 21:50] Train Step 2640/3000, Batch Size = 256,                    Examples/Sec = 1694.47, Accuracy = 1.00, Loss = 0.000
[2020-11-26 21:50] Train Step 2700/3000, Batch Size = 256,                    Examples/Sec = 1713.79, Accuracy = 1.00, Loss = 0.000
[2020-11-26 21:50] Train Step 2760/3000, Batch Size = 256,                    Examples/Sec = 1714.97, Accuracy = 1.00, Loss = 0.000
[2020-11-26 21:50] Train Step 2820/3000, Batch Size = 256,                    Examples/Sec = 1409.22, Accuracy = 1.00, Loss = 0.000
[2020-11-26 21:50] Train Step 2880/3000, Batch Size = 256,                    Examples/Sec = 1715.84, Accuracy = 1.00, Loss = 0.000
[2020-11-26 21:50] Train Step 2940/3000, Batch Size = 256,                    Examples/Sec = 1702.09, Accuracy = 1.00, Loss = 0.000
[2020-11-26 21:51] Train Step 3000/3000, Batch Size = 256,                    Examples/Sec = 1633.02, Accuracy = 1.00, Loss = 0.000
Done training.
TEST ACC:1.000
Device: cuda:0
Seed:  1
Load binary palindrome dataset ...
Initializing LSTM model ...
seq length: 81
input dim: 1
hidden dim: 256
num classes: 2
batch_size: 256
device: cuda:0


[2020-11-26 21:51] Train Step 0000/3000, Batch Size = 256,                    Examples/Sec = 1618.72, Accuracy = 0.40, Loss = 1.826
[2020-11-26 21:51] Train Step 0060/3000, Batch Size = 256,                    Examples/Sec = 1606.71, Accuracy = 0.68, Loss = 0.622
[2020-11-26 21:51] Train Step 0120/3000, Batch Size = 256,                    Examples/Sec = 1623.18, Accuracy = 0.66, Loss = 0.628
[2020-11-26 21:51] Train Step 0180/3000, Batch Size = 256,                    Examples/Sec = 1683.45, Accuracy = 0.66, Loss = 0.622
[2020-11-26 21:51] Train Step 0240/3000, Batch Size = 256,                    Examples/Sec = 1622.78, Accuracy = 0.63, Loss = 0.628
[2020-11-26 21:51] Train Step 0300/3000, Batch Size = 256,                    Examples/Sec = 1681.76, Accuracy = 0.66, Loss = 0.607
[2020-11-26 21:52] Train Step 0360/3000, Batch Size = 256,                    Examples/Sec = 1690.30, Accuracy = 0.62, Loss = 0.652
[2020-11-26 21:52] Train Step 0420/3000, Batch Size = 256,                    Examples/Sec = 1679.76, Accuracy = 0.64, Loss = 0.640
[2020-11-26 21:52] Train Step 0480/3000, Batch Size = 256,                    Examples/Sec = 1702.76, Accuracy = 0.68, Loss = 0.578
[2020-11-26 21:52] Train Step 0540/3000, Batch Size = 256,                    Examples/Sec = 1669.59, Accuracy = 0.68, Loss = 0.585
[2020-11-26 21:52] Train Step 0600/3000, Batch Size = 256,                    Examples/Sec = 1639.96, Accuracy = 0.65, Loss = 0.638
[2020-11-26 21:52] Train Step 0660/3000, Batch Size = 256,                    Examples/Sec = 1686.66, Accuracy = 0.64, Loss = 0.628
[2020-11-26 21:53] Train Step 0720/3000, Batch Size = 256,                    Examples/Sec = 1689.21, Accuracy = 0.65, Loss = 0.632
[2020-11-26 21:53] Train Step 0780/3000, Batch Size = 256,                    Examples/Sec = 1691.57, Accuracy = 0.67, Loss = 0.608
[2020-11-26 21:53] Train Step 0840/3000, Batch Size = 256,                    Examples/Sec = 1657.79, Accuracy = 0.76, Loss = 0.474
[2020-11-26 21:53] Train Step 0900/3000, Batch Size = 256,                    Examples/Sec = 1660.46, Accuracy = 0.93, Loss = 0.431
[2020-11-26 21:53] Train Step 0960/3000, Batch Size = 256,                    Examples/Sec = 1659.32, Accuracy = 1.00, Loss = 0.001
[2020-11-26 21:53] Train Step 1020/3000, Batch Size = 256,                    Examples/Sec = 1660.99, Accuracy = 1.00, Loss = 0.000
[2020-11-26 21:53] Train Step 1080/3000, Batch Size = 256,                    Examples/Sec = 1674.57, Accuracy = 1.00, Loss = 0.000
[2020-11-26 21:54] Train Step 1140/3000, Batch Size = 256,                    Examples/Sec = 1667.03, Accuracy = 1.00, Loss = 0.000
[2020-11-26 21:54] Train Step 1200/3000, Batch Size = 256,                    Examples/Sec = 1668.88, Accuracy = 1.00, Loss = 0.000
[2020-11-26 21:54] Train Step 1260/3000, Batch Size = 256,                    Examples/Sec = 1657.66, Accuracy = 1.00, Loss = 0.000
[2020-11-26 21:54] Train Step 1320/3000, Batch Size = 256,                    Examples/Sec = 1719.69, Accuracy = 1.00, Loss = 0.000
[2020-11-26 21:54] Train Step 1380/3000, Batch Size = 256,                    Examples/Sec = 1666.93, Accuracy = 1.00, Loss = 0.000
[2020-11-26 21:54] Train Step 1440/3000, Batch Size = 256,                    Examples/Sec = 1707.48, Accuracy = 1.00, Loss = 0.000
[2020-11-26 21:55] Train Step 1500/3000, Batch Size = 256,                    Examples/Sec = 1572.07, Accuracy = 0.99, Loss = 0.055
[2020-11-26 21:55] Train Step 1560/3000, Batch Size = 256,                    Examples/Sec = 1665.16, Accuracy = 1.00, Loss = 0.001
[2020-11-26 21:55] Train Step 1620/3000, Batch Size = 256,                    Examples/Sec = 1712.35, Accuracy = 1.00, Loss = 0.000
[2020-11-26 21:55] Train Step 1680/3000, Batch Size = 256,                    Examples/Sec = 1680.67, Accuracy = 1.00, Loss = 0.000
[2020-11-26 21:55] Train Step 1740/3000, Batch Size = 256,                    Examples/Sec = 1712.60, Accuracy = 1.00, Loss = 0.000
[2020-11-26 21:55] Train Step 1800/3000, Batch Size = 256,                    Examples/Sec = 1615.25, Accuracy = 1.00, Loss = 0.000
[2020-11-26 21:55] Train Step 1860/3000, Batch Size = 256,                    Examples/Sec = 1621.10, Accuracy = 1.00, Loss = 0.000
[2020-11-26 21:56] Train Step 1920/3000, Batch Size = 256,                    Examples/Sec = 1702.87, Accuracy = 1.00, Loss = 0.000
[2020-11-26 21:56] Train Step 1980/3000, Batch Size = 256,                    Examples/Sec = 1693.13, Accuracy = 1.00, Loss = 0.000
[2020-11-26 21:56] Train Step 2040/3000, Batch Size = 256,                    Examples/Sec = 1659.67, Accuracy = 1.00, Loss = 0.000
[2020-11-26 21:56] Train Step 2100/3000, Batch Size = 256,                    Examples/Sec = 1660.50, Accuracy = 1.00, Loss = 0.000
[2020-11-26 21:56] Train Step 2160/3000, Batch Size = 256,                    Examples/Sec = 1655.78, Accuracy = 1.00, Loss = 0.000
[2020-11-26 21:56] Train Step 2220/3000, Batch Size = 256,                    Examples/Sec = 1663.80, Accuracy = 1.00, Loss = 0.000
[2020-11-26 21:57] Train Step 2280/3000, Batch Size = 256,                    Examples/Sec = 1638.37, Accuracy = 1.00, Loss = 0.000
[2020-11-26 21:57] Train Step 2340/3000, Batch Size = 256,                    Examples/Sec = 1667.18, Accuracy = 1.00, Loss = 0.000
[2020-11-26 21:57] Train Step 2400/3000, Batch Size = 256,                    Examples/Sec = 1666.81, Accuracy = 1.00, Loss = 0.000
[2020-11-26 21:57] Train Step 2460/3000, Batch Size = 256,                    Examples/Sec = 1686.70, Accuracy = 1.00, Loss = 0.000
[2020-11-26 21:57] Train Step 2520/3000, Batch Size = 256,                    Examples/Sec = 1664.72, Accuracy = 1.00, Loss = 0.000
[2020-11-26 21:57] Train Step 2580/3000, Batch Size = 256,                    Examples/Sec = 1674.67, Accuracy = 1.00, Loss = 0.000
[2020-11-26 21:58] Train Step 2640/3000, Batch Size = 256,                    Examples/Sec = 1713.54, Accuracy = 1.00, Loss = 0.000
[2020-11-26 21:58] Train Step 2700/3000, Batch Size = 256,                    Examples/Sec = 1675.54, Accuracy = 1.00, Loss = 0.000
[2020-11-26 21:58] Train Step 2760/3000, Batch Size = 256,                    Examples/Sec = 1655.52, Accuracy = 1.00, Loss = 0.000
[2020-11-26 21:58] Train Step 2820/3000, Batch Size = 256,                    Examples/Sec = 1547.19, Accuracy = 1.00, Loss = 0.000
[2020-11-26 21:58] Train Step 2880/3000, Batch Size = 256,                    Examples/Sec = 1719.45, Accuracy = 1.00, Loss = 0.000
[2020-11-26 21:58] Train Step 2940/3000, Batch Size = 256,                    Examples/Sec = 1685.38, Accuracy = 1.00, Loss = 0.000
[2020-11-26 21:58] Train Step 3000/3000, Batch Size = 256,                    Examples/Sec = 1708.82, Accuracy = 1.00, Loss = 0.000
Done training.
TEST ACC:1.000
Device: cuda:0
Seed:  2
Load binary palindrome dataset ...
Initializing LSTM model ...
seq length: 81
input dim: 1
hidden dim: 256
num classes: 2
batch_size: 256
device: cuda:0


[2020-11-26 21:59] Train Step 0000/3000, Batch Size = 256,                    Examples/Sec = 1734.40, Accuracy = 0.69, Loss = 2.379
[2020-11-26 21:59] Train Step 0060/3000, Batch Size = 256,                    Examples/Sec = 1687.83, Accuracy = 0.74, Loss = 0.573
[2020-11-26 21:59] Train Step 0120/3000, Batch Size = 256,                    Examples/Sec = 1700.04, Accuracy = 0.63, Loss = 0.666
[2020-11-26 21:59] Train Step 0180/3000, Batch Size = 256,                    Examples/Sec = 1713.07, Accuracy = 0.67, Loss = 0.605
[2020-11-26 21:59] Train Step 0240/3000, Batch Size = 256,                    Examples/Sec = 1682.56, Accuracy = 0.66, Loss = 0.619
[2020-11-26 21:59] Train Step 0300/3000, Batch Size = 256,                    Examples/Sec = 1716.76, Accuracy = 0.69, Loss = 0.608
[2020-11-26 21:59] Train Step 0360/3000, Batch Size = 256,                    Examples/Sec = 1660.42, Accuracy = 0.68, Loss = 0.623
[2020-11-26 22:00] Train Step 0420/3000, Batch Size = 256,                    Examples/Sec = 1389.63, Accuracy = 0.64, Loss = 0.618
[2020-11-26 22:00] Train Step 0480/3000, Batch Size = 256,                    Examples/Sec = 1654.71, Accuracy = 0.68, Loss = 0.594
[2020-11-26 22:00] Train Step 0540/3000, Batch Size = 256,                    Examples/Sec = 1670.86, Accuracy = 0.69, Loss = 0.574
[2020-11-26 22:00] Train Step 0600/3000, Batch Size = 256,                    Examples/Sec = 1619.82, Accuracy = 0.59, Loss = 0.690
[2020-11-26 22:00] Train Step 0660/3000, Batch Size = 256,                    Examples/Sec = 1665.83, Accuracy = 0.66, Loss = 0.623
[2020-11-26 22:00] Train Step 0720/3000, Batch Size = 256,                    Examples/Sec = 1633.94, Accuracy = 0.64, Loss = 0.644
[2020-11-26 22:01] Train Step 0780/3000, Batch Size = 256,                    Examples/Sec = 1587.74, Accuracy = 0.69, Loss = 0.580
[2020-11-26 22:01] Train Step 0840/3000, Batch Size = 256,                    Examples/Sec = 1665.96, Accuracy = 0.65, Loss = 0.639
[2020-11-26 22:01] Train Step 0900/3000, Batch Size = 256,                    Examples/Sec = 1643.98, Accuracy = 0.64, Loss = 0.635
[2020-11-26 22:01] Train Step 0960/3000, Batch Size = 256,                    Examples/Sec = 1664.80, Accuracy = 0.63, Loss = 0.664
[2020-11-26 22:01] Train Step 1020/3000, Batch Size = 256,                    Examples/Sec = 1676.34, Accuracy = 0.71, Loss = 0.599
[2020-11-26 22:01] Train Step 1080/3000, Batch Size = 256,                    Examples/Sec = 1662.34, Accuracy = 0.66, Loss = 0.632
[2020-11-26 22:01] Train Step 1140/3000, Batch Size = 256,                    Examples/Sec = 1664.57, Accuracy = 0.66, Loss = 0.624
[2020-11-26 22:02] Train Step 1200/3000, Batch Size = 256,                    Examples/Sec = 1670.13, Accuracy = 0.67, Loss = 0.594
[2020-11-26 22:02] Train Step 1260/3000, Batch Size = 256,                    Examples/Sec = 1678.72, Accuracy = 0.65, Loss = 0.614
[2020-11-26 22:02] Train Step 1320/3000, Batch Size = 256,                    Examples/Sec = 1688.11, Accuracy = 0.76, Loss = 0.561
[2020-11-26 22:02] Train Step 1380/3000, Batch Size = 256,                    Examples/Sec = 1717.21, Accuracy = 0.63, Loss = 0.631
[2020-11-26 22:02] Train Step 1440/3000, Batch Size = 256,                    Examples/Sec = 1636.26, Accuracy = 0.67, Loss = 0.617
[2020-11-26 22:02] Train Step 1500/3000, Batch Size = 256,                    Examples/Sec = 1395.27, Accuracy = 0.68, Loss = 0.601
[2020-11-26 22:03] Train Step 1560/3000, Batch Size = 256,                    Examples/Sec = 1675.46, Accuracy = 0.71, Loss = 0.581
[2020-11-26 22:03] Train Step 1620/3000, Batch Size = 256,                    Examples/Sec = 1679.44, Accuracy = 0.69, Loss = 0.600
[2020-11-26 22:03] Train Step 1680/3000, Batch Size = 256,                    Examples/Sec = 1661.99, Accuracy = 0.66, Loss = 0.612
[2020-11-26 22:03] Train Step 1740/3000, Batch Size = 256,                    Examples/Sec = 1699.92, Accuracy = 0.69, Loss = 0.604
[2020-11-26 22:03] Train Step 1800/3000, Batch Size = 256,                    Examples/Sec = 1690.15, Accuracy = 0.66, Loss = 0.613
[2020-11-26 22:03] Train Step 1860/3000, Batch Size = 256,                    Examples/Sec = 1598.56, Accuracy = 0.70, Loss = 0.580
[2020-11-26 22:03] Train Step 1920/3000, Batch Size = 256,                    Examples/Sec = 1688.89, Accuracy = 0.72, Loss = 0.599
[2020-11-26 22:04] Train Step 1980/3000, Batch Size = 256,                    Examples/Sec = 1678.64, Accuracy = 0.66, Loss = 0.619
[2020-11-26 22:04] Train Step 2040/3000, Batch Size = 256,                    Examples/Sec = 1692.09, Accuracy = 0.64, Loss = 0.649
[2020-11-26 22:04] Train Step 2100/3000, Batch Size = 256,                    Examples/Sec = 1713.68, Accuracy = 1.00, Loss = 0.012
[2020-11-26 22:04] Train Step 2160/3000, Batch Size = 256,                    Examples/Sec = 1673.49, Accuracy = 1.00, Loss = 0.001
[2020-11-26 22:04] Train Step 2220/3000, Batch Size = 256,                    Examples/Sec = 1670.74, Accuracy = 1.00, Loss = 0.000
[2020-11-26 22:04] Train Step 2280/3000, Batch Size = 256,                    Examples/Sec = 1647.18, Accuracy = 1.00, Loss = 0.000
[2020-11-26 22:05] Train Step 2340/3000, Batch Size = 256,                    Examples/Sec = 1667.41, Accuracy = 1.00, Loss = 0.000
[2020-11-26 22:05] Train Step 2400/3000, Batch Size = 256,                    Examples/Sec = 1684.13, Accuracy = 1.00, Loss = 0.000
[2020-11-26 22:05] Train Step 2460/3000, Batch Size = 256,                    Examples/Sec = 1668.41, Accuracy = 1.00, Loss = 0.000
[2020-11-26 22:05] Train Step 2520/3000, Batch Size = 256,                    Examples/Sec = 1658.03, Accuracy = 1.00, Loss = 0.000
[2020-11-26 22:05] Train Step 2580/3000, Batch Size = 256,                    Examples/Sec = 1683.96, Accuracy = 1.00, Loss = 0.000
[2020-11-26 22:05] Train Step 2640/3000, Batch Size = 256,                    Examples/Sec = 1670.86, Accuracy = 1.00, Loss = 0.000
[2020-11-26 22:06] Train Step 2700/3000, Batch Size = 256,                    Examples/Sec = 1652.59, Accuracy = 1.00, Loss = 0.000
[2020-11-26 22:06] Train Step 2760/3000, Batch Size = 256,                    Examples/Sec = 1671.63, Accuracy = 1.00, Loss = 0.000
[2020-11-26 22:06] Train Step 2820/3000, Batch Size = 256,                    Examples/Sec = 1660.51, Accuracy = 1.00, Loss = 0.000
[2020-11-26 22:06] Train Step 2880/3000, Batch Size = 256,                    Examples/Sec = 1665.25, Accuracy = 1.00, Loss = 0.000
[2020-11-26 22:06] Train Step 2940/3000, Batch Size = 256,                    Examples/Sec = 1654.34, Accuracy = 1.00, Loss = 0.000
[2020-11-26 22:06] Train Step 3000/3000, Batch Size = 256,                    Examples/Sec = 1695.39, Accuracy = 1.00, Loss = 0.000
Done training.
TEST ACC:1.000
Device: cuda:0
Seed:  0
Load binary palindrome dataset ...
Initializing peephole LSTM model ...
seq length: 41
input dim: 1
hidden dim: 256
num classes: 2
batch_size: 256
device: cuda:0


[2020-11-26 22:06] Train Step 0000/3000, Batch Size = 256,                    Examples/Sec = 2558.78, Accuracy = 0.63, Loss = 1.726
[2020-11-26 22:06] Train Step 0060/3000, Batch Size = 256,                    Examples/Sec = 3461.43, Accuracy = 0.69, Loss = 0.619
[2020-11-26 22:07] Train Step 0120/3000, Batch Size = 256,                    Examples/Sec = 2599.75, Accuracy = 0.95, Loss = 0.337
[2020-11-26 22:07] Train Step 0180/3000, Batch Size = 256,                    Examples/Sec = 3579.41, Accuracy = 1.00, Loss = 0.018
[2020-11-26 22:07] Train Step 0240/3000, Batch Size = 256,                    Examples/Sec = 3478.68, Accuracy = 1.00, Loss = 0.004
[2020-11-26 22:07] Train Step 0300/3000, Batch Size = 256,                    Examples/Sec = 3621.08, Accuracy = 1.00, Loss = 0.005
[2020-11-26 22:07] Train Step 0360/3000, Batch Size = 256,                    Examples/Sec = 3445.43, Accuracy = 1.00, Loss = 0.002
[2020-11-26 22:07] Train Step 0420/3000, Batch Size = 256,                    Examples/Sec = 3432.15, Accuracy = 1.00, Loss = 0.001
[2020-11-26 22:07] Train Step 0480/3000, Batch Size = 256,                    Examples/Sec = 3054.97, Accuracy = 1.00, Loss = 0.001
[2020-11-26 22:07] Train Step 0540/3000, Batch Size = 256,                    Examples/Sec = 2955.24, Accuracy = 1.00, Loss = 0.000
[2020-11-26 22:07] Train Step 0600/3000, Batch Size = 256,                    Examples/Sec = 2882.91, Accuracy = 1.00, Loss = 0.000
[2020-11-26 22:07] Train Step 0660/3000, Batch Size = 256,                    Examples/Sec = 4719.77, Accuracy = 1.00, Loss = 0.000
[2020-11-26 22:07] Train Step 0720/3000, Batch Size = 256,                    Examples/Sec = 3002.37, Accuracy = 1.00, Loss = 0.000
[2020-11-26 22:07] Train Step 0780/3000, Batch Size = 256,                    Examples/Sec = 3386.46, Accuracy = 1.00, Loss = 0.000
[2020-11-26 22:07] Train Step 0840/3000, Batch Size = 256,                    Examples/Sec = 3607.93, Accuracy = 0.98, Loss = 0.048
[2020-11-26 22:08] Train Step 0900/3000, Batch Size = 256,                    Examples/Sec = 4708.03, Accuracy = 1.00, Loss = 0.000
[2020-11-26 22:08] Train Step 0960/3000, Batch Size = 256,                    Examples/Sec = 3628.98, Accuracy = 1.00, Loss = 0.000
[2020-11-26 22:08] Train Step 1020/3000, Batch Size = 256,                    Examples/Sec = 3582.48, Accuracy = 1.00, Loss = 0.000
[2020-11-26 22:08] Train Step 1080/3000, Batch Size = 256,                    Examples/Sec = 3442.24, Accuracy = 1.00, Loss = 0.000
[2020-11-26 22:08] Train Step 1140/3000, Batch Size = 256,                    Examples/Sec = 3401.08, Accuracy = 1.00, Loss = 0.000
[2020-11-26 22:08] Train Step 1200/3000, Batch Size = 256,                    Examples/Sec = 3460.78, Accuracy = 1.00, Loss = 0.000
[2020-11-26 22:08] Train Step 1260/3000, Batch Size = 256,                    Examples/Sec = 3449.87, Accuracy = 1.00, Loss = 0.000
[2020-11-26 22:08] Train Step 1320/3000, Batch Size = 256,                    Examples/Sec = 2411.39, Accuracy = 1.00, Loss = 0.000
[2020-11-26 22:08] Train Step 1380/3000, Batch Size = 256,                    Examples/Sec = 2625.07, Accuracy = 1.00, Loss = 0.000
[2020-11-26 22:08] Train Step 1440/3000, Batch Size = 256,                    Examples/Sec = 3398.37, Accuracy = 1.00, Loss = 0.000
[2020-11-26 22:08] Train Step 1500/3000, Batch Size = 256,                    Examples/Sec = 3508.59, Accuracy = 1.00, Loss = 0.000
[2020-11-26 22:08] Train Step 1560/3000, Batch Size = 256,                    Examples/Sec = 3439.66, Accuracy = 1.00, Loss = 0.001
[2020-11-26 22:08] Train Step 1620/3000, Batch Size = 256,                    Examples/Sec = 2798.80, Accuracy = 1.00, Loss = 0.000
[2020-11-26 22:09] Train Step 1680/3000, Batch Size = 256,                    Examples/Sec = 3448.43, Accuracy = 1.00, Loss = 0.000
[2020-11-26 22:09] Train Step 1740/3000, Batch Size = 256,                    Examples/Sec = 2425.86, Accuracy = 1.00, Loss = 0.000
[2020-11-26 22:09] Train Step 1800/3000, Batch Size = 256,                    Examples/Sec = 3623.81, Accuracy = 0.99, Loss = 0.025
[2020-11-26 22:09] Train Step 1860/3000, Batch Size = 256,                    Examples/Sec = 3159.75, Accuracy = 1.00, Loss = 0.000
[2020-11-26 22:09] Train Step 1920/3000, Batch Size = 256,                    Examples/Sec = 3597.15, Accuracy = 1.00, Loss = 0.000
[2020-11-26 22:09] Train Step 1980/3000, Batch Size = 256,                    Examples/Sec = 2781.17, Accuracy = 1.00, Loss = 0.000
[2020-11-26 22:09] Train Step 2040/3000, Batch Size = 256,                    Examples/Sec = 3174.30, Accuracy = 1.00, Loss = 0.000
[2020-11-26 22:09] Train Step 2100/3000, Batch Size = 256,                    Examples/Sec = 3512.39, Accuracy = 1.00, Loss = 0.000
[2020-11-26 22:09] Train Step 2160/3000, Batch Size = 256,                    Examples/Sec = 3470.69, Accuracy = 1.00, Loss = 0.001
[2020-11-26 22:09] Train Step 2220/3000, Batch Size = 256,                    Examples/Sec = 3470.50, Accuracy = 1.00, Loss = 0.000
[2020-11-26 22:09] Train Step 2280/3000, Batch Size = 256,                    Examples/Sec = 3399.52, Accuracy = 1.00, Loss = 0.000
[2020-11-26 22:09] Train Step 2340/3000, Batch Size = 256,                    Examples/Sec = 2844.76, Accuracy = 1.00, Loss = 0.000
[2020-11-26 22:09] Train Step 2400/3000, Batch Size = 256,                    Examples/Sec = 3467.13, Accuracy = 1.00, Loss = 0.000
[2020-11-26 22:10] Train Step 2460/3000, Batch Size = 256,                    Examples/Sec = 3473.36, Accuracy = 1.00, Loss = 0.000
[2020-11-26 22:10] Train Step 2520/3000, Batch Size = 256,                    Examples/Sec = 4643.33, Accuracy = 1.00, Loss = 0.000
[2020-11-26 22:10] Train Step 2580/3000, Batch Size = 256,                    Examples/Sec = 3421.19, Accuracy = 1.00, Loss = 0.000
[2020-11-26 22:10] Train Step 2640/3000, Batch Size = 256,                    Examples/Sec = 3633.58, Accuracy = 1.00, Loss = 0.000
[2020-11-26 22:10] Train Step 2700/3000, Batch Size = 256,                    Examples/Sec = 3434.14, Accuracy = 1.00, Loss = 0.000
[2020-11-26 22:10] Train Step 2760/3000, Batch Size = 256,                    Examples/Sec = 3488.15, Accuracy = 1.00, Loss = 0.000
[2020-11-26 22:10] Train Step 2820/3000, Batch Size = 256,                    Examples/Sec = 3473.84, Accuracy = 1.00, Loss = 0.000
[2020-11-26 22:10] Train Step 2880/3000, Batch Size = 256,                    Examples/Sec = 3443.18, Accuracy = 1.00, Loss = 0.000
[2020-11-26 22:10] Train Step 2940/3000, Batch Size = 256,                    Examples/Sec = 3093.88, Accuracy = 1.00, Loss = 0.000
[2020-11-26 22:10] Train Step 3000/3000, Batch Size = 256,                    Examples/Sec = 3468.82, Accuracy = 1.00, Loss = 0.000
Done training.
TEST ACC:1.000
Device: cuda:0
Seed:  1
Load binary palindrome dataset ...
Initializing peephole LSTM model ...
seq length: 41
input dim: 1
hidden dim: 256
num classes: 2
batch_size: 256
device: cuda:0


[2020-11-26 22:10] Train Step 0000/3000, Batch Size = 256,                    Examples/Sec = 3975.83, Accuracy = 0.29, Loss = 2.457
[2020-11-26 22:10] Train Step 0060/3000, Batch Size = 256,                    Examples/Sec = 3413.22, Accuracy = 0.64, Loss = 0.653
[2020-11-26 22:10] Train Step 0120/3000, Batch Size = 256,                    Examples/Sec = 3133.01, Accuracy = 0.67, Loss = 0.630
[2020-11-26 22:10] Train Step 0180/3000, Batch Size = 256,                    Examples/Sec = 3454.70, Accuracy = 0.77, Loss = 0.475
[2020-11-26 22:11] Train Step 0240/3000, Batch Size = 256,                    Examples/Sec = 3498.45, Accuracy = 1.00, Loss = 0.012
[2020-11-26 22:11] Train Step 0300/3000, Batch Size = 256,                    Examples/Sec = 3613.55, Accuracy = 1.00, Loss = 0.005
[2020-11-26 22:11] Train Step 0360/3000, Batch Size = 256,                    Examples/Sec = 3462.77, Accuracy = 1.00, Loss = 0.001
[2020-11-26 22:11] Train Step 0420/3000, Batch Size = 256,                    Examples/Sec = 3436.99, Accuracy = 1.00, Loss = 0.000
[2020-11-26 22:11] Train Step 0480/3000, Batch Size = 256,                    Examples/Sec = 2629.07, Accuracy = 1.00, Loss = 0.000
[2020-11-26 22:11] Train Step 0540/3000, Batch Size = 256,                    Examples/Sec = 2730.93, Accuracy = 1.00, Loss = 0.000
[2020-11-26 22:11] Train Step 0600/3000, Batch Size = 256,                    Examples/Sec = 3466.13, Accuracy = 1.00, Loss = 0.000
[2020-11-26 22:11] Train Step 0660/3000, Batch Size = 256,                    Examples/Sec = 3473.82, Accuracy = 1.00, Loss = 0.000
[2020-11-26 22:11] Train Step 0720/3000, Batch Size = 256,                    Examples/Sec = 3454.42, Accuracy = 1.00, Loss = 0.000
[2020-11-26 22:11] Train Step 0780/3000, Batch Size = 256,                    Examples/Sec = 3456.01, Accuracy = 1.00, Loss = 0.000
[2020-11-26 22:11] Train Step 0840/3000, Batch Size = 256,                    Examples/Sec = 3447.65, Accuracy = 1.00, Loss = 0.000
[2020-11-26 22:11] Train Step 0900/3000, Batch Size = 256,                    Examples/Sec = 3452.61, Accuracy = 1.00, Loss = 0.000
[2020-11-26 22:11] Train Step 0960/3000, Batch Size = 256,                    Examples/Sec = 3500.43, Accuracy = 1.00, Loss = 0.000
[2020-11-26 22:12] Train Step 1020/3000, Batch Size = 256,                    Examples/Sec = 3667.36, Accuracy = 1.00, Loss = 0.000
[2020-11-26 22:12] Train Step 1080/3000, Batch Size = 256,                    Examples/Sec = 3460.97, Accuracy = 1.00, Loss = 0.000
[2020-11-26 22:12] Train Step 1140/3000, Batch Size = 256,                    Examples/Sec = 3375.72, Accuracy = 1.00, Loss = 0.000
[2020-11-26 22:12] Train Step 1200/3000, Batch Size = 256,                    Examples/Sec = 3440.54, Accuracy = 1.00, Loss = 0.000
[2020-11-26 22:12] Train Step 1260/3000, Batch Size = 256,                    Examples/Sec = 2886.22, Accuracy = 1.00, Loss = 0.000
[2020-11-26 22:12] Train Step 1320/3000, Batch Size = 256,                    Examples/Sec = 4685.78, Accuracy = 1.00, Loss = 0.000
[2020-11-26 22:12] Train Step 1380/3000, Batch Size = 256,                    Examples/Sec = 2903.37, Accuracy = 1.00, Loss = 0.000
[2020-11-26 22:12] Train Step 1440/3000, Batch Size = 256,                    Examples/Sec = 3447.78, Accuracy = 1.00, Loss = 0.000
[2020-11-26 22:12] Train Step 1500/3000, Batch Size = 256,                    Examples/Sec = 3124.37, Accuracy = 1.00, Loss = 0.003
[2020-11-26 22:12] Train Step 1560/3000, Batch Size = 256,                    Examples/Sec = 3466.12, Accuracy = 1.00, Loss = 0.000
[2020-11-26 22:12] Train Step 1620/3000, Batch Size = 256,                    Examples/Sec = 3441.17, Accuracy = 1.00, Loss = 0.000
[2020-11-26 22:12] Train Step 1680/3000, Batch Size = 256,                    Examples/Sec = 3454.05, Accuracy = 1.00, Loss = 0.000
[2020-11-26 22:12] Train Step 1740/3000, Batch Size = 256,                    Examples/Sec = 3505.56, Accuracy = 1.00, Loss = 0.000
[2020-11-26 22:13] Train Step 1800/3000, Batch Size = 256,                    Examples/Sec = 3446.40, Accuracy = 1.00, Loss = 0.000
[2020-11-26 22:13] Train Step 1860/3000, Batch Size = 256,                    Examples/Sec = 3458.93, Accuracy = 1.00, Loss = 0.000
[2020-11-26 22:13] Train Step 1920/3000, Batch Size = 256,                    Examples/Sec = 3463.47, Accuracy = 1.00, Loss = 0.000
[2020-11-26 22:13] Train Step 1980/3000, Batch Size = 256,                    Examples/Sec = 3463.87, Accuracy = 1.00, Loss = 0.000
[2020-11-26 22:13] Train Step 2040/3000, Batch Size = 256,                    Examples/Sec = 3727.56, Accuracy = 1.00, Loss = 0.000
[2020-11-26 22:13] Train Step 2100/3000, Batch Size = 256,                    Examples/Sec = 3115.98, Accuracy = 1.00, Loss = 0.000
[2020-11-26 22:13] Train Step 2160/3000, Batch Size = 256,                    Examples/Sec = 3386.86, Accuracy = 1.00, Loss = 0.000
[2020-11-26 22:13] Train Step 2220/3000, Batch Size = 256,                    Examples/Sec = 3448.13, Accuracy = 1.00, Loss = 0.000
[2020-11-26 22:13] Train Step 2280/3000, Batch Size = 256,                    Examples/Sec = 3761.84, Accuracy = 1.00, Loss = 0.000
[2020-11-26 22:13] Train Step 2340/3000, Batch Size = 256,                    Examples/Sec = 3315.25, Accuracy = 1.00, Loss = 0.000
[2020-11-26 22:13] Train Step 2400/3000, Batch Size = 256,                    Examples/Sec = 3298.17, Accuracy = 1.00, Loss = 0.000
[2020-11-26 22:13] Train Step 2460/3000, Batch Size = 256,                    Examples/Sec = 3815.96, Accuracy = 1.00, Loss = 0.000
[2020-11-26 22:13] Train Step 2520/3000, Batch Size = 256,                    Examples/Sec = 3456.30, Accuracy = 1.00, Loss = 0.000
[2020-11-26 22:14] Train Step 2580/3000, Batch Size = 256,                    Examples/Sec = 2820.20, Accuracy = 1.00, Loss = 0.000
[2020-11-26 22:14] Train Step 2640/3000, Batch Size = 256,                    Examples/Sec = 3631.09, Accuracy = 1.00, Loss = 0.000
[2020-11-26 22:14] Train Step 2700/3000, Batch Size = 256,                    Examples/Sec = 3494.38, Accuracy = 1.00, Loss = 0.000
[2020-11-26 22:14] Train Step 2760/3000, Batch Size = 256,                    Examples/Sec = 3449.48, Accuracy = 1.00, Loss = 0.000
[2020-11-26 22:14] Train Step 2820/3000, Batch Size = 256,                    Examples/Sec = 3622.77, Accuracy = 1.00, Loss = 0.000
[2020-11-26 22:14] Train Step 2880/3000, Batch Size = 256,                    Examples/Sec = 3444.37, Accuracy = 1.00, Loss = 0.000
[2020-11-26 22:14] Train Step 2940/3000, Batch Size = 256,                    Examples/Sec = 3403.91, Accuracy = 1.00, Loss = 0.000
[2020-11-26 22:14] Train Step 3000/3000, Batch Size = 256,                    Examples/Sec = 3430.09, Accuracy = 1.00, Loss = 0.000
Done training.
TEST ACC:1.000
Device: cuda:0
Seed:  2
Load binary palindrome dataset ...
Initializing peephole LSTM model ...
seq length: 41
input dim: 1
hidden dim: 256
num classes: 2
batch_size: 256
device: cuda:0


[2020-11-26 22:14] Train Step 0000/3000, Batch Size = 256,                    Examples/Sec = 3215.26, Accuracy = 0.33, Loss = 2.426
[2020-11-26 22:14] Train Step 0060/3000, Batch Size = 256,                    Examples/Sec = 3488.22, Accuracy = 0.66, Loss = 0.622
[2020-11-26 22:14] Train Step 0120/3000, Batch Size = 256,                    Examples/Sec = 3116.26, Accuracy = 0.95, Loss = 0.231
[2020-11-26 22:14] Train Step 0180/3000, Batch Size = 256,                    Examples/Sec = 3463.50, Accuracy = 1.00, Loss = 0.021
[2020-11-26 22:14] Train Step 0240/3000, Batch Size = 256,                    Examples/Sec = 3447.27, Accuracy = 1.00, Loss = 0.008
[2020-11-26 22:14] Train Step 0300/3000, Batch Size = 256,                    Examples/Sec = 3460.21, Accuracy = 1.00, Loss = 0.002
[2020-11-26 22:15] Train Step 0360/3000, Batch Size = 256,                    Examples/Sec = 3642.90, Accuracy = 1.00, Loss = 0.002
[2020-11-26 22:15] Train Step 0420/3000, Batch Size = 256,                    Examples/Sec = 3457.75, Accuracy = 1.00, Loss = 0.001
[2020-11-26 22:15] Train Step 0480/3000, Batch Size = 256,                    Examples/Sec = 3442.64, Accuracy = 1.00, Loss = 0.001
[2020-11-26 22:15] Train Step 0540/3000, Batch Size = 256,                    Examples/Sec = 3455.80, Accuracy = 1.00, Loss = 0.000
[2020-11-26 22:15] Train Step 0600/3000, Batch Size = 256,                    Examples/Sec = 3491.58, Accuracy = 1.00, Loss = 0.000
[2020-11-26 22:15] Train Step 0660/3000, Batch Size = 256,                    Examples/Sec = 3483.83, Accuracy = 1.00, Loss = 0.001
[2020-11-26 22:15] Train Step 0720/3000, Batch Size = 256,                    Examples/Sec = 3483.96, Accuracy = 1.00, Loss = 0.000
[2020-11-26 22:15] Train Step 0780/3000, Batch Size = 256,                    Examples/Sec = 3466.84, Accuracy = 1.00, Loss = 0.000
[2020-11-26 22:15] Train Step 0840/3000, Batch Size = 256,                    Examples/Sec = 3433.36, Accuracy = 1.00, Loss = 0.000
[2020-11-26 22:15] Train Step 0900/3000, Batch Size = 256,                    Examples/Sec = 3468.88, Accuracy = 1.00, Loss = 0.000
[2020-11-26 22:15] Train Step 0960/3000, Batch Size = 256,                    Examples/Sec = 3489.86, Accuracy = 1.00, Loss = 0.001
[2020-11-26 22:15] Train Step 1020/3000, Batch Size = 256,                    Examples/Sec = 3442.46, Accuracy = 1.00, Loss = 0.000
[2020-11-26 22:15] Train Step 1080/3000, Batch Size = 256,                    Examples/Sec = 3419.08, Accuracy = 1.00, Loss = 0.000
[2020-11-26 22:16] Train Step 1140/3000, Batch Size = 256,                    Examples/Sec = 3518.99, Accuracy = 1.00, Loss = 0.000
[2020-11-26 22:16] Train Step 1200/3000, Batch Size = 256,                    Examples/Sec = 3420.65, Accuracy = 1.00, Loss = 0.000
[2020-11-26 22:16] Train Step 1260/3000, Batch Size = 256,                    Examples/Sec = 3463.07, Accuracy = 1.00, Loss = 0.000
[2020-11-26 22:16] Train Step 1320/3000, Batch Size = 256,                    Examples/Sec = 3435.09, Accuracy = 1.00, Loss = 0.000
[2020-11-26 22:16] Train Step 1380/3000, Batch Size = 256,                    Examples/Sec = 3454.32, Accuracy = 1.00, Loss = 0.000
[2020-11-26 22:16] Train Step 1440/3000, Batch Size = 256,                    Examples/Sec = 3451.55, Accuracy = 1.00, Loss = 0.000
[2020-11-26 22:16] Train Step 1500/3000, Batch Size = 256,                    Examples/Sec = 3445.88, Accuracy = 1.00, Loss = 0.000
[2020-11-26 22:16] Train Step 1560/3000, Batch Size = 256,                    Examples/Sec = 3456.54, Accuracy = 1.00, Loss = 0.000
[2020-11-26 22:16] Train Step 1620/3000, Batch Size = 256,                    Examples/Sec = 3470.24, Accuracy = 1.00, Loss = 0.000
[2020-11-26 22:16] Train Step 1680/3000, Batch Size = 256,                    Examples/Sec = 3675.71, Accuracy = 1.00, Loss = 0.000
[2020-11-26 22:16] Train Step 1740/3000, Batch Size = 256,                    Examples/Sec = 3447.05, Accuracy = 1.00, Loss = 0.000
[2020-11-26 22:16] Train Step 1800/3000, Batch Size = 256,                    Examples/Sec = 3422.34, Accuracy = 1.00, Loss = 0.000
[2020-11-26 22:16] Train Step 1860/3000, Batch Size = 256,                    Examples/Sec = 3478.68, Accuracy = 1.00, Loss = 0.000
[2020-11-26 22:17] Train Step 1920/3000, Batch Size = 256,                    Examples/Sec = 3067.86, Accuracy = 1.00, Loss = 0.000
[2020-11-26 22:17] Train Step 1980/3000, Batch Size = 256,                    Examples/Sec = 3482.18, Accuracy = 1.00, Loss = 0.000
[2020-11-26 22:17] Train Step 2040/3000, Batch Size = 256,                    Examples/Sec = 3114.43, Accuracy = 1.00, Loss = 0.000
[2020-11-26 22:17] Train Step 2100/3000, Batch Size = 256,                    Examples/Sec = 3441.65, Accuracy = 1.00, Loss = 0.000
[2020-11-26 22:17] Train Step 2160/3000, Batch Size = 256,                    Examples/Sec = 3633.61, Accuracy = 1.00, Loss = 0.000
[2020-11-26 22:17] Train Step 2220/3000, Batch Size = 256,                    Examples/Sec = 4547.61, Accuracy = 1.00, Loss = 0.000
[2020-11-26 22:17] Train Step 2280/3000, Batch Size = 256,                    Examples/Sec = 4497.69, Accuracy = 1.00, Loss = 0.000
[2020-11-26 22:17] Train Step 2340/3000, Batch Size = 256,                    Examples/Sec = 3618.37, Accuracy = 1.00, Loss = 0.000
[2020-11-26 22:17] Train Step 2400/3000, Batch Size = 256,                    Examples/Sec = 3430.44, Accuracy = 1.00, Loss = 0.000
[2020-11-26 22:17] Train Step 2460/3000, Batch Size = 256,                    Examples/Sec = 3477.40, Accuracy = 1.00, Loss = 0.000
[2020-11-26 22:17] Train Step 2520/3000, Batch Size = 256,                    Examples/Sec = 3395.55, Accuracy = 1.00, Loss = 0.000
[2020-11-26 22:17] Train Step 2580/3000, Batch Size = 256,                    Examples/Sec = 3113.40, Accuracy = 1.00, Loss = 0.000
[2020-11-26 22:17] Train Step 2640/3000, Batch Size = 256,                    Examples/Sec = 3453.52, Accuracy = 1.00, Loss = 0.000
[2020-11-26 22:18] Train Step 2700/3000, Batch Size = 256,                    Examples/Sec = 3503.40, Accuracy = 1.00, Loss = 0.000
[2020-11-26 22:18] Train Step 2760/3000, Batch Size = 256,                    Examples/Sec = 3339.92, Accuracy = 1.00, Loss = 0.000
[2020-11-26 22:18] Train Step 2820/3000, Batch Size = 256,                    Examples/Sec = 3448.11, Accuracy = 1.00, Loss = 0.000
[2020-11-26 22:18] Train Step 2880/3000, Batch Size = 256,                    Examples/Sec = 3435.70, Accuracy = 1.00, Loss = 0.000
[2020-11-26 22:18] Train Step 2940/3000, Batch Size = 256,                    Examples/Sec = 3430.45, Accuracy = 1.00, Loss = 0.000
[2020-11-26 22:18] Train Step 3000/3000, Batch Size = 256,                    Examples/Sec = 3871.35, Accuracy = 1.00, Loss = 0.000
Done training.
TEST ACC:1.000
Device: cuda:0
Seed:  0
Load binary palindrome dataset ...
Initializing peephole LSTM model ...
seq length: 81
input dim: 1
hidden dim: 256
num classes: 2
batch_size: 256
device: cuda:0


[2020-11-26 22:18] Train Step 0000/3000, Batch Size = 256,                    Examples/Sec = 1991.17, Accuracy = 0.67, Loss = 1.390
[2020-11-26 22:18] Train Step 0060/3000, Batch Size = 256,                    Examples/Sec = 1665.06, Accuracy = 0.90, Loss = 0.377
[2020-11-26 22:18] Train Step 0120/3000, Batch Size = 256,                    Examples/Sec = 2097.65, Accuracy = 0.88, Loss = 0.318
[2020-11-26 22:18] Train Step 0180/3000, Batch Size = 256,                    Examples/Sec = 2103.21, Accuracy = 0.89, Loss = 0.248
[2020-11-26 22:18] Train Step 0240/3000, Batch Size = 256,                    Examples/Sec = 2098.67, Accuracy = 1.00, Loss = 0.021
[2020-11-26 22:19] Train Step 0300/3000, Batch Size = 256,                    Examples/Sec = 2095.87, Accuracy = 1.00, Loss = 0.007
[2020-11-26 22:19] Train Step 0360/3000, Batch Size = 256,                    Examples/Sec = 2123.09, Accuracy = 1.00, Loss = 0.001
[2020-11-26 22:19] Train Step 0420/3000, Batch Size = 256,                    Examples/Sec = 2090.71, Accuracy = 1.00, Loss = 0.000
[2020-11-26 22:19] Train Step 0480/3000, Batch Size = 256,                    Examples/Sec = 2097.88, Accuracy = 1.00, Loss = 0.000
[2020-11-26 22:19] Train Step 0540/3000, Batch Size = 256,                    Examples/Sec = 1932.62, Accuracy = 1.00, Loss = 0.000
[2020-11-26 22:19] Train Step 0600/3000, Batch Size = 256,                    Examples/Sec = 2098.48, Accuracy = 1.00, Loss = 0.000
[2020-11-26 22:19] Train Step 0660/3000, Batch Size = 256,                    Examples/Sec = 2098.53, Accuracy = 1.00, Loss = 0.024
[2020-11-26 22:19] Train Step 0720/3000, Batch Size = 256,                    Examples/Sec = 1985.77, Accuracy = 1.00, Loss = 0.001
[2020-11-26 22:20] Train Step 0780/3000, Batch Size = 256,                    Examples/Sec = 2048.29, Accuracy = 1.00, Loss = 0.004
[2020-11-26 22:20] Train Step 0840/3000, Batch Size = 256,                    Examples/Sec = 2106.27, Accuracy = 1.00, Loss = 0.000
[2020-11-26 22:20] Train Step 0900/3000, Batch Size = 256,                    Examples/Sec = 2097.65, Accuracy = 1.00, Loss = 0.000
[2020-11-26 22:20] Train Step 0960/3000, Batch Size = 256,                    Examples/Sec = 2057.93, Accuracy = 1.00, Loss = 0.000
[2020-11-26 22:20] Train Step 1020/3000, Batch Size = 256,                    Examples/Sec = 2100.27, Accuracy = 1.00, Loss = 0.000
[2020-11-26 22:20] Train Step 1080/3000, Batch Size = 256,                    Examples/Sec = 2127.28, Accuracy = 1.00, Loss = 0.000
[2020-11-26 22:20] Train Step 1140/3000, Batch Size = 256,                    Examples/Sec = 2098.68, Accuracy = 1.00, Loss = 0.000
[2020-11-26 22:21] Train Step 1200/3000, Batch Size = 256,                    Examples/Sec = 2094.37, Accuracy = 1.00, Loss = 0.000
[2020-11-26 22:21] Train Step 1260/3000, Batch Size = 256,                    Examples/Sec = 1658.59, Accuracy = 1.00, Loss = 0.000
[2020-11-26 22:21] Train Step 1320/3000, Batch Size = 256,                    Examples/Sec = 2028.57, Accuracy = 1.00, Loss = 0.000
[2020-11-26 22:21] Train Step 1380/3000, Batch Size = 256,                    Examples/Sec = 1970.50, Accuracy = 1.00, Loss = 0.000
[2020-11-26 22:21] Train Step 1440/3000, Batch Size = 256,                    Examples/Sec = 2078.91, Accuracy = 1.00, Loss = 0.000
[2020-11-26 22:21] Train Step 1500/3000, Batch Size = 256,                    Examples/Sec = 1973.41, Accuracy = 1.00, Loss = 0.000
[2020-11-26 22:21] Train Step 1560/3000, Batch Size = 256,                    Examples/Sec = 2107.14, Accuracy = 1.00, Loss = 0.000
[2020-11-26 22:21] Train Step 1620/3000, Batch Size = 256,                    Examples/Sec = 2089.82, Accuracy = 1.00, Loss = 0.000
[2020-11-26 22:22] Train Step 1680/3000, Batch Size = 256,                    Examples/Sec = 2108.68, Accuracy = 1.00, Loss = 0.000
[2020-11-26 22:22] Train Step 1740/3000, Batch Size = 256,                    Examples/Sec = 2106.50, Accuracy = 1.00, Loss = 0.000
[2020-11-26 22:22] Train Step 1800/3000, Batch Size = 256,                    Examples/Sec = 1966.50, Accuracy = 1.00, Loss = 0.000
[2020-11-26 22:22] Train Step 1860/3000, Batch Size = 256,                    Examples/Sec = 2109.40, Accuracy = 1.00, Loss = 0.000
[2020-11-26 22:22] Train Step 1920/3000, Batch Size = 256,                    Examples/Sec = 2086.25, Accuracy = 1.00, Loss = 0.000
[2020-11-26 22:22] Train Step 1980/3000, Batch Size = 256,                    Examples/Sec = 2105.00, Accuracy = 1.00, Loss = 0.000
[2020-11-26 22:22] Train Step 2040/3000, Batch Size = 256,                    Examples/Sec = 2099.20, Accuracy = 1.00, Loss = 0.000
[2020-11-26 22:22] Train Step 2100/3000, Batch Size = 256,                    Examples/Sec = 2102.70, Accuracy = 1.00, Loss = 0.000
[2020-11-26 22:23] Train Step 2160/3000, Batch Size = 256,                    Examples/Sec = 2105.41, Accuracy = 1.00, Loss = 0.000
[2020-11-26 22:23] Train Step 2220/3000, Batch Size = 256,                    Examples/Sec = 2100.84, Accuracy = 1.00, Loss = 0.000
[2020-11-26 22:23] Train Step 2280/3000, Batch Size = 256,                    Examples/Sec = 1990.74, Accuracy = 1.00, Loss = 0.000
[2020-11-26 22:23] Train Step 2340/3000, Batch Size = 256,                    Examples/Sec = 2175.11, Accuracy = 1.00, Loss = 0.000
[2020-11-26 22:23] Train Step 2400/3000, Batch Size = 256,                    Examples/Sec = 2094.05, Accuracy = 1.00, Loss = 0.000
[2020-11-26 22:23] Train Step 2460/3000, Batch Size = 256,                    Examples/Sec = 1965.75, Accuracy = 1.00, Loss = 0.000
[2020-11-26 22:23] Train Step 2520/3000, Batch Size = 256,                    Examples/Sec = 1915.82, Accuracy = 1.00, Loss = 0.000
[2020-11-26 22:23] Train Step 2580/3000, Batch Size = 256,                    Examples/Sec = 2089.91, Accuracy = 1.00, Loss = 0.000
[2020-11-26 22:24] Train Step 2640/3000, Batch Size = 256,                    Examples/Sec = 2113.22, Accuracy = 1.00, Loss = 0.000
[2020-11-26 22:24] Train Step 2700/3000, Batch Size = 256,                    Examples/Sec = 2091.05, Accuracy = 1.00, Loss = 0.000
[2020-11-26 22:24] Train Step 2760/3000, Batch Size = 256,                    Examples/Sec = 2101.78, Accuracy = 0.80, Loss = 0.496
[2020-11-26 22:24] Train Step 2820/3000, Batch Size = 256,                    Examples/Sec = 1713.48, Accuracy = 1.00, Loss = 0.001
[2020-11-26 22:24] Train Step 2880/3000, Batch Size = 256,                    Examples/Sec = 2107.18, Accuracy = 1.00, Loss = 0.000
[2020-11-26 22:24] Train Step 2940/3000, Batch Size = 256,                    Examples/Sec = 2067.09, Accuracy = 1.00, Loss = 0.000
[2020-11-26 22:24] Train Step 3000/3000, Batch Size = 256,                    Examples/Sec = 1922.61, Accuracy = 1.00, Loss = 0.000
Done training.
TEST ACC:1.000
Device: cuda:0
Seed:  1
Load binary palindrome dataset ...
Initializing peephole LSTM model ...
seq length: 81
input dim: 1
hidden dim: 256
num classes: 2
batch_size: 256
device: cuda:0


[2020-11-26 22:24] Train Step 0000/3000, Batch Size = 256,                    Examples/Sec = 1569.86, Accuracy = 0.32, Loss = 2.059
[2020-11-26 22:24] Train Step 0060/3000, Batch Size = 256,                    Examples/Sec = 2080.22, Accuracy = 0.93, Loss = 0.183
[2020-11-26 22:25] Train Step 0120/3000, Batch Size = 256,                    Examples/Sec = 2086.83, Accuracy = 1.00, Loss = 0.052
[2020-11-26 22:25] Train Step 0180/3000, Batch Size = 256,                    Examples/Sec = 2108.43, Accuracy = 1.00, Loss = 0.013
[2020-11-26 22:25] Train Step 0240/3000, Batch Size = 256,                    Examples/Sec = 1983.09, Accuracy = 1.00, Loss = 0.005
[2020-11-26 22:25] Train Step 0300/3000, Batch Size = 256,                    Examples/Sec = 1966.39, Accuracy = 1.00, Loss = 0.004
[2020-11-26 22:25] Train Step 0360/3000, Batch Size = 256,                    Examples/Sec = 2105.65, Accuracy = 1.00, Loss = 0.003
[2020-11-26 22:25] Train Step 0420/3000, Batch Size = 256,                    Examples/Sec = 2101.36, Accuracy = 1.00, Loss = 0.009
[2020-11-26 22:25] Train Step 0480/3000, Batch Size = 256,                    Examples/Sec = 1680.59, Accuracy = 1.00, Loss = 0.000
[2020-11-26 22:26] Train Step 0540/3000, Batch Size = 256,                    Examples/Sec = 2082.20, Accuracy = 1.00, Loss = 0.008
[2020-11-26 22:26] Train Step 0600/3000, Batch Size = 256,                    Examples/Sec = 2044.67, Accuracy = 1.00, Loss = 0.001
[2020-11-26 22:26] Train Step 0660/3000, Batch Size = 256,                    Examples/Sec = 2098.27, Accuracy = 1.00, Loss = 0.000
[2020-11-26 22:26] Train Step 0720/3000, Batch Size = 256,                    Examples/Sec = 2078.02, Accuracy = 1.00, Loss = 0.000
[2020-11-26 22:26] Train Step 0780/3000, Batch Size = 256,                    Examples/Sec = 2095.67, Accuracy = 1.00, Loss = 0.000
[2020-11-26 22:26] Train Step 0840/3000, Batch Size = 256,                    Examples/Sec = 2101.17, Accuracy = 1.00, Loss = 0.000
[2020-11-26 22:26] Train Step 0900/3000, Batch Size = 256,                    Examples/Sec = 2117.51, Accuracy = 1.00, Loss = 0.000
[2020-11-26 22:26] Train Step 0960/3000, Batch Size = 256,                    Examples/Sec = 2120.63, Accuracy = 1.00, Loss = 0.000
[2020-11-26 22:27] Train Step 1020/3000, Batch Size = 256,                    Examples/Sec = 2111.13, Accuracy = 1.00, Loss = 0.000
[2020-11-26 22:27] Train Step 1080/3000, Batch Size = 256,                    Examples/Sec = 2096.94, Accuracy = 1.00, Loss = 0.000
[2020-11-26 22:27] Train Step 1140/3000, Batch Size = 256,                    Examples/Sec = 1915.23, Accuracy = 1.00, Loss = 0.000
[2020-11-26 22:27] Train Step 1200/3000, Batch Size = 256,                    Examples/Sec = 2324.78, Accuracy = 1.00, Loss = 0.000
[2020-11-26 22:27] Train Step 1260/3000, Batch Size = 256,                    Examples/Sec = 2080.83, Accuracy = 0.93, Loss = 0.141
[2020-11-26 22:27] Train Step 1320/3000, Batch Size = 256,                    Examples/Sec = 2098.54, Accuracy = 1.00, Loss = 0.001
[2020-11-26 22:27] Train Step 1380/3000, Batch Size = 256,                    Examples/Sec = 2109.67, Accuracy = 1.00, Loss = 0.000
[2020-11-26 22:27] Train Step 1440/3000, Batch Size = 256,                    Examples/Sec = 2057.94, Accuracy = 1.00, Loss = 0.000
[2020-11-26 22:28] Train Step 1500/3000, Batch Size = 256,                    Examples/Sec = 2099.12, Accuracy = 1.00, Loss = 0.000
[2020-11-26 22:28] Train Step 1560/3000, Batch Size = 256,                    Examples/Sec = 1947.47, Accuracy = 1.00, Loss = 0.000
[2020-11-26 22:28] Train Step 1620/3000, Batch Size = 256,                    Examples/Sec = 2089.71, Accuracy = 1.00, Loss = 0.000
[2020-11-26 22:28] Train Step 1680/3000, Batch Size = 256,                    Examples/Sec = 2097.03, Accuracy = 1.00, Loss = 0.000
[2020-11-26 22:28] Train Step 1740/3000, Batch Size = 256,                    Examples/Sec = 2036.32, Accuracy = 1.00, Loss = 0.000
[2020-11-26 22:28] Train Step 1800/3000, Batch Size = 256,                    Examples/Sec = 2111.08, Accuracy = 1.00, Loss = 0.000
[2020-11-26 22:28] Train Step 1860/3000, Batch Size = 256,                    Examples/Sec = 2043.37, Accuracy = 1.00, Loss = 0.000
[2020-11-26 22:28] Train Step 1920/3000, Batch Size = 256,                    Examples/Sec = 2096.95, Accuracy = 1.00, Loss = 0.000
[2020-11-26 22:29] Train Step 1980/3000, Batch Size = 256,                    Examples/Sec = 2082.84, Accuracy = 1.00, Loss = 0.000
[2020-11-26 22:29] Train Step 2040/3000, Batch Size = 256,                    Examples/Sec = 2027.37, Accuracy = 1.00, Loss = 0.000
[2020-11-26 22:29] Train Step 2100/3000, Batch Size = 256,                    Examples/Sec = 2093.94, Accuracy = 1.00, Loss = 0.000
[2020-11-26 22:29] Train Step 2160/3000, Batch Size = 256,                    Examples/Sec = 2074.07, Accuracy = 1.00, Loss = 0.000
[2020-11-26 22:29] Train Step 2220/3000, Batch Size = 256,                    Examples/Sec = 1694.81, Accuracy = 1.00, Loss = 0.000
[2020-11-26 22:29] Train Step 2280/3000, Batch Size = 256,                    Examples/Sec = 2098.50, Accuracy = 1.00, Loss = 0.000
[2020-11-26 22:29] Train Step 2340/3000, Batch Size = 256,                    Examples/Sec = 2110.75, Accuracy = 1.00, Loss = 0.000
[2020-11-26 22:29] Train Step 2400/3000, Batch Size = 256,                    Examples/Sec = 2127.25, Accuracy = 1.00, Loss = 0.000
[2020-11-26 22:30] Train Step 2460/3000, Batch Size = 256,                    Examples/Sec = 2019.24, Accuracy = 1.00, Loss = 0.000
[2020-11-26 22:30] Train Step 2520/3000, Batch Size = 256,                    Examples/Sec = 2060.84, Accuracy = 1.00, Loss = 0.000
[2020-11-26 22:30] Train Step 2580/3000, Batch Size = 256,                    Examples/Sec = 2058.17, Accuracy = 1.00, Loss = 0.000
[2020-11-26 22:30] Train Step 2640/3000, Batch Size = 256,                    Examples/Sec = 2098.97, Accuracy = 1.00, Loss = 0.000
[2020-11-26 22:30] Train Step 2700/3000, Batch Size = 256,                    Examples/Sec = 2113.49, Accuracy = 1.00, Loss = 0.000
[2020-11-26 22:30] Train Step 2760/3000, Batch Size = 256,                    Examples/Sec = 2125.08, Accuracy = 1.00, Loss = 0.000
[2020-11-26 22:30] Train Step 2820/3000, Batch Size = 256,                    Examples/Sec = 2059.58, Accuracy = 1.00, Loss = 0.000
[2020-11-26 22:30] Train Step 2880/3000, Batch Size = 256,                    Examples/Sec = 1941.82, Accuracy = 1.00, Loss = 0.000
[2020-11-26 22:31] Train Step 2940/3000, Batch Size = 256,                    Examples/Sec = 2068.58, Accuracy = 1.00, Loss = 0.000
[2020-11-26 22:31] Train Step 3000/3000, Batch Size = 256,                    Examples/Sec = 2114.63, Accuracy = 1.00, Loss = 0.000
Done training.
TEST ACC:1.000
Device: cuda:0
Seed:  2
Load binary palindrome dataset ...
Initializing peephole LSTM model ...
seq length: 81
input dim: 1
hidden dim: 256
num classes: 2
batch_size: 256
device: cuda:0


[2020-11-26 22:31] Train Step 0000/3000, Batch Size = 256,                    Examples/Sec = 1606.26, Accuracy = 0.64, Loss = 0.695
[2020-11-26 22:31] Train Step 0060/3000, Batch Size = 256,                    Examples/Sec = 2108.60, Accuracy = 0.65, Loss = 0.649
[2020-11-26 22:31] Train Step 0120/3000, Batch Size = 256,                    Examples/Sec = 2115.83, Accuracy = 0.64, Loss = 0.653
[2020-11-26 22:31] Train Step 0180/3000, Batch Size = 256,                    Examples/Sec = 2119.77, Accuracy = 0.66, Loss = 0.682
[2020-11-26 22:31] Train Step 0240/3000, Batch Size = 256,                    Examples/Sec = 2032.04, Accuracy = 0.93, Loss = 0.174
[2020-11-26 22:31] Train Step 0300/3000, Batch Size = 256,                    Examples/Sec = 1918.56, Accuracy = 1.00, Loss = 0.003
[2020-11-26 22:32] Train Step 0360/3000, Batch Size = 256,                    Examples/Sec = 2098.78, Accuracy = 1.00, Loss = 0.000
[2020-11-26 22:32] Train Step 0420/3000, Batch Size = 256,                    Examples/Sec = 1685.97, Accuracy = 1.00, Loss = 0.002
[2020-11-26 22:32] Train Step 0480/3000, Batch Size = 256,                    Examples/Sec = 2107.25, Accuracy = 1.00, Loss = 0.001
[2020-11-26 22:32] Train Step 0540/3000, Batch Size = 256,                    Examples/Sec = 2047.48, Accuracy = 1.00, Loss = 0.000
[2020-11-26 22:32] Train Step 0600/3000, Batch Size = 256,                    Examples/Sec = 2043.08, Accuracy = 1.00, Loss = 0.000
[2020-11-26 22:32] Train Step 0660/3000, Batch Size = 256,                    Examples/Sec = 2105.72, Accuracy = 1.00, Loss = 0.000
[2020-11-26 22:32] Train Step 0720/3000, Batch Size = 256,                    Examples/Sec = 2102.68, Accuracy = 1.00, Loss = 0.000
[2020-11-26 22:32] Train Step 0780/3000, Batch Size = 256,                    Examples/Sec = 2045.93, Accuracy = 1.00, Loss = 0.000
[2020-11-26 22:33] Train Step 0840/3000, Batch Size = 256,                    Examples/Sec = 2091.01, Accuracy = 1.00, Loss = 0.000
[2020-11-26 22:33] Train Step 0900/3000, Batch Size = 256,                    Examples/Sec = 2043.09, Accuracy = 1.00, Loss = 0.000
[2020-11-26 22:33] Train Step 0960/3000, Batch Size = 256,                    Examples/Sec = 1783.49, Accuracy = 1.00, Loss = 0.000
[2020-11-26 22:33] Train Step 1020/3000, Batch Size = 256,                    Examples/Sec = 2097.33, Accuracy = 1.00, Loss = 0.000
[2020-11-26 22:33] Train Step 1080/3000, Batch Size = 256,                    Examples/Sec = 2099.46, Accuracy = 1.00, Loss = 0.000
[2020-11-26 22:33] Train Step 1140/3000, Batch Size = 256,                    Examples/Sec = 2030.60, Accuracy = 1.00, Loss = 0.000
[2020-11-26 22:33] Train Step 1200/3000, Batch Size = 256,                    Examples/Sec = 2055.82, Accuracy = 1.00, Loss = 0.000
[2020-11-26 22:33] Train Step 1260/3000, Batch Size = 256,                    Examples/Sec = 1914.40, Accuracy = 1.00, Loss = 0.000
[2020-11-26 22:34] Train Step 1320/3000, Batch Size = 256,                    Examples/Sec = 1670.99, Accuracy = 1.00, Loss = 0.001
[2020-11-26 22:34] Train Step 1380/3000, Batch Size = 256,                    Examples/Sec = 2105.87, Accuracy = 1.00, Loss = 0.000
[2020-11-26 22:34] Train Step 1440/3000, Batch Size = 256,                    Examples/Sec = 2103.58, Accuracy = 1.00, Loss = 0.000
[2020-11-26 22:34] Train Step 1500/3000, Batch Size = 256,                    Examples/Sec = 2096.17, Accuracy = 1.00, Loss = 0.000
[2020-11-26 22:34] Train Step 1560/3000, Batch Size = 256,                    Examples/Sec = 1999.23, Accuracy = 1.00, Loss = 0.000
[2020-11-26 22:34] Train Step 1620/3000, Batch Size = 256,                    Examples/Sec = 2085.43, Accuracy = 1.00, Loss = 0.000
[2020-11-26 22:34] Train Step 1680/3000, Batch Size = 256,                    Examples/Sec = 1686.27, Accuracy = 1.00, Loss = 0.000
[2020-11-26 22:34] Train Step 1740/3000, Batch Size = 256,                    Examples/Sec = 2079.46, Accuracy = 1.00, Loss = 0.000
[2020-11-26 22:35] Train Step 1800/3000, Batch Size = 256,                    Examples/Sec = 2101.77, Accuracy = 1.00, Loss = 0.000
[2020-11-26 22:35] Train Step 1860/3000, Batch Size = 256,                    Examples/Sec = 2099.13, Accuracy = 1.00, Loss = 0.000
[2020-11-26 22:35] Train Step 1920/3000, Batch Size = 256,                    Examples/Sec = 2101.64, Accuracy = 1.00, Loss = 0.000
[2020-11-26 22:35] Train Step 1980/3000, Batch Size = 256,                    Examples/Sec = 2112.97, Accuracy = 1.00, Loss = 0.000
[2020-11-26 22:35] Train Step 2040/3000, Batch Size = 256,                    Examples/Sec = 2101.11, Accuracy = 1.00, Loss = 0.000
[2020-11-26 22:35] Train Step 2100/3000, Batch Size = 256,                    Examples/Sec = 1669.69, Accuracy = 1.00, Loss = 0.000
[2020-11-26 22:35] Train Step 2160/3000, Batch Size = 256,                    Examples/Sec = 2060.26, Accuracy = 1.00, Loss = 0.000
[2020-11-26 22:36] Train Step 2220/3000, Batch Size = 256,                    Examples/Sec = 2120.80, Accuracy = 1.00, Loss = 0.000
[2020-11-26 22:36] Train Step 2280/3000, Batch Size = 256,                    Examples/Sec = 2125.92, Accuracy = 1.00, Loss = 0.000
[2020-11-26 22:36] Train Step 2340/3000, Batch Size = 256,                    Examples/Sec = 2102.17, Accuracy = 1.00, Loss = 0.000
[2020-11-26 22:36] Train Step 2400/3000, Batch Size = 256,                    Examples/Sec = 1976.70, Accuracy = 1.00, Loss = 0.000
[2020-11-26 22:36] Train Step 2460/3000, Batch Size = 256,                    Examples/Sec = 2108.43, Accuracy = 1.00, Loss = 0.000
[2020-11-26 22:36] Train Step 2520/3000, Batch Size = 256,                    Examples/Sec = 2025.62, Accuracy = 1.00, Loss = 0.000
[2020-11-26 22:36] Train Step 2580/3000, Batch Size = 256,                    Examples/Sec = 2060.43, Accuracy = 1.00, Loss = 0.000
[2020-11-26 22:36] Train Step 2640/3000, Batch Size = 256,                    Examples/Sec = 2042.34, Accuracy = 1.00, Loss = 0.000
[2020-11-26 22:37] Train Step 2700/3000, Batch Size = 256,                    Examples/Sec = 1939.60, Accuracy = 1.00, Loss = 0.000
[2020-11-26 22:37] Train Step 2760/3000, Batch Size = 256,                    Examples/Sec = 2122.32, Accuracy = 1.00, Loss = 0.000
[2020-11-26 22:37] Train Step 2820/3000, Batch Size = 256,                    Examples/Sec = 2103.14, Accuracy = 1.00, Loss = 0.000
[2020-11-26 22:37] Train Step 2880/3000, Batch Size = 256,                    Examples/Sec = 2104.87, Accuracy = 1.00, Loss = 0.000
[2020-11-26 22:37] Train Step 2940/3000, Batch Size = 256,                    Examples/Sec = 1668.22, Accuracy = 1.00, Loss = 0.000
[2020-11-26 22:37] Train Step 3000/3000, Batch Size = 256,                    Examples/Sec = 2113.51, Accuracy = 1.00, Loss = 0.000
Done training.
TEST ACC:1.000
