True
Device: cuda:0
Seed:  0
Load binary palindrome dataset ...
Initializing LSTM model ...
seq length: 41
input dim: 1
hidden dim: 256
num classes: 2
batch_size: 256
device: cuda:0


[2020-11-26 19:02] Train Step 0000/3000, Batch Size = 256,                    Examples/Sec = 541.95, Accuracy = 0.54, Loss = 0.846
[2020-11-26 19:02] Train Step 0060/3000, Batch Size = 256,                    Examples/Sec = 2831.40, Accuracy = 0.69, Loss = 0.606
[2020-11-26 19:03] Train Step 0120/3000, Batch Size = 256,                    Examples/Sec = 2944.71, Accuracy = 0.98, Loss = 0.088
[2020-11-26 19:03] Train Step 0180/3000, Batch Size = 256,                    Examples/Sec = 2602.97, Accuracy = 1.00, Loss = 0.006
[2020-11-26 19:03] Train Step 0240/3000, Batch Size = 256,                    Examples/Sec = 2831.75, Accuracy = 1.00, Loss = 0.001
[2020-11-26 19:03] Train Step 0300/3000, Batch Size = 256,                    Examples/Sec = 2865.82, Accuracy = 1.00, Loss = 0.002
[2020-11-26 19:03] Train Step 0360/3000, Batch Size = 256,                    Examples/Sec = 2874.48, Accuracy = 1.00, Loss = 0.001
[2020-11-26 19:03] Train Step 0420/3000, Batch Size = 256,                    Examples/Sec = 2834.66, Accuracy = 1.00, Loss = 0.000
[2020-11-26 19:03] Train Step 0480/3000, Batch Size = 256,                    Examples/Sec = 2732.51, Accuracy = 1.00, Loss = 0.000
[2020-11-26 19:03] Train Step 0540/3000, Batch Size = 256,                    Examples/Sec = 2861.99, Accuracy = 1.00, Loss = 0.000
[2020-11-26 19:03] Train Step 0600/3000, Batch Size = 256,                    Examples/Sec = 2898.45, Accuracy = 1.00, Loss = 0.000
[2020-11-26 19:03] Train Step 0660/3000, Batch Size = 256,                    Examples/Sec = 2857.35, Accuracy = 1.00, Loss = 0.000
[2020-11-26 19:04] Train Step 0720/3000, Batch Size = 256,                    Examples/Sec = 2828.48, Accuracy = 1.00, Loss = 0.000
[2020-11-26 19:04] Train Step 0780/3000, Batch Size = 256,                    Examples/Sec = 2927.20, Accuracy = 1.00, Loss = 0.000
[2020-11-26 19:04] Train Step 0840/3000, Batch Size = 256,                    Examples/Sec = 2406.69, Accuracy = 1.00, Loss = 0.000
[2020-11-26 19:04] Train Step 0900/3000, Batch Size = 256,                    Examples/Sec = 2577.08, Accuracy = 1.00, Loss = 0.000
[2020-11-26 19:04] Train Step 0960/3000, Batch Size = 256,                    Examples/Sec = 2822.20, Accuracy = 1.00, Loss = 0.000
[2020-11-26 19:04] Train Step 1020/3000, Batch Size = 256,                    Examples/Sec = 2954.59, Accuracy = 1.00, Loss = 0.000
[2020-11-26 19:04] Train Step 1080/3000, Batch Size = 256,                    Examples/Sec = 2831.19, Accuracy = 1.00, Loss = 0.000
[2020-11-26 19:04] Train Step 1140/3000, Batch Size = 256,                    Examples/Sec = 2828.85, Accuracy = 1.00, Loss = 0.000
[2020-11-26 19:04] Train Step 1200/3000, Batch Size = 256,                    Examples/Sec = 2612.54, Accuracy = 1.00, Loss = 0.000
[2020-11-26 19:04] Train Step 1260/3000, Batch Size = 256,                    Examples/Sec = 2821.10, Accuracy = 1.00, Loss = 0.000
[2020-11-26 19:04] Train Step 1320/3000, Batch Size = 256,                    Examples/Sec = 2862.33, Accuracy = 1.00, Loss = 0.000
[2020-11-26 19:05] Train Step 1380/3000, Batch Size = 256,                    Examples/Sec = 2606.69, Accuracy = 1.00, Loss = 0.000
[2020-11-26 19:05] Train Step 1440/3000, Batch Size = 256,                    Examples/Sec = 2845.53, Accuracy = 1.00, Loss = 0.000
[2020-11-26 19:05] Train Step 1500/3000, Batch Size = 256,                    Examples/Sec = 2864.44, Accuracy = 1.00, Loss = 0.000
[2020-11-26 19:05] Train Step 1560/3000, Batch Size = 256,                    Examples/Sec = 2874.63, Accuracy = 1.00, Loss = 0.002
[2020-11-26 19:05] Train Step 1620/3000, Batch Size = 256,                    Examples/Sec = 2848.88, Accuracy = 1.00, Loss = 0.000
[2020-11-26 19:05] Train Step 1680/3000, Batch Size = 256,                    Examples/Sec = 2925.46, Accuracy = 1.00, Loss = 0.000
[2020-11-26 19:05] Train Step 1740/3000, Batch Size = 256,                    Examples/Sec = 2833.42, Accuracy = 1.00, Loss = 0.000
[2020-11-26 19:05] Train Step 1800/3000, Batch Size = 256,                    Examples/Sec = 2833.21, Accuracy = 1.00, Loss = 0.000
[2020-11-26 19:05] Train Step 1860/3000, Batch Size = 256,                    Examples/Sec = 2596.13, Accuracy = 1.00, Loss = 0.000
[2020-11-26 19:05] Train Step 1920/3000, Batch Size = 256,                    Examples/Sec = 2849.92, Accuracy = 1.00, Loss = 0.000
[2020-11-26 19:05] Train Step 1980/3000, Batch Size = 256,                    Examples/Sec = 2848.93, Accuracy = 1.00, Loss = 0.000
[2020-11-26 19:06] Train Step 2040/3000, Batch Size = 256,                    Examples/Sec = 2842.20, Accuracy = 1.00, Loss = 0.000
[2020-11-26 19:06] Train Step 2100/3000, Batch Size = 256,                    Examples/Sec = 2823.24, Accuracy = 1.00, Loss = 0.000
[2020-11-26 19:06] Train Step 2160/3000, Batch Size = 256,                    Examples/Sec = 2372.85, Accuracy = 1.00, Loss = 0.000
[2020-11-26 19:06] Train Step 2220/3000, Batch Size = 256,                    Examples/Sec = 2920.83, Accuracy = 1.00, Loss = 0.000
[2020-11-26 19:06] Train Step 2280/3000, Batch Size = 256,                    Examples/Sec = 2964.84, Accuracy = 1.00, Loss = 0.014
[2020-11-26 19:06] Train Step 2340/3000, Batch Size = 256,                    Examples/Sec = 2856.93, Accuracy = 1.00, Loss = 0.000
[2020-11-26 19:06] Train Step 2400/3000, Batch Size = 256,                    Examples/Sec = 2840.70, Accuracy = 1.00, Loss = 0.000
[2020-11-26 19:06] Train Step 2460/3000, Batch Size = 256,                    Examples/Sec = 2840.99, Accuracy = 1.00, Loss = 0.000
[2020-11-26 19:06] Train Step 2520/3000, Batch Size = 256,                    Examples/Sec = 2844.33, Accuracy = 1.00, Loss = 0.000
[2020-11-26 19:06] Train Step 2580/3000, Batch Size = 256,                    Examples/Sec = 2842.54, Accuracy = 1.00, Loss = 0.000
[2020-11-26 19:06] Train Step 2640/3000, Batch Size = 256,                    Examples/Sec = 2732.39, Accuracy = 1.00, Loss = 0.000
[2020-11-26 19:07] Train Step 2700/3000, Batch Size = 256,                    Examples/Sec = 2594.85, Accuracy = 1.00, Loss = 0.000
[2020-11-26 19:07] Train Step 2760/3000, Batch Size = 256,                    Examples/Sec = 2844.97, Accuracy = 1.00, Loss = 0.000
[2020-11-26 19:07] Train Step 2820/3000, Batch Size = 256,                    Examples/Sec = 2917.75, Accuracy = 1.00, Loss = 0.000
[2020-11-26 19:07] Train Step 2880/3000, Batch Size = 256,                    Examples/Sec = 2699.09, Accuracy = 1.00, Loss = 0.000
[2020-11-26 19:07] Train Step 2940/3000, Batch Size = 256,                    Examples/Sec = 2863.17, Accuracy = 1.00, Loss = 0.000
[2020-11-26 19:07] Train Step 3000/3000, Batch Size = 256,                    Examples/Sec = 2715.98, Accuracy = 1.00, Loss = 0.000
Done training.
TEST ACC:1.000
Device: cuda:0
Seed:  1
Load binary palindrome dataset ...
Initializing LSTM model ...
seq length: 41
input dim: 1
hidden dim: 256
num classes: 2
batch_size: 256
device: cuda:0


[2020-11-26 19:07] Train Step 0000/3000, Batch Size = 256,                    Examples/Sec = 2196.88, Accuracy = 0.39, Loss = 1.381
[2020-11-26 19:07] Train Step 0060/3000, Batch Size = 256,                    Examples/Sec = 2847.68, Accuracy = 0.62, Loss = 0.648
[2020-11-26 19:07] Train Step 0120/3000, Batch Size = 256,                    Examples/Sec = 2905.84, Accuracy = 0.94, Loss = 0.233
[2020-11-26 19:07] Train Step 0180/3000, Batch Size = 256,                    Examples/Sec = 2830.78, Accuracy = 1.00, Loss = 0.033
[2020-11-26 19:07] Train Step 0240/3000, Batch Size = 256,                    Examples/Sec = 2845.82, Accuracy = 1.00, Loss = 0.005
[2020-11-26 19:08] Train Step 0300/3000, Batch Size = 256,                    Examples/Sec = 2940.68, Accuracy = 1.00, Loss = 0.002
[2020-11-26 19:08] Train Step 0360/3000, Batch Size = 256,                    Examples/Sec = 2860.02, Accuracy = 1.00, Loss = 0.001
[2020-11-26 19:08] Train Step 0420/3000, Batch Size = 256,                    Examples/Sec = 2835.25, Accuracy = 1.00, Loss = 0.000
[2020-11-26 19:08] Train Step 0480/3000, Batch Size = 256,                    Examples/Sec = 2918.92, Accuracy = 1.00, Loss = 0.000
[2020-11-26 19:08] Train Step 0540/3000, Batch Size = 256,                    Examples/Sec = 2839.26, Accuracy = 1.00, Loss = 0.000
[2020-11-26 19:08] Train Step 0600/3000, Batch Size = 256,                    Examples/Sec = 2858.98, Accuracy = 1.00, Loss = 0.000
[2020-11-26 19:08] Train Step 0660/3000, Batch Size = 256,                    Examples/Sec = 2836.25, Accuracy = 1.00, Loss = 0.000
[2020-11-26 19:08] Train Step 0720/3000, Batch Size = 256,                    Examples/Sec = 2960.16, Accuracy = 1.00, Loss = 0.000
[2020-11-26 19:08] Train Step 0780/3000, Batch Size = 256,                    Examples/Sec = 2965.82, Accuracy = 1.00, Loss = 0.000
[2020-11-26 19:08] Train Step 0840/3000, Batch Size = 256,                    Examples/Sec = 2881.53, Accuracy = 1.00, Loss = 0.000
[2020-11-26 19:08] Train Step 0900/3000, Batch Size = 256,                    Examples/Sec = 2854.69, Accuracy = 1.00, Loss = 0.000
[2020-11-26 19:09] Train Step 0960/3000, Batch Size = 256,                    Examples/Sec = 2850.78, Accuracy = 1.00, Loss = 0.001
[2020-11-26 19:09] Train Step 1020/3000, Batch Size = 256,                    Examples/Sec = 2842.43, Accuracy = 1.00, Loss = 0.000
[2020-11-26 19:09] Train Step 1080/3000, Batch Size = 256,                    Examples/Sec = 2867.26, Accuracy = 1.00, Loss = 0.000
[2020-11-26 19:09] Train Step 1140/3000, Batch Size = 256,                    Examples/Sec = 2885.38, Accuracy = 1.00, Loss = 0.000
[2020-11-26 19:09] Train Step 1200/3000, Batch Size = 256,                    Examples/Sec = 2834.74, Accuracy = 1.00, Loss = 0.000
[2020-11-26 19:09] Train Step 1260/3000, Batch Size = 256,                    Examples/Sec = 2596.41, Accuracy = 1.00, Loss = 0.000
[2020-11-26 19:09] Train Step 1320/3000, Batch Size = 256,                    Examples/Sec = 2643.70, Accuracy = 1.00, Loss = 0.000
[2020-11-26 19:09] Train Step 1380/3000, Batch Size = 256,                    Examples/Sec = 2959.93, Accuracy = 1.00, Loss = 0.000
[2020-11-26 19:09] Train Step 1440/3000, Batch Size = 256,                    Examples/Sec = 2605.54, Accuracy = 1.00, Loss = 0.000
[2020-11-26 19:09] Train Step 1500/3000, Batch Size = 256,                    Examples/Sec = 2581.74, Accuracy = 1.00, Loss = 0.000
[2020-11-26 19:09] Train Step 1560/3000, Batch Size = 256,                    Examples/Sec = 2618.25, Accuracy = 1.00, Loss = 0.000
[2020-11-26 19:10] Train Step 1620/3000, Batch Size = 256,                    Examples/Sec = 2978.36, Accuracy = 1.00, Loss = 0.000
[2020-11-26 19:10] Train Step 1680/3000, Batch Size = 256,                    Examples/Sec = 2698.40, Accuracy = 1.00, Loss = 0.000
[2020-11-26 19:10] Train Step 1740/3000, Batch Size = 256,                    Examples/Sec = 2863.12, Accuracy = 1.00, Loss = 0.000
[2020-11-26 19:10] Train Step 1800/3000, Batch Size = 256,                    Examples/Sec = 2824.32, Accuracy = 1.00, Loss = 0.000
[2020-11-26 19:10] Train Step 1860/3000, Batch Size = 256,                    Examples/Sec = 2845.23, Accuracy = 1.00, Loss = 0.000
[2020-11-26 19:10] Train Step 1920/3000, Batch Size = 256,                    Examples/Sec = 2594.71, Accuracy = 1.00, Loss = 0.000
[2020-11-26 19:10] Train Step 1980/3000, Batch Size = 256,                    Examples/Sec = 2966.08, Accuracy = 1.00, Loss = 0.003
[2020-11-26 19:10] Train Step 2040/3000, Batch Size = 256,                    Examples/Sec = 2988.75, Accuracy = 1.00, Loss = 0.000
[2020-11-26 19:10] Train Step 2100/3000, Batch Size = 256,                    Examples/Sec = 2952.82, Accuracy = 1.00, Loss = 0.000
[2020-11-26 19:10] Train Step 2160/3000, Batch Size = 256,                    Examples/Sec = 2833.09, Accuracy = 1.00, Loss = 0.000
[2020-11-26 19:11] Train Step 2220/3000, Batch Size = 256,                    Examples/Sec = 2385.71, Accuracy = 1.00, Loss = 0.000
[2020-11-26 19:11] Train Step 2280/3000, Batch Size = 256,                    Examples/Sec = 2838.30, Accuracy = 1.00, Loss = 0.000
[2020-11-26 19:11] Train Step 2340/3000, Batch Size = 256,                    Examples/Sec = 2702.21, Accuracy = 1.00, Loss = 0.000
[2020-11-26 19:11] Train Step 2400/3000, Batch Size = 256,                    Examples/Sec = 2824.83, Accuracy = 1.00, Loss = 0.000
[2020-11-26 19:11] Train Step 2460/3000, Batch Size = 256,                    Examples/Sec = 2857.56, Accuracy = 1.00, Loss = 0.000
[2020-11-26 19:11] Train Step 2520/3000, Batch Size = 256,                    Examples/Sec = 2853.10, Accuracy = 1.00, Loss = 0.000
[2020-11-26 19:11] Train Step 2580/3000, Batch Size = 256,                    Examples/Sec = 2926.54, Accuracy = 1.00, Loss = 0.000
[2020-11-26 19:11] Train Step 2640/3000, Batch Size = 256,                    Examples/Sec = 2617.50, Accuracy = 1.00, Loss = 0.000
[2020-11-26 19:11] Train Step 2700/3000, Batch Size = 256,                    Examples/Sec = 2972.42, Accuracy = 1.00, Loss = 0.000
[2020-11-26 19:11] Train Step 2760/3000, Batch Size = 256,                    Examples/Sec = 2846.29, Accuracy = 1.00, Loss = 0.000
[2020-11-26 19:11] Train Step 2820/3000, Batch Size = 256,                    Examples/Sec = 2957.89, Accuracy = 1.00, Loss = 0.000
[2020-11-26 19:12] Train Step 2880/3000, Batch Size = 256,                    Examples/Sec = 2595.48, Accuracy = 1.00, Loss = 0.000
[2020-11-26 19:12] Train Step 2940/3000, Batch Size = 256,                    Examples/Sec = 2886.73, Accuracy = 1.00, Loss = 0.000
[2020-11-26 19:12] Train Step 3000/3000, Batch Size = 256,                    Examples/Sec = 2571.92, Accuracy = 1.00, Loss = 0.000
Done training.
TEST ACC:1.000
Device: cuda:0
Seed:  2
Load binary palindrome dataset ...
Initializing LSTM model ...
seq length: 41
input dim: 1
hidden dim: 256
num classes: 2
batch_size: 256
device: cuda:0


[2020-11-26 19:12] Train Step 0000/3000, Batch Size = 256,                    Examples/Sec = 2095.96, Accuracy = 0.67, Loss = 1.233
[2020-11-26 19:12] Train Step 0060/3000, Batch Size = 256,                    Examples/Sec = 2989.17, Accuracy = 0.67, Loss = 0.629
[2020-11-26 19:12] Train Step 0120/3000, Batch Size = 256,                    Examples/Sec = 2835.52, Accuracy = 0.64, Loss = 0.645
[2020-11-26 19:12] Train Step 0180/3000, Batch Size = 256,                    Examples/Sec = 2825.22, Accuracy = 0.68, Loss = 0.597
[2020-11-26 19:12] Train Step 0240/3000, Batch Size = 256,                    Examples/Sec = 2798.13, Accuracy = 0.89, Loss = 0.244
[2020-11-26 19:12] Train Step 0300/3000, Batch Size = 256,                    Examples/Sec = 2832.46, Accuracy = 1.00, Loss = 0.014
[2020-11-26 19:12] Train Step 0360/3000, Batch Size = 256,                    Examples/Sec = 2838.59, Accuracy = 1.00, Loss = 0.002
[2020-11-26 19:12] Train Step 0420/3000, Batch Size = 256,                    Examples/Sec = 2841.38, Accuracy = 1.00, Loss = 0.001
[2020-11-26 19:12] Train Step 0480/3000, Batch Size = 256,                    Examples/Sec = 2614.23, Accuracy = 1.00, Loss = 0.002
[2020-11-26 19:13] Train Step 0540/3000, Batch Size = 256,                    Examples/Sec = 2834.68, Accuracy = 1.00, Loss = 0.001
[2020-11-26 19:13] Train Step 0600/3000, Batch Size = 256,                    Examples/Sec = 2835.33, Accuracy = 1.00, Loss = 0.001
[2020-11-26 19:13] Train Step 0660/3000, Batch Size = 256,                    Examples/Sec = 2861.63, Accuracy = 1.00, Loss = 0.001
[2020-11-26 19:13] Train Step 0720/3000, Batch Size = 256,                    Examples/Sec = 2843.44, Accuracy = 1.00, Loss = 0.000
[2020-11-26 19:13] Train Step 0780/3000, Batch Size = 256,                    Examples/Sec = 2739.16, Accuracy = 1.00, Loss = 0.000
[2020-11-26 19:13] Train Step 0840/3000, Batch Size = 256,                    Examples/Sec = 2843.23, Accuracy = 1.00, Loss = 0.001
[2020-11-26 19:13] Train Step 0900/3000, Batch Size = 256,                    Examples/Sec = 2845.22, Accuracy = 1.00, Loss = 0.000
[2020-11-26 19:13] Train Step 0960/3000, Batch Size = 256,                    Examples/Sec = 2834.09, Accuracy = 1.00, Loss = 0.001
[2020-11-26 19:13] Train Step 1020/3000, Batch Size = 256,                    Examples/Sec = 2382.47, Accuracy = 1.00, Loss = 0.000
[2020-11-26 19:13] Train Step 1080/3000, Batch Size = 256,                    Examples/Sec = 2400.22, Accuracy = 1.00, Loss = 0.000
[2020-11-26 19:14] Train Step 1140/3000, Batch Size = 256,                    Examples/Sec = 2938.11, Accuracy = 1.00, Loss = 0.000
[2020-11-26 19:14] Train Step 1200/3000, Batch Size = 256,                    Examples/Sec = 2837.91, Accuracy = 1.00, Loss = 0.000
[2020-11-26 19:14] Train Step 1260/3000, Batch Size = 256,                    Examples/Sec = 2840.38, Accuracy = 1.00, Loss = 0.000
[2020-11-26 19:14] Train Step 1320/3000, Batch Size = 256,                    Examples/Sec = 2898.24, Accuracy = 1.00, Loss = 0.000
[2020-11-26 19:14] Train Step 1380/3000, Batch Size = 256,                    Examples/Sec = 2849.01, Accuracy = 1.00, Loss = 0.000
[2020-11-26 19:14] Train Step 1440/3000, Batch Size = 256,                    Examples/Sec = 2828.20, Accuracy = 1.00, Loss = 0.000
[2020-11-26 19:14] Train Step 1500/3000, Batch Size = 256,                    Examples/Sec = 2653.13, Accuracy = 1.00, Loss = 0.000
[2020-11-26 19:14] Train Step 1560/3000, Batch Size = 256,                    Examples/Sec = 2840.44, Accuracy = 1.00, Loss = 0.000
[2020-11-26 19:14] Train Step 1620/3000, Batch Size = 256,                    Examples/Sec = 2951.65, Accuracy = 1.00, Loss = 0.000
[2020-11-26 19:14] Train Step 1680/3000, Batch Size = 256,                    Examples/Sec = 2812.05, Accuracy = 1.00, Loss = 0.023
[2020-11-26 19:14] Train Step 1740/3000, Batch Size = 256,                    Examples/Sec = 2837.07, Accuracy = 1.00, Loss = 0.004
[2020-11-26 19:15] Train Step 1800/3000, Batch Size = 256,                    Examples/Sec = 2850.06, Accuracy = 1.00, Loss = 0.000
[2020-11-26 19:15] Train Step 1860/3000, Batch Size = 256,                    Examples/Sec = 2989.61, Accuracy = 1.00, Loss = 0.000
[2020-11-26 19:15] Train Step 1920/3000, Batch Size = 256,                    Examples/Sec = 2852.06, Accuracy = 1.00, Loss = 0.000
[2020-11-26 19:15] Train Step 1980/3000, Batch Size = 256,                    Examples/Sec = 2889.91, Accuracy = 1.00, Loss = 0.000
[2020-11-26 19:15] Train Step 2040/3000, Batch Size = 256,                    Examples/Sec = 2859.21, Accuracy = 1.00, Loss = 0.000
[2020-11-26 19:15] Train Step 2100/3000, Batch Size = 256,                    Examples/Sec = 2585.51, Accuracy = 1.00, Loss = 0.000
[2020-11-26 19:15] Train Step 2160/3000, Batch Size = 256,                    Examples/Sec = 2987.94, Accuracy = 1.00, Loss = 0.000
[2020-11-26 19:15] Train Step 2220/3000, Batch Size = 256,                    Examples/Sec = 2598.98, Accuracy = 1.00, Loss = 0.000
[2020-11-26 19:15] Train Step 2280/3000, Batch Size = 256,                    Examples/Sec = 2934.58, Accuracy = 1.00, Loss = 0.000
[2020-11-26 19:15] Train Step 2340/3000, Batch Size = 256,                    Examples/Sec = 2878.67, Accuracy = 1.00, Loss = 0.000
[2020-11-26 19:15] Train Step 2400/3000, Batch Size = 256,                    Examples/Sec = 2820.11, Accuracy = 1.00, Loss = 0.002
[2020-11-26 19:16] Train Step 2460/3000, Batch Size = 256,                    Examples/Sec = 2842.35, Accuracy = 1.00, Loss = 0.000
[2020-11-26 19:16] Train Step 2520/3000, Batch Size = 256,                    Examples/Sec = 2884.22, Accuracy = 1.00, Loss = 0.000
[2020-11-26 19:16] Train Step 2580/3000, Batch Size = 256,                    Examples/Sec = 2622.65, Accuracy = 1.00, Loss = 0.000
[2020-11-26 19:16] Train Step 2640/3000, Batch Size = 256,                    Examples/Sec = 2836.62, Accuracy = 1.00, Loss = 0.000
[2020-11-26 19:16] Train Step 2700/3000, Batch Size = 256,                    Examples/Sec = 2835.69, Accuracy = 1.00, Loss = 0.000
[2020-11-26 19:16] Train Step 2760/3000, Batch Size = 256,                    Examples/Sec = 2849.64, Accuracy = 1.00, Loss = 0.000
[2020-11-26 19:16] Train Step 2820/3000, Batch Size = 256,                    Examples/Sec = 2613.08, Accuracy = 1.00, Loss = 0.000
[2020-11-26 19:16] Train Step 2880/3000, Batch Size = 256,                    Examples/Sec = 2612.40, Accuracy = 1.00, Loss = 0.000
[2020-11-26 19:16] Train Step 2940/3000, Batch Size = 256,                    Examples/Sec = 2873.16, Accuracy = 1.00, Loss = 0.000
[2020-11-26 19:16] Train Step 3000/3000, Batch Size = 256,                    Examples/Sec = 2838.54, Accuracy = 1.00, Loss = 0.000
Done training.
TEST ACC:1.000
Device: cuda:0
Seed:  0
Load binary palindrome dataset ...
Initializing LSTM model ...
seq length: 81
input dim: 1
hidden dim: 256
num classes: 2
batch_size: 256
device: cuda:0


[2020-11-26 19:16] Train Step 0000/3000, Batch Size = 256,                    Examples/Sec = 1171.48, Accuracy = 0.52, Loss = 0.876
[2020-11-26 19:17] Train Step 0060/3000, Batch Size = 256,                    Examples/Sec = 1417.58, Accuracy = 0.66, Loss = 0.645
[2020-11-26 19:17] Train Step 0120/3000, Batch Size = 256,                    Examples/Sec = 1660.35, Accuracy = 0.69, Loss = 0.625
[2020-11-26 19:17] Train Step 0180/3000, Batch Size = 256,                    Examples/Sec = 1666.05, Accuracy = 0.59, Loss = 0.661
[2020-11-26 19:17] Train Step 0240/3000, Batch Size = 256,                    Examples/Sec = 1666.75, Accuracy = 0.71, Loss = 0.607
[2020-11-26 19:17] Train Step 0300/3000, Batch Size = 256,                    Examples/Sec = 1575.45, Accuracy = 0.64, Loss = 0.628
[2020-11-26 19:17] Train Step 0360/3000, Batch Size = 256,                    Examples/Sec = 1652.86, Accuracy = 0.91, Loss = 0.199
[2020-11-26 19:18] Train Step 0420/3000, Batch Size = 256,                    Examples/Sec = 1656.38, Accuracy = 0.99, Loss = 0.023
[2020-11-26 19:18] Train Step 0480/3000, Batch Size = 256,                    Examples/Sec = 1659.22, Accuracy = 1.00, Loss = 0.006
[2020-11-26 19:18] Train Step 0540/3000, Batch Size = 256,                    Examples/Sec = 1656.48, Accuracy = 1.00, Loss = 0.005
[2020-11-26 19:18] Train Step 0600/3000, Batch Size = 256,                    Examples/Sec = 1576.44, Accuracy = 1.00, Loss = 0.000
[2020-11-26 19:18] Train Step 0660/3000, Batch Size = 256,                    Examples/Sec = 1673.07, Accuracy = 1.00, Loss = 0.000
[2020-11-26 19:18] Train Step 0720/3000, Batch Size = 256,                    Examples/Sec = 1661.42, Accuracy = 1.00, Loss = 0.000
[2020-11-26 19:19] Train Step 0780/3000, Batch Size = 256,                    Examples/Sec = 1687.00, Accuracy = 1.00, Loss = 0.000
[2020-11-26 19:19] Train Step 0840/3000, Batch Size = 256,                    Examples/Sec = 1674.42, Accuracy = 1.00, Loss = 0.003
[2020-11-26 19:19] Train Step 0900/3000, Batch Size = 256,                    Examples/Sec = 1679.55, Accuracy = 1.00, Loss = 0.002
[2020-11-26 19:19] Train Step 0960/3000, Batch Size = 256,                    Examples/Sec = 1714.76, Accuracy = 1.00, Loss = 0.000
[2020-11-26 19:19] Train Step 1020/3000, Batch Size = 256,                    Examples/Sec = 1695.89, Accuracy = 1.00, Loss = 0.000
[2020-11-26 19:19] Train Step 1080/3000, Batch Size = 256,                    Examples/Sec = 1696.46, Accuracy = 1.00, Loss = 0.000
[2020-11-26 19:19] Train Step 1140/3000, Batch Size = 256,                    Examples/Sec = 1695.35, Accuracy = 1.00, Loss = 0.000
[2020-11-26 19:20] Train Step 1200/3000, Batch Size = 256,                    Examples/Sec = 1712.47, Accuracy = 0.85, Loss = 0.478
[2020-11-26 19:20] Train Step 1260/3000, Batch Size = 256,                    Examples/Sec = 1660.23, Accuracy = 1.00, Loss = 0.000
[2020-11-26 19:20] Train Step 1320/3000, Batch Size = 256,                    Examples/Sec = 1717.74, Accuracy = 1.00, Loss = 0.000
[2020-11-26 19:20] Train Step 1380/3000, Batch Size = 256,                    Examples/Sec = 1669.70, Accuracy = 1.00, Loss = 0.001
[2020-11-26 19:20] Train Step 1440/3000, Batch Size = 256,                    Examples/Sec = 1672.57, Accuracy = 1.00, Loss = 0.000
[2020-11-26 19:20] Train Step 1500/3000, Batch Size = 256,                    Examples/Sec = 1675.57, Accuracy = 1.00, Loss = 0.000
[2020-11-26 19:21] Train Step 1560/3000, Batch Size = 256,                    Examples/Sec = 1664.41, Accuracy = 1.00, Loss = 0.000
[2020-11-26 19:21] Train Step 1620/3000, Batch Size = 256,                    Examples/Sec = 1712.15, Accuracy = 1.00, Loss = 0.000
[2020-11-26 19:21] Train Step 1680/3000, Batch Size = 256,                    Examples/Sec = 1579.01, Accuracy = 1.00, Loss = 0.000
[2020-11-26 19:21] Train Step 1740/3000, Batch Size = 256,                    Examples/Sec = 1677.27, Accuracy = 1.00, Loss = 0.000
[2020-11-26 19:21] Train Step 1800/3000, Batch Size = 256,                    Examples/Sec = 1415.65, Accuracy = 1.00, Loss = 0.000
[2020-11-26 19:21] Train Step 1860/3000, Batch Size = 256,                    Examples/Sec = 1637.04, Accuracy = 1.00, Loss = 0.000
[2020-11-26 19:22] Train Step 1920/3000, Batch Size = 256,                    Examples/Sec = 1679.51, Accuracy = 1.00, Loss = 0.000
[2020-11-26 19:22] Train Step 1980/3000, Batch Size = 256,                    Examples/Sec = 1685.93, Accuracy = 1.00, Loss = 0.000
[2020-11-26 19:22] Train Step 2040/3000, Batch Size = 256,                    Examples/Sec = 1706.54, Accuracy = 1.00, Loss = 0.000
[2020-11-26 19:22] Train Step 2100/3000, Batch Size = 256,                    Examples/Sec = 1405.74, Accuracy = 1.00, Loss = 0.000
[2020-11-26 19:22] Train Step 2160/3000, Batch Size = 256,                    Examples/Sec = 1722.50, Accuracy = 1.00, Loss = 0.000
[2020-11-26 19:22] Train Step 2220/3000, Batch Size = 256,                    Examples/Sec = 1636.65, Accuracy = 1.00, Loss = 0.000
[2020-11-26 19:22] Train Step 2280/3000, Batch Size = 256,                    Examples/Sec = 1685.32, Accuracy = 1.00, Loss = 0.000
[2020-11-26 19:23] Train Step 2340/3000, Batch Size = 256,                    Examples/Sec = 1407.93, Accuracy = 1.00, Loss = 0.000
[2020-11-26 19:23] Train Step 2400/3000, Batch Size = 256,                    Examples/Sec = 1664.28, Accuracy = 1.00, Loss = 0.000
[2020-11-26 19:23] Train Step 2460/3000, Batch Size = 256,                    Examples/Sec = 1663.75, Accuracy = 1.00, Loss = 0.000
[2020-11-26 19:23] Train Step 2520/3000, Batch Size = 256,                    Examples/Sec = 1654.68, Accuracy = 1.00, Loss = 0.000
[2020-11-26 19:23] Train Step 2580/3000, Batch Size = 256,                    Examples/Sec = 1656.92, Accuracy = 1.00, Loss = 0.000
[2020-11-26 19:23] Train Step 2640/3000, Batch Size = 256,                    Examples/Sec = 1661.60, Accuracy = 1.00, Loss = 0.000
[2020-11-26 19:24] Train Step 2700/3000, Batch Size = 256,                    Examples/Sec = 1700.28, Accuracy = 1.00, Loss = 0.000
[2020-11-26 19:24] Train Step 2760/3000, Batch Size = 256,                    Examples/Sec = 1398.68, Accuracy = 1.00, Loss = 0.000
[2020-11-26 19:24] Train Step 2820/3000, Batch Size = 256,                    Examples/Sec = 1611.34, Accuracy = 1.00, Loss = 0.000
[2020-11-26 19:24] Train Step 2880/3000, Batch Size = 256,                    Examples/Sec = 1699.77, Accuracy = 1.00, Loss = 0.000
[2020-11-26 19:24] Train Step 2940/3000, Batch Size = 256,                    Examples/Sec = 1698.06, Accuracy = 1.00, Loss = 0.000
[2020-11-26 19:24] Train Step 3000/3000, Batch Size = 256,                    Examples/Sec = 1663.34, Accuracy = 1.00, Loss = 0.000
Done training.
TEST ACC:1.000
Device: cuda:0
Seed:  1
Load binary palindrome dataset ...
Initializing LSTM model ...
seq length: 81
input dim: 1
hidden dim: 256
num classes: 2
batch_size: 256
device: cuda:0


[2020-11-26 19:24] Train Step 0000/3000, Batch Size = 256,                    Examples/Sec = 1637.40, Accuracy = 0.41, Loss = 1.361
[2020-11-26 19:25] Train Step 0060/3000, Batch Size = 256,                    Examples/Sec = 1652.32, Accuracy = 0.63, Loss = 0.661
[2020-11-26 19:25] Train Step 0120/3000, Batch Size = 256,                    Examples/Sec = 1663.67, Accuracy = 0.63, Loss = 0.670
[2020-11-26 19:25] Train Step 0180/3000, Batch Size = 256,                    Examples/Sec = 1664.47, Accuracy = 0.69, Loss = 0.632
[2020-11-26 19:25] Train Step 0240/3000, Batch Size = 256,                    Examples/Sec = 1668.52, Accuracy = 0.70, Loss = 0.604
[2020-11-26 19:25] Train Step 0300/3000, Batch Size = 256,                    Examples/Sec = 1577.87, Accuracy = 0.67, Loss = 0.634
[2020-11-26 19:25] Train Step 0360/3000, Batch Size = 256,                    Examples/Sec = 1693.91, Accuracy = 0.66, Loss = 0.636
[2020-11-26 19:26] Train Step 0420/3000, Batch Size = 256,                    Examples/Sec = 1677.46, Accuracy = 0.66, Loss = 0.633
[2020-11-26 19:26] Train Step 0480/3000, Batch Size = 256,                    Examples/Sec = 1588.82, Accuracy = 0.95, Loss = 0.149
[2020-11-26 19:26] Train Step 0540/3000, Batch Size = 256,                    Examples/Sec = 1677.08, Accuracy = 0.99, Loss = 0.040
[2020-11-26 19:26] Train Step 0600/3000, Batch Size = 256,                    Examples/Sec = 1670.18, Accuracy = 1.00, Loss = 0.010
[2020-11-26 19:26] Train Step 0660/3000, Batch Size = 256,                    Examples/Sec = 1686.21, Accuracy = 1.00, Loss = 0.006
[2020-11-26 19:26] Train Step 0720/3000, Batch Size = 256,                    Examples/Sec = 1671.32, Accuracy = 1.00, Loss = 0.000
[2020-11-26 19:26] Train Step 0780/3000, Batch Size = 256,                    Examples/Sec = 1669.63, Accuracy = 1.00, Loss = 0.000
[2020-11-26 19:27] Train Step 0840/3000, Batch Size = 256,                    Examples/Sec = 1667.84, Accuracy = 1.00, Loss = 0.000
[2020-11-26 19:27] Train Step 0900/3000, Batch Size = 256,                    Examples/Sec = 1684.15, Accuracy = 1.00, Loss = 0.000
[2020-11-26 19:27] Train Step 0960/3000, Batch Size = 256,                    Examples/Sec = 1672.83, Accuracy = 1.00, Loss = 0.000
[2020-11-26 19:27] Train Step 1020/3000, Batch Size = 256,                    Examples/Sec = 1658.92, Accuracy = 1.00, Loss = 0.000
[2020-11-26 19:27] Train Step 1080/3000, Batch Size = 256,                    Examples/Sec = 1670.43, Accuracy = 1.00, Loss = 0.000
[2020-11-26 19:27] Train Step 1140/3000, Batch Size = 256,                    Examples/Sec = 1670.33, Accuracy = 1.00, Loss = 0.000
[2020-11-26 19:28] Train Step 1200/3000, Batch Size = 256,                    Examples/Sec = 1670.07, Accuracy = 1.00, Loss = 0.000
[2020-11-26 19:28] Train Step 1260/3000, Batch Size = 256,                    Examples/Sec = 1667.96, Accuracy = 1.00, Loss = 0.000
[2020-11-26 19:28] Train Step 1320/3000, Batch Size = 256,                    Examples/Sec = 1698.43, Accuracy = 1.00, Loss = 0.000
[2020-11-26 19:28] Train Step 1380/3000, Batch Size = 256,                    Examples/Sec = 1668.77, Accuracy = 1.00, Loss = 0.000
[2020-11-26 19:28] Train Step 1440/3000, Batch Size = 256,                    Examples/Sec = 1670.93, Accuracy = 1.00, Loss = 0.000
[2020-11-26 19:28] Train Step 1500/3000, Batch Size = 256,                    Examples/Sec = 1665.65, Accuracy = 1.00, Loss = 0.000
[2020-11-26 19:28] Train Step 1560/3000, Batch Size = 256,                    Examples/Sec = 1660.94, Accuracy = 1.00, Loss = 0.000
[2020-11-26 19:29] Train Step 1620/3000, Batch Size = 256,                    Examples/Sec = 1590.12, Accuracy = 1.00, Loss = 0.000
[2020-11-26 19:29] Train Step 1680/3000, Batch Size = 256,                    Examples/Sec = 1686.64, Accuracy = 1.00, Loss = 0.000
[2020-11-26 19:29] Train Step 1740/3000, Batch Size = 256,                    Examples/Sec = 1664.66, Accuracy = 1.00, Loss = 0.000
[2020-11-26 19:29] Train Step 1800/3000, Batch Size = 256,                    Examples/Sec = 1653.01, Accuracy = 1.00, Loss = 0.000
[2020-11-26 19:29] Train Step 1860/3000, Batch Size = 256,                    Examples/Sec = 1716.32, Accuracy = 1.00, Loss = 0.000
[2020-11-26 19:29] Train Step 1920/3000, Batch Size = 256,                    Examples/Sec = 1661.47, Accuracy = 1.00, Loss = 0.000
[2020-11-26 19:30] Train Step 1980/3000, Batch Size = 256,                    Examples/Sec = 1686.79, Accuracy = 1.00, Loss = 0.000
[2020-11-26 19:30] Train Step 2040/3000, Batch Size = 256,                    Examples/Sec = 1718.29, Accuracy = 1.00, Loss = 0.000
[2020-11-26 19:30] Train Step 2100/3000, Batch Size = 256,                    Examples/Sec = 1648.10, Accuracy = 1.00, Loss = 0.000
[2020-11-26 19:30] Train Step 2160/3000, Batch Size = 256,                    Examples/Sec = 1717.27, Accuracy = 1.00, Loss = 0.000
[2020-11-26 19:30] Train Step 2220/3000, Batch Size = 256,                    Examples/Sec = 1597.87, Accuracy = 1.00, Loss = 0.000
[2020-11-26 19:30] Train Step 2280/3000, Batch Size = 256,                    Examples/Sec = 1669.15, Accuracy = 1.00, Loss = 0.000
[2020-11-26 19:31] Train Step 2340/3000, Batch Size = 256,                    Examples/Sec = 1710.22, Accuracy = 1.00, Loss = 0.000
[2020-11-26 19:31] Train Step 2400/3000, Batch Size = 256,                    Examples/Sec = 1656.57, Accuracy = 1.00, Loss = 0.000
[2020-11-26 19:31] Train Step 2460/3000, Batch Size = 256,                    Examples/Sec = 1663.87, Accuracy = 1.00, Loss = 0.000
[2020-11-26 19:31] Train Step 2520/3000, Batch Size = 256,                    Examples/Sec = 1649.95, Accuracy = 1.00, Loss = 0.000
[2020-11-26 19:31] Train Step 2580/3000, Batch Size = 256,                    Examples/Sec = 1666.81, Accuracy = 1.00, Loss = 0.000
[2020-11-26 19:31] Train Step 2640/3000, Batch Size = 256,                    Examples/Sec = 1642.25, Accuracy = 1.00, Loss = 0.000
[2020-11-26 19:31] Train Step 2700/3000, Batch Size = 256,                    Examples/Sec = 1664.48, Accuracy = 1.00, Loss = 0.000
[2020-11-26 19:32] Train Step 2760/3000, Batch Size = 256,                    Examples/Sec = 1709.61, Accuracy = 1.00, Loss = 0.000
[2020-11-26 19:32] Train Step 2820/3000, Batch Size = 256,                    Examples/Sec = 1643.75, Accuracy = 1.00, Loss = 0.000
[2020-11-26 19:32] Train Step 2880/3000, Batch Size = 256,                    Examples/Sec = 1673.15, Accuracy = 1.00, Loss = 0.000
[2020-11-26 19:32] Train Step 2940/3000, Batch Size = 256,                    Examples/Sec = 1685.62, Accuracy = 1.00, Loss = 0.000
[2020-11-26 19:32] Train Step 3000/3000, Batch Size = 256,                    Examples/Sec = 1394.26, Accuracy = 1.00, Loss = 0.000
Done training.
TEST ACC:1.000
Device: cuda:0
Seed:  2
Load binary palindrome dataset ...
Initializing LSTM model ...
seq length: 81
input dim: 1
hidden dim: 256
num classes: 2
batch_size: 256
device: cuda:0


[2020-11-26 19:32] Train Step 0000/3000, Batch Size = 256,                    Examples/Sec = 1327.62, Accuracy = 0.67, Loss = 1.251
[2020-11-26 19:32] Train Step 0060/3000, Batch Size = 256,                    Examples/Sec = 1671.65, Accuracy = 0.67, Loss = 0.635
[2020-11-26 19:33] Train Step 0120/3000, Batch Size = 256,                    Examples/Sec = 1505.52, Accuracy = 0.64, Loss = 0.658
[2020-11-26 19:33] Train Step 0180/3000, Batch Size = 256,                    Examples/Sec = 1649.55, Accuracy = 0.63, Loss = 0.667
[2020-11-26 19:33] Train Step 0240/3000, Batch Size = 256,                    Examples/Sec = 1670.59, Accuracy = 0.71, Loss = 0.611
[2020-11-26 19:33] Train Step 0300/3000, Batch Size = 256,                    Examples/Sec = 1683.34, Accuracy = 0.63, Loss = 0.666
[2020-11-26 19:33] Train Step 0360/3000, Batch Size = 256,                    Examples/Sec = 1683.29, Accuracy = 0.66, Loss = 0.646
[2020-11-26 19:33] Train Step 0420/3000, Batch Size = 256,                    Examples/Sec = 1718.50, Accuracy = 0.68, Loss = 0.620
[2020-11-26 19:34] Train Step 0480/3000, Batch Size = 256,                    Examples/Sec = 1604.24, Accuracy = 0.81, Loss = 0.441
[2020-11-26 19:34] Train Step 0540/3000, Batch Size = 256,                    Examples/Sec = 1699.60, Accuracy = 0.99, Loss = 0.038
[2020-11-26 19:34] Train Step 0600/3000, Batch Size = 256,                    Examples/Sec = 1675.97, Accuracy = 1.00, Loss = 0.015
[2020-11-26 19:34] Train Step 0660/3000, Batch Size = 256,                    Examples/Sec = 1667.16, Accuracy = 1.00, Loss = 0.005
[2020-11-26 19:34] Train Step 0720/3000, Batch Size = 256,                    Examples/Sec = 1679.80, Accuracy = 1.00, Loss = 0.001
[2020-11-26 19:34] Train Step 0780/3000, Batch Size = 256,                    Examples/Sec = 1655.77, Accuracy = 1.00, Loss = 0.000
[2020-11-26 19:35] Train Step 0840/3000, Batch Size = 256,                    Examples/Sec = 1668.50, Accuracy = 1.00, Loss = 0.000
[2020-11-26 19:35] Train Step 0900/3000, Batch Size = 256,                    Examples/Sec = 1640.20, Accuracy = 1.00, Loss = 0.000
[2020-11-26 19:35] Train Step 0960/3000, Batch Size = 256,                    Examples/Sec = 1671.35, Accuracy = 1.00, Loss = 0.000
[2020-11-26 19:35] Train Step 1020/3000, Batch Size = 256,                    Examples/Sec = 1649.42, Accuracy = 1.00, Loss = 0.000
[2020-11-26 19:35] Train Step 1080/3000, Batch Size = 256,                    Examples/Sec = 1693.63, Accuracy = 1.00, Loss = 0.000
[2020-11-26 19:35] Train Step 1140/3000, Batch Size = 256,                    Examples/Sec = 1671.07, Accuracy = 1.00, Loss = 0.001
[2020-11-26 19:35] Train Step 1200/3000, Batch Size = 256,                    Examples/Sec = 1659.61, Accuracy = 1.00, Loss = 0.000
[2020-11-26 19:36] Train Step 1260/3000, Batch Size = 256,                    Examples/Sec = 1637.02, Accuracy = 1.00, Loss = 0.000
[2020-11-26 19:36] Train Step 1320/3000, Batch Size = 256,                    Examples/Sec = 1656.78, Accuracy = 1.00, Loss = 0.000
[2020-11-26 19:36] Train Step 1380/3000, Batch Size = 256,                    Examples/Sec = 1627.92, Accuracy = 1.00, Loss = 0.000
[2020-11-26 19:36] Train Step 1440/3000, Batch Size = 256,                    Examples/Sec = 1645.77, Accuracy = 1.00, Loss = 0.000
[2020-11-26 19:36] Train Step 1500/3000, Batch Size = 256,                    Examples/Sec = 1646.33, Accuracy = 1.00, Loss = 0.000
[2020-11-26 19:36] Train Step 1560/3000, Batch Size = 256,                    Examples/Sec = 1586.13, Accuracy = 1.00, Loss = 0.000
[2020-11-26 19:37] Train Step 1620/3000, Batch Size = 256,                    Examples/Sec = 1688.18, Accuracy = 1.00, Loss = 0.000
[2020-11-26 19:37] Train Step 1680/3000, Batch Size = 256,                    Examples/Sec = 1672.35, Accuracy = 1.00, Loss = 0.000
[2020-11-26 19:37] Train Step 1740/3000, Batch Size = 256,                    Examples/Sec = 1672.97, Accuracy = 1.00, Loss = 0.000
[2020-11-26 19:37] Train Step 1800/3000, Batch Size = 256,                    Examples/Sec = 1670.67, Accuracy = 1.00, Loss = 0.000
[2020-11-26 19:37] Train Step 1860/3000, Batch Size = 256,                    Examples/Sec = 1674.09, Accuracy = 1.00, Loss = 0.000
[2020-11-26 19:37] Train Step 1920/3000, Batch Size = 256,                    Examples/Sec = 1703.28, Accuracy = 1.00, Loss = 0.000
[2020-11-26 19:37] Train Step 1980/3000, Batch Size = 256,                    Examples/Sec = 1667.69, Accuracy = 1.00, Loss = 0.000
[2020-11-26 19:38] Train Step 2040/3000, Batch Size = 256,                    Examples/Sec = 1655.79, Accuracy = 1.00, Loss = 0.000
[2020-11-26 19:38] Train Step 2100/3000, Batch Size = 256,                    Examples/Sec = 1581.35, Accuracy = 1.00, Loss = 0.000
[2020-11-26 19:38] Train Step 2160/3000, Batch Size = 256,                    Examples/Sec = 1676.16, Accuracy = 1.00, Loss = 0.000
[2020-11-26 19:38] Train Step 2220/3000, Batch Size = 256,                    Examples/Sec = 1593.21, Accuracy = 0.87, Loss = 0.771
[2020-11-26 19:38] Train Step 2280/3000, Batch Size = 256,                    Examples/Sec = 1701.17, Accuracy = 1.00, Loss = 0.000
[2020-11-26 19:38] Train Step 2340/3000, Batch Size = 256,                    Examples/Sec = 1714.04, Accuracy = 1.00, Loss = 0.000
[2020-11-26 19:39] Train Step 2400/3000, Batch Size = 256,                    Examples/Sec = 1673.17, Accuracy = 1.00, Loss = 0.000
[2020-11-26 19:39] Train Step 2460/3000, Batch Size = 256,                    Examples/Sec = 1599.78, Accuracy = 1.00, Loss = 0.000
[2020-11-26 19:39] Train Step 2520/3000, Batch Size = 256,                    Examples/Sec = 1702.13, Accuracy = 1.00, Loss = 0.000
[2020-11-26 19:39] Train Step 2580/3000, Batch Size = 256,                    Examples/Sec = 1671.83, Accuracy = 1.00, Loss = 0.000
[2020-11-26 19:39] Train Step 2640/3000, Batch Size = 256,                    Examples/Sec = 1574.65, Accuracy = 1.00, Loss = 0.000
[2020-11-26 19:39] Train Step 2700/3000, Batch Size = 256,                    Examples/Sec = 1657.06, Accuracy = 1.00, Loss = 0.000
[2020-11-26 19:40] Train Step 2760/3000, Batch Size = 256,                    Examples/Sec = 1379.01, Accuracy = 1.00, Loss = 0.000
[2020-11-26 19:40] Train Step 2820/3000, Batch Size = 256,                    Examples/Sec = 1604.68, Accuracy = 1.00, Loss = 0.000
[2020-11-26 19:40] Train Step 2880/3000, Batch Size = 256,                    Examples/Sec = 1676.49, Accuracy = 1.00, Loss = 0.001
[2020-11-26 19:40] Train Step 2940/3000, Batch Size = 256,                    Examples/Sec = 1627.70, Accuracy = 1.00, Loss = 0.000
[2020-11-26 19:40] Train Step 3000/3000, Batch Size = 256,                    Examples/Sec = 1659.72, Accuracy = 1.00, Loss = 0.000
Done training.
TEST ACC:1.000
Device: cuda:0
Seed:  0
Load binary palindrome dataset ...
Initializing peephole LSTM model ...
seq length: 41
input dim: 1
hidden dim: 256
num classes: 2
batch_size: 256
device: cuda:0


[2020-11-26 19:40] Train Step 0000/3000, Batch Size = 256,                    Examples/Sec = 2448.79, Accuracy = 0.38, Loss = 0.715
[2020-11-26 19:40] Train Step 0060/3000, Batch Size = 256,                    Examples/Sec = 3437.80, Accuracy = 0.67, Loss = 0.633
[2020-11-26 19:40] Train Step 0120/3000, Batch Size = 256,                    Examples/Sec = 3396.27, Accuracy = 0.64, Loss = 0.654
[2020-11-26 19:40] Train Step 0180/3000, Batch Size = 256,                    Examples/Sec = 3444.04, Accuracy = 0.69, Loss = 0.627
[2020-11-26 19:41] Train Step 0240/3000, Batch Size = 256,                    Examples/Sec = 3438.16, Accuracy = 0.70, Loss = 0.609
[2020-11-26 19:41] Train Step 0300/3000, Batch Size = 256,                    Examples/Sec = 3463.76, Accuracy = 0.60, Loss = 0.689
[2020-11-26 19:41] Train Step 0360/3000, Batch Size = 256,                    Examples/Sec = 3370.41, Accuracy = 0.65, Loss = 0.646
[2020-11-26 19:41] Train Step 0420/3000, Batch Size = 256,                    Examples/Sec = 3476.56, Accuracy = 0.66, Loss = 0.615
[2020-11-26 19:41] Train Step 0480/3000, Batch Size = 256,                    Examples/Sec = 3455.32, Accuracy = 0.69, Loss = 0.607
[2020-11-26 19:41] Train Step 0540/3000, Batch Size = 256,                    Examples/Sec = 3507.30, Accuracy = 0.72, Loss = 0.577
[2020-11-26 19:41] Train Step 0600/3000, Batch Size = 256,                    Examples/Sec = 3504.09, Accuracy = 0.77, Loss = 0.519
[2020-11-26 19:41] Train Step 0660/3000, Batch Size = 256,                    Examples/Sec = 3453.38, Accuracy = 0.71, Loss = 0.507
[2020-11-26 19:41] Train Step 0720/3000, Batch Size = 256,                    Examples/Sec = 3422.43, Accuracy = 0.84, Loss = 0.360
[2020-11-26 19:41] Train Step 0780/3000, Batch Size = 256,                    Examples/Sec = 3455.10, Accuracy = 0.79, Loss = 0.420
[2020-11-26 19:41] Train Step 0840/3000, Batch Size = 256,                    Examples/Sec = 3223.67, Accuracy = 0.71, Loss = 0.466
[2020-11-26 19:41] Train Step 0900/3000, Batch Size = 256,                    Examples/Sec = 3245.09, Accuracy = 0.82, Loss = 0.432
[2020-11-26 19:41] Train Step 0960/3000, Batch Size = 256,                    Examples/Sec = 3444.21, Accuracy = 0.93, Loss = 0.246
[2020-11-26 19:42] Train Step 1020/3000, Batch Size = 256,                    Examples/Sec = 3110.28, Accuracy = 0.90, Loss = 0.225
[2020-11-26 19:42] Train Step 1080/3000, Batch Size = 256,                    Examples/Sec = 3402.90, Accuracy = 0.92, Loss = 0.266
[2020-11-26 19:42] Train Step 1140/3000, Batch Size = 256,                    Examples/Sec = 3424.04, Accuracy = 0.94, Loss = 0.223
[2020-11-26 19:42] Train Step 1200/3000, Batch Size = 256,                    Examples/Sec = 3115.17, Accuracy = 0.95, Loss = 0.158
[2020-11-26 19:42] Train Step 1260/3000, Batch Size = 256,                    Examples/Sec = 3447.62, Accuracy = 0.97, Loss = 0.126
[2020-11-26 19:42] Train Step 1320/3000, Batch Size = 256,                    Examples/Sec = 3455.41, Accuracy = 0.98, Loss = 0.141
[2020-11-26 19:42] Train Step 1380/3000, Batch Size = 256,                    Examples/Sec = 3472.54, Accuracy = 0.98, Loss = 0.099
[2020-11-26 19:42] Train Step 1440/3000, Batch Size = 256,                    Examples/Sec = 3442.26, Accuracy = 1.00, Loss = 0.051
[2020-11-26 19:42] Train Step 1500/3000, Batch Size = 256,                    Examples/Sec = 3140.03, Accuracy = 1.00, Loss = 0.052
[2020-11-26 19:42] Train Step 1560/3000, Batch Size = 256,                    Examples/Sec = 3439.19, Accuracy = 0.98, Loss = 0.113
[2020-11-26 19:42] Train Step 1620/3000, Batch Size = 256,                    Examples/Sec = 3392.02, Accuracy = 0.96, Loss = 0.103
[2020-11-26 19:42] Train Step 1680/3000, Batch Size = 256,                    Examples/Sec = 3100.81, Accuracy = 1.00, Loss = 0.040
[2020-11-26 19:42] Train Step 1740/3000, Batch Size = 256,                    Examples/Sec = 3479.19, Accuracy = 1.00, Loss = 0.033
[2020-11-26 19:43] Train Step 1800/3000, Batch Size = 256,                    Examples/Sec = 3492.66, Accuracy = 1.00, Loss = 0.012
[2020-11-26 19:43] Train Step 1860/3000, Batch Size = 256,                    Examples/Sec = 3501.78, Accuracy = 1.00, Loss = 0.011
[2020-11-26 19:43] Train Step 1920/3000, Batch Size = 256,                    Examples/Sec = 3630.85, Accuracy = 1.00, Loss = 0.009
[2020-11-26 19:43] Train Step 1980/3000, Batch Size = 256,                    Examples/Sec = 3351.19, Accuracy = 1.00, Loss = 0.016
[2020-11-26 19:43] Train Step 2040/3000, Batch Size = 256,                    Examples/Sec = 3443.54, Accuracy = 1.00, Loss = 0.006
[2020-11-26 19:43] Train Step 2100/3000, Batch Size = 256,                    Examples/Sec = 3451.53, Accuracy = 1.00, Loss = 0.008
[2020-11-26 19:43] Train Step 2160/3000, Batch Size = 256,                    Examples/Sec = 3712.35, Accuracy = 1.00, Loss = 0.006
[2020-11-26 19:43] Train Step 2220/3000, Batch Size = 256,                    Examples/Sec = 4578.99, Accuracy = 1.00, Loss = 0.005
[2020-11-26 19:43] Train Step 2280/3000, Batch Size = 256,                    Examples/Sec = 2789.59, Accuracy = 1.00, Loss = 0.004
[2020-11-26 19:43] Train Step 2340/3000, Batch Size = 256,                    Examples/Sec = 3492.03, Accuracy = 1.00, Loss = 0.023
[2020-11-26 19:43] Train Step 2400/3000, Batch Size = 256,                    Examples/Sec = 3458.81, Accuracy = 1.00, Loss = 0.004
[2020-11-26 19:43] Train Step 2460/3000, Batch Size = 256,                    Examples/Sec = 3770.43, Accuracy = 1.00, Loss = 0.003
[2020-11-26 19:43] Train Step 2520/3000, Batch Size = 256,                    Examples/Sec = 3445.12, Accuracy = 1.00, Loss = 0.005
[2020-11-26 19:44] Train Step 2580/3000, Batch Size = 256,                    Examples/Sec = 2724.27, Accuracy = 1.00, Loss = 0.006
[2020-11-26 19:44] Train Step 2640/3000, Batch Size = 256,                    Examples/Sec = 3447.29, Accuracy = 1.00, Loss = 0.003
[2020-11-26 19:44] Train Step 2700/3000, Batch Size = 256,                    Examples/Sec = 3139.06, Accuracy = 1.00, Loss = 0.002
[2020-11-26 19:44] Train Step 2760/3000, Batch Size = 256,                    Examples/Sec = 3459.28, Accuracy = 1.00, Loss = 0.002
[2020-11-26 19:44] Train Step 2820/3000, Batch Size = 256,                    Examples/Sec = 3490.73, Accuracy = 1.00, Loss = 0.001
[2020-11-26 19:44] Train Step 2880/3000, Batch Size = 256,                    Examples/Sec = 3793.56, Accuracy = 1.00, Loss = 0.010
[2020-11-26 19:44] Train Step 2940/3000, Batch Size = 256,                    Examples/Sec = 3122.10, Accuracy = 1.00, Loss = 0.004
[2020-11-26 19:44] Train Step 3000/3000, Batch Size = 256,                    Examples/Sec = 3423.54, Accuracy = 1.00, Loss = 0.034
Done training.
TEST ACC:1.000
Device: cuda:0
Seed:  1
Load binary palindrome dataset ...
Initializing peephole LSTM model ...
seq length: 41
input dim: 1
hidden dim: 256
num classes: 2
batch_size: 256
device: cuda:0


[2020-11-26 19:44] Train Step 0000/3000, Batch Size = 256,                    Examples/Sec = 2459.64, Accuracy = 0.68, Loss = 1.082
[2020-11-26 19:44] Train Step 0060/3000, Batch Size = 256,                    Examples/Sec = 3124.81, Accuracy = 0.63, Loss = 0.666
[2020-11-26 19:44] Train Step 0120/3000, Batch Size = 256,                    Examples/Sec = 3460.72, Accuracy = 0.70, Loss = 0.619
[2020-11-26 19:44] Train Step 0180/3000, Batch Size = 256,                    Examples/Sec = 3825.50, Accuracy = 0.69, Loss = 0.610
[2020-11-26 19:44] Train Step 0240/3000, Batch Size = 256,                    Examples/Sec = 3530.54, Accuracy = 0.66, Loss = 0.582
[2020-11-26 19:44] Train Step 0300/3000, Batch Size = 256,                    Examples/Sec = 3444.94, Accuracy = 0.84, Loss = 0.508
[2020-11-26 19:45] Train Step 0360/3000, Batch Size = 256,                    Examples/Sec = 3502.26, Accuracy = 0.85, Loss = 0.388
[2020-11-26 19:45] Train Step 0420/3000, Batch Size = 256,                    Examples/Sec = 3436.78, Accuracy = 0.89, Loss = 0.325
[2020-11-26 19:45] Train Step 0480/3000, Batch Size = 256,                    Examples/Sec = 3418.13, Accuracy = 0.94, Loss = 0.201
[2020-11-26 19:45] Train Step 0540/3000, Batch Size = 256,                    Examples/Sec = 3352.30, Accuracy = 0.96, Loss = 0.146
[2020-11-26 19:45] Train Step 0600/3000, Batch Size = 256,                    Examples/Sec = 3465.19, Accuracy = 0.98, Loss = 0.100
[2020-11-26 19:45] Train Step 0660/3000, Batch Size = 256,                    Examples/Sec = 3440.94, Accuracy = 0.99, Loss = 0.073
[2020-11-26 19:45] Train Step 0720/3000, Batch Size = 256,                    Examples/Sec = 3461.36, Accuracy = 1.00, Loss = 0.028
[2020-11-26 19:45] Train Step 0780/3000, Batch Size = 256,                    Examples/Sec = 3143.79, Accuracy = 1.00, Loss = 0.027
[2020-11-26 19:45] Train Step 0840/3000, Batch Size = 256,                    Examples/Sec = 3482.65, Accuracy = 1.00, Loss = 0.018
[2020-11-26 19:45] Train Step 0900/3000, Batch Size = 256,                    Examples/Sec = 3337.58, Accuracy = 1.00, Loss = 0.011
[2020-11-26 19:45] Train Step 0960/3000, Batch Size = 256,                    Examples/Sec = 3114.15, Accuracy = 1.00, Loss = 0.009
[2020-11-26 19:45] Train Step 1020/3000, Batch Size = 256,                    Examples/Sec = 3416.62, Accuracy = 1.00, Loss = 0.026
[2020-11-26 19:45] Train Step 1080/3000, Batch Size = 256,                    Examples/Sec = 3448.94, Accuracy = 1.00, Loss = 0.007
[2020-11-26 19:46] Train Step 1140/3000, Batch Size = 256,                    Examples/Sec = 3865.22, Accuracy = 1.00, Loss = 0.008
[2020-11-26 19:46] Train Step 1200/3000, Batch Size = 256,                    Examples/Sec = 3460.97, Accuracy = 1.00, Loss = 0.005
[2020-11-26 19:46] Train Step 1260/3000, Batch Size = 256,                    Examples/Sec = 3450.45, Accuracy = 1.00, Loss = 0.004
[2020-11-26 19:46] Train Step 1320/3000, Batch Size = 256,                    Examples/Sec = 3430.96, Accuracy = 1.00, Loss = 0.005
[2020-11-26 19:46] Train Step 1380/3000, Batch Size = 256,                    Examples/Sec = 3117.30, Accuracy = 1.00, Loss = 0.003
[2020-11-26 19:46] Train Step 1440/3000, Batch Size = 256,                    Examples/Sec = 3044.87, Accuracy = 1.00, Loss = 0.017
[2020-11-26 19:46] Train Step 1500/3000, Batch Size = 256,                    Examples/Sec = 3657.97, Accuracy = 1.00, Loss = 0.008
[2020-11-26 19:46] Train Step 1560/3000, Batch Size = 256,                    Examples/Sec = 3468.90, Accuracy = 1.00, Loss = 0.010
[2020-11-26 19:46] Train Step 1620/3000, Batch Size = 256,                    Examples/Sec = 2787.54, Accuracy = 1.00, Loss = 0.002
[2020-11-26 19:46] Train Step 1680/3000, Batch Size = 256,                    Examples/Sec = 2969.87, Accuracy = 1.00, Loss = 0.003
[2020-11-26 19:46] Train Step 1740/3000, Batch Size = 256,                    Examples/Sec = 3475.21, Accuracy = 1.00, Loss = 0.003
[2020-11-26 19:46] Train Step 1800/3000, Batch Size = 256,                    Examples/Sec = 3474.95, Accuracy = 1.00, Loss = 0.003
[2020-11-26 19:46] Train Step 1860/3000, Batch Size = 256,                    Examples/Sec = 3463.92, Accuracy = 1.00, Loss = 0.001
[2020-11-26 19:47] Train Step 1920/3000, Batch Size = 256,                    Examples/Sec = 3444.02, Accuracy = 1.00, Loss = 0.001
[2020-11-26 19:47] Train Step 1980/3000, Batch Size = 256,                    Examples/Sec = 3632.35, Accuracy = 1.00, Loss = 0.002
[2020-11-26 19:47] Train Step 2040/3000, Batch Size = 256,                    Examples/Sec = 3467.41, Accuracy = 1.00, Loss = 0.002
[2020-11-26 19:47] Train Step 2100/3000, Batch Size = 256,                    Examples/Sec = 3447.73, Accuracy = 1.00, Loss = 0.002
[2020-11-26 19:47] Train Step 2160/3000, Batch Size = 256,                    Examples/Sec = 3450.06, Accuracy = 1.00, Loss = 0.002
[2020-11-26 19:47] Train Step 2220/3000, Batch Size = 256,                    Examples/Sec = 3447.13, Accuracy = 1.00, Loss = 0.002
[2020-11-26 19:47] Train Step 2280/3000, Batch Size = 256,                    Examples/Sec = 3435.35, Accuracy = 1.00, Loss = 0.001
[2020-11-26 19:47] Train Step 2340/3000, Batch Size = 256,                    Examples/Sec = 3418.10, Accuracy = 1.00, Loss = 0.001
[2020-11-26 19:47] Train Step 2400/3000, Batch Size = 256,                    Examples/Sec = 3101.11, Accuracy = 1.00, Loss = 0.001
[2020-11-26 19:47] Train Step 2460/3000, Batch Size = 256,                    Examples/Sec = 4686.39, Accuracy = 1.00, Loss = 0.001
[2020-11-26 19:47] Train Step 2520/3000, Batch Size = 256,                    Examples/Sec = 3399.76, Accuracy = 1.00, Loss = 0.001
[2020-11-26 19:47] Train Step 2580/3000, Batch Size = 256,                    Examples/Sec = 3428.47, Accuracy = 1.00, Loss = 0.001
[2020-11-26 19:47] Train Step 2640/3000, Batch Size = 256,                    Examples/Sec = 4552.30, Accuracy = 1.00, Loss = 0.001
[2020-11-26 19:48] Train Step 2700/3000, Batch Size = 256,                    Examples/Sec = 3467.40, Accuracy = 1.00, Loss = 0.001
[2020-11-26 19:48] Train Step 2760/3000, Batch Size = 256,                    Examples/Sec = 3456.08, Accuracy = 1.00, Loss = 0.000
[2020-11-26 19:48] Train Step 2820/3000, Batch Size = 256,                    Examples/Sec = 3426.57, Accuracy = 1.00, Loss = 0.001
[2020-11-26 19:48] Train Step 2880/3000, Batch Size = 256,                    Examples/Sec = 3449.47, Accuracy = 1.00, Loss = 0.000
[2020-11-26 19:48] Train Step 2940/3000, Batch Size = 256,                    Examples/Sec = 3466.74, Accuracy = 1.00, Loss = 0.000
[2020-11-26 19:48] Train Step 3000/3000, Batch Size = 256,                    Examples/Sec = 3467.39, Accuracy = 1.00, Loss = 0.002
Done training.
TEST ACC:1.000
Device: cuda:0
Seed:  2
Load binary palindrome dataset ...
Initializing peephole LSTM model ...
seq length: 41
input dim: 1
hidden dim: 256
num classes: 2
batch_size: 256
device: cuda:0


[2020-11-26 19:48] Train Step 0000/3000, Batch Size = 256,                    Examples/Sec = 2896.46, Accuracy = 0.35, Loss = 0.982
[2020-11-26 19:48] Train Step 0060/3000, Batch Size = 256,                    Examples/Sec = 3183.38, Accuracy = 0.70, Loss = 0.615
[2020-11-26 19:48] Train Step 0120/3000, Batch Size = 256,                    Examples/Sec = 3458.30, Accuracy = 0.68, Loss = 0.629
[2020-11-26 19:48] Train Step 0180/3000, Batch Size = 256,                    Examples/Sec = 3425.08, Accuracy = 0.64, Loss = 0.654
[2020-11-26 19:48] Train Step 0240/3000, Batch Size = 256,                    Examples/Sec = 3476.03, Accuracy = 0.68, Loss = 0.625
[2020-11-26 19:48] Train Step 0300/3000, Batch Size = 256,                    Examples/Sec = 3464.89, Accuracy = 0.62, Loss = 0.667
[2020-11-26 19:48] Train Step 0360/3000, Batch Size = 256,                    Examples/Sec = 3628.33, Accuracy = 0.66, Loss = 0.635
[2020-11-26 19:49] Train Step 0420/3000, Batch Size = 256,                    Examples/Sec = 2989.19, Accuracy = 0.65, Loss = 0.643
[2020-11-26 19:49] Train Step 0480/3000, Batch Size = 256,                    Examples/Sec = 3834.60, Accuracy = 0.75, Loss = 0.570
[2020-11-26 19:49] Train Step 0540/3000, Batch Size = 256,                    Examples/Sec = 3663.40, Accuracy = 0.69, Loss = 0.624
[2020-11-26 19:49] Train Step 0600/3000, Batch Size = 256,                    Examples/Sec = 3398.97, Accuracy = 0.69, Loss = 0.616
[2020-11-26 19:49] Train Step 0660/3000, Batch Size = 256,                    Examples/Sec = 3436.14, Accuracy = 0.65, Loss = 0.657
[2020-11-26 19:49] Train Step 0720/3000, Batch Size = 256,                    Examples/Sec = 3472.04, Accuracy = 0.70, Loss = 0.613
[2020-11-26 19:49] Train Step 0780/3000, Batch Size = 256,                    Examples/Sec = 3481.60, Accuracy = 0.64, Loss = 0.664
[2020-11-26 19:49] Train Step 0840/3000, Batch Size = 256,                    Examples/Sec = 3473.53, Accuracy = 0.64, Loss = 0.663
[2020-11-26 19:49] Train Step 0900/3000, Batch Size = 256,                    Examples/Sec = 3489.18, Accuracy = 0.62, Loss = 0.668
[2020-11-26 19:49] Train Step 0960/3000, Batch Size = 256,                    Examples/Sec = 3534.10, Accuracy = 0.68, Loss = 0.608
[2020-11-26 19:49] Train Step 1020/3000, Batch Size = 256,                    Examples/Sec = 3448.09, Accuracy = 0.71, Loss = 0.602
[2020-11-26 19:49] Train Step 1080/3000, Batch Size = 256,                    Examples/Sec = 3619.41, Accuracy = 0.74, Loss = 0.610
[2020-11-26 19:49] Train Step 1140/3000, Batch Size = 256,                    Examples/Sec = 3436.26, Accuracy = 0.85, Loss = 0.485
[2020-11-26 19:50] Train Step 1200/3000, Batch Size = 256,                    Examples/Sec = 3457.89, Accuracy = 0.77, Loss = 0.457
[2020-11-26 19:50] Train Step 1260/3000, Batch Size = 256,                    Examples/Sec = 3460.42, Accuracy = 0.84, Loss = 0.368
[2020-11-26 19:50] Train Step 1320/3000, Batch Size = 256,                    Examples/Sec = 3500.62, Accuracy = 0.88, Loss = 0.367
[2020-11-26 19:50] Train Step 1380/3000, Batch Size = 256,                    Examples/Sec = 3249.90, Accuracy = 0.92, Loss = 0.323
[2020-11-26 19:50] Train Step 1440/3000, Batch Size = 256,                    Examples/Sec = 3472.68, Accuracy = 0.53, Loss = 0.698
[2020-11-26 19:50] Train Step 1500/3000, Batch Size = 256,                    Examples/Sec = 3460.26, Accuracy = 0.94, Loss = 0.251
[2020-11-26 19:50] Train Step 1560/3000, Batch Size = 256,                    Examples/Sec = 3467.16, Accuracy = 0.92, Loss = 0.246
[2020-11-26 19:50] Train Step 1620/3000, Batch Size = 256,                    Examples/Sec = 3461.68, Accuracy = 0.98, Loss = 0.208
[2020-11-26 19:50] Train Step 1680/3000, Batch Size = 256,                    Examples/Sec = 3439.09, Accuracy = 0.95, Loss = 0.214
[2020-11-26 19:50] Train Step 1740/3000, Batch Size = 256,                    Examples/Sec = 3108.89, Accuracy = 0.98, Loss = 0.141
[2020-11-26 19:50] Train Step 1800/3000, Batch Size = 256,                    Examples/Sec = 3447.15, Accuracy = 0.98, Loss = 0.138
[2020-11-26 19:50] Train Step 1860/3000, Batch Size = 256,                    Examples/Sec = 3462.61, Accuracy = 0.97, Loss = 0.128
[2020-11-26 19:50] Train Step 1920/3000, Batch Size = 256,                    Examples/Sec = 3456.97, Accuracy = 0.99, Loss = 0.096
[2020-11-26 19:51] Train Step 1980/3000, Batch Size = 256,                    Examples/Sec = 3437.56, Accuracy = 0.98, Loss = 0.100
[2020-11-26 19:51] Train Step 2040/3000, Batch Size = 256,                    Examples/Sec = 2349.98, Accuracy = 0.96, Loss = 0.130
[2020-11-26 19:51] Train Step 2100/3000, Batch Size = 256,                    Examples/Sec = 3448.39, Accuracy = 1.00, Loss = 0.057
[2020-11-26 19:51] Train Step 2160/3000, Batch Size = 256,                    Examples/Sec = 3457.43, Accuracy = 1.00, Loss = 0.038
[2020-11-26 19:51] Train Step 2220/3000, Batch Size = 256,                    Examples/Sec = 3459.20, Accuracy = 1.00, Loss = 0.053
[2020-11-26 19:51] Train Step 2280/3000, Batch Size = 256,                    Examples/Sec = 3520.93, Accuracy = 1.00, Loss = 0.035
[2020-11-26 19:51] Train Step 2340/3000, Batch Size = 256,                    Examples/Sec = 3440.51, Accuracy = 1.00, Loss = 0.025
[2020-11-26 19:51] Train Step 2400/3000, Batch Size = 256,                    Examples/Sec = 3456.94, Accuracy = 1.00, Loss = 0.027
[2020-11-26 19:51] Train Step 2460/3000, Batch Size = 256,                    Examples/Sec = 3435.04, Accuracy = 1.00, Loss = 0.019
[2020-11-26 19:51] Train Step 2520/3000, Batch Size = 256,                    Examples/Sec = 3479.45, Accuracy = 0.99, Loss = 0.022
[2020-11-26 19:51] Train Step 2580/3000, Batch Size = 256,                    Examples/Sec = 3251.22, Accuracy = 1.00, Loss = 0.018
[2020-11-26 19:51] Train Step 2640/3000, Batch Size = 256,                    Examples/Sec = 4677.90, Accuracy = 1.00, Loss = 0.014
[2020-11-26 19:51] Train Step 2700/3000, Batch Size = 256,                    Examples/Sec = 3433.60, Accuracy = 1.00, Loss = 0.010
[2020-11-26 19:52] Train Step 2760/3000, Batch Size = 256,                    Examples/Sec = 3435.47, Accuracy = 1.00, Loss = 0.016
[2020-11-26 19:52] Train Step 2820/3000, Batch Size = 256,                    Examples/Sec = 2684.29, Accuracy = 1.00, Loss = 0.014
[2020-11-26 19:52] Train Step 2880/3000, Batch Size = 256,                    Examples/Sec = 2758.57, Accuracy = 1.00, Loss = 0.010
[2020-11-26 19:52] Train Step 2940/3000, Batch Size = 256,                    Examples/Sec = 3442.03, Accuracy = 1.00, Loss = 0.012
[2020-11-26 19:52] Train Step 3000/3000, Batch Size = 256,                    Examples/Sec = 2414.85, Accuracy = 1.00, Loss = 0.009
Done training.
TEST ACC:0.999
Device: cuda:0
Seed:  0
Load binary palindrome dataset ...
Initializing peephole LSTM model ...
seq length: 81
input dim: 1
hidden dim: 256
num classes: 2
batch_size: 256
device: cuda:0


[2020-11-26 19:52] Train Step 0000/3000, Batch Size = 256,                    Examples/Sec = 1460.89, Accuracy = 0.35, Loss = 0.711
[2020-11-26 19:52] Train Step 0060/3000, Batch Size = 256,                    Examples/Sec = 1951.30, Accuracy = 0.63, Loss = 0.662
[2020-11-26 19:52] Train Step 0120/3000, Batch Size = 256,                    Examples/Sec = 2070.15, Accuracy = 0.70, Loss = 0.614
[2020-11-26 19:52] Train Step 0180/3000, Batch Size = 256,                    Examples/Sec = 2095.90, Accuracy = 0.67, Loss = 0.628
[2020-11-26 19:52] Train Step 0240/3000, Batch Size = 256,                    Examples/Sec = 2092.94, Accuracy = 0.66, Loss = 0.640
[2020-11-26 19:52] Train Step 0300/3000, Batch Size = 256,                    Examples/Sec = 1983.30, Accuracy = 0.66, Loss = 0.651
[2020-11-26 19:53] Train Step 0360/3000, Batch Size = 256,                    Examples/Sec = 2056.47, Accuracy = 0.69, Loss = 0.621
[2020-11-26 19:53] Train Step 0420/3000, Batch Size = 256,                    Examples/Sec = 2083.57, Accuracy = 0.69, Loss = 0.619
[2020-11-26 19:53] Train Step 0480/3000, Batch Size = 256,                    Examples/Sec = 1910.32, Accuracy = 0.67, Loss = 0.640
[2020-11-26 19:53] Train Step 0540/3000, Batch Size = 256,                    Examples/Sec = 2004.35, Accuracy = 0.71, Loss = 0.606
[2020-11-26 19:53] Train Step 0600/3000, Batch Size = 256,                    Examples/Sec = 2108.15, Accuracy = 0.73, Loss = 0.599
[2020-11-26 19:53] Train Step 0660/3000, Batch Size = 256,                    Examples/Sec = 2044.96, Accuracy = 0.70, Loss = 0.628
[2020-11-26 19:53] Train Step 0720/3000, Batch Size = 256,                    Examples/Sec = 2108.63, Accuracy = 0.66, Loss = 0.641
[2020-11-26 19:54] Train Step 0780/3000, Batch Size = 256,                    Examples/Sec = 2048.92, Accuracy = 0.66, Loss = 0.640
[2020-11-26 19:54] Train Step 0840/3000, Batch Size = 256,                    Examples/Sec = 2068.36, Accuracy = 0.64, Loss = 0.662
[2020-11-26 19:54] Train Step 0900/3000, Batch Size = 256,                    Examples/Sec = 1989.10, Accuracy = 0.65, Loss = 0.647
[2020-11-26 19:54] Train Step 0960/3000, Batch Size = 256,                    Examples/Sec = 1645.02, Accuracy = 0.68, Loss = 0.628
[2020-11-26 19:54] Train Step 1020/3000, Batch Size = 256,                    Examples/Sec = 2057.36, Accuracy = 0.66, Loss = 0.640
[2020-11-26 19:54] Train Step 1080/3000, Batch Size = 256,                    Examples/Sec = 2051.44, Accuracy = 0.64, Loss = 0.655
[2020-11-26 19:54] Train Step 1140/3000, Batch Size = 256,                    Examples/Sec = 2083.40, Accuracy = 0.70, Loss = 0.624
[2020-11-26 19:54] Train Step 1200/3000, Batch Size = 256,                    Examples/Sec = 2038.92, Accuracy = 0.68, Loss = 0.631
[2020-11-26 19:55] Train Step 1260/3000, Batch Size = 256,                    Examples/Sec = 2061.44, Accuracy = 0.70, Loss = 0.611
[2020-11-26 19:55] Train Step 1320/3000, Batch Size = 256,                    Examples/Sec = 2048.37, Accuracy = 0.66, Loss = 0.644
[2020-11-26 19:55] Train Step 1380/3000, Batch Size = 256,                    Examples/Sec = 2006.17, Accuracy = 0.69, Loss = 0.620
[2020-11-26 19:55] Train Step 1440/3000, Batch Size = 256,                    Examples/Sec = 2057.46, Accuracy = 0.73, Loss = 0.595
[2020-11-26 19:55] Train Step 1500/3000, Batch Size = 256,                    Examples/Sec = 2085.15, Accuracy = 0.70, Loss = 0.625
[2020-11-26 19:55] Train Step 1560/3000, Batch Size = 256,                    Examples/Sec = 2047.42, Accuracy = 0.72, Loss = 0.594
[2020-11-26 19:55] Train Step 1620/3000, Batch Size = 256,                    Examples/Sec = 2043.89, Accuracy = 0.71, Loss = 0.608
[2020-11-26 19:55] Train Step 1680/3000, Batch Size = 256,                    Examples/Sec = 1919.14, Accuracy = 0.68, Loss = 0.631
[2020-11-26 19:56] Train Step 1740/3000, Batch Size = 256,                    Examples/Sec = 2084.91, Accuracy = 0.66, Loss = 0.641
[2020-11-26 19:56] Train Step 1800/3000, Batch Size = 256,                    Examples/Sec = 2093.65, Accuracy = 0.64, Loss = 0.650
[2020-11-26 19:56] Train Step 1860/3000, Batch Size = 256,                    Examples/Sec = 2022.76, Accuracy = 0.68, Loss = 0.623
[2020-11-26 19:56] Train Step 1920/3000, Batch Size = 256,                    Examples/Sec = 2125.27, Accuracy = 0.69, Loss = 0.619
[2020-11-26 19:56] Train Step 1980/3000, Batch Size = 256,                    Examples/Sec = 2033.04, Accuracy = 0.71, Loss = 0.609
[2020-11-26 19:56] Train Step 2040/3000, Batch Size = 256,                    Examples/Sec = 1979.86, Accuracy = 0.70, Loss = 0.611
[2020-11-26 19:56] Train Step 2100/3000, Batch Size = 256,                    Examples/Sec = 2039.99, Accuracy = 0.63, Loss = 0.677
[2020-11-26 19:56] Train Step 2160/3000, Batch Size = 256,                    Examples/Sec = 2090.87, Accuracy = 0.69, Loss = 0.619
[2020-11-26 19:57] Train Step 2220/3000, Batch Size = 256,                    Examples/Sec = 2113.83, Accuracy = 0.66, Loss = 0.643
[2020-11-26 19:57] Train Step 2280/3000, Batch Size = 256,                    Examples/Sec = 2115.70, Accuracy = 0.61, Loss = 0.666
[2020-11-26 19:57] Train Step 2340/3000, Batch Size = 256,                    Examples/Sec = 2033.95, Accuracy = 0.66, Loss = 0.640
[2020-11-26 19:57] Train Step 2400/3000, Batch Size = 256,                    Examples/Sec = 2096.73, Accuracy = 0.67, Loss = 0.632
[2020-11-26 19:57] Train Step 2460/3000, Batch Size = 256,                    Examples/Sec = 2090.60, Accuracy = 0.67, Loss = 0.632
[2020-11-26 19:57] Train Step 2520/3000, Batch Size = 256,                    Examples/Sec = 2074.51, Accuracy = 0.68, Loss = 0.631
[2020-11-26 19:57] Train Step 2580/3000, Batch Size = 256,                    Examples/Sec = 1912.13, Accuracy = 0.63, Loss = 0.661
[2020-11-26 19:57] Train Step 2640/3000, Batch Size = 256,                    Examples/Sec = 2106.82, Accuracy = 0.71, Loss = 0.599
[2020-11-26 19:58] Train Step 2700/3000, Batch Size = 256,                    Examples/Sec = 2063.56, Accuracy = 0.62, Loss = 0.667
[2020-11-26 19:58] Train Step 2760/3000, Batch Size = 256,                    Examples/Sec = 2026.49, Accuracy = 0.66, Loss = 0.642
[2020-11-26 19:58] Train Step 2820/3000, Batch Size = 256,                    Examples/Sec = 2028.46, Accuracy = 0.67, Loss = 0.637
[2020-11-26 19:58] Train Step 2880/3000, Batch Size = 256,                    Examples/Sec = 2058.33, Accuracy = 0.61, Loss = 0.675
[2020-11-26 19:58] Train Step 2940/3000, Batch Size = 256,                    Examples/Sec = 2084.01, Accuracy = 0.63, Loss = 0.671
[2020-11-26 19:58] Train Step 3000/3000, Batch Size = 256,                    Examples/Sec = 2040.16, Accuracy = 0.64, Loss = 0.653
Done training.
TEST ACC:0.674
Device: cuda:0
Seed:  1
Load binary palindrome dataset ...
Initializing peephole LSTM model ...
seq length: 81
input dim: 1
hidden dim: 256
num classes: 2
batch_size: 256
device: cuda:0


[2020-11-26 19:58] Train Step 0000/3000, Batch Size = 256,                    Examples/Sec = 1559.34, Accuracy = 0.67, Loss = 1.111
[2020-11-26 19:58] Train Step 0060/3000, Batch Size = 256,                    Examples/Sec = 1935.15, Accuracy = 0.62, Loss = 0.673
[2020-11-26 19:59] Train Step 0120/3000, Batch Size = 256,                    Examples/Sec = 2109.62, Accuracy = 0.69, Loss = 0.618
[2020-11-26 19:59] Train Step 0180/3000, Batch Size = 256,                    Examples/Sec = 2092.82, Accuracy = 0.68, Loss = 0.632
[2020-11-26 19:59] Train Step 0240/3000, Batch Size = 256,                    Examples/Sec = 1653.85, Accuracy = 0.68, Loss = 0.628
[2020-11-26 19:59] Train Step 0300/3000, Batch Size = 256,                    Examples/Sec = 2018.32, Accuracy = 0.71, Loss = 0.613
[2020-11-26 19:59] Train Step 0360/3000, Batch Size = 256,                    Examples/Sec = 2090.51, Accuracy = 0.68, Loss = 0.627
[2020-11-26 19:59] Train Step 0420/3000, Batch Size = 256,                    Examples/Sec = 2127.50, Accuracy = 0.70, Loss = 0.604
[2020-11-26 19:59] Train Step 0480/3000, Batch Size = 256,                    Examples/Sec = 2102.40, Accuracy = 0.71, Loss = 0.603
[2020-11-26 19:59] Train Step 0540/3000, Batch Size = 256,                    Examples/Sec = 2087.45, Accuracy = 0.69, Loss = 0.629
[2020-11-26 20:00] Train Step 0600/3000, Batch Size = 256,                    Examples/Sec = 1678.89, Accuracy = 0.64, Loss = 0.674
[2020-11-26 20:00] Train Step 0660/3000, Batch Size = 256,                    Examples/Sec = 1950.66, Accuracy = 0.65, Loss = 0.652
[2020-11-26 20:00] Train Step 0720/3000, Batch Size = 256,                    Examples/Sec = 2116.12, Accuracy = 0.68, Loss = 0.631
[2020-11-26 20:00] Train Step 0780/3000, Batch Size = 256,                    Examples/Sec = 2099.00, Accuracy = 0.65, Loss = 0.656
[2020-11-26 20:00] Train Step 0840/3000, Batch Size = 256,                    Examples/Sec = 2046.00, Accuracy = 0.68, Loss = 0.634
[2020-11-26 20:00] Train Step 0900/3000, Batch Size = 256,                    Examples/Sec = 1916.86, Accuracy = 0.68, Loss = 0.629
[2020-11-26 20:00] Train Step 0960/3000, Batch Size = 256,                    Examples/Sec = 2067.52, Accuracy = 0.66, Loss = 0.634
[2020-11-26 20:00] Train Step 1020/3000, Batch Size = 256,                    Examples/Sec = 2081.49, Accuracy = 0.67, Loss = 0.632
[2020-11-26 20:01] Train Step 1080/3000, Batch Size = 256,                    Examples/Sec = 2095.96, Accuracy = 0.66, Loss = 0.643
[2020-11-26 20:01] Train Step 1140/3000, Batch Size = 256,                    Examples/Sec = 2111.35, Accuracy = 0.68, Loss = 0.635
[2020-11-26 20:01] Train Step 1200/3000, Batch Size = 256,                    Examples/Sec = 2040.72, Accuracy = 0.72, Loss = 0.590
[2020-11-26 20:01] Train Step 1260/3000, Batch Size = 256,                    Examples/Sec = 2092.50, Accuracy = 0.70, Loss = 0.625
[2020-11-26 20:01] Train Step 1320/3000, Batch Size = 256,                    Examples/Sec = 1669.89, Accuracy = 0.67, Loss = 0.637
[2020-11-26 20:01] Train Step 1380/3000, Batch Size = 256,                    Examples/Sec = 2097.39, Accuracy = 0.72, Loss = 0.604
[2020-11-26 20:01] Train Step 1440/3000, Batch Size = 256,                    Examples/Sec = 1961.24, Accuracy = 0.64, Loss = 0.644
[2020-11-26 20:01] Train Step 1500/3000, Batch Size = 256,                    Examples/Sec = 2101.42, Accuracy = 0.63, Loss = 0.661
[2020-11-26 20:02] Train Step 1560/3000, Batch Size = 256,                    Examples/Sec = 2040.57, Accuracy = 0.66, Loss = 0.649
[2020-11-26 20:02] Train Step 1620/3000, Batch Size = 256,                    Examples/Sec = 2100.40, Accuracy = 0.70, Loss = 0.615
[2020-11-26 20:02] Train Step 1680/3000, Batch Size = 256,                    Examples/Sec = 2053.46, Accuracy = 0.70, Loss = 0.616
[2020-11-26 20:02] Train Step 1740/3000, Batch Size = 256,                    Examples/Sec = 2112.77, Accuracy = 0.64, Loss = 0.662
[2020-11-26 20:02] Train Step 1800/3000, Batch Size = 256,                    Examples/Sec = 1648.31, Accuracy = 0.71, Loss = 0.601
[2020-11-26 20:02] Train Step 1860/3000, Batch Size = 256,                    Examples/Sec = 2020.13, Accuracy = 0.71, Loss = 0.624
[2020-11-26 20:02] Train Step 1920/3000, Batch Size = 256,                    Examples/Sec = 2043.72, Accuracy = 0.69, Loss = 0.620
[2020-11-26 20:03] Train Step 1980/3000, Batch Size = 256,                    Examples/Sec = 1910.93, Accuracy = 0.64, Loss = 0.666
[2020-11-26 20:03] Train Step 2040/3000, Batch Size = 256,                    Examples/Sec = 2124.50, Accuracy = 0.67, Loss = 0.646
[2020-11-26 20:03] Train Step 2100/3000, Batch Size = 256,                    Examples/Sec = 2058.18, Accuracy = 0.65, Loss = 0.676
[2020-11-26 20:03] Train Step 2160/3000, Batch Size = 256,                    Examples/Sec = 2037.64, Accuracy = 0.59, Loss = 0.677
[2020-11-26 20:03] Train Step 2220/3000, Batch Size = 256,                    Examples/Sec = 2052.91, Accuracy = 0.66, Loss = 0.636
[2020-11-26 20:03] Train Step 2280/3000, Batch Size = 256,                    Examples/Sec = 2088.23, Accuracy = 0.64, Loss = 0.654
[2020-11-26 20:03] Train Step 2340/3000, Batch Size = 256,                    Examples/Sec = 2011.92, Accuracy = 0.65, Loss = 0.649
[2020-11-26 20:03] Train Step 2400/3000, Batch Size = 256,                    Examples/Sec = 2072.06, Accuracy = 0.67, Loss = 0.632
[2020-11-26 20:04] Train Step 2460/3000, Batch Size = 256,                    Examples/Sec = 2123.97, Accuracy = 0.65, Loss = 0.649
[2020-11-26 20:04] Train Step 2520/3000, Batch Size = 256,                    Examples/Sec = 2084.53, Accuracy = 0.67, Loss = 0.631
[2020-11-26 20:04] Train Step 2580/3000, Batch Size = 256,                    Examples/Sec = 2087.44, Accuracy = 0.66, Loss = 0.641
[2020-11-26 20:04] Train Step 2640/3000, Batch Size = 256,                    Examples/Sec = 2096.06, Accuracy = 0.66, Loss = 0.638
[2020-11-26 20:04] Train Step 2700/3000, Batch Size = 256,                    Examples/Sec = 2098.82, Accuracy = 0.70, Loss = 0.606
[2020-11-26 20:04] Train Step 2760/3000, Batch Size = 256,                    Examples/Sec = 1932.01, Accuracy = 0.63, Loss = 0.661
[2020-11-26 20:04] Train Step 2820/3000, Batch Size = 256,                    Examples/Sec = 1913.18, Accuracy = 0.68, Loss = 0.623
[2020-11-26 20:04] Train Step 2880/3000, Batch Size = 256,                    Examples/Sec = 2057.78, Accuracy = 0.61, Loss = 0.688
[2020-11-26 20:05] Train Step 2940/3000, Batch Size = 256,                    Examples/Sec = 2052.75, Accuracy = 0.66, Loss = 0.637
[2020-11-26 20:05] Train Step 3000/3000, Batch Size = 256,                    Examples/Sec = 1653.98, Accuracy = 0.61, Loss = 0.693
Done training.
TEST ACC:0.665
Device: cuda:0
Seed:  2
Load binary palindrome dataset ...
Initializing peephole LSTM model ...
seq length: 81
input dim: 1
hidden dim: 256
num classes: 2
batch_size: 256
device: cuda:0


[2020-11-26 20:05] Train Step 0000/3000, Batch Size = 256,                    Examples/Sec = 2067.77, Accuracy = 0.34, Loss = 0.987
[2020-11-26 20:05] Train Step 0060/3000, Batch Size = 256,                    Examples/Sec = 2098.82, Accuracy = 0.68, Loss = 0.623
[2020-11-26 20:05] Train Step 0120/3000, Batch Size = 256,                    Examples/Sec = 2032.78, Accuracy = 0.68, Loss = 0.639
[2020-11-26 20:05] Train Step 0180/3000, Batch Size = 256,                    Examples/Sec = 2113.83, Accuracy = 0.65, Loss = 0.657
[2020-11-26 20:05] Train Step 0240/3000, Batch Size = 256,                    Examples/Sec = 2103.00, Accuracy = 0.64, Loss = 0.654
[2020-11-26 20:05] Train Step 0300/3000, Batch Size = 256,                    Examples/Sec = 2136.51, Accuracy = 0.64, Loss = 0.654
[2020-11-26 20:06] Train Step 0360/3000, Batch Size = 256,                    Examples/Sec = 2044.28, Accuracy = 0.68, Loss = 0.631
[2020-11-26 20:06] Train Step 0420/3000, Batch Size = 256,                    Examples/Sec = 2093.73, Accuracy = 0.67, Loss = 0.643
[2020-11-26 20:06] Train Step 0480/3000, Batch Size = 256,                    Examples/Sec = 1918.38, Accuracy = 0.70, Loss = 0.615
[2020-11-26 20:06] Train Step 0540/3000, Batch Size = 256,                    Examples/Sec = 2041.02, Accuracy = 0.70, Loss = 0.618
[2020-11-26 20:06] Train Step 0600/3000, Batch Size = 256,                    Examples/Sec = 2095.02, Accuracy = 0.66, Loss = 0.635
[2020-11-26 20:06] Train Step 0660/3000, Batch Size = 256,                    Examples/Sec = 2099.74, Accuracy = 0.64, Loss = 0.655
[2020-11-26 20:06] Train Step 0720/3000, Batch Size = 256,                    Examples/Sec = 2078.34, Accuracy = 0.69, Loss = 0.642
[2020-11-26 20:06] Train Step 0780/3000, Batch Size = 256,                    Examples/Sec = 2086.50, Accuracy = 0.69, Loss = 0.624
[2020-11-26 20:07] Train Step 0840/3000, Batch Size = 256,                    Examples/Sec = 2068.81, Accuracy = 0.69, Loss = 0.621
[2020-11-26 20:07] Train Step 0900/3000, Batch Size = 256,                    Examples/Sec = 2101.38, Accuracy = 0.68, Loss = 0.635
[2020-11-26 20:07] Train Step 0960/3000, Batch Size = 256,                    Examples/Sec = 2106.07, Accuracy = 0.67, Loss = 0.646
[2020-11-26 20:07] Train Step 1020/3000, Batch Size = 256,                    Examples/Sec = 2101.59, Accuracy = 0.66, Loss = 0.664
[2020-11-26 20:07] Train Step 1080/3000, Batch Size = 256,                    Examples/Sec = 2093.29, Accuracy = 0.69, Loss = 0.621
[2020-11-26 20:07] Train Step 1140/3000, Batch Size = 256,                    Examples/Sec = 2040.64, Accuracy = 0.68, Loss = 0.627
[2020-11-26 20:07] Train Step 1200/3000, Batch Size = 256,                    Examples/Sec = 1638.49, Accuracy = 0.70, Loss = 0.638
[2020-11-26 20:07] Train Step 1260/3000, Batch Size = 256,                    Examples/Sec = 2071.65, Accuracy = 0.62, Loss = 0.666
[2020-11-26 20:08] Train Step 1320/3000, Batch Size = 256,                    Examples/Sec = 2107.55, Accuracy = 0.67, Loss = 0.638
[2020-11-26 20:08] Train Step 1380/3000, Batch Size = 256,                    Examples/Sec = 2036.19, Accuracy = 0.71, Loss = 0.602
[2020-11-26 20:08] Train Step 1440/3000, Batch Size = 256,                    Examples/Sec = 2104.24, Accuracy = 0.65, Loss = 0.646
[2020-11-26 20:08] Train Step 1500/3000, Batch Size = 256,                    Examples/Sec = 2057.23, Accuracy = 0.68, Loss = 0.636
[2020-11-26 20:08] Train Step 1560/3000, Batch Size = 256,                    Examples/Sec = 2098.58, Accuracy = 0.70, Loss = 0.609
[2020-11-26 20:08] Train Step 1620/3000, Batch Size = 256,                    Examples/Sec = 2108.60, Accuracy = 0.67, Loss = 0.636
[2020-11-26 20:08] Train Step 1680/3000, Batch Size = 256,                    Examples/Sec = 2093.42, Accuracy = 0.64, Loss = 0.661
[2020-11-26 20:08] Train Step 1740/3000, Batch Size = 256,                    Examples/Sec = 2047.27, Accuracy = 0.64, Loss = 0.660
[2020-11-26 20:09] Train Step 1800/3000, Batch Size = 256,                    Examples/Sec = 2079.92, Accuracy = 0.66, Loss = 0.661
[2020-11-26 20:09] Train Step 1860/3000, Batch Size = 256,                    Examples/Sec = 2102.81, Accuracy = 0.70, Loss = 0.606
[2020-11-26 20:09] Train Step 1920/3000, Batch Size = 256,                    Examples/Sec = 2112.93, Accuracy = 0.68, Loss = 0.632
[2020-11-26 20:09] Train Step 1980/3000, Batch Size = 256,                    Examples/Sec = 2103.33, Accuracy = 0.63, Loss = 0.663
[2020-11-26 20:09] Train Step 2040/3000, Batch Size = 256,                    Examples/Sec = 2076.63, Accuracy = 0.61, Loss = 0.672
[2020-11-26 20:09] Train Step 2100/3000, Batch Size = 256,                    Examples/Sec = 2084.75, Accuracy = 0.66, Loss = 0.638
[2020-11-26 20:09] Train Step 2160/3000, Batch Size = 256,                    Examples/Sec = 2100.43, Accuracy = 0.68, Loss = 0.635
[2020-11-26 20:09] Train Step 2220/3000, Batch Size = 256,                    Examples/Sec = 2100.22, Accuracy = 0.66, Loss = 0.639
[2020-11-26 20:10] Train Step 2280/3000, Batch Size = 256,                    Examples/Sec = 2102.83, Accuracy = 0.69, Loss = 0.616
[2020-11-26 20:10] Train Step 2340/3000, Batch Size = 256,                    Examples/Sec = 2129.34, Accuracy = 0.64, Loss = 0.650
[2020-11-26 20:10] Train Step 2400/3000, Batch Size = 256,                    Examples/Sec = 2108.69, Accuracy = 0.62, Loss = 0.663
[2020-11-26 20:10] Train Step 2460/3000, Batch Size = 256,                    Examples/Sec = 2124.65, Accuracy = 0.63, Loss = 0.666
[2020-11-26 20:10] Train Step 2520/3000, Batch Size = 256,                    Examples/Sec = 2000.42, Accuracy = 0.68, Loss = 0.627
[2020-11-26 20:10] Train Step 2580/3000, Batch Size = 256,                    Examples/Sec = 2120.77, Accuracy = 0.73, Loss = 0.594
[2020-11-26 20:10] Train Step 2640/3000, Batch Size = 256,                    Examples/Sec = 2113.03, Accuracy = 0.65, Loss = 0.648
[2020-11-26 20:10] Train Step 2700/3000, Batch Size = 256,                    Examples/Sec = 2075.25, Accuracy = 0.66, Loss = 0.643
[2020-11-26 20:11] Train Step 2760/3000, Batch Size = 256,                    Examples/Sec = 2050.74, Accuracy = 0.70, Loss = 0.638
[2020-11-26 20:11] Train Step 2820/3000, Batch Size = 256,                    Examples/Sec = 2103.80, Accuracy = 0.71, Loss = 0.602
[2020-11-26 20:11] Train Step 2880/3000, Batch Size = 256,                    Examples/Sec = 2097.83, Accuracy = 0.63, Loss = 0.662
[2020-11-26 20:11] Train Step 2940/3000, Batch Size = 256,                    Examples/Sec = 1939.58, Accuracy = 0.65, Loss = 0.650
[2020-11-26 20:11] Train Step 3000/3000, Batch Size = 256,                    Examples/Sec = 2065.80, Accuracy = 0.68, Loss = 0.632
Done training.
TEST ACC:0.667
