GPU available: True, used: True
TPU available: False, using: 0 TPU cores
LOCAL_RANK: 0 - CUDA_VISIBLE_DEVICES: [0]
ModuleList(
  (0): Linear(in_features=784, out_features=512, bias=True)
  (1): ReLU()
)
Set SLURM handle signals.

  | Name    | Type       | Params
---------------------------------------
0 | encoder | MLPEncoder | 422 K 
1 | decoder | MLPDecoder | 412 K 
ModuleList(
  (0): Linear(in_features=784, out_features=512, bias=True)
  (1): ReLU()
)
Set SLURM handle signals.
--------------------------------------------------------------------------------
DATALOADER:0 TEST RESULTS
{'test_bpd': tensor(0.1532, device='cuda:0'),
 'train_ELBO': tensor(78.8500, device='cuda:0'),
 'train_bpd': tensor(0.1451, device='cuda:0'),
 'train_reconstruction_loss': tensor(47.2531, device='cuda:0'),
 'train_regularization_loss': tensor(31.5968, device='cuda:0'),
 'val_ELBO': tensor(87.0062, device='cuda:0'),
 'val_bpd': tensor(0.1601, device='cuda:0'),
 'val_reconstruction_loss': tensor(55.5530, device='cuda:0'),
 'val_regularization_loss': tensor(31.4532, device='cuda:0')}
--------------------------------------------------------------------------------
