learning_rate : 0.0001
max_steps : 5000
batch_size : 32
eval_freq : 500
data_dir : ./cifar10/cifar-10-batches-py
Device: cuda
ConvNet(
  (conv0): Conv2d(3, 64, kernel_size=(3, 3), stride=(1, 1), padding=(1, 1))
  (preact1): Sequential(
    (0): BatchNorm2d(64, eps=1e-05, momentum=0.1, affine=True, track_running_stats=True)
    (1): ReLU()
    (2): Conv2d(64, 64, kernel_size=(3, 3), stride=(1, 1), padding=(1, 1))
  )
  (conv1): Conv2d(64, 128, kernel_size=(1, 1), stride=(1, 1))
  (maxpool1): MaxPool2d(kernel_size=3, stride=2, padding=1, dilation=1, ceil_mode=False)
  (preact2_a): Sequential(
    (0): BatchNorm2d(128, eps=1e-05, momentum=0.1, affine=True, track_running_stats=True)
    (1): ReLU()
    (2): Conv2d(128, 128, kernel_size=(3, 3), stride=(1, 1), padding=(1, 1))
  )
  (preact2_b): Sequential(
    (0): BatchNorm2d(128, eps=1e-05, momentum=0.1, affine=True, track_running_stats=True)
    (1): ReLU()
    (2): Conv2d(128, 128, kernel_size=(3, 3), stride=(1, 1), padding=(1, 1))
  )
  (conv2): Conv2d(128, 256, kernel_size=(1, 1), stride=(1, 1))
  (maxpool2): MaxPool2d(kernel_size=3, stride=2, padding=1, dilation=1, ceil_mode=False)
  (preact3_a): Sequential(
    (0): BatchNorm2d(256, eps=1e-05, momentum=0.1, affine=True, track_running_stats=True)
    (1): ReLU()
    (2): Conv2d(256, 256, kernel_size=(3, 3), stride=(1, 1), padding=(1, 1))
  )
  (preact3_b): Sequential(
    (0): BatchNorm2d(256, eps=1e-05, momentum=0.1, affine=True, track_running_stats=True)
    (1): ReLU()
    (2): Conv2d(256, 256, kernel_size=(3, 3), stride=(1, 1), padding=(1, 1))
  )
  (conv3): Conv2d(256, 512, kernel_size=(1, 1), stride=(1, 1))
  (maxpool3): MaxPool2d(kernel_size=3, stride=2, padding=1, dilation=1, ceil_mode=False)
  (preact4_a): Sequential(
    (0): BatchNorm2d(512, eps=1e-05, momentum=0.1, affine=True, track_running_stats=True)
    (1): ReLU()
    (2): Conv2d(512, 512, kernel_size=(3, 3), stride=(1, 1), padding=(1, 1))
  )
  (preact4_b): Sequential(
    (0): BatchNorm2d(512, eps=1e-05, momentum=0.1, affine=True, track_running_stats=True)
    (1): ReLU()
    (2): Conv2d(512, 512, kernel_size=(3, 3), stride=(1, 1), padding=(1, 1))
  )
  (maxpool4): MaxPool2d(kernel_size=3, stride=2, padding=1, dilation=1, ceil_mode=False)
  (preact5_a): Sequential(
    (0): BatchNorm2d(512, eps=1e-05, momentum=0.1, affine=True, track_running_stats=True)
    (1): ReLU()
    (2): Conv2d(512, 512, kernel_size=(3, 3), stride=(1, 1), padding=(1, 1))
  )
  (preact5_b): Sequential(
    (0): BatchNorm2d(512, eps=1e-05, momentum=0.1, affine=True, track_running_stats=True)
    (1): ReLU()
    (2): Conv2d(512, 512, kernel_size=(3, 3), stride=(1, 1), padding=(1, 1))
  )
  (maxpool5): MaxPool2d(kernel_size=3, stride=2, padding=1, dilation=1, ceil_mode=False)
  (batchnorm): BatchNorm2d(512, eps=1e-05, momentum=0.1, affine=True, track_running_stats=True)
  (ReLu): ReLU()
  (linear): Linear(in_features=512, out_features=10, bias=True)
)
STEP 500/5000 | test acc: 0.5925, test loss: 1.1650 | train acc: 0.4796, train loss: 1.5016
STEP 1000/5000 | test acc: 0.6734, test loss: 0.9422 | train acc: 0.6396, train loss: 1.0407
STEP 1500/5000 | test acc: 0.7183, test loss: 0.7972 | train acc: 0.6934, train loss: 0.8851
STEP 2000/5000 | test acc: 0.7499, test loss: 0.7177 | train acc: 0.7686, train loss: 0.6889
STEP 2500/5000 | test acc: 0.7649, test loss: 0.6953 | train acc: 0.7794, train loss: 0.6499
STEP 3000/5000 | test acc: 0.7768, test loss: 0.6469 | train acc: 0.7896, train loss: 0.6085
STEP 3500/5000 | test acc: 0.7923, test loss: 0.6048 | train acc: 0.8442, train loss: 0.4577
STEP 4000/5000 | test acc: 0.8042, test loss: 0.5753 | train acc: 0.8614, train loss: 0.4113
STEP 4500/5000 | test acc: 0.8073, test loss: 0.5761 | train acc: 0.8539, train loss: 0.4314
STEP 5000/5000 | test acc: 0.8148, test loss: 0.5609 | train acc: 0.9052, train loss: 0.2903
