learning_rate : 0.0001
max_steps : 5000
batch_size : 32
eval_freq : 500
data_dir : ./cifar10/cifar-10-batches-py
Device cuda
[W TensorIterator.cpp:918] Warning: Mixed memory format inputs detected while calling the operator. The operator will output contiguous tensor even if some of the inputs are in channels_last format. (function operator())
Train epoch: 0 Test epoch: 1
test acc:0.1200, test loss:8.7335, train loss:7.8828
Train epoch: 0 Test epoch: 2
test acc:0.5151, test loss:1.4986, train loss:1.4913
Train epoch: 0 Test epoch: 3
test acc:0.5947, test loss:1.1910, train loss:1.4465
Train epoch: 0 Test epoch: 4
test acc:0.6373, test loss:1.0980, train loss:1.5240
Train epoch: 1 Test epoch: 5
test acc:0.6784, test loss:0.9803, train loss:0.7966
Train epoch: 1 Test epoch: 6
test acc:0.6892, test loss:0.9218, train loss:0.6136
Train epoch: 1 Test epoch: 7
test acc:0.6806, test loss:0.9693, train loss:0.4648
Train epoch: 2 Test epoch: 8
test acc:0.7103, test loss:0.8654, train loss:0.3950
Train epoch: 2 Test epoch: 9
test acc:0.7297, test loss:0.8184, train loss:0.5767
Train epoch: 2 Test epoch: 10
test acc:0.7184, test loss:0.9187, train loss:0.5987
