learning_rate : 0.0001
max_steps : 5000
batch_size : 32
eval_freq : 500
data_dir : ./cifar10/cifar-10-batches-py
Device cuda
[W TensorIterator.cpp:918] Warning: Mixed memory format inputs detected while calling the operator. The operator will output contiguous tensor even if some of the inputs are in channels_last format. (function operator())
Train epoch: 0 Test epoch: 1
test acc:0.1200, test loss:8.7335, train loss:7.8828
Train epoch: 0 Test epoch: 2
test acc:0.5158, test loss:1.4920, train loss:1.5111
Train epoch: 0 Test epoch: 3
test acc:0.5867, test loss:1.1990, train loss:1.4209
Train epoch: 0 Test epoch: 4
test acc:0.6311, test loss:1.1045, train loss:1.6054
Train epoch: 1 Test epoch: 5
test acc:0.6746, test loss:0.9873, train loss:0.7926
Train epoch: 1 Test epoch: 6
test acc:0.6915, test loss:0.9138, train loss:0.6458
Train epoch: 1 Test epoch: 7
test acc:0.6865, test loss:0.9504, train loss:0.4418
Train epoch: 2 Test epoch: 8
test acc:0.7206, test loss:0.8401, train loss:0.5392
Train epoch: 2 Test epoch: 9
test acc:0.7260, test loss:0.8352, train loss:0.6312
Train epoch: 2 Test epoch: 10
test acc:0.7115, test loss:0.9255, train loss:0.5249
