dnn_hidden_units : 1024, 512, 256, 64
learning_rate : 0.001
max_steps : 10000
batch_size : 64
eval_freq : 100
data_dir : ./cifar10/cifar-10-batches-py
Device cuda
MLP(
  (layers): ModuleList(
    (0): BatchNorm1d(3072, eps=1e-05, momentum=0.1, affine=True, track_running_stats=True)
    (1): Linear(in_features=3072, out_features=1024, bias=True)
    (2): ReLU()
    (3): BatchNorm1d(1024, eps=1e-05, momentum=0.1, affine=True, track_running_stats=True)
    (4): Linear(in_features=1024, out_features=512, bias=True)
    (5): ReLU()
    (6): BatchNorm1d(512, eps=1e-05, momentum=0.1, affine=True, track_running_stats=True)
    (7): Linear(in_features=512, out_features=256, bias=True)
    (8): ReLU()
    (9): BatchNorm1d(256, eps=1e-05, momentum=0.1, affine=True, track_running_stats=True)
    (10): Linear(in_features=256, out_features=64, bias=True)
    (11): ReLU()
    (12): BatchNorm1d(64, eps=1e-05, momentum=0.1, affine=True, track_running_stats=True)
    (13): Linear(in_features=64, out_features=10, bias=True)
  )
)
Train epoch: 1 Test epoch: 1
test acc:0.4832, test loss:1.4574, train loss:1.4096
Train epoch: 2 Test epoch: 2
test acc:0.5001, test loss:1.3926, train loss:1.4750
Train epoch: 3 Test epoch: 3
test acc:0.5359, test loss:1.3036, train loss:1.2160
Train epoch: 4 Test epoch: 4
test acc:0.5437, test loss:1.2801, train loss:1.2055
Train epoch: 5 Test epoch: 5
test acc:0.5584, test loss:1.2509, train loss:0.9862
Train epoch: 6 Test epoch: 6
test acc:0.5586, test loss:1.2436, train loss:1.0017
Train epoch: 7 Test epoch: 7
test acc:0.5590, test loss:1.2519, train loss:0.7426
Train epoch: 8 Test epoch: 8
test acc:0.5680, test loss:1.2416, train loss:0.6948
Train epoch: 9 Test epoch: 9
test acc:0.5628, test loss:1.2829, train loss:0.6227
Train epoch: 10 Test epoch: 10
test acc:0.5580, test loss:1.3081, train loss:0.8193
Train epoch: 11 Test epoch: 11
test acc:0.5653, test loss:1.3309, train loss:0.5089
Train epoch: 12 Test epoch: 12
test acc:0.5660, test loss:1.3476, train loss:0.4906
